2025-06-13 10:18:57 DEBUG ACCESS_LOGGER - REQUEST DATA: POST /api/payments/bills/check, client=0:0:0:0:0:0:0:1, user=12685f8a-d508-45ee-bcfa-1b7b7e5688bb, headers=[authorization:"[PROTECTED]", content-length:"71", accept-language:"vi", postman-token:"fae27b4c-714a-42bf-a96c-bc2493bc4f54", host:"localhost:8088", content-type:"application/json", connection:"keep-alive", cache-control:"no-cache", accept-encoding:"gzip, deflate, br", user-agent:"PostmanRuntime/7.44.0", accept:"*/*"], payload={
    "billType": "TELEPHONE",
    "customerCode" : "MOBI_SUCCESS"
}
2025-06-13 10:19:33 DEBUG ACCESS_LOGGER - REQUEST DATA: POST /api/transactions/payments/bills/check, client=127.0.0.1, user=12685f8a-d508-45ee-bcfa-1b7b7e5688bb, headers=[content-length:"71", accept-language:"vi", x-forwarded-proto:"http", postman-token:"ad8c89b8-d875-4382-ba96-2b9787d87b4e", x-forwarded-port:"8888", x-forwarded-for:"0:0:0:0:0:0:0:1", forwarded:"proto=http;host="localhost:8888";for="[0:0:0:0:0:0:0:1]:57235"", accept:"*/*", authorization:"[PROTECTED]", x-forwarded-host:"localhost:8888", host:"localhost:8088", content-type:"application/json", cache-control:"no-cache", accept-encoding:"gzip, deflate, br", user-agent:"PostmanRuntime/7.44.0"]
2025-06-13 10:21:47 DEBUG ACCESS_LOGGER - REQUEST DATA: POST /api/transactions/payments/bills/check, client=127.0.0.1, user=12685f8a-d508-45ee-bcfa-1b7b7e5688bb, headers=[content-length:"71", accept-language:"vi", x-forwarded-proto:"http", postman-token:"903aeacb-7b20-4f40-94d1-ca3a144bb08d", x-forwarded-port:"8888", x-forwarded-for:"0:0:0:0:0:0:0:1", forwarded:"proto=http;host="localhost:8888";for="[0:0:0:0:0:0:0:1]:57332"", accept:"*/*", authorization:"[PROTECTED]", x-forwarded-host:"localhost:8888", host:"localhost:8088", content-type:"application/json", cache-control:"no-cache", accept-encoding:"gzip, deflate, br", user-agent:"PostmanRuntime/7.44.0"], payload={
    "billType": "TELEPHONE",
    "customerCode" : "MOBI_SUCCESS"
}
2025-06-13 10:37:18 DEBUG ACCESS_LOGGER - REQUEST DATA: POST /api/transactions/loan-payment, client=0:0:0:0:0:0:0:1, user=12685f8a-d508-45ee-bcfa-1b7b7e5688bb, headers=[authorization:"[PROTECTED]", content-length:"131", accept-language:"vi", postman-token:"2ed1918e-bbdb-429e-a0fe-d2d7bf7696e9", host:"localhost:8088", content-type:"application/json", connection:"keep-alive", cache-control:"no-cache", accept-encoding:"gzip, deflate, br", user-agent:"PostmanRuntime/7.44.0", accept:"*/*"], payload={
    "fromAccountNumber":"12345678",
    "amount": 20000,
    "description":"Thanh toán hóa đơn ",
    "currency":"VND"
}
2025-06-13 10:38:20 DEBUG ACCESS_LOGGER - REQUEST DATA: POST /api/transactions/confirm-transaction, client=0:0:0:0:0:0:0:1, user=12685f8a-d508-45ee-bcfa-1b7b7e5688bb, headers=[authorization:"[PROTECTED]", content-length:"88", postman-token:"a45ebe92-da56-457e-8870-151e5a8ee473", host:"localhost:8088", content-type:"application/json", connection:"keep-alive", cache-control:"no-cache", accept-encoding:"gzip, deflate, br", user-agent:"PostmanRuntime/7.44.0", accept:"*/*"], payload={
    "referenceCode":"TXN-12345678-202506131037154729cb34",
    "otpCode":"840030"
}
2025-06-13 10:38:31 DEBUG ACCESS_LOGGER - REQUEST DATA: POST /api/transactions/loan-payment, client=0:0:0:0:0:0:0:1, user=12685f8a-d508-45ee-bcfa-1b7b7e5688bb, headers=[authorization:"[PROTECTED]", content-length:"131", accept-language:"vi", postman-token:"5577892c-4caf-43a2-9fab-683117f4d5f4", host:"localhost:8088", content-type:"application/json", connection:"keep-alive", cache-control:"no-cache", accept-encoding:"gzip, deflate, br", user-agent:"PostmanRuntime/7.44.0", accept:"*/*"], payload={
    "fromAccountNumber":"12345678",
    "amount": 20000,
    "description":"Thanh toán hóa đơn ",
    "currency":"VND"
}
2025-06-13 10:38:57 DEBUG ACCESS_LOGGER - REQUEST DATA: POST /api/transactions/confirm-transaction, client=0:0:0:0:0:0:0:1, user=12685f8a-d508-45ee-bcfa-1b7b7e5688bb, headers=[authorization:"[PROTECTED]", content-length:"88", postman-token:"b8b233d2-810a-4471-be77-e1755934b7fc", host:"localhost:8088", content-type:"application/json", connection:"keep-alive", cache-control:"no-cache", accept-encoding:"gzip, deflate, br", user-agent:"PostmanRuntime/7.44.0", accept:"*/*"], payload={
    "referenceCode":"TXN-12345678-202506131038307bd5115a",
    "otpCode":"179803"
}
2025-06-13 10:50:02 DEBUG ACCESS_LOGGER - REQUEST DATA: POST /api/transactions/loan-payment, client=0:0:0:0:0:0:0:1, user=12685f8a-d508-45ee-bcfa-1b7b7e5688bb, headers=[authorization:"[PROTECTED]", content-length:"131", accept-language:"vi", postman-token:"a1672223-b880-4c13-b498-565da06e84e2", host:"localhost:8088", content-type:"application/json", connection:"keep-alive", cache-control:"no-cache", accept-encoding:"gzip, deflate, br", user-agent:"PostmanRuntime/7.44.0", accept:"*/*"], payload={
    "fromAccountNumber":"12345678",
    "amount": 20000,
    "description":"Thanh toán hóa đơn ",
    "currency":"VND"
}
2025-06-13 10:50:26 DEBUG ACCESS_LOGGER - REQUEST DATA: POST /api/transactions/confirm-transaction, client=0:0:0:0:0:0:0:1, user=12685f8a-d508-45ee-bcfa-1b7b7e5688bb, headers=[authorization:"[PROTECTED]", content-length:"88", postman-token:"237498e5-6a3f-4317-ad6e-b596b1156e80", host:"localhost:8088", content-type:"application/json", connection:"keep-alive", cache-control:"no-cache", accept-encoding:"gzip, deflate, br", user-agent:"PostmanRuntime/7.44.0", accept:"*/*"], payload={
    "referenceCode":"TXN-12345678-2025061310500016966d9a",
    "otpCode":"169590"
}
2025-06-13 10:51:16 DEBUG ACCESS_LOGGER - REQUEST DATA: POST /api/transactions/payments/bills/check, client=127.0.0.1, user=12685f8a-d508-45ee-bcfa-1b7b7e5688bb, headers=[content-length:"71", accept-language:"vi", x-forwarded-proto:"http", postman-token:"ff9ef33d-57fe-4926-a59d-44e2405c662a", x-forwarded-port:"8888", x-forwarded-for:"0:0:0:0:0:0:0:1", forwarded:"proto=http;host="localhost:8888";for="[0:0:0:0:0:0:0:1]:58028"", accept:"*/*", authorization:"[PROTECTED]", x-forwarded-host:"localhost:8888", host:"localhost:8088", content-type:"application/json", cache-control:"no-cache", accept-encoding:"gzip, deflate, br", user-agent:"PostmanRuntime/7.44.0"], payload={
    "billType": "TELEPHONE",
    "customerCode" : "MOBI_SUCCESS"
}
2025-06-13 10:55:30 DEBUG ACCESS_LOGGER - REQUEST DATA: POST /api/transactions/payments/bills/pay, client=127.0.0.1, user=12685f8a-d508-45ee-bcfa-1b7b7e5688bb, headers=[content-length:"258", accept-language:"vi", x-forwarded-proto:"http", postman-token:"7c49606f-daf9-4a57-bb09-cf397172e864", x-forwarded-port:"8888", x-forwarded-for:"0:0:0:0:0:0:0:1", forwarded:"proto=http;host="localhost:8888";for="[0:0:0:0:0:0:0:1]:58213"", accept:"*/*", authorization:"[PROTECTED]", x-forwarded-host:"localhost:8888", host:"localhost:8088", content-type:"application/json", cache-control:"no-cache", accept-encoding:"gzip, deflate, br", user-agent:"PostmanRuntime/7.44.0"], payload={
    "fromAccountNumber":"12345678",
    "amount": 20000,
    "description":"Thanh toán hóa đơn ",
    "currency":"VND",
    "billType":"TELEPHONE",
    "providerCode":"MobiFone",
    "customerCode": "MOBI_SUCCESS",
    "billId":"bill_tel_02"
}
2025-06-13 10:56:13 DEBUG ACCESS_LOGGER - REQUEST DATA: POST /api/transactions/confirm-transaction, client=0:0:0:0:0:0:0:1, user=12685f8a-d508-45ee-bcfa-1b7b7e5688bb, headers=[authorization:"[PROTECTED]", content-length:"88", postman-token:"50205208-b709-441e-b2fa-6b8f4944748d", host:"localhost:8088", content-type:"application/json", connection:"keep-alive", cache-control:"no-cache", accept-encoding:"gzip, deflate, br", user-agent:"PostmanRuntime/7.44.0", accept:"*/*"], payload={
    "referenceCode":"TXN-12345678-2025061310553077564882",
    "otpCode":"745194"
}
2025-06-13 11:03:09 DEBUG ACCESS_LOGGER - REQUEST DATA: POST /api/transactions/payments/bills/pay, client=127.0.0.1, user=12685f8a-d508-45ee-bcfa-1b7b7e5688bb, headers=[content-length:"197", accept-language:"vi", x-forwarded-proto:"http", postman-token:"b2e9df4a-48f7-43b9-af96-2c732dc01fc1", x-forwarded-port:"8888", x-forwarded-for:"0:0:0:0:0:0:0:1", forwarded:"proto=http;host="localhost:8888";for="[0:0:0:0:0:0:0:1]:58465"", accept:"*/*", authorization:"[PROTECTED]", x-forwarded-host:"localhost:8888", host:"localhost:8088", content-type:"application/json", cache-control:"no-cache", accept-encoding:"gzip, deflate, br", user-agent:"PostmanRuntime/7.44.0"], payload={
    "fromAccountNumber":"12345678",
    "amount": 20000,
    "description":"Thanh toán hóa đơn ",
    "currency":"VND",
    "billType":"TELEPHONE",
    "customerCode": "MOBI_SUCCESS"
}
2025-06-13 11:03:37 DEBUG ACCESS_LOGGER - REQUEST DATA: POST /api/transactions/confirm-transaction, client=0:0:0:0:0:0:0:1, user=12685f8a-d508-45ee-bcfa-1b7b7e5688bb, headers=[authorization:"[PROTECTED]", content-length:"88", postman-token:"67db1af3-3e22-49d2-8dfa-aabc394a2554", host:"localhost:8088", content-type:"application/json", connection:"keep-alive", cache-control:"no-cache", accept-encoding:"gzip, deflate, br", user-agent:"PostmanRuntime/7.44.0", accept:"*/*"], payload={
    "referenceCode":"TXN-12345678-20250613110307b64d43a9",
    "otpCode":"234147"
}
2025-06-13 13:07:13 DEBUG ACCESS_LOGGER - REQUEST DATA: GET /api/transactions/getDailyPaymentTransaction, client=127.0.0.1, user=12685f8a-d508-45ee-bcfa-1b7b7e5688bb, headers=[content-length:"0", accept-language:"vi", x-forwarded-proto:"http", postman-token:"80124c44-2a95-4970-9249-524ed3c79486", x-forwarded-port:"8888", x-forwarded-for:"0:0:0:0:0:0:0:1", forwarded:"proto=http;host="localhost:8888";for="[0:0:0:0:0:0:0:1]:60145"", accept:"*/*", authorization:"[PROTECTED]", x-forwarded-host:"localhost:8888", host:"localhost:8088", cache-control:"no-cache", accept-encoding:"gzip, deflate, br", user-agent:"PostmanRuntime/7.44.0"]
2025-06-13 13:08:00 DEBUG ACCESS_LOGGER - REQUEST DATA: GET /api/transactions/getDailyPaymentTransaction, client=127.0.0.1, user=12685f8a-d508-45ee-bcfa-1b7b7e5688bb, headers=[content-length:"0", accept-language:"vi", x-forwarded-proto:"http", postman-token:"41586ef5-a916-488d-be84-521615df58c2", x-forwarded-port:"8888", x-forwarded-for:"0:0:0:0:0:0:0:1", forwarded:"proto=http;host="localhost:8888";for="[0:0:0:0:0:0:0:1]:60145"", accept:"*/*", authorization:"[PROTECTED]", x-forwarded-host:"localhost:8888", host:"localhost:8088", cache-control:"no-cache", accept-encoding:"gzip, deflate, br", user-agent:"PostmanRuntime/7.44.0"]
2025-06-13 13:08:02 DEBUG ACCESS_LOGGER - REQUEST DATA: GET /api/transactions/getDailyPaymentTransaction, client=127.0.0.1, user=12685f8a-d508-45ee-bcfa-1b7b7e5688bb, headers=[content-length:"0", accept-language:"vi", x-forwarded-proto:"http", postman-token:"aad7bfd3-497d-422a-bd23-4a1f629dbdfc", x-forwarded-port:"8888", x-forwarded-for:"0:0:0:0:0:0:0:1", forwarded:"proto=http;host="localhost:8888";for="[0:0:0:0:0:0:0:1]:60145"", accept:"*/*", authorization:"[PROTECTED]", x-forwarded-host:"localhost:8888", host:"localhost:8088", cache-control:"no-cache", accept-encoding:"gzip, deflate, br", user-agent:"PostmanRuntime/7.44.0"]
2025-06-13 13:09:47 DEBUG ACCESS_LOGGER - REQUEST DATA: GET /api/transactions/getDailyPaymentTransaction, client=127.0.0.1, user=12685f8a-d508-45ee-bcfa-1b7b7e5688bb, headers=[content-length:"0", accept-language:"vi", x-forwarded-proto:"http", postman-token:"1a24a47b-e91b-4fac-92a0-ecb8d0a1acee", x-forwarded-port:"8888", x-forwarded-for:"0:0:0:0:0:0:0:1", forwarded:"proto=http;host="localhost:8888";for="[0:0:0:0:0:0:0:1]:60223"", accept:"*/*", authorization:"[PROTECTED]", x-forwarded-host:"localhost:8888", host:"localhost:8088", cache-control:"no-cache", accept-encoding:"gzip, deflate, br", user-agent:"PostmanRuntime/7.44.0"]
2025-06-13 13:19:36 DEBUG ACCESS_LOGGER - REQUEST DATA: GET /api/transactions/getDailyPaymentTransaction, client=127.0.0.1, user=12685f8a-d508-45ee-bcfa-1b7b7e5688bb, headers=[content-length:"0", accept-language:"vi", x-forwarded-proto:"http", postman-token:"a89b635a-2689-4a44-b1f6-bf289fd9e58a", x-forwarded-port:"8888", x-forwarded-for:"0:0:0:0:0:0:0:1", forwarded:"proto=http;host="localhost:8888";for="[0:0:0:0:0:0:0:1]:60391"", accept:"*/*", authorization:"[PROTECTED]", x-forwarded-host:"localhost:8888", host:"localhost:8088", cache-control:"no-cache", accept-encoding:"gzip, deflate, br", user-agent:"PostmanRuntime/7.44.0"]
2025-06-13 13:21:36 DEBUG ACCESS_LOGGER - REQUEST DATA: POST /api/transactions/payments/bills/pay, client=127.0.0.1, user=12685f8a-d508-45ee-bcfa-1b7b7e5688bb, headers=[content-length:"174", accept-language:"vi", x-forwarded-proto:"http", postman-token:"0a8a6824-dce2-44fb-afa1-3eec4df8c881", x-forwarded-port:"8888", x-forwarded-for:"0:0:0:0:0:0:0:1", forwarded:"proto=http;host="localhost:8888";for="[0:0:0:0:0:0:0:1]:60568"", accept:"*/*", authorization:"[PROTECTED]", x-forwarded-host:"localhost:8888", host:"localhost:8088", content-type:"application/json", cache-control:"no-cache", accept-encoding:"gzip, deflate, br", user-agent:"PostmanRuntime/7.44.0"], payload={
    "fromAccountNumber":"12345678",
    "description":"Thanh toán hóa đơn ",
    "currency":"VND",
    "billType":"TELEPHONE",
    "customerCode": "EVN_SUCCESS"
}
2025-06-13 13:22:38 DEBUG ACCESS_LOGGER - REQUEST DATA: POST /api/transactions/payments/bills/pay, client=127.0.0.1, user=12685f8a-d508-45ee-bcfa-1b7b7e5688bb, headers=[content-length:"176", accept-language:"vi", x-forwarded-proto:"http", postman-token:"8e1e7a03-1591-421d-8928-e9e7bbb26ff3", x-forwarded-port:"8888", x-forwarded-for:"0:0:0:0:0:0:0:1", forwarded:"proto=http;host="localhost:8888";for="[0:0:0:0:0:0:0:1]:60632"", accept:"*/*", authorization:"[PROTECTED]", x-forwarded-host:"localhost:8888", host:"localhost:8088", content-type:"application/json", cache-control:"no-cache", accept-encoding:"gzip, deflate, br", user-agent:"PostmanRuntime/7.44.0"], payload={
    "fromAccountNumber":"12345678",
    "description":"Thanh toán hóa đơn ",
    "currency":"VND",
    "billType":"ELECTRICITY",
    "customerCode": "EVN_SUCCESS"
}
2025-06-13 13:23:23 DEBUG ACCESS_LOGGER - REQUEST DATA: POST /api/transactions/confirm-transaction, client=0:0:0:0:0:0:0:1, user=12685f8a-d508-45ee-bcfa-1b7b7e5688bb, headers=[authorization:"[PROTECTED]", content-length:"88", postman-token:"0cd7287b-107d-4ef9-ac3c-061029d11c1c", host:"localhost:8088", content-type:"application/json", connection:"keep-alive", cache-control:"no-cache", accept-encoding:"gzip, deflate, br", user-agent:"PostmanRuntime/7.44.0", accept:"*/*"], payload={
    "referenceCode":"TXN-12345678-20250613132235c9712942",
    "otpCode":"550022"
}
2025-06-13 13:24:28 DEBUG ACCESS_LOGGER - REQUEST DATA: GET /api/transactions/getDailyPaymentTransaction, client=127.0.0.1, user=12685f8a-d508-45ee-bcfa-1b7b7e5688bb, headers=[content-length:"0", accept-language:"vi", x-forwarded-proto:"http", postman-token:"40f59207-9ac2-4785-9c38-3a6637714fba", x-forwarded-port:"8888", x-forwarded-for:"0:0:0:0:0:0:0:1", forwarded:"proto=http;host="localhost:8888";for="[0:0:0:0:0:0:0:1]:60814"", accept:"*/*", authorization:"[PROTECTED]", x-forwarded-host:"localhost:8888", host:"localhost:8088", cache-control:"no-cache", accept-encoding:"gzip, deflate, br", user-agent:"PostmanRuntime/7.44.0"]
2025-06-13 13:26:35 DEBUG ACCESS_LOGGER - REQUEST DATA: GET /api/transactions/getDailyPaymentTransaction, client=127.0.0.1, user=12685f8a-d508-45ee-bcfa-1b7b7e5688bb, headers=[content-length:"0", accept-language:"vi", x-forwarded-proto:"http", postman-token:"15dec661-cbf9-4200-bf5e-ded64e22d86c", x-forwarded-port:"8888", x-forwarded-for:"0:0:0:0:0:0:0:1", forwarded:"proto=http;host="localhost:8888";for="[0:0:0:0:0:0:0:1]:60900"", accept:"*/*", authorization:"[PROTECTED]", x-forwarded-host:"localhost:8888", host:"localhost:8088", cache-control:"no-cache", accept-encoding:"gzip, deflate, br", user-agent:"PostmanRuntime/7.44.0"]
2025-06-13 14:45:50 DEBUG ACCESS_LOGGER - REQUEST DATA: POST /api/transactions/payments/bills/check, client=127.0.0.1, user=12685f8a-d508-45ee-bcfa-1b7b7e5688bb, headers=[content-length:"73", accept-language:"vi", x-forwarded-proto:"http", postman-token:"c95d3147-c80e-4b47-b1f8-1487e2c62742", x-forwarded-port:"8888", x-forwarded-for:"0:0:0:0:0:0:0:1", forwarded:"proto=http;host="localhost:8888";for="[0:0:0:0:0:0:0:1]:62488"", accept:"*/*", authorization:"[PROTECTED]", x-forwarded-host:"localhost:8888", host:"localhost:8088", content-type:"application/json", cache-control:"no-cache", accept-encoding:"gzip, deflate, br", user-agent:"PostmanRuntime/7.44.0"], payload={
    "billType": "ELECTRICITY",
    "customerCode" : "EVN_STATEFUL"
}
2025-06-13 14:45:55 DEBUG ACCESS_LOGGER - REQUEST DATA: POST /api/transactions/payments/bills/check, client=127.0.0.1, user=12685f8a-d508-45ee-bcfa-1b7b7e5688bb, headers=[content-length:"74", accept-language:"vi", x-forwarded-proto:"http", postman-token:"f9b8200f-b3b0-483e-a969-d4c28ff2bd4f", x-forwarded-port:"8888", x-forwarded-for:"0:0:0:0:0:0:0:1", forwarded:"proto=http;host="localhost:8888";for="[0:0:0:0:0:0:0:1]:62488"", accept:"*/*", authorization:"[PROTECTED]", x-forwarded-host:"localhost:8888", host:"localhost:8088", content-type:"application/json", cache-control:"no-cache", accept-encoding:"gzip, deflate, br", user-agent:"PostmanRuntime/7.44.0"], payload={
    "billType": "ELECTRICITY",
    "customerCode" : "EVN_STATEFULs"
}
2025-06-13 14:45:58 DEBUG ACCESS_LOGGER - REQUEST DATA: POST /api/transactions/payments/bills/check, client=127.0.0.1, user=12685f8a-d508-45ee-bcfa-1b7b7e5688bb, headers=[content-length:"73", accept-language:"vi", x-forwarded-proto:"http", postman-token:"f5d00a5f-f05d-42f1-89eb-698a9286964a", x-forwarded-port:"8888", x-forwarded-for:"0:0:0:0:0:0:0:1", forwarded:"proto=http;host="localhost:8888";for="[0:0:0:0:0:0:0:1]:62488"", accept:"*/*", authorization:"[PROTECTED]", x-forwarded-host:"localhost:8888", host:"localhost:8088", content-type:"application/json", cache-control:"no-cache", accept-encoding:"gzip, deflate, br", user-agent:"PostmanRuntime/7.44.0"], payload={
    "billType": "ELECTRICITY",
    "customerCode" : "EVN_STATEFUL"
}
2025-06-13 14:46:05 DEBUG ACCESS_LOGGER - REQUEST DATA: POST /api/transactions/payments/bills/check, client=127.0.0.1, user=12685f8a-d508-45ee-bcfa-1b7b7e5688bb, headers=[content-length:"72", accept-language:"vi", x-forwarded-proto:"http", postman-token:"8d0a75ed-97f2-41a6-9c94-b622656dd6f4", x-forwarded-port:"8888", x-forwarded-for:"0:0:0:0:0:0:0:1", forwarded:"proto=http;host="localhost:8888";for="[0:0:0:0:0:0:0:1]:62488"", accept:"*/*", authorization:"[PROTECTED]", x-forwarded-host:"localhost:8888", host:"localhost:8088", content-type:"application/json", cache-control:"no-cache", accept-encoding:"gzip, deflate, br", user-agent:"PostmanRuntime/7.44.0"], payload={
    "billType": "TELEPHONE",
    "customerCode" : "MOBI_STATEFUL"
}
2025-06-13 14:46:06 DEBUG ACCESS_LOGGER - REQUEST DATA: POST /api/transactions/payments/bills/check, client=127.0.0.1, user=12685f8a-d508-45ee-bcfa-1b7b7e5688bb, headers=[content-length:"72", accept-language:"vi", x-forwarded-proto:"http", postman-token:"49ab2c82-10c9-4bcc-a900-43b94e9c0a8b", x-forwarded-port:"8888", x-forwarded-for:"0:0:0:0:0:0:0:1", forwarded:"proto=http;host="localhost:8888";for="[0:0:0:0:0:0:0:1]:62488"", accept:"*/*", authorization:"[PROTECTED]", x-forwarded-host:"localhost:8888", host:"localhost:8088", content-type:"application/json", cache-control:"no-cache", accept-encoding:"gzip, deflate, br", user-agent:"PostmanRuntime/7.44.0"], payload={
    "billType": "TELEPHONE",
    "customerCode" : "MOBI_STATEFUL"
}
2025-06-13 14:46:12 DEBUG ACCESS_LOGGER - REQUEST DATA: POST /api/transactions/payments/bills/check, client=127.0.0.1, user=12685f8a-d508-45ee-bcfa-1b7b7e5688bb, headers=[content-length:"73", accept-language:"vi", x-forwarded-proto:"http", postman-token:"1e170230-81dd-4a79-992b-f8713b2da966", x-forwarded-port:"8888", x-forwarded-for:"0:0:0:0:0:0:0:1", forwarded:"proto=http;host="localhost:8888";for="[0:0:0:0:0:0:0:1]:62488"", accept:"*/*", authorization:"[PROTECTED]", x-forwarded-host:"localhost:8888", host:"localhost:8088", content-type:"application/json", cache-control:"no-cache", accept-encoding:"gzip, deflate, br", user-agent:"PostmanRuntime/7.44.0"], payload={
    "billType": "TELEPHONE",
    "customerCode" : "MOBI_STATEFULs"
}
2025-06-13 14:46:13 DEBUG ACCESS_LOGGER - REQUEST DATA: POST /api/transactions/payments/bills/check, client=127.0.0.1, user=12685f8a-d508-45ee-bcfa-1b7b7e5688bb, headers=[content-length:"72", accept-language:"vi", x-forwarded-proto:"http", postman-token:"f93e524d-3eab-4477-90b4-05882031bb2f", x-forwarded-port:"8888", x-forwarded-for:"0:0:0:0:0:0:0:1", forwarded:"proto=http;host="localhost:8888";for="[0:0:0:0:0:0:0:1]:62488"", accept:"*/*", authorization:"[PROTECTED]", x-forwarded-host:"localhost:8888", host:"localhost:8088", content-type:"application/json", cache-control:"no-cache", accept-encoding:"gzip, deflate, br", user-agent:"PostmanRuntime/7.44.0"], payload={
    "billType": "TELEPHONE",
    "customerCode" : "MOBI_STATEFUL"
}
2025-06-13 14:46:54 DEBUG ACCESS_LOGGER - REQUEST DATA: POST /api/transactions/payments/bills/pay, client=127.0.0.1, user=12685f8a-d508-45ee-bcfa-1b7b7e5688bb, headers=[content-length:"178", accept-language:"vi", x-forwarded-proto:"http", postman-token:"ab5128f9-203f-481d-ad80-26c72afed837", x-forwarded-port:"8888", x-forwarded-for:"0:0:0:0:0:0:0:1", forwarded:"proto=http;host="localhost:8888";for="[0:0:0:0:0:0:0:1]:62488"", accept:"*/*", authorization:"[PROTECTED]", x-forwarded-host:"localhost:8888", host:"localhost:8088", content-type:"application/json", cache-control:"no-cache", accept-encoding:"gzip, deflate, br", user-agent:"PostmanRuntime/7.44.0"], payload={
    "fromAccountNumber":"12345678",
    "description":"Thanh toán hóa đơn ",
    "currency":"VND",
    "billType":"ELECTRICITY",
    "customerCode": "MOBI_STATEFUL"
}
2025-06-13 14:47:41 DEBUG ACCESS_LOGGER - REQUEST DATA: POST /api/transactions/confirm-transaction, client=0:0:0:0:0:0:0:1, user=12685f8a-d508-45ee-bcfa-1b7b7e5688bb, headers=[authorization:"[PROTECTED]", content-length:"88", postman-token:"aedf3e76-8059-4e75-b602-3acdaba47867", host:"localhost:8088", content-type:"application/json", connection:"keep-alive", cache-control:"no-cache", accept-encoding:"gzip, deflate, br", user-agent:"PostmanRuntime/7.44.0", accept:"*/*"], payload={
    "referenceCode":"TXN-12345678-20250613144651e09293a9",
    "otpCode":"149319"
}
2025-06-13 14:50:58 DEBUG ACCESS_LOGGER - REQUEST DATA: POST /api/transactions/payments/bills/pay, client=127.0.0.1, user=12685f8a-d508-45ee-bcfa-1b7b7e5688bb, headers=[content-length:"179", accept-language:"vi", x-forwarded-proto:"http", postman-token:"b8fa35f3-9d3f-42b9-b640-0fcf59cb0d3a", x-forwarded-port:"8888", x-forwarded-for:"0:0:0:0:0:0:0:1", forwarded:"proto=http;host="localhost:8888";for="[0:0:0:0:0:0:0:1]:62685"", accept:"*/*", authorization:"[PROTECTED]", x-forwarded-host:"localhost:8888", host:"localhost:8088", content-type:"application/json", cache-control:"no-cache", accept-encoding:"gzip, deflate, br", user-agent:"PostmanRuntime/7.44.0"], payload={
    "fromAccountNumber":"12345678",
    "description":"Thanh toán hóa đơn ",
    "currency":"VND",
    "billType":"ELECTRICITY",
    "customerCode": "MOBI_STATEFUsL"
}
2025-06-13 15:08:30 DEBUG ACCESS_LOGGER - REQUEST DATA: POST /api/transactions/payments/bills/pay, client=127.0.0.1, user=12685f8a-d508-45ee-bcfa-1b7b7e5688bb, headers=[content-length:"178", accept-language:"vi", x-forwarded-proto:"http", postman-token:"2d3441be-c9d5-46f3-9c47-3dd7c78ccd56", x-forwarded-port:"8888", x-forwarded-for:"0:0:0:0:0:0:0:1", forwarded:"proto=http;host="localhost:8888";for="[0:0:0:0:0:0:0:1]:63023"", accept:"*/*", authorization:"[PROTECTED]", x-forwarded-host:"localhost:8888", host:"localhost:8088", content-type:"application/json", cache-control:"no-cache", accept-encoding:"gzip, deflate, br", user-agent:"PostmanRuntime/7.44.0"], payload={
    "fromAccountNumber":"12345678",
    "description":"Thanh toán hóa đơn ",
    "currency":"VND",
    "billType":"ELECTRICITY",
    "customerCode": "MOBI_STATEFUL"
}
2025-06-13 15:09:26 DEBUG ACCESS_LOGGER - REQUEST DATA: POST /api/transactions/confirm-transaction, client=0:0:0:0:0:0:0:1, user=12685f8a-d508-45ee-bcfa-1b7b7e5688bb, headers=[authorization:"[PROTECTED]", content-length:"88", postman-token:"e76e17a3-6e41-47c7-9c1c-3798b30ae338", host:"localhost:8088", content-type:"application/json", connection:"keep-alive", cache-control:"no-cache", accept-encoding:"gzip, deflate, br", user-agent:"PostmanRuntime/7.44.0", accept:"*/*"], payload={
    "referenceCode":"TXN-12345678-20250613150828aeb1156c",
    "otpCode":"666172"
}
2025-06-13 15:12:57 DEBUG ACCESS_LOGGER - REQUEST DATA: POST /api/transactions/payments/bills/pay, client=127.0.0.1, user=12685f8a-d508-45ee-bcfa-1b7b7e5688bb, headers=[content-length:"178", accept-language:"vi", x-forwarded-proto:"http", postman-token:"fe613cb4-b256-4aa2-9c52-544873012552", x-forwarded-port:"8888", x-forwarded-for:"0:0:0:0:0:0:0:1", forwarded:"proto=http;host="localhost:8888";for="[0:0:0:0:0:0:0:1]:63195"", accept:"*/*", authorization:"[PROTECTED]", x-forwarded-host:"localhost:8888", host:"localhost:8088", content-type:"application/json", cache-control:"no-cache", accept-encoding:"gzip, deflate, br", user-agent:"PostmanRuntime/7.44.0"], payload={
    "fromAccountNumber":"12345678",
    "description":"Thanh toán hóa đơn ",
    "currency":"VND",
    "billType":"ELECTRICITY",
    "customerCode": "MOBI_STATEFUL"
}
2025-06-13 15:17:26 DEBUG ACCESS_LOGGER - REQUEST DATA: POST /api/transactions/payments/bills/pay, client=127.0.0.1, user=12685f8a-d508-45ee-bcfa-1b7b7e5688bb, headers=[content-length:"178", accept-language:"vi", x-forwarded-proto:"http", postman-token:"982a679f-6d1c-4097-98cd-2ac2f9730f68", x-forwarded-port:"8888", x-forwarded-for:"0:0:0:0:0:0:0:1", forwarded:"proto=http;host="localhost:8888";for="[0:0:0:0:0:0:0:1]:63296"", accept:"*/*", authorization:"[PROTECTED]", x-forwarded-host:"localhost:8888", host:"localhost:8088", content-type:"application/json", cache-control:"no-cache", accept-encoding:"gzip, deflate, br", user-agent:"PostmanRuntime/7.44.0"], payload={
    "fromAccountNumber":"12345678",
    "description":"Thanh toán hóa đơn ",
    "currency":"VND",
    "billType":"ELECTRICITY",
    "customerCode": "MOBI_STATEFUL"
}
2025-06-13 15:21:00 DEBUG ACCESS_LOGGER - REQUEST DATA: POST /api/transactions/payments/bills/pay, client=127.0.0.1, user=12685f8a-d508-45ee-bcfa-1b7b7e5688bb, headers=[content-length:"177", accept-language:"vi", x-forwarded-proto:"http", postman-token:"e2304372-5f1d-43e7-b32a-1fe1b1b91e64", x-forwarded-port:"8888", x-forwarded-for:"0:0:0:0:0:0:0:1", forwarded:"proto=http;host="localhost:8888";for="[0:0:0:0:0:0:0:1]:63374"", accept:"*/*", authorization:"[PROTECTED]", x-forwarded-host:"localhost:8888", host:"localhost:8088", content-type:"application/json", cache-control:"no-cache", accept-encoding:"gzip, deflate, br", user-agent:"PostmanRuntime/7.44.0"], payload={
    "fromAccountNumber":"12345678",
    "description":"Thanh toán hóa đơn ",
    "currency":"VND",
    "billType":"ELECTRICITY",
    "customerCode": "EVN_STATEFUL"
}
2025-06-13 15:21:34 DEBUG ACCESS_LOGGER - REQUEST DATA: POST /api/transactions/payments/bills/pay, client=127.0.0.1, user=12685f8a-d508-45ee-bcfa-1b7b7e5688bb, headers=[content-length:"177", accept-language:"vi", x-forwarded-proto:"http", postman-token:"cd8c9e7b-c774-47b3-a268-66036062cebb", x-forwarded-port:"8888", x-forwarded-for:"0:0:0:0:0:0:0:1", forwarded:"proto=http;host="localhost:8888";for="[0:0:0:0:0:0:0:1]:63391"", accept:"*/*", authorization:"[PROTECTED]", x-forwarded-host:"localhost:8888", host:"localhost:8088", content-type:"application/json", cache-control:"no-cache", accept-encoding:"gzip, deflate, br", user-agent:"PostmanRuntime/7.44.0"], payload={
    "fromAccountNumber":"12345678",
    "description":"Thanh toán hóa đơn ",
    "currency":"VND",
    "billType":"ELECTRICITY",
    "customerCode": "EVN_STATEFUL"
}
2025-06-13 15:21:59 DEBUG ACCESS_LOGGER - REQUEST DATA: POST /api/transactions/payments/bills/pay, client=127.0.0.1, user=12685f8a-d508-45ee-bcfa-1b7b7e5688bb, headers=[content-length:"177", accept-language:"vi", x-forwarded-proto:"http", postman-token:"777fbff1-fb9b-438d-8cbb-814e6213e280", x-forwarded-port:"8888", x-forwarded-for:"0:0:0:0:0:0:0:1", forwarded:"proto=http;host="localhost:8888";for="[0:0:0:0:0:0:0:1]:63391"", accept:"*/*", authorization:"[PROTECTED]", x-forwarded-host:"localhost:8888", host:"localhost:8088", content-type:"application/json", cache-control:"no-cache", accept-encoding:"gzip, deflate, br", user-agent:"PostmanRuntime/7.44.0"], payload={
    "fromAccountNumber":"12345678",
    "description":"Thanh toán hóa đơn ",
    "currency":"VND",
    "billType":"ELECTRICITY",
    "customerCode": "EVN_STATEFUL"
}
2025-06-13 15:22:31 DEBUG ACCESS_LOGGER - REQUEST DATA: POST /api/transactions/confirm-transaction, client=0:0:0:0:0:0:0:1, user=12685f8a-d508-45ee-bcfa-1b7b7e5688bb, headers=[authorization:"[PROTECTED]", content-length:"88", postman-token:"37c2f3ac-b8c5-4c8f-a462-b4bc324d8933", host:"localhost:8088", content-type:"application/json", connection:"keep-alive", cache-control:"no-cache", accept-encoding:"gzip, deflate, br", user-agent:"PostmanRuntime/7.44.0", accept:"*/*"], payload={
    "referenceCode":"TXN-12345678-20250613152159beefa71b",
    "otpCode":"877122"
}
2025-06-13 15:22:59 DEBUG ACCESS_LOGGER - REQUEST DATA: POST /api/transactions/payments/bills/pay, client=127.0.0.1, user=12685f8a-d508-45ee-bcfa-1b7b7e5688bb, headers=[content-length:"177", accept-language:"vi", x-forwarded-proto:"http", postman-token:"1770c64b-6dcc-4c53-8d37-4bbb887e3203", x-forwarded-port:"8888", x-forwarded-for:"0:0:0:0:0:0:0:1", forwarded:"proto=http;host="localhost:8888";for="[0:0:0:0:0:0:0:1]:63391"", accept:"*/*", authorization:"[PROTECTED]", x-forwarded-host:"localhost:8888", host:"localhost:8088", content-type:"application/json", cache-control:"no-cache", accept-encoding:"gzip, deflate, br", user-agent:"PostmanRuntime/7.44.0"], payload={
    "fromAccountNumber":"12345678",
    "description":"Thanh toán hóa đơn ",
    "currency":"VND",
    "billType":"ELECTRICITY",
    "customerCode": "EVN_STATEFUL"
}
2025-06-13 15:25:42 DEBUG ACCESS_LOGGER - REQUEST DATA: POST /api/transactions/payments/bills/pay, client=127.0.0.1, user=12685f8a-d508-45ee-bcfa-1b7b7e5688bb, headers=[content-length:"177", accept-language:"vi", x-forwarded-proto:"http", postman-token:"bbdf897c-e397-4644-a893-5f40b88af474", x-forwarded-port:"8888", x-forwarded-for:"0:0:0:0:0:0:0:1", forwarded:"proto=http;host="localhost:8888";for="[0:0:0:0:0:0:0:1]:63526"", accept:"*/*", authorization:"[PROTECTED]", x-forwarded-host:"localhost:8888", host:"localhost:8088", content-type:"application/json", cache-control:"no-cache", accept-encoding:"gzip, deflate, br", user-agent:"PostmanRuntime/7.44.0"], payload={
    "fromAccountNumber":"12345678",
    "description":"Thanh toán hóa đơn ",
    "currency":"VND",
    "billType":"ELECTRICITY",
    "customerCode": "EVN_STATEFUL"
}
2025-06-13 15:26:16 DEBUG ACCESS_LOGGER - REQUEST DATA: POST /api/transactions/confirm-transaction, client=0:0:0:0:0:0:0:1, user=12685f8a-d508-45ee-bcfa-1b7b7e5688bb, headers=[authorization:"[PROTECTED]", content-length:"88", postman-token:"d3e739b6-e397-463f-bf4e-83d32404ab11", host:"localhost:8088", content-type:"application/json", connection:"keep-alive", cache-control:"no-cache", accept-encoding:"gzip, deflate, br", user-agent:"PostmanRuntime/7.44.0", accept:"*/*"], payload={
    "referenceCode":"TXN-12345678-202506131525400412adb5",
    "otpCode":"224308"
}
2025-06-13 15:26:55 DEBUG ACCESS_LOGGER - REQUEST DATA: POST /api/transactions/payments/bills/pay, client=127.0.0.1, user=12685f8a-d508-45ee-bcfa-1b7b7e5688bb, headers=[content-length:"177", accept-language:"vi", x-forwarded-proto:"http", postman-token:"b976ac48-5a72-4983-b07f-43e184acd691", x-forwarded-port:"8888", x-forwarded-for:"0:0:0:0:0:0:0:1", forwarded:"proto=http;host="localhost:8888";for="[0:0:0:0:0:0:0:1]:63587"", accept:"*/*", authorization:"[PROTECTED]", x-forwarded-host:"localhost:8888", host:"localhost:8088", content-type:"application/json", cache-control:"no-cache", accept-encoding:"gzip, deflate, br", user-agent:"PostmanRuntime/7.44.0"], payload={
    "fromAccountNumber":"12345678",
    "description":"Thanh toán hóa đơn ",
    "currency":"VND",
    "billType":"ELECTRICITY",
    "customerCode": "EVN_STATEFUL"
}
2025-06-13 15:37:54 DEBUG ACCESS_LOGGER - REQUEST DATA: POST /api/transactions/payments/bills/pay, client=127.0.0.1, user=12685f8a-d508-45ee-bcfa-1b7b7e5688bb, headers=[content-length:"177", accept-language:"vi", x-forwarded-proto:"http", postman-token:"f1f0740b-0c59-4054-b951-4ca61ccfbcd2", x-forwarded-port:"8888", x-forwarded-for:"0:0:0:0:0:0:0:1", forwarded:"proto=http;host="localhost:8888";for="[0:0:0:0:0:0:0:1]:63799"", accept:"*/*", authorization:"[PROTECTED]", x-forwarded-host:"localhost:8888", host:"localhost:8088", content-type:"application/json", cache-control:"no-cache", accept-encoding:"gzip, deflate, br", user-agent:"PostmanRuntime/7.44.0"], payload={
    "fromAccountNumber":"12345678",
    "description":"Thanh toán hóa đơn ",
    "currency":"VND",
    "billType":"ELECTRICITY",
    "customerCode": "EVN_STATEFUL"
}
2025-06-13 15:38:32 DEBUG ACCESS_LOGGER - REQUEST DATA: POST /api/transactions/confirm-transaction, client=0:0:0:0:0:0:0:1, user=12685f8a-d508-45ee-bcfa-1b7b7e5688bb, headers=[authorization:"[PROTECTED]", content-length:"88", postman-token:"85494645-dbad-4880-a765-7d5ff2aa7156", host:"localhost:8088", content-type:"application/json", connection:"keep-alive", cache-control:"no-cache", accept-encoding:"gzip, deflate, br", user-agent:"PostmanRuntime/7.44.0", accept:"*/*"], payload={
    "referenceCode":"TXN-12345678-20250613153751456df593",
    "otpCode":"778932"
}
2025-06-13 15:45:22 DEBUG ACCESS_LOGGER - REQUEST DATA: POST /api/transactions/payments/bills/pay, client=127.0.0.1, user=12685f8a-d508-45ee-bcfa-1b7b7e5688bb, headers=[content-length:"177", accept-language:"vi", x-forwarded-proto:"http", postman-token:"e4646052-2930-431d-91f8-2f2694adbc60", x-forwarded-port:"8888", x-forwarded-for:"0:0:0:0:0:0:0:1", forwarded:"proto=http;host="localhost:8888";for="[0:0:0:0:0:0:0:1]:63954"", accept:"*/*", authorization:"[PROTECTED]", x-forwarded-host:"localhost:8888", host:"localhost:8088", content-type:"application/json", cache-control:"no-cache", accept-encoding:"gzip, deflate, br", user-agent:"PostmanRuntime/7.44.0"], payload={
    "fromAccountNumber":"12345678",
    "description":"Thanh toán hóa đơn ",
    "currency":"VND",
    "billType":"ELECTRICITY",
    "customerCode": "EVN_STATEFUL"
}
2025-06-13 15:45:46 DEBUG ACCESS_LOGGER - REQUEST DATA: POST /api/transactions/confirm-transaction, client=0:0:0:0:0:0:0:1, user=12685f8a-d508-45ee-bcfa-1b7b7e5688bb, headers=[authorization:"[PROTECTED]", content-length:"88", postman-token:"e5db19ff-b9ca-4f08-903b-4bfbacf6d04e", host:"localhost:8088", content-type:"application/json", connection:"keep-alive", cache-control:"no-cache", accept-encoding:"gzip, deflate, br", user-agent:"PostmanRuntime/7.44.0", accept:"*/*"], payload={
    "referenceCode":"TXN-12345678-2025061315451930ae4a00",
    "otpCode":"480719"
}
2025-06-13 15:46:47 DEBUG ACCESS_LOGGER - REQUEST DATA: POST /api/transactions/payments/bills/pay, client=127.0.0.1, user=12685f8a-d508-45ee-bcfa-1b7b7e5688bb, headers=[content-length:"177", accept-language:"vi", x-forwarded-proto:"http", postman-token:"7bde8d88-af20-4100-8a78-e3cb47446c78", x-forwarded-port:"8888", x-forwarded-for:"0:0:0:0:0:0:0:1", forwarded:"proto=http;host="localhost:8888";for="[0:0:0:0:0:0:0:1]:64013"", accept:"*/*", authorization:"[PROTECTED]", x-forwarded-host:"localhost:8888", host:"localhost:8088", content-type:"application/json", cache-control:"no-cache", accept-encoding:"gzip, deflate, br", user-agent:"PostmanRuntime/7.44.0"], payload={
    "fromAccountNumber":"12345678",
    "description":"Thanh toán hóa đơn ",
    "currency":"VND",
    "billType":"ELECTRICITY",
    "customerCode": "EVN_STATEFUL"
}
2025-06-13 15:47:17 DEBUG ACCESS_LOGGER - REQUEST DATA: POST /api/transactions/confirm-transaction, client=0:0:0:0:0:0:0:1, user=12685f8a-d508-45ee-bcfa-1b7b7e5688bb, headers=[authorization:"[PROTECTED]", content-length:"88", postman-token:"99f605e1-027c-484a-af55-05f34a599bca", host:"localhost:8088", content-type:"application/json", connection:"keep-alive", cache-control:"no-cache", accept-encoding:"gzip, deflate, br", user-agent:"PostmanRuntime/7.44.0", accept:"*/*"], payload={
    "referenceCode":"TXN-12345678-20250613154647bc4947a6",
    "otpCode":"306525"
}
2025-06-13 15:47:32 DEBUG ACCESS_LOGGER - REQUEST DATA: POST /api/transactions/payments/bills/pay, client=127.0.0.1, user=12685f8a-d508-45ee-bcfa-1b7b7e5688bb, headers=[content-length:"177", accept-language:"vi", x-forwarded-proto:"http", postman-token:"ea7c5c82-3fac-4715-841c-4aa0b3762d1b", x-forwarded-port:"8888", x-forwarded-for:"0:0:0:0:0:0:0:1", forwarded:"proto=http;host="localhost:8888";for="[0:0:0:0:0:0:0:1]:64013"", accept:"*/*", authorization:"[PROTECTED]", x-forwarded-host:"localhost:8888", host:"localhost:8088", content-type:"application/json", cache-control:"no-cache", accept-encoding:"gzip, deflate, br", user-agent:"PostmanRuntime/7.44.0"], payload={
    "fromAccountNumber":"12345678",
    "description":"Thanh toán hóa đơn ",
    "currency":"VND",
    "billType":"ELECTRICITY",
    "customerCode": "EVN_STATEFUL"
}
2025-06-13 15:47:48 DEBUG ACCESS_LOGGER - REQUEST DATA: POST /api/transactions/confirm-transaction, client=0:0:0:0:0:0:0:1, user=12685f8a-d508-45ee-bcfa-1b7b7e5688bb, headers=[authorization:"[PROTECTED]", content-length:"88", postman-token:"2fbd7ef7-de30-4cb9-b209-a8023f55a417", host:"localhost:8088", content-type:"application/json", connection:"keep-alive", cache-control:"no-cache", accept-encoding:"gzip, deflate, br", user-agent:"PostmanRuntime/7.44.0", accept:"*/*"], payload={
    "referenceCode":"TXN-12345678-20250613154732d643f357",
    "otpCode":"738469"
}
2025-06-13 15:49:20 DEBUG ACCESS_LOGGER - REQUEST DATA: GET /api/transactions/getDailyPaymentTransaction, client=127.0.0.1, user=12685f8a-d508-45ee-bcfa-1b7b7e5688bb, headers=[content-length:"0", accept-language:"vi", x-forwarded-proto:"http", postman-token:"4e67c555-c46e-46a5-afd3-96d73d4587fb", x-forwarded-port:"8888", x-forwarded-for:"0:0:0:0:0:0:0:1", forwarded:"proto=http;host="localhost:8888";for="[0:0:0:0:0:0:0:1]:64113"", accept:"*/*", authorization:"[PROTECTED]", x-forwarded-host:"localhost:8888", host:"localhost:8088", cache-control:"no-cache", accept-encoding:"gzip, deflate, br", user-agent:"PostmanRuntime/7.44.0"]
2025-06-13 16:55:29 DEBUG ACCESS_LOGGER - REQUEST DATA: POST /api/transactions/payments/bills/pay, client=127.0.0.1, user=12685f8a-d508-45ee-bcfa-1b7b7e5688bb, headers=[content-length:"177", accept-language:"vi", x-forwarded-proto:"http", postman-token:"165ed995-b1a9-4b41-ac1d-e6689781c7e0", x-forwarded-port:"8888", x-forwarded-for:"0:0:0:0:0:0:0:1", forwarded:"proto=http;host="localhost:8888";for="[0:0:0:0:0:0:0:1]:64877"", accept:"*/*", authorization:"[PROTECTED]", x-forwarded-host:"localhost:8888", host:"localhost:8088", content-type:"application/json", cache-control:"no-cache", accept-encoding:"gzip, deflate, br", user-agent:"PostmanRuntime/7.44.0"], payload={
    "fromAccountNumber":"12345678",
    "description":"Thanh toán hóa đơn ",
    "currency":"VND",
    "billType":"ELECTRICITY",
    "customerCode": "EVN_STATEFUL"
}
2025-06-13 16:55:55 DEBUG ACCESS_LOGGER - REQUEST DATA: POST /api/transactions/confirm-transaction, client=0:0:0:0:0:0:0:1, user=12685f8a-d508-45ee-bcfa-1b7b7e5688bb, headers=[authorization:"[PROTECTED]", content-length:"88", postman-token:"db4f7d99-9a50-4a85-92c0-7cc59fb0da41", host:"localhost:8088", content-type:"application/json", connection:"keep-alive", cache-control:"no-cache", accept-encoding:"gzip, deflate, br", user-agent:"PostmanRuntime/7.44.0", accept:"*/*"], payload={
    "referenceCode":"TXN-12345678-20250613165526d6904e74",
    "otpCode":"678485"
}
2025-06-13 16:56:10 DEBUG ACCESS_LOGGER - REQUEST DATA: POST /api/transactions/payments/bills/pay, client=127.0.0.1, user=12685f8a-d508-45ee-bcfa-1b7b7e5688bb, headers=[content-length:"177", accept-language:"vi", x-forwarded-proto:"http", postman-token:"27f4d5d0-f2a3-4778-822e-1dadddde9c67", x-forwarded-port:"8888", x-forwarded-for:"0:0:0:0:0:0:0:1", forwarded:"proto=http;host="localhost:8888";for="[0:0:0:0:0:0:0:1]:64877"", accept:"*/*", authorization:"[PROTECTED]", x-forwarded-host:"localhost:8888", host:"localhost:8088", content-type:"application/json", cache-control:"no-cache", accept-encoding:"gzip, deflate, br", user-agent:"PostmanRuntime/7.44.0"], payload={
    "fromAccountNumber":"12345678",
    "description":"Thanh toán hóa đơn ",
    "currency":"VND",
    "billType":"ELECTRICITY",
    "customerCode": "EVN_STATEFUL"
}
2025-06-13 16:57:59 DEBUG ACCESS_LOGGER - REQUEST DATA: POST /api/transactions/payments/bills/pay, client=127.0.0.1, user=12685f8a-d508-45ee-bcfa-1b7b7e5688bb, headers=[content-length:"177", accept-language:"vi", x-forwarded-proto:"http", postman-token:"ade2cc93-e463-40ae-aa27-c98af600e22a", x-forwarded-port:"8888", x-forwarded-for:"0:0:0:0:0:0:0:1", forwarded:"proto=http;host="localhost:8888";for="[0:0:0:0:0:0:0:1]:64979"", accept:"*/*", authorization:"[PROTECTED]", x-forwarded-host:"localhost:8888", host:"localhost:8088", content-type:"application/json", cache-control:"no-cache", accept-encoding:"gzip, deflate, br", user-agent:"PostmanRuntime/7.44.0"], payload={
    "fromAccountNumber":"12345678",
    "description":"Thanh toán hóa đơn ",
    "currency":"VND",
    "billType":"ELECTRICITY",
    "customerCode": "EVN_STATEFUL"
}
2025-06-13 17:02:20 DEBUG ACCESS_LOGGER - REQUEST DATA: POST /api/transactions/payments/bills/pay, client=127.0.0.1, user=12685f8a-d508-45ee-bcfa-1b7b7e5688bb, headers=[content-length:"177", accept-language:"vi", x-forwarded-proto:"http", postman-token:"079a2bb7-8d34-44ba-9a1c-785a14d11108", x-forwarded-port:"8888", x-forwarded-for:"0:0:0:0:0:0:0:1", forwarded:"proto=http;host="localhost:8888";for="[0:0:0:0:0:0:0:1]:65088"", accept:"*/*", authorization:"[PROTECTED]", x-forwarded-host:"localhost:8888", host:"localhost:8088", content-type:"application/json", cache-control:"no-cache", accept-encoding:"gzip, deflate, br", user-agent:"PostmanRuntime/7.44.0"], payload={
    "fromAccountNumber":"12345678",
    "description":"Thanh toán hóa đơn ",
    "currency":"VND",
    "billType":"ELECTRICITY",
    "customerCode": "EVN_STATEFUL"
}
2025-06-13 17:03:13 DEBUG ACCESS_LOGGER - REQUEST DATA: POST /api/transactions/confirm-transaction, client=0:0:0:0:0:0:0:1, user=12685f8a-d508-45ee-bcfa-1b7b7e5688bb, headers=[authorization:"[PROTECTED]", content-length:"88", postman-token:"619c03d1-69ac-4e99-9d68-501d44c32fa8", host:"localhost:8088", content-type:"application/json", connection:"keep-alive", cache-control:"no-cache", accept-encoding:"gzip, deflate, br", user-agent:"PostmanRuntime/7.44.0", accept:"*/*"], payload={
    "referenceCode":"TXN-12345678-20250613170217b4af4b3a",
    "otpCode":"872055"
}
2025-06-13 17:03:25 DEBUG ACCESS_LOGGER - REQUEST DATA: POST /api/transactions/payments/bills/pay, client=127.0.0.1, user=12685f8a-d508-45ee-bcfa-1b7b7e5688bb, headers=[content-length:"177", accept-language:"vi", x-forwarded-proto:"http", postman-token:"35b58f83-f4db-4ebf-97bf-be5b581983c0", x-forwarded-port:"8888", x-forwarded-for:"0:0:0:0:0:0:0:1", forwarded:"proto=http;host="localhost:8888";for="[0:0:0:0:0:0:0:1]:65151"", accept:"*/*", authorization:"[PROTECTED]", x-forwarded-host:"localhost:8888", host:"localhost:8088", content-type:"application/json", cache-control:"no-cache", accept-encoding:"gzip, deflate, br", user-agent:"PostmanRuntime/7.44.0"], payload={
    "fromAccountNumber":"12345678",
    "description":"Thanh toán hóa đơn ",
    "currency":"VND",
    "billType":"ELECTRICITY",
    "customerCode": "EVN_STATEFUL"
}
2025-06-13 17:03:48 DEBUG ACCESS_LOGGER - REQUEST DATA: POST /api/transactions/confirm-transaction, client=0:0:0:0:0:0:0:1, user=12685f8a-d508-45ee-bcfa-1b7b7e5688bb, headers=[authorization:"[PROTECTED]", content-length:"88", postman-token:"ff1c4fb3-a562-49d8-8cef-17d71e3a96f8", host:"localhost:8088", content-type:"application/json", connection:"keep-alive", cache-control:"no-cache", accept-encoding:"gzip, deflate, br", user-agent:"PostmanRuntime/7.44.0", accept:"*/*"], payload={
    "referenceCode":"TXN-12345678-202506131703249ca50230",
    "otpCode":"890723"
}
2025-06-13 17:07:10 DEBUG ACCESS_LOGGER - REQUEST DATA: POST /api/transactions/payments/bills/pay, client=127.0.0.1, user=12685f8a-d508-45ee-bcfa-1b7b7e5688bb, headers=[content-length:"177", accept-language:"vi", x-forwarded-proto:"http", postman-token:"57f06e0d-8a50-4e14-a997-e1315c4aa5a4", x-forwarded-port:"8888", x-forwarded-for:"0:0:0:0:0:0:0:1", forwarded:"proto=http;host="localhost:8888";for="[0:0:0:0:0:0:0:1]:65266"", accept:"*/*", authorization:"[PROTECTED]", x-forwarded-host:"localhost:8888", host:"localhost:8088", content-type:"application/json", cache-control:"no-cache", accept-encoding:"gzip, deflate, br", user-agent:"PostmanRuntime/7.44.0"], payload={
    "fromAccountNumber":"12345678",
    "description":"Thanh toán hóa đơn ",
    "currency":"VND",
    "billType":"ELECTRICITY",
    "customerCode": "EVN_STATEFUL"
}
2025-06-13 17:07:47 DEBUG ACCESS_LOGGER - REQUEST DATA: POST /api/transactions/confirm-transaction, client=0:0:0:0:0:0:0:1, user=12685f8a-d508-45ee-bcfa-1b7b7e5688bb, headers=[authorization:"[PROTECTED]", content-length:"88", postman-token:"2aee9bb8-461e-4674-97bc-9e2eec43ff67", host:"localhost:8088", content-type:"application/json", connection:"keep-alive", cache-control:"no-cache", accept-encoding:"gzip, deflate, br", user-agent:"PostmanRuntime/7.44.0", accept:"*/*"], payload={
    "referenceCode":"TXN-12345678-202506131707091e0d1f7e",
    "otpCode":"196104"
}
2025-06-13 17:09:30 DEBUG ACCESS_LOGGER - REQUEST DATA: POST /api/transactions/payments/bills/pay, client=127.0.0.1, user=12685f8a-d508-45ee-bcfa-1b7b7e5688bb, headers=[content-length:"177", accept-language:"vi", x-forwarded-proto:"http", postman-token:"bb738074-fffa-4313-bb2a-035bb80d3f64", x-forwarded-port:"8888", x-forwarded-for:"0:0:0:0:0:0:0:1", forwarded:"proto=http;host="localhost:8888";for="[0:0:0:0:0:0:0:1]:65348"", accept:"*/*", authorization:"[PROTECTED]", x-forwarded-host:"localhost:8888", host:"localhost:8088", content-type:"application/json", cache-control:"no-cache", accept-encoding:"gzip, deflate, br", user-agent:"PostmanRuntime/7.44.0"], payload={
    "fromAccountNumber":"12345678",
    "description":"Thanh toán hóa đơn ",
    "currency":"VND",
    "billType":"ELECTRICITY",
    "customerCode": "EVN_STATEFUL"
}
2025-06-13 17:09:57 DEBUG ACCESS_LOGGER - REQUEST DATA: POST /api/transactions/confirm-transaction, client=0:0:0:0:0:0:0:1, user=12685f8a-d508-45ee-bcfa-1b7b7e5688bb, headers=[authorization:"[PROTECTED]", content-length:"88", postman-token:"c81ac728-bdb7-4aeb-ac7a-71364282ec11", host:"localhost:8088", content-type:"application/json", connection:"keep-alive", cache-control:"no-cache", accept-encoding:"gzip, deflate, br", user-agent:"PostmanRuntime/7.44.0", accept:"*/*"], payload={
    "referenceCode":"TXN-12345678-20250613170929abe1aadc",
    "otpCode":"112574"
}
2025-06-13 17:10:18 DEBUG ACCESS_LOGGER - REQUEST DATA: POST /api/transactions/payments/bills/pay, client=127.0.0.1, user=12685f8a-d508-45ee-bcfa-1b7b7e5688bb, headers=[content-length:"177", accept-language:"vi", x-forwarded-proto:"http", postman-token:"684e28df-9338-4062-95c6-832e1faa908b", x-forwarded-port:"8888", x-forwarded-for:"0:0:0:0:0:0:0:1", forwarded:"proto=http;host="localhost:8888";for="[0:0:0:0:0:0:0:1]:65348"", accept:"*/*", authorization:"[PROTECTED]", x-forwarded-host:"localhost:8888", host:"localhost:8088", content-type:"application/json", cache-control:"no-cache", accept-encoding:"gzip, deflate, br", user-agent:"PostmanRuntime/7.44.0"], payload={
    "fromAccountNumber":"12345678",
    "description":"Thanh toán hóa đơn ",
    "currency":"VND",
    "billType":"ELECTRICITY",
    "customerCode": "EVN_STATEFUL"
}
2025-06-13 17:11:11 DEBUG ACCESS_LOGGER - REQUEST DATA: POST /api/transactions/confirm-transaction, client=0:0:0:0:0:0:0:1, user=12685f8a-d508-45ee-bcfa-1b7b7e5688bb, headers=[authorization:"[PROTECTED]", content-length:"88", postman-token:"7f7374af-848e-4e45-aa30-84d80700bc40", host:"localhost:8088", content-type:"application/json", connection:"keep-alive", cache-control:"no-cache", accept-encoding:"gzip, deflate, br", user-agent:"PostmanRuntime/7.44.0", accept:"*/*"], payload={
    "referenceCode":"TXN-12345678-20250613171018a459c45a",
    "otpCode":"964602"
}
2025-06-13 17:11:35 DEBUG ACCESS_LOGGER - REQUEST DATA: POST /api/transactions/payments/bills/pay, client=127.0.0.1, user=12685f8a-d508-45ee-bcfa-1b7b7e5688bb, headers=[content-length:"177", accept-language:"vi", x-forwarded-proto:"http", postman-token:"835e2570-7d27-48b0-b504-f6c8de2cef16", x-forwarded-port:"8888", x-forwarded-for:"0:0:0:0:0:0:0:1", forwarded:"proto=http;host="localhost:8888";for="[0:0:0:0:0:0:0:1]:65474"", accept:"*/*", authorization:"[PROTECTED]", x-forwarded-host:"localhost:8888", host:"localhost:8088", content-type:"application/json", cache-control:"no-cache", accept-encoding:"gzip, deflate, br", user-agent:"PostmanRuntime/7.44.0"], payload={
    "fromAccountNumber":"12345678",
    "description":"Thanh toán hóa đơn ",
    "currency":"VND",
    "billType":"ELECTRICITY",
    "customerCode": "EVN_STATEFUL"
}
2025-06-13 17:23:10 DEBUG ACCESS_LOGGER - REQUEST DATA: GET /api/transactions/getDailyPaymentTransaction, client=127.0.0.1, user=12685f8a-d508-45ee-bcfa-1b7b7e5688bb, headers=[content-length:"0", accept-language:"vi", x-forwarded-proto:"http", postman-token:"58eb6429-61e4-4616-861f-4d334934f5a1", x-forwarded-port:"8888", x-forwarded-for:"0:0:0:0:0:0:0:1", forwarded:"proto=http;host="localhost:8888";for="[0:0:0:0:0:0:0:1]:49374"", accept:"*/*", authorization:"[PROTECTED]", x-forwarded-host:"localhost:8888", host:"localhost:8088", cache-control:"no-cache", accept-encoding:"gzip, deflate, br", user-agent:"PostmanRuntime/7.44.0"]
2025-06-13 17:26:07 DEBUG ACCESS_LOGGER - REQUEST DATA: GET /api/transactions/getDailyPaymentTransaction, client=127.0.0.1, user=12685f8a-d508-45ee-bcfa-1b7b7e5688bb, headers=[content-length:"0", accept-language:"vi", x-forwarded-proto:"http", postman-token:"f151b8a2-f878-447c-8807-a157d57c8a23", x-forwarded-port:"8888", x-forwarded-for:"0:0:0:0:0:0:0:1", forwarded:"proto=http;host="localhost:8888";for="[0:0:0:0:0:0:0:1]:49474"", accept:"*/*", authorization:"[PROTECTED]", x-forwarded-host:"localhost:8888", host:"localhost:8088", cache-control:"no-cache", accept-encoding:"gzip, deflate, br", user-agent:"PostmanRuntime/7.44.0"]
2025-06-13 17:37:34 DEBUG ACCESS_LOGGER - REQUEST DATA: GET /api/transactions/getDailyPaymentTransaction, client=127.0.0.1, user=12685f8a-d508-45ee-bcfa-1b7b7e5688bb, headers=[content-length:"0", accept-language:"vi", x-forwarded-proto:"http", postman-token:"99705e84-ecb1-4c34-8e22-022e727cc4e6", x-forwarded-port:"8888", x-forwarded-for:"0:0:0:0:0:0:0:1", forwarded:"proto=http;host="localhost:8888";for="[0:0:0:0:0:0:0:1]:49843"", accept:"*/*", authorization:"[PROTECTED]", x-forwarded-host:"localhost:8888", host:"localhost:8088", cache-control:"no-cache", accept-encoding:"gzip, deflate, br", user-agent:"PostmanRuntime/7.44.0"]
