2025-06-02 09:01:14 DEBUG ACCESS_LOGGER - REQUEST DATA: POST /api/transactions/transfer, client=0:0:0:0:0:0:0:1, user=12685f8a-d508-45ee-bcfa-1b7b7e5688bb, headers=[authorization:"[PROTECTED]", content-length:"158", accept-language:"vi", postman-token:"e365b908-60cb-4ad6-8c4b-46ef2c38079d", host:"localhost:8088", content-type:"application/json", connection:"keep-alive", cache-control:"no-cache", accept-encoding:"gzip, deflate, br", user-agent:"PostmanRuntime/7.44.0", accept:"*/*"], payload={
    "fromAccountNumber":"12345678",
    "toAccountNumber":"87654321",
    "amount": 7000,
    "description":"Chuyển tiền ",
    "currency":"VND"
}
2025-06-02 09:01:57 DEBUG ACCESS_LOGGER - REQUEST DATA: POST /api/transactions/confirm-transaction, client=0:0:0:0:0:0:0:1, user=12685f8a-d508-45ee-bcfa-1b7b7e5688bb, headers=[authorization:"[PROTECTED]", content-length:"88", accept-language:"vi", postman-token:"c2c191b6-92e3-460a-a4e4-80ff61ae0867", host:"localhost:8088", content-type:"application/json", connection:"keep-alive", cache-control:"no-cache", accept-encoding:"gzip, deflate, br", user-agent:"PostmanRuntime/7.44.0", accept:"*/*"], payload={
    "referenceCode":"TXN-12345678-202506020901109207b0cf",
    "otpCode":"252292"
}
2025-06-02 09:02:30 DEBUG ACCESS_LOGGER - REQUEST DATA: POST /api/transactions/disburse, client=0:0:0:0:0:0:0:1, user=12685f8a-d508-45ee-bcfa-1b7b7e5688bb, headers=[authorization:"[PROTECTED]", content-length:"127", accept-language:"vi", postman-token:"e855a1b3-b7ba-44a2-9f49-cf279ef82dd2", host:"localhost:8088", content-type:"application/json", connection:"keep-alive", cache-control:"no-cache", accept-encoding:"gzip, deflate, br", user-agent:"PostmanRuntime/7.44.0", accept:"*/*"], payload={
    "toAccountNumber":"12345678",
    "amount": 100000,
    "description":"Giải ngân tiền ",
    "currency":"VND"
}
2025-06-02 13:07:01 DEBUG ACCESS_LOGGER - REQUEST DATA: POST /api/transactions/transfer, client=0:0:0:0:0:0:0:1, user=12685f8a-d508-45ee-bcfa-1b7b7e5688bb, headers=[authorization:"[PROTECTED]", content-length:"158", accept-language:"vi", postman-token:"49dfa70c-e8d6-4b93-b8fd-c06d4fbc9de0", host:"localhost:8088", content-type:"application/json", connection:"keep-alive", cache-control:"no-cache", accept-encoding:"gzip, deflate, br", user-agent:"PostmanRuntime/7.44.0", accept:"*/*"], payload={
    "fromAccountNumber":"12345678",
    "toAccountNumber":"87654321",
    "amount": 7000,
    "description":"Chuyển tiền ",
    "currency":"VND"
}
2025-06-02 13:08:08 DEBUG ACCESS_LOGGER - REQUEST DATA: POST /api/transactions/confirm-transaction, client=0:0:0:0:0:0:0:1, user=12685f8a-d508-45ee-bcfa-1b7b7e5688bb, headers=[authorization:"[PROTECTED]", content-length:"88", accept-language:"vi", postman-token:"df7dba97-9f33-4cf6-870e-06577ec936ea", host:"localhost:8088", content-type:"application/json", connection:"keep-alive", cache-control:"no-cache", accept-encoding:"gzip, deflate, br", user-agent:"PostmanRuntime/7.44.0", accept:"*/*"], payload={
    "referenceCode":"TXN-12345678-20250602130657f12e0ce7",
    "otpCode":"302638"
}
2025-06-02 13:09:19 DEBUG ACCESS_LOGGER - REQUEST DATA: POST /api/transactions/resend-otp, client=0:0:0:0:0:0:0:1, user=12685f8a-d508-45ee-bcfa-1b7b7e5688bb, headers=[authorization:"[PROTECTED]", content-length:"105", accept-language:"vi", postman-token:"2fa3c8ef-18ca-4acb-b54d-6ff3fc3b103c", host:"localhost:8088", content-type:"application/json", connection:"keep-alive", cache-control:"no-cache", accept-encoding:"gzip, deflate, br", user-agent:"PostmanRuntime/7.44.0", accept:"*/*"], payload={
    "referenceCode":"TXN-12345678-20250602130657f12e0ce7",
    "accountNumberRecipient":"12345678"
}
2025-06-02 13:09:34 DEBUG ACCESS_LOGGER - REQUEST DATA: POST /api/transactions/confirm-transaction, client=0:0:0:0:0:0:0:1, user=12685f8a-d508-45ee-bcfa-1b7b7e5688bb, headers=[authorization:"[PROTECTED]", content-length:"88", accept-language:"vi", postman-token:"5429861b-b977-463a-b5e2-200273e58850", host:"localhost:8088", content-type:"application/json", connection:"keep-alive", cache-control:"no-cache", accept-encoding:"gzip, deflate, br", user-agent:"PostmanRuntime/7.44.0", accept:"*/*"], payload={
    "referenceCode":"TXN-12345678-20250602130657f12e0ce7",
    "otpCode":"812909"
}
2025-06-02 13:26:45 DEBUG ACCESS_LOGGER - REQUEST DATA: POST /api/transactions/transfer, client=0:0:0:0:0:0:0:1, user=12685f8a-d508-45ee-bcfa-1b7b7e5688bb, headers=[authorization:"[PROTECTED]", content-length:"158", accept-language:"vi", postman-token:"2c0e5335-8625-4e86-aecb-f893b9e0a2f3", host:"localhost:8088", content-type:"application/json", connection:"keep-alive", cache-control:"no-cache", accept-encoding:"gzip, deflate, br", user-agent:"PostmanRuntime/7.44.0", accept:"*/*"], payload={
    "fromAccountNumber":"12345678",
    "toAccountNumber":"87654321",
    "amount": 7000,
    "description":"Chuyển tiền ",
    "currency":"VND"
}
2025-06-02 13:40:20 DEBUG ACCESS_LOGGER - REQUEST DATA: POST /api/transactions/disburse, client=0:0:0:0:0:0:0:1, user=12685f8a-d508-45ee-bcfa-1b7b7e5688bb, headers=[authorization:"[PROTECTED]", content-length:"128", accept-language:"vi", postman-token:"4c5328f9-947c-4dc3-8bb8-cc062af4b8b3", host:"localhost:8088", content-type:"application/json", connection:"keep-alive", cache-control:"no-cache", accept-encoding:"gzip, deflate, br", user-agent:"PostmanRuntime/7.44.0", accept:"*/*"], payload={
    "toAccountNumber":"123456783",
    "amount": 100000,
    "description":"Giải ngân tiền ",
    "currency":"VND"
}
2025-06-02 14:28:30 DEBUG ACCESS_LOGGER - REQUEST DATA: POST /api/transactions/transfer, client=0:0:0:0:0:0:0:1, user=12685f8a-d508-45ee-bcfa-1b7b7e5688bb, headers=[authorization:"[PROTECTED]", content-length:"158", accept-language:"vi", postman-token:"85bb4a09-11c7-4b61-95bd-58e6f87febf5", host:"localhost:8088", content-type:"application/json", connection:"keep-alive", cache-control:"no-cache", accept-encoding:"gzip, deflate, br", user-agent:"PostmanRuntime/7.44.0", accept:"*/*"], payload={
    "fromAccountNumber":"12345678",
    "toAccountNumber":"87654321",
    "amount": 7000,
    "description":"Chuyển tiền ",
    "currency":"VND"
}
2025-06-02 14:29:16 DEBUG ACCESS_LOGGER - REQUEST DATA: POST /api/transactions/transfer, client=0:0:0:0:0:0:0:1, user=12685f8a-d508-45ee-bcfa-1b7b7e5688bb, headers=[authorization:"[PROTECTED]", content-length:"158", accept-language:"vi", postman-token:"099e7e27-3356-4a95-8897-86525bc178d4", host:"localhost:8088", content-type:"application/json", connection:"keep-alive", cache-control:"no-cache", accept-encoding:"gzip, deflate, br", user-agent:"PostmanRuntime/7.44.0", accept:"*/*"], payload={
    "fromAccountNumber":"12345678",
    "toAccountNumber":"87654321",
    "amount": 7000,
    "description":"Chuyển tiền ",
    "currency":"VND"
}
2025-06-02 14:30:27 DEBUG ACCESS_LOGGER - REQUEST DATA: POST /api/transactions/transfer, client=0:0:0:0:0:0:0:1, user=12685f8a-d508-45ee-bcfa-1b7b7e5688bb, headers=[authorization:"[PROTECTED]", content-length:"158", accept-language:"vi", postman-token:"79ccde0a-5eb5-4b1e-a6e0-0dbb94f70a27", host:"localhost:8088", content-type:"application/json", connection:"keep-alive", cache-control:"no-cache", accept-encoding:"gzip, deflate, br", user-agent:"PostmanRuntime/7.44.0", accept:"*/*"], payload={
    "fromAccountNumber":"12345678",
    "toAccountNumber":"87654321",
    "amount": 7000,
    "description":"Chuyển tiền ",
    "currency":"VND"
}
2025-06-02 14:36:07 DEBUG ACCESS_LOGGER - REQUEST DATA: POST /api/transactions/transfer, client=0:0:0:0:0:0:0:1, user=12685f8a-d508-45ee-bcfa-1b7b7e5688bb, headers=[authorization:"[PROTECTED]", content-length:"158", accept-language:"vi", postman-token:"50d5a47a-e033-4e76-be76-81f9e1544bbb", host:"localhost:8088", content-type:"application/json", connection:"keep-alive", cache-control:"no-cache", accept-encoding:"gzip, deflate, br", user-agent:"PostmanRuntime/7.44.0", accept:"*/*"], payload={
    "fromAccountNumber":"12345678",
    "toAccountNumber":"87654321",
    "amount": 7000,
    "description":"Chuyển tiền ",
    "currency":"VND"
}
2025-06-02 14:37:04 DEBUG ACCESS_LOGGER - REQUEST DATA: POST /api/transactions/confirm-transaction, client=0:0:0:0:0:0:0:1, user=12685f8a-d508-45ee-bcfa-1b7b7e5688bb, headers=[authorization:"[PROTECTED]", content-length:"88", accept-language:"vi", postman-token:"c91818f7-008a-4873-969e-526777239032", host:"localhost:8088", content-type:"application/json", connection:"keep-alive", cache-control:"no-cache", accept-encoding:"gzip, deflate, br", user-agent:"PostmanRuntime/7.44.0", accept:"*/*"], payload={
    "referenceCode":"TXN-12345678-20250602143602a09c244c",
    "otpCode":"792143"
}
2025-06-02 14:37:41 DEBUG ACCESS_LOGGER - REQUEST DATA: POST /api/transactions/resend-otp, client=0:0:0:0:0:0:0:1, user=12685f8a-d508-45ee-bcfa-1b7b7e5688bb, headers=[authorization:"[PROTECTED]", content-length:"105", accept-language:"vi", postman-token:"26db3b70-8c14-4c08-8d9b-d332681dc6d2", host:"localhost:8088", content-type:"application/json", connection:"keep-alive", cache-control:"no-cache", accept-encoding:"gzip, deflate, br", user-agent:"PostmanRuntime/7.44.0", accept:"*/*"], payload={
    "referenceCode":"TXN-12345678-20250602143602a09c244c",
    "accountNumberRecipient":"12345678"
}
2025-06-02 14:38:23 DEBUG ACCESS_LOGGER - REQUEST DATA: POST /api/transactions/confirm-transaction, client=0:0:0:0:0:0:0:1, user=12685f8a-d508-45ee-bcfa-1b7b7e5688bb, headers=[authorization:"[PROTECTED]", content-length:"88", accept-language:"vi", postman-token:"971f93c9-553d-41e9-ba6e-7275807d6e36", host:"localhost:8088", content-type:"application/json", connection:"keep-alive", cache-control:"no-cache", accept-encoding:"gzip, deflate, br", user-agent:"PostmanRuntime/7.44.0", accept:"*/*"], payload={
    "referenceCode":"TXN-12345678-20250602143602a09c244c",
    "otpCode":"893998"
}
2025-06-02 14:38:30 DEBUG ACCESS_LOGGER - REQUEST DATA: POST /api/transactions/transfer, client=0:0:0:0:0:0:0:1, user=12685f8a-d508-45ee-bcfa-1b7b7e5688bb, headers=[authorization:"[PROTECTED]", content-length:"158", accept-language:"vi", postman-token:"783afe93-7ce9-4403-b56c-f807f719101a", host:"localhost:8088", content-type:"application/json", connection:"keep-alive", cache-control:"no-cache", accept-encoding:"gzip, deflate, br", user-agent:"PostmanRuntime/7.44.0", accept:"*/*"], payload={
    "fromAccountNumber":"12345678",
    "toAccountNumber":"87654321",
    "amount": 7000,
    "description":"Chuyển tiền ",
    "currency":"VND"
}
2025-06-02 14:39:05 DEBUG ACCESS_LOGGER - REQUEST DATA: POST /api/transactions/confirm-transaction, client=0:0:0:0:0:0:0:1, user=12685f8a-d508-45ee-bcfa-1b7b7e5688bb, headers=[authorization:"[PROTECTED]", content-length:"88", accept-language:"vi", postman-token:"c07dae3b-f483-4496-8ed8-d5350f092b1b", host:"localhost:8088", content-type:"application/json", connection:"keep-alive", cache-control:"no-cache", accept-encoding:"gzip, deflate, br", user-agent:"PostmanRuntime/7.44.0", accept:"*/*"], payload={
    "referenceCode":"TXN-12345678-20250602143830f8ea3871",
    "otpCode":"807110"
}
2025-06-02 14:45:07 DEBUG ACCESS_LOGGER - REQUEST DATA: POST /api/transactions/transfer, client=0:0:0:0:0:0:0:1, user=12685f8a-d508-45ee-bcfa-1b7b7e5688bb, headers=[authorization:"[PROTECTED]", content-length:"158", accept-language:"vi", postman-token:"b408eef3-04a0-476f-8ca2-b878f266f348", host:"localhost:8088", content-type:"application/json", connection:"keep-alive", cache-control:"no-cache", accept-encoding:"gzip, deflate, br", user-agent:"PostmanRuntime/7.44.0", accept:"*/*"], payload={
    "fromAccountNumber":"12345678",
    "toAccountNumber":"87654321",
    "amount": 7000,
    "description":"Chuyển tiền ",
    "currency":"VND"
}
2025-06-02 14:45:20 DEBUG ACCESS_LOGGER - REQUEST DATA: POST /api/transactions/transfer, client=0:0:0:0:0:0:0:1, user=12685f8a-d508-45ee-bcfa-1b7b7e5688bb, headers=[authorization:"[PROTECTED]", content-length:"158", accept-language:"vi", postman-token:"a21ce22c-0b01-4d73-947c-a5a2263a6187", host:"localhost:8088", content-type:"application/json", connection:"keep-alive", cache-control:"no-cache", accept-encoding:"gzip, deflate, br", user-agent:"PostmanRuntime/7.44.0", accept:"*/*"], payload={
    "fromAccountNumber":"12345678",
    "toAccountNumber":"87654321",
    "amount": 7000,
    "description":"Chuyển tiền ",
    "currency":"VND"
}
2025-06-02 14:46:05 DEBUG ACCESS_LOGGER - REQUEST DATA: POST /api/transactions/confirm-transaction, client=0:0:0:0:0:0:0:1, user=12685f8a-d508-45ee-bcfa-1b7b7e5688bb, headers=[authorization:"[PROTECTED]", content-length:"88", postman-token:"ed0d0a4a-f7a2-4fe7-9109-73a7a2183a65", host:"localhost:8088", content-type:"application/json", connection:"keep-alive", cache-control:"no-cache", accept-encoding:"gzip, deflate, br", user-agent:"PostmanRuntime/7.44.0", accept:"*/*"], payload={
    "referenceCode":"TXN-12345678-2025060214452020e4d8c9",
    "otpCode":"974615"
}
2025-06-02 14:53:03 DEBUG ACCESS_LOGGER - REQUEST DATA: POST /api/transactions/transfer, client=0:0:0:0:0:0:0:1, user=12685f8a-d508-45ee-bcfa-1b7b7e5688bb, headers=[authorization:"[PROTECTED]", content-length:"158", accept-language:"vi", postman-token:"c9eb2926-bd35-4e05-b19a-e32db043b22b", host:"localhost:8088", content-type:"application/json", connection:"keep-alive", cache-control:"no-cache", accept-encoding:"gzip, deflate, br", user-agent:"PostmanRuntime/7.44.0", accept:"*/*"], payload={
    "fromAccountNumber":"12345678",
    "toAccountNumber":"87654321",
    "amount": 7000,
    "description":"Chuyển tiền ",
    "currency":"VND"
}
2025-06-02 14:53:28 DEBUG ACCESS_LOGGER - REQUEST DATA: POST /api/transactions/transfer, client=0:0:0:0:0:0:0:1, user=12685f8a-d508-45ee-bcfa-1b7b7e5688bb, headers=[authorization:"[PROTECTED]", content-length:"158", accept-language:"vi", postman-token:"05b3ec49-35a3-47cb-b7f9-1f0c0672810b", host:"localhost:8088", content-type:"application/json", connection:"keep-alive", cache-control:"no-cache", accept-encoding:"gzip, deflate, br", user-agent:"PostmanRuntime/7.44.0", accept:"*/*"], payload={
    "fromAccountNumber":"12345678",
    "toAccountNumber":"87654321",
    "amount": 7000,
    "description":"Chuyển tiền ",
    "currency":"VND"
}
2025-06-02 15:01:45 DEBUG ACCESS_LOGGER - REQUEST DATA: POST /api/transactions/transfer, client=0:0:0:0:0:0:0:1, user=12685f8a-d508-45ee-bcfa-1b7b7e5688bb, headers=[authorization:"[PROTECTED]", content-length:"158", accept-language:"vi", postman-token:"889cb9e4-7f6c-4989-95a2-5f1c7788e708", host:"localhost:8088", content-type:"application/json", connection:"keep-alive", cache-control:"no-cache", accept-encoding:"gzip, deflate, br", user-agent:"PostmanRuntime/7.44.0", accept:"*/*"], payload={
    "fromAccountNumber":"12345678",
    "toAccountNumber":"87654321",
    "amount": 7000,
    "description":"Chuyển tiền ",
    "currency":"VND"
}
