2025-06-02 08:59:30 [restartedMain] DEBUG o.s.s.c.a.a.c.AuthenticationConfiguration$DefaultPasswordEncoderAuthenticationManagerBuilder - No authenticationProviders and no parentAuthenticationManager defined. Returning null. MDC:[traceId=, spanId=]
2025-06-02 08:59:35 [restartedMain] DEBUG o.s.s.web.DefaultSecurityFilterChain - Will secure any request with filters: DisableEncodeUrlFilter, WebAsyncManagerIntegrationFilter, SecurityContextHolderFilter, HeaderWriterFilter, CorsFilter, LogoutFilter, BearerTokenAuthenticationFilter, RequestCacheAwareFilter, SecurityContextHolderAwareRequestFilter, AnonymousAuthenticationFilter, SessionManagementFilter, ExceptionTranslationFilter, AuthorizationFilter MDC:[traceId=, spanId=]
2025-06-02 09:01:02 [http-nio-8088-exec-6] DEBUG o.s.security.web.FilterChainProxy - Securing POST /api/transactions/transfer MDC:[traceId=, spanId=]
2025-06-02 09:01:04 [http-nio-8088-exec-6] DEBUG o.s.s.o.s.r.a.JwtAuthenticationProvider - Authenticated token MDC:[traceId=, spanId=]
2025-06-02 09:01:04 [http-nio-8088-exec-6] DEBUG o.s.s.o.s.r.w.a.BearerTokenAuthenticationFilter - Set SecurityContextHolder to JwtAuthenticationToken [Principal=org.springframework.security.oauth2.jwt.Jwt@da685489, Credentials=[PROTECTED], Authenticated=true, Details=WebAuthenticationDetails [RemoteIpAddress=0:0:0:0:0:0:0:1, SessionId=null], Granted Authorities=[ROLE_default-roles-myrealm, ROLE_offline_access, ROLE_CUSTOMER, ROLE_uma_authorization]] MDC:[traceId=, spanId=]
2025-06-02 09:01:04 [http-nio-8088-exec-6] DEBUG o.s.security.web.FilterChainProxy - Secured POST /api/transactions/transfer MDC:[traceId=, spanId=]
2025-06-02 09:01:40 [http-nio-8088-exec-9] DEBUG o.s.security.web.FilterChainProxy - Securing POST /api/transactions/confirm-transaction MDC:[traceId=, spanId=]
2025-06-02 09:01:40 [http-nio-8088-exec-9] DEBUG o.s.s.o.jwt.JwtTimestampValidator - Jwt expired at 2025-05-30T10:13:15Z MDC:[traceId=, spanId=]
2025-06-02 09:01:40 [http-nio-8088-exec-9] DEBUG o.s.s.o.s.r.a.JwtAuthenticationProvider - Failed to authenticate since the JWT was invalid MDC:[traceId=, spanId=]
2025-06-02 09:01:48 [http-nio-8088-exec-1] DEBUG o.s.security.web.FilterChainProxy - Securing POST /api/transactions/confirm-transaction MDC:[traceId=, spanId=]
2025-06-02 09:01:48 [http-nio-8088-exec-1] DEBUG o.s.s.o.jwt.JwtTimestampValidator - Jwt expired at 2025-05-30T10:13:15Z MDC:[traceId=, spanId=]
2025-06-02 09:01:48 [http-nio-8088-exec-1] DEBUG o.s.s.o.s.r.a.JwtAuthenticationProvider - Failed to authenticate since the JWT was invalid MDC:[traceId=, spanId=]
2025-06-02 09:01:56 [http-nio-8088-exec-2] DEBUG o.s.security.web.FilterChainProxy - Securing POST /api/transactions/confirm-transaction MDC:[traceId=, spanId=]
2025-06-02 09:01:56 [http-nio-8088-exec-2] DEBUG o.s.s.o.s.r.a.JwtAuthenticationProvider - Authenticated token MDC:[traceId=, spanId=]
2025-06-02 09:01:56 [http-nio-8088-exec-2] DEBUG o.s.s.o.s.r.w.a.BearerTokenAuthenticationFilter - Set SecurityContextHolder to JwtAuthenticationToken [Principal=org.springframework.security.oauth2.jwt.Jwt@da685489, Credentials=[PROTECTED], Authenticated=true, Details=WebAuthenticationDetails [RemoteIpAddress=0:0:0:0:0:0:0:1, SessionId=null], Granted Authorities=[ROLE_default-roles-myrealm, ROLE_offline_access, ROLE_CUSTOMER, ROLE_uma_authorization]] MDC:[traceId=, spanId=]
2025-06-02 09:01:56 [http-nio-8088-exec-2] DEBUG o.s.security.web.FilterChainProxy - Secured POST /api/transactions/confirm-transaction MDC:[traceId=, spanId=]
2025-06-02 09:02:29 [http-nio-8088-exec-4] DEBUG o.s.security.web.FilterChainProxy - Securing POST /api/transactions/disburse MDC:[traceId=, spanId=]
2025-06-02 09:02:29 [http-nio-8088-exec-4] DEBUG o.s.s.o.s.r.a.JwtAuthenticationProvider - Authenticated token MDC:[traceId=, spanId=]
2025-06-02 09:02:29 [http-nio-8088-exec-4] DEBUG o.s.s.o.s.r.w.a.BearerTokenAuthenticationFilter - Set SecurityContextHolder to JwtAuthenticationToken [Principal=org.springframework.security.oauth2.jwt.Jwt@da685489, Credentials=[PROTECTED], Authenticated=true, Details=WebAuthenticationDetails [RemoteIpAddress=0:0:0:0:0:0:0:1, SessionId=null], Granted Authorities=[ROLE_default-roles-myrealm, ROLE_offline_access, ROLE_CUSTOMER, ROLE_uma_authorization]] MDC:[traceId=, spanId=]
2025-06-02 09:02:29 [http-nio-8088-exec-4] DEBUG o.s.security.web.FilterChainProxy - Secured POST /api/transactions/disburse MDC:[traceId=, spanId=]
2025-06-02 13:05:28 [restartedMain] DEBUG o.s.s.c.a.a.c.AuthenticationConfiguration$DefaultPasswordEncoderAuthenticationManagerBuilder - No authenticationProviders and no parentAuthenticationManager defined. Returning null. MDC:[traceId=, spanId=]
2025-06-02 13:05:31 [restartedMain] DEBUG o.s.s.web.DefaultSecurityFilterChain - Will secure any request with filters: DisableEncodeUrlFilter, WebAsyncManagerIntegrationFilter, SecurityContextHolderFilter, HeaderWriterFilter, CorsFilter, LogoutFilter, BearerTokenAuthenticationFilter, RequestCacheAwareFilter, SecurityContextHolderAwareRequestFilter, AnonymousAuthenticationFilter, SessionManagementFilter, ExceptionTranslationFilter, AuthorizationFilter MDC:[traceId=, spanId=]
2025-06-02 13:05:59 [http-nio-8088-exec-6] DEBUG o.s.security.web.FilterChainProxy - Securing POST /api/transactions/transfer MDC:[traceId=, spanId=]
2025-06-02 13:06:00 [http-nio-8088-exec-6] DEBUG o.s.s.o.s.r.a.JwtAuthenticationProvider - Authenticated token MDC:[traceId=, spanId=]
2025-06-02 13:06:00 [http-nio-8088-exec-6] DEBUG o.s.s.o.s.r.w.a.BearerTokenAuthenticationFilter - Set SecurityContextHolder to JwtAuthenticationToken [Principal=org.springframework.security.oauth2.jwt.Jwt@5041c623, Credentials=[PROTECTED], Authenticated=true, Details=WebAuthenticationDetails [RemoteIpAddress=0:0:0:0:0:0:0:1, SessionId=null], Granted Authorities=[ROLE_default-roles-myrealm, ROLE_offline_access, ROLE_CUSTOMER, ROLE_uma_authorization]] MDC:[traceId=, spanId=]
2025-06-02 13:06:00 [http-nio-8088-exec-6] DEBUG o.s.security.web.FilterChainProxy - Secured POST /api/transactions/transfer MDC:[traceId=, spanId=]
2025-06-02 13:06:03 [http-nio-8088-exec-6] DEBUG o.s.security.web.FilterChainProxy - Securing POST /error MDC:[traceId=, spanId=]
2025-06-02 13:06:03 [http-nio-8088-exec-6] DEBUG o.s.security.web.FilterChainProxy - Secured POST /error MDC:[traceId=, spanId=]
2025-06-02 13:06:12 [http-nio-8088-exec-4] DEBUG o.s.security.web.FilterChainProxy - Securing POST /api/transactions/transfer MDC:[traceId=, spanId=]
2025-06-02 13:06:12 [http-nio-8088-exec-4] DEBUG o.s.s.o.s.r.a.JwtAuthenticationProvider - Authenticated token MDC:[traceId=, spanId=]
2025-06-02 13:06:12 [http-nio-8088-exec-4] DEBUG o.s.s.o.s.r.w.a.BearerTokenAuthenticationFilter - Set SecurityContextHolder to JwtAuthenticationToken [Principal=org.springframework.security.oauth2.jwt.Jwt@5041c623, Credentials=[PROTECTED], Authenticated=true, Details=WebAuthenticationDetails [RemoteIpAddress=0:0:0:0:0:0:0:1, SessionId=null], Granted Authorities=[ROLE_default-roles-myrealm, ROLE_offline_access, ROLE_CUSTOMER, ROLE_uma_authorization]] MDC:[traceId=, spanId=]
2025-06-02 13:06:12 [http-nio-8088-exec-4] DEBUG o.s.security.web.FilterChainProxy - Secured POST /api/transactions/transfer MDC:[traceId=, spanId=]
2025-06-02 13:06:15 [http-nio-8088-exec-4] DEBUG o.s.security.web.FilterChainProxy - Securing POST /error MDC:[traceId=, spanId=]
2025-06-02 13:06:15 [http-nio-8088-exec-4] DEBUG o.s.security.web.FilterChainProxy - Secured POST /error MDC:[traceId=, spanId=]
2025-06-02 13:06:55 [http-nio-8088-exec-3] DEBUG o.s.security.web.FilterChainProxy - Securing POST /api/transactions/transfer MDC:[traceId=, spanId=]
2025-06-02 13:06:55 [http-nio-8088-exec-3] DEBUG o.s.s.o.s.r.a.JwtAuthenticationProvider - Authenticated token MDC:[traceId=, spanId=]
2025-06-02 13:06:55 [http-nio-8088-exec-3] DEBUG o.s.s.o.s.r.w.a.BearerTokenAuthenticationFilter - Set SecurityContextHolder to JwtAuthenticationToken [Principal=org.springframework.security.oauth2.jwt.Jwt@5041c623, Credentials=[PROTECTED], Authenticated=true, Details=WebAuthenticationDetails [RemoteIpAddress=0:0:0:0:0:0:0:1, SessionId=null], Granted Authorities=[ROLE_default-roles-myrealm, ROLE_offline_access, ROLE_CUSTOMER, ROLE_uma_authorization]] MDC:[traceId=, spanId=]
2025-06-02 13:06:55 [http-nio-8088-exec-3] DEBUG o.s.security.web.FilterChainProxy - Secured POST /api/transactions/transfer MDC:[traceId=, spanId=]
2025-06-02 13:07:53 [http-nio-8088-exec-7] DEBUG o.s.security.web.FilterChainProxy - Securing POST /api/transactions/confirm-transaction MDC:[traceId=, spanId=]
2025-06-02 13:07:53 [http-nio-8088-exec-7] DEBUG o.s.s.o.jwt.JwtTimestampValidator - Jwt expired at 2025-06-02T02:05:34Z MDC:[traceId=, spanId=]
2025-06-02 13:07:53 [http-nio-8088-exec-7] DEBUG o.s.s.o.s.r.a.JwtAuthenticationProvider - Failed to authenticate since the JWT was invalid MDC:[traceId=, spanId=]
2025-06-02 13:08:08 [http-nio-8088-exec-5] DEBUG o.s.security.web.FilterChainProxy - Securing POST /api/transactions/confirm-transaction MDC:[traceId=, spanId=]
2025-06-02 13:08:08 [http-nio-8088-exec-5] DEBUG o.s.s.o.s.r.a.JwtAuthenticationProvider - Authenticated token MDC:[traceId=, spanId=]
2025-06-02 13:08:08 [http-nio-8088-exec-5] DEBUG o.s.s.o.s.r.w.a.BearerTokenAuthenticationFilter - Set SecurityContextHolder to JwtAuthenticationToken [Principal=org.springframework.security.oauth2.jwt.Jwt@5041c623, Credentials=[PROTECTED], Authenticated=true, Details=WebAuthenticationDetails [RemoteIpAddress=0:0:0:0:0:0:0:1, SessionId=null], Granted Authorities=[ROLE_default-roles-myrealm, ROLE_offline_access, ROLE_CUSTOMER, ROLE_uma_authorization]] MDC:[traceId=, spanId=]
2025-06-02 13:08:08 [http-nio-8088-exec-5] DEBUG o.s.security.web.FilterChainProxy - Secured POST /api/transactions/confirm-transaction MDC:[traceId=, spanId=]
2025-06-02 13:08:41 [http-nio-8088-exec-10] DEBUG o.s.security.web.FilterChainProxy - Securing POST /api/transactions/resend-otp MDC:[traceId=, spanId=]
2025-06-02 13:08:41 [http-nio-8088-exec-10] DEBUG o.s.s.o.jwt.JwtTimestampValidator - Jwt expired at 2025-05-30T10:13:15Z MDC:[traceId=, spanId=]
2025-06-02 13:08:41 [http-nio-8088-exec-10] DEBUG o.s.s.o.s.r.a.JwtAuthenticationProvider - Failed to authenticate since the JWT was invalid MDC:[traceId=, spanId=]
2025-06-02 13:08:47 [http-nio-8088-exec-1] DEBUG o.s.security.web.FilterChainProxy - Securing POST /api/transactions/resend-otp MDC:[traceId=, spanId=]
2025-06-02 13:08:47 [http-nio-8088-exec-1] DEBUG o.s.s.o.s.r.a.JwtAuthenticationProvider - Failed to authenticate since the JWT was invalid MDC:[traceId=, spanId=]
2025-06-02 13:09:01 [http-nio-8088-exec-6] DEBUG o.s.security.web.FilterChainProxy - Securing POST /api/transactions/resend-otp MDC:[traceId=, spanId=]
2025-06-02 13:09:01 [http-nio-8088-exec-6] DEBUG o.s.s.o.s.r.a.JwtAuthenticationProvider - Failed to authenticate since the JWT was invalid MDC:[traceId=, spanId=]
2025-06-02 13:09:18 [http-nio-8088-exec-2] DEBUG o.s.security.web.FilterChainProxy - Securing POST /api/transactions/resend-otp MDC:[traceId=, spanId=]
2025-06-02 13:09:18 [http-nio-8088-exec-2] DEBUG o.s.s.o.s.r.a.JwtAuthenticationProvider - Authenticated token MDC:[traceId=, spanId=]
2025-06-02 13:09:18 [http-nio-8088-exec-2] DEBUG o.s.s.o.s.r.w.a.BearerTokenAuthenticationFilter - Set SecurityContextHolder to JwtAuthenticationToken [Principal=org.springframework.security.oauth2.jwt.Jwt@5041c623, Credentials=[PROTECTED], Authenticated=true, Details=WebAuthenticationDetails [RemoteIpAddress=0:0:0:0:0:0:0:1, SessionId=null], Granted Authorities=[ROLE_default-roles-myrealm, ROLE_offline_access, ROLE_CUSTOMER, ROLE_uma_authorization]] MDC:[traceId=, spanId=]
2025-06-02 13:09:18 [http-nio-8088-exec-2] DEBUG o.s.security.web.FilterChainProxy - Secured POST /api/transactions/resend-otp MDC:[traceId=, spanId=]
2025-06-02 13:09:33 [http-nio-8088-exec-4] DEBUG o.s.security.web.FilterChainProxy - Securing POST /api/transactions/confirm-transaction MDC:[traceId=, spanId=]
2025-06-02 13:09:33 [http-nio-8088-exec-4] DEBUG o.s.s.o.s.r.a.JwtAuthenticationProvider - Authenticated token MDC:[traceId=, spanId=]
2025-06-02 13:09:33 [http-nio-8088-exec-4] DEBUG o.s.s.o.s.r.w.a.BearerTokenAuthenticationFilter - Set SecurityContextHolder to JwtAuthenticationToken [Principal=org.springframework.security.oauth2.jwt.Jwt@5041c623, Credentials=[PROTECTED], Authenticated=true, Details=WebAuthenticationDetails [RemoteIpAddress=0:0:0:0:0:0:0:1, SessionId=null], Granted Authorities=[ROLE_default-roles-myrealm, ROLE_offline_access, ROLE_CUSTOMER, ROLE_uma_authorization]] MDC:[traceId=, spanId=]
2025-06-02 13:09:33 [http-nio-8088-exec-4] DEBUG o.s.security.web.FilterChainProxy - Secured POST /api/transactions/confirm-transaction MDC:[traceId=, spanId=]
2025-06-02 13:26:16 [http-nio-8088-exec-7] DEBUG o.s.security.web.FilterChainProxy - Securing POST /api/transactions/disburse MDC:[traceId=, spanId=]
2025-06-02 13:26:17 [http-nio-8088-exec-7] DEBUG o.s.s.o.jwt.JwtTimestampValidator - Jwt expired at 2025-06-02T02:05:34Z MDC:[traceId=, spanId=]
2025-06-02 13:26:17 [http-nio-8088-exec-7] DEBUG o.s.s.o.s.r.a.JwtAuthenticationProvider - Failed to authenticate since the JWT was invalid MDC:[traceId=, spanId=]
2025-06-02 13:26:32 [http-nio-8088-exec-5] DEBUG o.s.security.web.FilterChainProxy - Securing POST /api/transactions/disburse MDC:[traceId=, spanId=]
2025-06-02 13:26:32 [http-nio-8088-exec-5] DEBUG o.s.s.o.s.r.a.JwtAuthenticationProvider - Authenticated token MDC:[traceId=, spanId=]
2025-06-02 13:26:32 [http-nio-8088-exec-5] DEBUG o.s.s.o.s.r.w.a.BearerTokenAuthenticationFilter - Set SecurityContextHolder to JwtAuthenticationToken [Principal=org.springframework.security.oauth2.jwt.Jwt@25c960bb, Credentials=[PROTECTED], Authenticated=true, Details=WebAuthenticationDetails [RemoteIpAddress=0:0:0:0:0:0:0:1, SessionId=null], Granted Authorities=[ROLE_default-roles-myrealm, ROLE_offline_access, ROLE_CUSTOMER, ROLE_uma_authorization]] MDC:[traceId=, spanId=]
2025-06-02 13:26:32 [http-nio-8088-exec-5] DEBUG o.s.security.web.FilterChainProxy - Secured POST /api/transactions/disburse MDC:[traceId=, spanId=]
2025-06-02 13:26:34 [http-nio-8088-exec-5] DEBUG o.s.security.web.FilterChainProxy - Securing POST /error MDC:[traceId=, spanId=]
2025-06-02 13:26:34 [http-nio-8088-exec-5] DEBUG o.s.security.web.FilterChainProxy - Secured POST /error MDC:[traceId=, spanId=]
2025-06-02 13:26:44 [http-nio-8088-exec-10] DEBUG o.s.security.web.FilterChainProxy - Securing POST /api/transactions/transfer MDC:[traceId=, spanId=]
2025-06-02 13:26:44 [http-nio-8088-exec-10] DEBUG o.s.s.o.s.r.a.JwtAuthenticationProvider - Authenticated token MDC:[traceId=, spanId=]
2025-06-02 13:26:44 [http-nio-8088-exec-10] DEBUG o.s.s.o.s.r.w.a.BearerTokenAuthenticationFilter - Set SecurityContextHolder to JwtAuthenticationToken [Principal=org.springframework.security.oauth2.jwt.Jwt@25c960bb, Credentials=[PROTECTED], Authenticated=true, Details=WebAuthenticationDetails [RemoteIpAddress=0:0:0:0:0:0:0:1, SessionId=null], Granted Authorities=[ROLE_default-roles-myrealm, ROLE_offline_access, ROLE_CUSTOMER, ROLE_uma_authorization]] MDC:[traceId=, spanId=]
2025-06-02 13:26:44 [http-nio-8088-exec-10] DEBUG o.s.security.web.FilterChainProxy - Secured POST /api/transactions/transfer MDC:[traceId=, spanId=]
2025-06-02 13:32:27 [http-nio-8088-exec-1] DEBUG o.s.security.web.FilterChainProxy - Securing POST /api/transactions/disburse MDC:[traceId=, spanId=]
2025-06-02 13:32:28 [http-nio-8088-exec-1] DEBUG o.s.s.o.jwt.JwtTimestampValidator - Jwt expired at 2025-06-02T06:31:24Z MDC:[traceId=, spanId=]
2025-06-02 13:32:28 [http-nio-8088-exec-1] DEBUG o.s.s.o.s.r.a.JwtAuthenticationProvider - Failed to authenticate since the JWT was invalid MDC:[traceId=, spanId=]
2025-06-02 13:32:41 [http-nio-8088-exec-2] DEBUG o.s.security.web.FilterChainProxy - Securing POST /api/transactions/disburse MDC:[traceId=, spanId=]
2025-06-02 13:32:41 [http-nio-8088-exec-2] DEBUG o.s.s.o.s.r.a.JwtAuthenticationProvider - Authenticated token MDC:[traceId=, spanId=]
2025-06-02 13:32:41 [http-nio-8088-exec-2] DEBUG o.s.s.o.s.r.w.a.BearerTokenAuthenticationFilter - Set SecurityContextHolder to JwtAuthenticationToken [Principal=org.springframework.security.oauth2.jwt.Jwt@5f8c3c50, Credentials=[PROTECTED], Authenticated=true, Details=WebAuthenticationDetails [RemoteIpAddress=0:0:0:0:0:0:0:1, SessionId=null], Granted Authorities=[ROLE_default-roles-myrealm, ROLE_offline_access, ROLE_CUSTOMER, ROLE_uma_authorization]] MDC:[traceId=, spanId=]
2025-06-02 13:32:41 [http-nio-8088-exec-2] DEBUG o.s.security.web.FilterChainProxy - Secured POST /api/transactions/disburse MDC:[traceId=, spanId=]
2025-06-02 13:32:43 [http-nio-8088-exec-2] DEBUG o.s.security.web.FilterChainProxy - Securing POST /error MDC:[traceId=, spanId=]
2025-06-02 13:32:43 [http-nio-8088-exec-2] DEBUG o.s.security.web.FilterChainProxy - Secured POST /error MDC:[traceId=, spanId=]
2025-06-02 13:35:29 [http-nio-8088-exec-8] DEBUG o.s.security.web.FilterChainProxy - Securing POST /api/transactions/disburse MDC:[traceId=, spanId=]
2025-06-02 13:35:29 [http-nio-8088-exec-8] DEBUG o.s.s.o.s.r.a.JwtAuthenticationProvider - Authenticated token MDC:[traceId=, spanId=]
2025-06-02 13:35:29 [http-nio-8088-exec-8] DEBUG o.s.s.o.s.r.w.a.BearerTokenAuthenticationFilter - Set SecurityContextHolder to JwtAuthenticationToken [Principal=org.springframework.security.oauth2.jwt.Jwt@5f8c3c50, Credentials=[PROTECTED], Authenticated=true, Details=WebAuthenticationDetails [RemoteIpAddress=0:0:0:0:0:0:0:1, SessionId=null], Granted Authorities=[ROLE_default-roles-myrealm, ROLE_offline_access, ROLE_CUSTOMER, ROLE_uma_authorization]] MDC:[traceId=, spanId=]
2025-06-02 13:35:29 [http-nio-8088-exec-8] DEBUG o.s.security.web.FilterChainProxy - Secured POST /api/transactions/disburse MDC:[traceId=, spanId=]
2025-06-02 13:35:32 [http-nio-8088-exec-8] DEBUG o.s.security.web.FilterChainProxy - Securing POST /error MDC:[traceId=, spanId=]
2025-06-02 13:35:32 [http-nio-8088-exec-8] DEBUG o.s.security.web.FilterChainProxy - Secured POST /error MDC:[traceId=, spanId=]
2025-06-02 13:35:39 [http-nio-8088-exec-7] DEBUG o.s.security.web.FilterChainProxy - Securing POST /api/transactions/disburse MDC:[traceId=, spanId=]
2025-06-02 13:35:39 [http-nio-8088-exec-7] DEBUG o.s.s.o.s.r.a.JwtAuthenticationProvider - Authenticated token MDC:[traceId=, spanId=]
2025-06-02 13:35:39 [http-nio-8088-exec-7] DEBUG o.s.s.o.s.r.w.a.BearerTokenAuthenticationFilter - Set SecurityContextHolder to JwtAuthenticationToken [Principal=org.springframework.security.oauth2.jwt.Jwt@5f8c3c50, Credentials=[PROTECTED], Authenticated=true, Details=WebAuthenticationDetails [RemoteIpAddress=0:0:0:0:0:0:0:1, SessionId=null], Granted Authorities=[ROLE_default-roles-myrealm, ROLE_offline_access, ROLE_CUSTOMER, ROLE_uma_authorization]] MDC:[traceId=, spanId=]
2025-06-02 13:35:39 [http-nio-8088-exec-7] DEBUG o.s.security.web.FilterChainProxy - Secured POST /api/transactions/disburse MDC:[traceId=, spanId=]
2025-06-02 13:35:40 [http-nio-8088-exec-7] DEBUG o.s.security.web.FilterChainProxy - Securing POST /error MDC:[traceId=, spanId=]
2025-06-02 13:35:40 [http-nio-8088-exec-7] DEBUG o.s.security.web.FilterChainProxy - Secured POST /error MDC:[traceId=, spanId=]
2025-06-02 13:37:38 [restartedMain] DEBUG o.s.s.c.a.a.c.AuthenticationConfiguration$DefaultPasswordEncoderAuthenticationManagerBuilder - No authenticationProviders and no parentAuthenticationManager defined. Returning null. MDC:[traceId=, spanId=]
2025-06-02 13:37:40 [restartedMain] DEBUG o.s.s.web.DefaultSecurityFilterChain - Will secure any request with filters: DisableEncodeUrlFilter, WebAsyncManagerIntegrationFilter, SecurityContextHolderFilter, HeaderWriterFilter, CorsFilter, LogoutFilter, BearerTokenAuthenticationFilter, RequestCacheAwareFilter, SecurityContextHolderAwareRequestFilter, AnonymousAuthenticationFilter, SessionManagementFilter, ExceptionTranslationFilter, AuthorizationFilter MDC:[traceId=, spanId=]
2025-06-02 13:37:55 [http-nio-8088-exec-2] DEBUG o.s.security.web.FilterChainProxy - Securing POST /api/transactions/disburse MDC:[traceId=, spanId=]
2025-06-02 13:37:56 [http-nio-8088-exec-2] DEBUG o.s.s.o.s.r.a.JwtAuthenticationProvider - Authenticated token MDC:[traceId=, spanId=]
2025-06-02 13:37:56 [http-nio-8088-exec-2] DEBUG o.s.s.o.s.r.w.a.BearerTokenAuthenticationFilter - Set SecurityContextHolder to JwtAuthenticationToken [Principal=org.springframework.security.oauth2.jwt.Jwt@5f8c3c50, Credentials=[PROTECTED], Authenticated=true, Details=WebAuthenticationDetails [RemoteIpAddress=0:0:0:0:0:0:0:1, SessionId=null], Granted Authorities=[ROLE_default-roles-myrealm, ROLE_offline_access, ROLE_CUSTOMER, ROLE_uma_authorization]] MDC:[traceId=, spanId=]
2025-06-02 13:37:56 [http-nio-8088-exec-2] DEBUG o.s.security.web.FilterChainProxy - Secured POST /api/transactions/disburse MDC:[traceId=, spanId=]
2025-06-02 13:37:58 [http-nio-8088-exec-2] DEBUG o.s.security.web.FilterChainProxy - Securing POST /error MDC:[traceId=, spanId=]
2025-06-02 13:37:58 [http-nio-8088-exec-2] DEBUG o.s.security.web.FilterChainProxy - Secured POST /error MDC:[traceId=, spanId=]
2025-06-02 13:39:42 [restartedMain] DEBUG o.s.s.c.a.a.c.AuthenticationConfiguration$DefaultPasswordEncoderAuthenticationManagerBuilder - No authenticationProviders and no parentAuthenticationManager defined. Returning null. MDC:[traceId=, spanId=]
2025-06-02 13:39:44 [restartedMain] DEBUG o.s.s.web.DefaultSecurityFilterChain - Will secure any request with filters: DisableEncodeUrlFilter, WebAsyncManagerIntegrationFilter, SecurityContextHolderFilter, HeaderWriterFilter, CorsFilter, LogoutFilter, BearerTokenAuthenticationFilter, RequestCacheAwareFilter, SecurityContextHolderAwareRequestFilter, AnonymousAuthenticationFilter, SessionManagementFilter, ExceptionTranslationFilter, AuthorizationFilter MDC:[traceId=, spanId=]
2025-06-02 13:39:55 [http-nio-8088-exec-1] DEBUG o.s.security.web.FilterChainProxy - Securing POST /api/transactions/disburse MDC:[traceId=, spanId=]
2025-06-02 13:39:57 [http-nio-8088-exec-1] DEBUG o.s.s.o.jwt.JwtTimestampValidator - Jwt expired at 2025-06-02T06:37:32Z MDC:[traceId=, spanId=]
2025-06-02 13:39:57 [http-nio-8088-exec-1] DEBUG o.s.s.o.s.r.a.JwtAuthenticationProvider - Failed to authenticate since the JWT was invalid MDC:[traceId=, spanId=]
2025-06-02 13:40:18 [http-nio-8088-exec-2] DEBUG o.s.security.web.FilterChainProxy - Securing POST /api/transactions/disburse MDC:[traceId=, spanId=]
2025-06-02 13:40:18 [http-nio-8088-exec-2] DEBUG o.s.s.o.s.r.a.JwtAuthenticationProvider - Authenticated token MDC:[traceId=, spanId=]
2025-06-02 13:40:18 [http-nio-8088-exec-2] DEBUG o.s.s.o.s.r.w.a.BearerTokenAuthenticationFilter - Set SecurityContextHolder to JwtAuthenticationToken [Principal=org.springframework.security.oauth2.jwt.Jwt@8cdff815, Credentials=[PROTECTED], Authenticated=true, Details=WebAuthenticationDetails [RemoteIpAddress=0:0:0:0:0:0:0:1, SessionId=null], Granted Authorities=[ROLE_default-roles-myrealm, ROLE_offline_access, ROLE_CUSTOMER, ROLE_uma_authorization]] MDC:[traceId=, spanId=]
2025-06-02 13:40:18 [http-nio-8088-exec-2] DEBUG o.s.security.web.FilterChainProxy - Secured POST /api/transactions/disburse MDC:[traceId=, spanId=]
2025-06-02 14:27:26 [restartedMain] DEBUG o.s.s.c.a.a.c.AuthenticationConfiguration$DefaultPasswordEncoderAuthenticationManagerBuilder - No authenticationProviders and no parentAuthenticationManager defined. Returning null. MDC:[traceId=, spanId=]
2025-06-02 14:27:29 [restartedMain] DEBUG o.s.s.web.DefaultSecurityFilterChain - Will secure any request with filters: DisableEncodeUrlFilter, WebAsyncManagerIntegrationFilter, SecurityContextHolderFilter, HeaderWriterFilter, CorsFilter, LogoutFilter, BearerTokenAuthenticationFilter, RequestCacheAwareFilter, SecurityContextHolderAwareRequestFilter, AnonymousAuthenticationFilter, SessionManagementFilter, ExceptionTranslationFilter, AuthorizationFilter MDC:[traceId=, spanId=]
2025-06-02 14:28:09 [http-nio-8088-exec-2] DEBUG o.s.security.web.FilterChainProxy - Securing POST /api/transactions/transfer MDC:[traceId=, spanId=]
2025-06-02 14:28:10 [http-nio-8088-exec-2] DEBUG o.s.s.o.jwt.JwtTimestampValidator - Jwt expired at 2025-06-02T06:31:24Z MDC:[traceId=, spanId=]
2025-06-02 14:28:10 [http-nio-8088-exec-2] DEBUG o.s.s.o.s.r.a.JwtAuthenticationProvider - Failed to authenticate since the JWT was invalid MDC:[traceId=, spanId=]
2025-06-02 14:28:24 [http-nio-8088-exec-3] DEBUG o.s.security.web.FilterChainProxy - Securing POST /api/transactions/transfer MDC:[traceId=, spanId=]
2025-06-02 14:28:24 [http-nio-8088-exec-3] DEBUG o.s.s.o.s.r.a.JwtAuthenticationProvider - Authenticated token MDC:[traceId=, spanId=]
2025-06-02 14:28:24 [http-nio-8088-exec-3] DEBUG o.s.s.o.s.r.w.a.BearerTokenAuthenticationFilter - Set SecurityContextHolder to JwtAuthenticationToken [Principal=org.springframework.security.oauth2.jwt.Jwt@3669923a, Credentials=[PROTECTED], Authenticated=true, Details=WebAuthenticationDetails [RemoteIpAddress=0:0:0:0:0:0:0:1, SessionId=null], Granted Authorities=[ROLE_default-roles-myrealm, ROLE_offline_access, ROLE_CUSTOMER, ROLE_uma_authorization]] MDC:[traceId=, spanId=]
2025-06-02 14:28:24 [http-nio-8088-exec-3] DEBUG o.s.security.web.FilterChainProxy - Secured POST /api/transactions/transfer MDC:[traceId=, spanId=]
2025-06-02 14:28:58 [http-nio-8088-exec-5] DEBUG o.s.security.web.FilterChainProxy - Securing POST /api/transactions/transfer MDC:[traceId=, spanId=]
2025-06-02 14:28:58 [http-nio-8088-exec-5] DEBUG o.s.s.o.s.r.a.JwtAuthenticationProvider - Authenticated token MDC:[traceId=, spanId=]
2025-06-02 14:28:58 [http-nio-8088-exec-5] DEBUG o.s.s.o.s.r.w.a.BearerTokenAuthenticationFilter - Set SecurityContextHolder to JwtAuthenticationToken [Principal=org.springframework.security.oauth2.jwt.Jwt@3669923a, Credentials=[PROTECTED], Authenticated=true, Details=WebAuthenticationDetails [RemoteIpAddress=0:0:0:0:0:0:0:1, SessionId=null], Granted Authorities=[ROLE_default-roles-myrealm, ROLE_offline_access, ROLE_CUSTOMER, ROLE_uma_authorization]] MDC:[traceId=, spanId=]
2025-06-02 14:28:58 [http-nio-8088-exec-5] DEBUG o.s.security.web.FilterChainProxy - Secured POST /api/transactions/transfer MDC:[traceId=, spanId=]
2025-06-02 14:29:05 [http-nio-8088-exec-5] DEBUG o.s.security.web.FilterChainProxy - Securing POST /error MDC:[traceId=, spanId=]
2025-06-02 14:29:05 [http-nio-8088-exec-5] DEBUG o.s.security.web.FilterChainProxy - Secured POST /error MDC:[traceId=, spanId=]
2025-06-02 14:29:15 [http-nio-8088-exec-8] DEBUG o.s.security.web.FilterChainProxy - Securing POST /api/transactions/transfer MDC:[traceId=, spanId=]
2025-06-02 14:29:15 [http-nio-8088-exec-8] DEBUG o.s.s.o.s.r.a.JwtAuthenticationProvider - Authenticated token MDC:[traceId=, spanId=]
2025-06-02 14:29:15 [http-nio-8088-exec-8] DEBUG o.s.s.o.s.r.w.a.BearerTokenAuthenticationFilter - Set SecurityContextHolder to JwtAuthenticationToken [Principal=org.springframework.security.oauth2.jwt.Jwt@3669923a, Credentials=[PROTECTED], Authenticated=true, Details=WebAuthenticationDetails [RemoteIpAddress=0:0:0:0:0:0:0:1, SessionId=null], Granted Authorities=[ROLE_default-roles-myrealm, ROLE_offline_access, ROLE_CUSTOMER, ROLE_uma_authorization]] MDC:[traceId=, spanId=]
2025-06-02 14:29:15 [http-nio-8088-exec-8] DEBUG o.s.security.web.FilterChainProxy - Secured POST /api/transactions/transfer MDC:[traceId=, spanId=]
2025-06-02 14:30:07 [restartedMain] DEBUG o.s.s.c.a.a.c.AuthenticationConfiguration$DefaultPasswordEncoderAuthenticationManagerBuilder - No authenticationProviders and no parentAuthenticationManager defined. Returning null. MDC:[traceId=, spanId=]
2025-06-02 14:30:10 [restartedMain] DEBUG o.s.s.web.DefaultSecurityFilterChain - Will secure any request with filters: DisableEncodeUrlFilter, WebAsyncManagerIntegrationFilter, SecurityContextHolderFilter, HeaderWriterFilter, CorsFilter, LogoutFilter, BearerTokenAuthenticationFilter, RequestCacheAwareFilter, SecurityContextHolderAwareRequestFilter, AnonymousAuthenticationFilter, SessionManagementFilter, ExceptionTranslationFilter, AuthorizationFilter MDC:[traceId=, spanId=]
2025-06-02 14:30:22 [http-nio-8088-exec-2] DEBUG o.s.security.web.FilterChainProxy - Securing POST /api/transactions/transfer MDC:[traceId=, spanId=]
2025-06-02 14:30:23 [http-nio-8088-exec-2] DEBUG o.s.s.o.s.r.a.JwtAuthenticationProvider - Authenticated token MDC:[traceId=, spanId=]
2025-06-02 14:30:23 [http-nio-8088-exec-2] DEBUG o.s.s.o.s.r.w.a.BearerTokenAuthenticationFilter - Set SecurityContextHolder to JwtAuthenticationToken [Principal=org.springframework.security.oauth2.jwt.Jwt@3669923a, Credentials=[PROTECTED], Authenticated=true, Details=WebAuthenticationDetails [RemoteIpAddress=0:0:0:0:0:0:0:1, SessionId=null], Granted Authorities=[ROLE_default-roles-myrealm, ROLE_offline_access, ROLE_CUSTOMER, ROLE_uma_authorization]] MDC:[traceId=, spanId=]
2025-06-02 14:30:23 [http-nio-8088-exec-2] DEBUG o.s.security.web.FilterChainProxy - Secured POST /api/transactions/transfer MDC:[traceId=, spanId=]
2025-06-02 14:35:48 [http-nio-8088-exec-4] DEBUG o.s.security.web.FilterChainProxy - Securing POST /api/transactions/transfer MDC:[traceId=, spanId=]
2025-06-02 14:35:48 [http-nio-8088-exec-4] DEBUG o.s.s.o.jwt.JwtTimestampValidator - Jwt expired at 2025-06-02T07:33:12Z MDC:[traceId=, spanId=]
2025-06-02 14:35:48 [http-nio-8088-exec-4] DEBUG o.s.s.o.s.r.a.JwtAuthenticationProvider - Failed to authenticate since the JWT was invalid MDC:[traceId=, spanId=]
2025-06-02 14:36:01 [http-nio-8088-exec-7] DEBUG o.s.security.web.FilterChainProxy - Securing POST /api/transactions/transfer MDC:[traceId=, spanId=]
2025-06-02 14:36:01 [http-nio-8088-exec-7] DEBUG o.s.s.o.s.r.a.JwtAuthenticationProvider - Authenticated token MDC:[traceId=, spanId=]
2025-06-02 14:36:01 [http-nio-8088-exec-7] DEBUG o.s.s.o.s.r.w.a.BearerTokenAuthenticationFilter - Set SecurityContextHolder to JwtAuthenticationToken [Principal=org.springframework.security.oauth2.jwt.Jwt@a6fb6767, Credentials=[PROTECTED], Authenticated=true, Details=WebAuthenticationDetails [RemoteIpAddress=0:0:0:0:0:0:0:1, SessionId=null], Granted Authorities=[ROLE_default-roles-myrealm, ROLE_offline_access, ROLE_CUSTOMER, ROLE_uma_authorization]] MDC:[traceId=, spanId=]
2025-06-02 14:36:01 [http-nio-8088-exec-7] DEBUG o.s.security.web.FilterChainProxy - Secured POST /api/transactions/transfer MDC:[traceId=, spanId=]
2025-06-02 14:36:51 [http-nio-8088-exec-6] DEBUG o.s.security.web.FilterChainProxy - Securing POST /api/transactions/confirm-transaction MDC:[traceId=, spanId=]
2025-06-02 14:36:51 [http-nio-8088-exec-6] DEBUG o.s.s.o.jwt.JwtTimestampValidator - Jwt expired at 2025-06-02T06:10:46Z MDC:[traceId=, spanId=]
2025-06-02 14:36:51 [http-nio-8088-exec-6] DEBUG o.s.s.o.s.r.a.JwtAuthenticationProvider - Failed to authenticate since the JWT was invalid MDC:[traceId=, spanId=]
2025-06-02 14:36:55 [http-nio-8088-exec-8] DEBUG o.s.security.web.FilterChainProxy - Securing POST /api/transactions/confirm-transaction MDC:[traceId=, spanId=]
2025-06-02 14:36:55 [http-nio-8088-exec-8] DEBUG o.s.s.o.s.r.a.JwtAuthenticationProvider - Failed to authenticate since the JWT was invalid MDC:[traceId=, spanId=]
2025-06-02 14:37:03 [http-nio-8088-exec-9] DEBUG o.s.security.web.FilterChainProxy - Securing POST /api/transactions/confirm-transaction MDC:[traceId=, spanId=]
2025-06-02 14:37:03 [http-nio-8088-exec-9] DEBUG o.s.s.o.s.r.a.JwtAuthenticationProvider - Authenticated token MDC:[traceId=, spanId=]
2025-06-02 14:37:03 [http-nio-8088-exec-9] DEBUG o.s.s.o.s.r.w.a.BearerTokenAuthenticationFilter - Set SecurityContextHolder to JwtAuthenticationToken [Principal=org.springframework.security.oauth2.jwt.Jwt@a6fb6767, Credentials=[PROTECTED], Authenticated=true, Details=WebAuthenticationDetails [RemoteIpAddress=0:0:0:0:0:0:0:1, SessionId=null], Granted Authorities=[ROLE_default-roles-myrealm, ROLE_offline_access, ROLE_CUSTOMER, ROLE_uma_authorization]] MDC:[traceId=, spanId=]
2025-06-02 14:37:03 [http-nio-8088-exec-9] DEBUG o.s.security.web.FilterChainProxy - Secured POST /api/transactions/confirm-transaction MDC:[traceId=, spanId=]
2025-06-02 14:37:28 [http-nio-8088-exec-5] DEBUG o.s.security.web.FilterChainProxy - Securing POST /api/transactions/resend-otp MDC:[traceId=, spanId=]
2025-06-02 14:37:28 [http-nio-8088-exec-5] DEBUG o.s.s.o.jwt.JwtTimestampValidator - Jwt expired at 2025-06-02T06:10:46Z MDC:[traceId=, spanId=]
2025-06-02 14:37:28 [http-nio-8088-exec-5] DEBUG o.s.s.o.s.r.a.JwtAuthenticationProvider - Failed to authenticate since the JWT was invalid MDC:[traceId=, spanId=]
2025-06-02 14:37:39 [http-nio-8088-exec-1] DEBUG o.s.security.web.FilterChainProxy - Securing POST /api/transactions/resend-otp MDC:[traceId=, spanId=]
2025-06-02 14:37:39 [http-nio-8088-exec-1] DEBUG o.s.s.o.s.r.a.JwtAuthenticationProvider - Authenticated token MDC:[traceId=, spanId=]
2025-06-02 14:37:39 [http-nio-8088-exec-1] DEBUG o.s.s.o.s.r.w.a.BearerTokenAuthenticationFilter - Set SecurityContextHolder to JwtAuthenticationToken [Principal=org.springframework.security.oauth2.jwt.Jwt@a6fb6767, Credentials=[PROTECTED], Authenticated=true, Details=WebAuthenticationDetails [RemoteIpAddress=0:0:0:0:0:0:0:1, SessionId=null], Granted Authorities=[ROLE_default-roles-myrealm, ROLE_offline_access, ROLE_CUSTOMER, ROLE_uma_authorization]] MDC:[traceId=, spanId=]
2025-06-02 14:37:39 [http-nio-8088-exec-1] DEBUG o.s.security.web.FilterChainProxy - Secured POST /api/transactions/resend-otp MDC:[traceId=, spanId=]
2025-06-02 14:38:21 [http-nio-8088-exec-2] DEBUG o.s.security.web.FilterChainProxy - Securing POST /api/transactions/confirm-transaction MDC:[traceId=, spanId=]
2025-06-02 14:38:21 [http-nio-8088-exec-2] DEBUG o.s.s.o.s.r.a.JwtAuthenticationProvider - Authenticated token MDC:[traceId=, spanId=]
2025-06-02 14:38:21 [http-nio-8088-exec-2] DEBUG o.s.s.o.s.r.w.a.BearerTokenAuthenticationFilter - Set SecurityContextHolder to JwtAuthenticationToken [Principal=org.springframework.security.oauth2.jwt.Jwt@a6fb6767, Credentials=[PROTECTED], Authenticated=true, Details=WebAuthenticationDetails [RemoteIpAddress=0:0:0:0:0:0:0:1, SessionId=null], Granted Authorities=[ROLE_default-roles-myrealm, ROLE_offline_access, ROLE_CUSTOMER, ROLE_uma_authorization]] MDC:[traceId=, spanId=]
2025-06-02 14:38:21 [http-nio-8088-exec-2] DEBUG o.s.security.web.FilterChainProxy - Secured POST /api/transactions/confirm-transaction MDC:[traceId=, spanId=]
2025-06-02 14:38:29 [http-nio-8088-exec-3] DEBUG o.s.security.web.FilterChainProxy - Securing POST /api/transactions/transfer MDC:[traceId=, spanId=]
2025-06-02 14:38:29 [http-nio-8088-exec-3] DEBUG o.s.s.o.s.r.a.JwtAuthenticationProvider - Authenticated token MDC:[traceId=, spanId=]
2025-06-02 14:38:29 [http-nio-8088-exec-3] DEBUG o.s.s.o.s.r.w.a.BearerTokenAuthenticationFilter - Set SecurityContextHolder to JwtAuthenticationToken [Principal=org.springframework.security.oauth2.jwt.Jwt@a6fb6767, Credentials=[PROTECTED], Authenticated=true, Details=WebAuthenticationDetails [RemoteIpAddress=0:0:0:0:0:0:0:1, SessionId=null], Granted Authorities=[ROLE_default-roles-myrealm, ROLE_offline_access, ROLE_CUSTOMER, ROLE_uma_authorization]] MDC:[traceId=, spanId=]
2025-06-02 14:38:29 [http-nio-8088-exec-3] DEBUG o.s.security.web.FilterChainProxy - Secured POST /api/transactions/transfer MDC:[traceId=, spanId=]
2025-06-02 14:39:05 [http-nio-8088-exec-4] DEBUG o.s.security.web.FilterChainProxy - Securing POST /api/transactions/confirm-transaction MDC:[traceId=, spanId=]
2025-06-02 14:39:05 [http-nio-8088-exec-4] DEBUG o.s.s.o.s.r.a.JwtAuthenticationProvider - Authenticated token MDC:[traceId=, spanId=]
2025-06-02 14:39:05 [http-nio-8088-exec-4] DEBUG o.s.s.o.s.r.w.a.BearerTokenAuthenticationFilter - Set SecurityContextHolder to JwtAuthenticationToken [Principal=org.springframework.security.oauth2.jwt.Jwt@a6fb6767, Credentials=[PROTECTED], Authenticated=true, Details=WebAuthenticationDetails [RemoteIpAddress=0:0:0:0:0:0:0:1, SessionId=null], Granted Authorities=[ROLE_default-roles-myrealm, ROLE_offline_access, ROLE_CUSTOMER, ROLE_uma_authorization]] MDC:[traceId=, spanId=]
2025-06-02 14:39:05 [http-nio-8088-exec-4] DEBUG o.s.security.web.FilterChainProxy - Secured POST /api/transactions/confirm-transaction MDC:[traceId=, spanId=]
2025-06-02 14:44:44 [http-nio-8088-exec-8] DEBUG o.s.security.web.FilterChainProxy - Securing POST /api/transactions/transfer MDC:[traceId=, spanId=]
2025-06-02 14:44:45 [http-nio-8088-exec-8] DEBUG o.s.s.o.jwt.JwtTimestampValidator - Jwt expired at 2025-06-02T07:40:52Z MDC:[traceId=, spanId=]
2025-06-02 14:44:45 [http-nio-8088-exec-8] DEBUG o.s.s.o.s.r.a.JwtAuthenticationProvider - Failed to authenticate since the JWT was invalid MDC:[traceId=, spanId=]
2025-06-02 14:45:06 [http-nio-8088-exec-9] DEBUG o.s.security.web.FilterChainProxy - Securing POST /api/transactions/transfer MDC:[traceId=, spanId=]
2025-06-02 14:45:06 [http-nio-8088-exec-9] DEBUG o.s.s.o.s.r.a.JwtAuthenticationProvider - Authenticated token MDC:[traceId=, spanId=]
2025-06-02 14:45:06 [http-nio-8088-exec-9] DEBUG o.s.s.o.s.r.w.a.BearerTokenAuthenticationFilter - Set SecurityContextHolder to JwtAuthenticationToken [Principal=org.springframework.security.oauth2.jwt.Jwt@5b3b3da1, Credentials=[PROTECTED], Authenticated=true, Details=WebAuthenticationDetails [RemoteIpAddress=0:0:0:0:0:0:0:1, SessionId=null], Granted Authorities=[ROLE_default-roles-myrealm, ROLE_offline_access, ROLE_CUSTOMER, ROLE_uma_authorization]] MDC:[traceId=, spanId=]
2025-06-02 14:45:06 [http-nio-8088-exec-9] DEBUG o.s.security.web.FilterChainProxy - Secured POST /api/transactions/transfer MDC:[traceId=, spanId=]
2025-06-02 14:45:20 [http-nio-8088-exec-10] DEBUG o.s.security.web.FilterChainProxy - Securing POST /api/transactions/transfer MDC:[traceId=, spanId=]
2025-06-02 14:45:20 [http-nio-8088-exec-10] DEBUG o.s.s.o.s.r.a.JwtAuthenticationProvider - Authenticated token MDC:[traceId=, spanId=]
2025-06-02 14:45:20 [http-nio-8088-exec-10] DEBUG o.s.s.o.s.r.w.a.BearerTokenAuthenticationFilter - Set SecurityContextHolder to JwtAuthenticationToken [Principal=org.springframework.security.oauth2.jwt.Jwt@5b3b3da1, Credentials=[PROTECTED], Authenticated=true, Details=WebAuthenticationDetails [RemoteIpAddress=0:0:0:0:0:0:0:1, SessionId=null], Granted Authorities=[ROLE_default-roles-myrealm, ROLE_offline_access, ROLE_CUSTOMER, ROLE_uma_authorization]] MDC:[traceId=, spanId=]
2025-06-02 14:45:20 [http-nio-8088-exec-10] DEBUG o.s.security.web.FilterChainProxy - Secured POST /api/transactions/transfer MDC:[traceId=, spanId=]
2025-06-02 14:46:03 [http-nio-8088-exec-1] DEBUG o.s.security.web.FilterChainProxy - Securing POST /api/transactions/confirm-transaction MDC:[traceId=, spanId=]
2025-06-02 14:46:03 [http-nio-8088-exec-1] DEBUG o.s.s.o.s.r.a.JwtAuthenticationProvider - Authenticated token MDC:[traceId=, spanId=]
2025-06-02 14:46:03 [http-nio-8088-exec-1] DEBUG o.s.s.o.s.r.w.a.BearerTokenAuthenticationFilter - Set SecurityContextHolder to JwtAuthenticationToken [Principal=org.springframework.security.oauth2.jwt.Jwt@5b3b3da1, Credentials=[PROTECTED], Authenticated=true, Details=WebAuthenticationDetails [RemoteIpAddress=0:0:0:0:0:0:0:1, SessionId=null], Granted Authorities=[ROLE_default-roles-myrealm, ROLE_offline_access, ROLE_CUSTOMER, ROLE_uma_authorization]] MDC:[traceId=, spanId=]
2025-06-02 14:46:03 [http-nio-8088-exec-1] DEBUG o.s.security.web.FilterChainProxy - Secured POST /api/transactions/confirm-transaction MDC:[traceId=, spanId=]
2025-06-02 14:51:41 [restartedMain] DEBUG o.s.s.c.a.a.c.AuthenticationConfiguration$DefaultPasswordEncoderAuthenticationManagerBuilder - No authenticationProviders and no parentAuthenticationManager defined. Returning null. MDC:[traceId=, spanId=]
2025-06-02 14:51:43 [restartedMain] DEBUG o.s.s.web.DefaultSecurityFilterChain - Will secure any request with filters: DisableEncodeUrlFilter, WebAsyncManagerIntegrationFilter, SecurityContextHolderFilter, HeaderWriterFilter, CorsFilter, LogoutFilter, BearerTokenAuthenticationFilter, RequestCacheAwareFilter, SecurityContextHolderAwareRequestFilter, AnonymousAuthenticationFilter, SessionManagementFilter, ExceptionTranslationFilter, AuthorizationFilter MDC:[traceId=, spanId=]
2025-06-02 14:52:06 [http-nio-8088-exec-2] DEBUG o.s.security.web.FilterChainProxy - Securing POST /api/transactions/transfer MDC:[traceId=, spanId=]
2025-06-02 14:52:08 [http-nio-8088-exec-2] DEBUG o.s.s.o.jwt.JwtTimestampValidator - Jwt expired at 2025-06-02T07:49:50Z MDC:[traceId=, spanId=]
2025-06-02 14:52:08 [http-nio-8088-exec-2] DEBUG o.s.s.o.s.r.a.JwtAuthenticationProvider - Failed to authenticate since the JWT was invalid MDC:[traceId=, spanId=]
2025-06-02 14:52:22 [http-nio-8088-exec-3] DEBUG o.s.security.web.FilterChainProxy - Securing POST /api/transactions/transfer MDC:[traceId=, spanId=]
2025-06-02 14:52:22 [http-nio-8088-exec-3] DEBUG o.s.s.o.s.r.a.JwtAuthenticationProvider - Authenticated token MDC:[traceId=, spanId=]
2025-06-02 14:52:22 [http-nio-8088-exec-3] DEBUG o.s.s.o.s.r.w.a.BearerTokenAuthenticationFilter - Set SecurityContextHolder to JwtAuthenticationToken [Principal=org.springframework.security.oauth2.jwt.Jwt@7f49a296, Credentials=[PROTECTED], Authenticated=true, Details=WebAuthenticationDetails [RemoteIpAddress=0:0:0:0:0:0:0:1, SessionId=null], Granted Authorities=[ROLE_default-roles-myrealm, ROLE_offline_access, ROLE_CUSTOMER, ROLE_uma_authorization]] MDC:[traceId=, spanId=]
2025-06-02 14:52:22 [http-nio-8088-exec-3] DEBUG o.s.security.web.FilterChainProxy - Secured POST /api/transactions/transfer MDC:[traceId=, spanId=]
2025-06-02 14:52:26 [http-nio-8088-exec-3] DEBUG o.s.security.web.FilterChainProxy - Securing POST /error MDC:[traceId=, spanId=]
2025-06-02 14:52:26 [http-nio-8088-exec-3] DEBUG o.s.security.web.FilterChainProxy - Secured POST /error MDC:[traceId=, spanId=]
2025-06-02 14:52:31 [http-nio-8088-exec-4] DEBUG o.s.security.web.FilterChainProxy - Securing POST /api/transactions/transfer MDC:[traceId=, spanId=]
2025-06-02 14:52:31 [http-nio-8088-exec-4] DEBUG o.s.s.o.s.r.a.JwtAuthenticationProvider - Authenticated token MDC:[traceId=, spanId=]
2025-06-02 14:52:31 [http-nio-8088-exec-4] DEBUG o.s.s.o.s.r.w.a.BearerTokenAuthenticationFilter - Set SecurityContextHolder to JwtAuthenticationToken [Principal=org.springframework.security.oauth2.jwt.Jwt@7f49a296, Credentials=[PROTECTED], Authenticated=true, Details=WebAuthenticationDetails [RemoteIpAddress=0:0:0:0:0:0:0:1, SessionId=null], Granted Authorities=[ROLE_default-roles-myrealm, ROLE_offline_access, ROLE_CUSTOMER, ROLE_uma_authorization]] MDC:[traceId=, spanId=]
2025-06-02 14:52:31 [http-nio-8088-exec-4] DEBUG o.s.security.web.FilterChainProxy - Secured POST /api/transactions/transfer MDC:[traceId=, spanId=]
2025-06-02 14:52:36 [http-nio-8088-exec-4] DEBUG o.s.security.web.FilterChainProxy - Securing POST /error MDC:[traceId=, spanId=]
2025-06-02 14:52:36 [http-nio-8088-exec-4] DEBUG o.s.security.web.FilterChainProxy - Secured POST /error MDC:[traceId=, spanId=]
2025-06-02 14:52:51 [http-nio-8088-exec-6] DEBUG o.s.security.web.FilterChainProxy - Securing POST /api/transactions/transfer MDC:[traceId=, spanId=]
2025-06-02 14:52:51 [http-nio-8088-exec-6] DEBUG o.s.s.o.s.r.a.JwtAuthenticationProvider - Authenticated token MDC:[traceId=, spanId=]
2025-06-02 14:52:51 [http-nio-8088-exec-6] DEBUG o.s.s.o.s.r.w.a.BearerTokenAuthenticationFilter - Set SecurityContextHolder to JwtAuthenticationToken [Principal=org.springframework.security.oauth2.jwt.Jwt@7f49a296, Credentials=[PROTECTED], Authenticated=true, Details=WebAuthenticationDetails [RemoteIpAddress=0:0:0:0:0:0:0:1, SessionId=null], Granted Authorities=[ROLE_default-roles-myrealm, ROLE_offline_access, ROLE_CUSTOMER, ROLE_uma_authorization]] MDC:[traceId=, spanId=]
2025-06-02 14:52:51 [http-nio-8088-exec-6] DEBUG o.s.security.web.FilterChainProxy - Secured POST /api/transactions/transfer MDC:[traceId=, spanId=]
2025-06-02 14:53:23 [http-nio-8088-exec-9] DEBUG o.s.security.web.FilterChainProxy - Securing POST /api/transactions/transfer MDC:[traceId=, spanId=]
2025-06-02 14:53:23 [http-nio-8088-exec-9] DEBUG o.s.s.o.s.r.a.JwtAuthenticationProvider - Authenticated token MDC:[traceId=, spanId=]
2025-06-02 14:53:23 [http-nio-8088-exec-9] DEBUG o.s.s.o.s.r.w.a.BearerTokenAuthenticationFilter - Set SecurityContextHolder to JwtAuthenticationToken [Principal=org.springframework.security.oauth2.jwt.Jwt@7f49a296, Credentials=[PROTECTED], Authenticated=true, Details=WebAuthenticationDetails [RemoteIpAddress=0:0:0:0:0:0:0:1, SessionId=null], Granted Authorities=[ROLE_default-roles-myrealm, ROLE_offline_access, ROLE_CUSTOMER, ROLE_uma_authorization]] MDC:[traceId=, spanId=]
2025-06-02 14:53:23 [http-nio-8088-exec-9] DEBUG o.s.security.web.FilterChainProxy - Secured POST /api/transactions/transfer MDC:[traceId=, spanId=]
2025-06-02 15:01:18 [restartedMain] DEBUG o.s.s.c.a.a.c.AuthenticationConfiguration$DefaultPasswordEncoderAuthenticationManagerBuilder - No authenticationProviders and no parentAuthenticationManager defined. Returning null. MDC:[traceId=, spanId=]
2025-06-02 15:01:20 [restartedMain] DEBUG o.s.s.web.DefaultSecurityFilterChain - Will secure any request with filters: DisableEncodeUrlFilter, WebAsyncManagerIntegrationFilter, SecurityContextHolderFilter, HeaderWriterFilter, CorsFilter, LogoutFilter, BearerTokenAuthenticationFilter, RequestCacheAwareFilter, SecurityContextHolderAwareRequestFilter, AnonymousAuthenticationFilter, SessionManagementFilter, ExceptionTranslationFilter, AuthorizationFilter MDC:[traceId=, spanId=]
2025-06-02 15:01:39 [http-nio-8088-exec-2] DEBUG o.s.security.web.FilterChainProxy - Securing POST /api/transactions/transfer MDC:[traceId=, spanId=]
2025-06-02 15:01:40 [http-nio-8088-exec-2] DEBUG o.s.s.o.s.r.a.JwtAuthenticationProvider - Authenticated token MDC:[traceId=, spanId=]
2025-06-02 15:01:40 [http-nio-8088-exec-2] DEBUG o.s.s.o.s.r.w.a.BearerTokenAuthenticationFilter - Set SecurityContextHolder to JwtAuthenticationToken [Principal=org.springframework.security.oauth2.jwt.Jwt@a946a134, Credentials=[PROTECTED], Authenticated=true, Details=WebAuthenticationDetails [RemoteIpAddress=0:0:0:0:0:0:0:1, SessionId=null], Granted Authorities=[ROLE_default-roles-myrealm, ROLE_offline_access, ROLE_CUSTOMER, ROLE_uma_authorization]] MDC:[traceId=, spanId=]
2025-06-02 15:01:40 [http-nio-8088-exec-2] DEBUG o.s.security.web.FilterChainProxy - Secured POST /api/transactions/transfer MDC:[traceId=, spanId=]
