2025-06-05 09:37:06 [restartedMain] DEBUG o.s.s.c.a.a.c.AuthenticationConfiguration$DefaultPasswordEncoderAuthenticationManagerBuilder - No authenticationProviders and no parentAuthenticationManager defined. Returning null. MDC:[traceId=, spanId=]
2025-06-05 09:37:09 [restartedMain] DEBUG o.s.s.web.DefaultSecurityFilterChain - Will secure any request with filters: DisableEncodeUrlFilter, WebAsyncManagerIntegrationFilter, SecurityContextHolderFilter, HeaderWriterFilter, CorsFilter, LogoutFilter, BearerTokenAuthenticationFilter, RequestCacheAwareFilter, SecurityContextHolderAwareRequestFilter, AnonymousAuthenticationFilter, SessionManagementFilter, ExceptionTranslationFilter, AuthorizationFilter MDC:[traceId=, spanId=]
2025-06-05 09:49:24 [http-nio-8088-exec-1] DEBUG o.s.security.web.FilterChainProxy - Securing GET /api/transactions/account/12345678 MDC:[traceId=, spanId=]
2025-06-05 09:49:24 [http-nio-8088-exec-1] DEBUG o.s.s.w.a.AnonymousAuthenticationFilter - Set SecurityContextHolder to anonymous SecurityContext MDC:[traceId=, spanId=]
2025-06-05 09:49:57 [http-nio-8088-exec-3] DEBUG o.s.security.web.FilterChainProxy - Securing GET /api/transactions/account/12345678 MDC:[traceId=, spanId=]
2025-06-05 09:49:59 [http-nio-8088-exec-3] DEBUG o.s.s.o.s.r.a.JwtAuthenticationProvider - Authenticated token MDC:[traceId=, spanId=]
2025-06-05 09:49:59 [http-nio-8088-exec-3] DEBUG o.s.s.o.s.r.w.a.BearerTokenAuthenticationFilter - Set SecurityContextHolder to JwtAuthenticationToken [Principal=org.springframework.security.oauth2.jwt.Jwt@1901b790, Credentials=[PROTECTED], Authenticated=true, Details=WebAuthenticationDetails [RemoteIpAddress=0:0:0:0:0:0:0:1, SessionId=null], Granted Authorities=[ROLE_default-roles-myrealm, ROLE_offline_access, ROLE_CUSTOMER, ROLE_uma_authorization]] MDC:[traceId=, spanId=]
2025-06-05 09:49:59 [http-nio-8088-exec-3] DEBUG o.s.security.web.FilterChainProxy - Secured GET /api/transactions/account/12345678 MDC:[traceId=, spanId=]
2025-06-05 09:50:38 [http-nio-8088-exec-4] DEBUG o.s.security.web.FilterChainProxy - Securing GET /api/transactions/TXN-12345678-20250528152116d0ff5fc9 MDC:[traceId=, spanId=]
2025-06-05 09:50:38 [http-nio-8088-exec-4] DEBUG o.s.s.w.a.AnonymousAuthenticationFilter - Set SecurityContextHolder to anonymous SecurityContext MDC:[traceId=, spanId=]
2025-06-05 09:50:45 [http-nio-8088-exec-5] DEBUG o.s.security.web.FilterChainProxy - Securing GET /api/transactions/TXN-12345678-20250528152116d0ff5fc9 MDC:[traceId=, spanId=]
2025-06-05 09:50:45 [http-nio-8088-exec-5] DEBUG o.s.s.o.s.r.a.JwtAuthenticationProvider - Authenticated token MDC:[traceId=, spanId=]
2025-06-05 09:50:45 [http-nio-8088-exec-5] DEBUG o.s.s.o.s.r.w.a.BearerTokenAuthenticationFilter - Set SecurityContextHolder to JwtAuthenticationToken [Principal=org.springframework.security.oauth2.jwt.Jwt@1901b790, Credentials=[PROTECTED], Authenticated=true, Details=WebAuthenticationDetails [RemoteIpAddress=0:0:0:0:0:0:0:1, SessionId=null], Granted Authorities=[ROLE_default-roles-myrealm, ROLE_offline_access, ROLE_CUSTOMER, ROLE_uma_authorization]] MDC:[traceId=, spanId=]
2025-06-05 09:50:45 [http-nio-8088-exec-5] DEBUG o.s.security.web.FilterChainProxy - Secured GET /api/transactions/TXN-12345678-20250528152116d0ff5fc9 MDC:[traceId=, spanId=]
2025-06-05 09:52:08 [http-nio-8088-exec-6] DEBUG o.s.security.web.FilterChainProxy - Securing GET /api/transactions/TXN-12345678-20250528152116d0ff5fc9 MDC:[traceId=, spanId=]
2025-06-05 09:52:08 [http-nio-8088-exec-6] DEBUG o.s.s.o.s.r.a.JwtAuthenticationProvider - Authenticated token MDC:[traceId=, spanId=]
2025-06-05 09:52:08 [http-nio-8088-exec-6] DEBUG o.s.s.o.s.r.w.a.BearerTokenAuthenticationFilter - Set SecurityContextHolder to JwtAuthenticationToken [Principal=org.springframework.security.oauth2.jwt.Jwt@1901b790, Credentials=[PROTECTED], Authenticated=true, Details=WebAuthenticationDetails [RemoteIpAddress=127.0.0.1, SessionId=null], Granted Authorities=[ROLE_default-roles-myrealm, ROLE_offline_access, ROLE_CUSTOMER, ROLE_uma_authorization]] MDC:[traceId=, spanId=]
2025-06-05 09:52:08 [http-nio-8088-exec-6] DEBUG o.s.security.web.FilterChainProxy - Secured GET /api/transactions/TXN-12345678-20250528152116d0ff5fc9 MDC:[traceId=, spanId=]
2025-06-05 09:52:13 [http-nio-8088-exec-7] DEBUG o.s.security.web.FilterChainProxy - Securing GET /api/transactions/account/12345678 MDC:[traceId=, spanId=]
2025-06-05 09:52:13 [http-nio-8088-exec-7] DEBUG o.s.s.o.s.r.a.JwtAuthenticationProvider - Authenticated token MDC:[traceId=, spanId=]
2025-06-05 09:52:13 [http-nio-8088-exec-7] DEBUG o.s.s.o.s.r.w.a.BearerTokenAuthenticationFilter - Set SecurityContextHolder to JwtAuthenticationToken [Principal=org.springframework.security.oauth2.jwt.Jwt@1901b790, Credentials=[PROTECTED], Authenticated=true, Details=WebAuthenticationDetails [RemoteIpAddress=127.0.0.1, SessionId=null], Granted Authorities=[ROLE_default-roles-myrealm, ROLE_offline_access, ROLE_CUSTOMER, ROLE_uma_authorization]] MDC:[traceId=, spanId=]
2025-06-05 09:52:13 [http-nio-8088-exec-7] DEBUG o.s.security.web.FilterChainProxy - Secured GET /api/transactions/account/12345678 MDC:[traceId=, spanId=]
2025-06-05 10:33:21 [http-nio-8088-exec-9] DEBUG o.s.security.web.FilterChainProxy - Securing GET /api/transactions/accounts MDC:[traceId=, spanId=]
2025-06-05 10:33:21 [http-nio-8088-exec-9] DEBUG o.s.s.o.s.r.a.JwtAuthenticationProvider - Authenticated token MDC:[traceId=, spanId=]
2025-06-05 10:33:21 [http-nio-8088-exec-9] DEBUG o.s.s.o.s.r.w.a.BearerTokenAuthenticationFilter - Set SecurityContextHolder to JwtAuthenticationToken [Principal=org.springframework.security.oauth2.jwt.Jwt@b80b3572, Credentials=[PROTECTED], Authenticated=true, Details=WebAuthenticationDetails [RemoteIpAddress=127.0.0.1, SessionId=null], Granted Authorities=[ROLE_default-roles-myrealm, ROLE_offline_access, ROLE_CUSTOMER, ROLE_uma_authorization]] MDC:[traceId=, spanId=]
2025-06-05 10:33:21 [http-nio-8088-exec-9] DEBUG o.s.security.web.FilterChainProxy - Secured GET /api/transactions/accounts MDC:[traceId=, spanId=]
2025-06-05 10:33:45 [http-nio-8088-exec-10] DEBUG o.s.security.web.FilterChainProxy - Securing GET /api/transactions/accounts MDC:[traceId=, spanId=]
2025-06-05 10:33:45 [http-nio-8088-exec-10] DEBUG o.s.s.o.s.r.a.JwtAuthenticationProvider - Authenticated token MDC:[traceId=, spanId=]
2025-06-05 10:33:45 [http-nio-8088-exec-10] DEBUG o.s.s.o.s.r.w.a.BearerTokenAuthenticationFilter - Set SecurityContextHolder to JwtAuthenticationToken [Principal=org.springframework.security.oauth2.jwt.Jwt@b80b3572, Credentials=[PROTECTED], Authenticated=true, Details=WebAuthenticationDetails [RemoteIpAddress=127.0.0.1, SessionId=null], Granted Authorities=[ROLE_default-roles-myrealm, ROLE_offline_access, ROLE_CUSTOMER, ROLE_uma_authorization]] MDC:[traceId=, spanId=]
2025-06-05 10:33:45 [http-nio-8088-exec-10] DEBUG o.s.security.web.FilterChainProxy - Secured GET /api/transactions/accounts MDC:[traceId=, spanId=]
2025-06-05 10:34:42 [restartedMain] DEBUG o.s.s.c.a.a.c.AuthenticationConfiguration$DefaultPasswordEncoderAuthenticationManagerBuilder - No authenticationProviders and no parentAuthenticationManager defined. Returning null. MDC:[traceId=, spanId=]
2025-06-05 10:34:45 [restartedMain] DEBUG o.s.s.web.DefaultSecurityFilterChain - Will secure any request with filters: DisableEncodeUrlFilter, WebAsyncManagerIntegrationFilter, SecurityContextHolderFilter, HeaderWriterFilter, CorsFilter, LogoutFilter, BearerTokenAuthenticationFilter, RequestCacheAwareFilter, SecurityContextHolderAwareRequestFilter, AnonymousAuthenticationFilter, SessionManagementFilter, ExceptionTranslationFilter, AuthorizationFilter MDC:[traceId=, spanId=]
2025-06-05 10:35:02 [http-nio-8088-exec-1] DEBUG o.s.security.web.FilterChainProxy - Securing GET /api/transactions/accounts MDC:[traceId=, spanId=]
2025-06-05 10:35:04 [http-nio-8088-exec-1] DEBUG o.s.s.o.s.r.a.JwtAuthenticationProvider - Authenticated token MDC:[traceId=, spanId=]
2025-06-05 10:35:04 [http-nio-8088-exec-1] DEBUG o.s.s.o.s.r.w.a.BearerTokenAuthenticationFilter - Set SecurityContextHolder to JwtAuthenticationToken [Principal=org.springframework.security.oauth2.jwt.Jwt@b80b3572, Credentials=[PROTECTED], Authenticated=true, Details=WebAuthenticationDetails [RemoteIpAddress=127.0.0.1, SessionId=null], Granted Authorities=[ROLE_default-roles-myrealm, ROLE_offline_access, ROLE_CUSTOMER, ROLE_uma_authorization]] MDC:[traceId=, spanId=]
2025-06-05 10:35:04 [http-nio-8088-exec-1] DEBUG o.s.security.web.FilterChainProxy - Secured GET /api/transactions/accounts MDC:[traceId=, spanId=]
2025-06-05 10:35:04 [http-nio-8088-exec-1] DEBUG o.s.security.web.FilterChainProxy - Securing GET /error MDC:[traceId=, spanId=]
2025-06-05 10:35:04 [http-nio-8088-exec-1] DEBUG o.s.security.web.FilterChainProxy - Secured GET /error MDC:[traceId=, spanId=]
2025-06-05 10:40:21 [restartedMain] DEBUG o.s.s.c.a.a.c.AuthenticationConfiguration$DefaultPasswordEncoderAuthenticationManagerBuilder - No authenticationProviders and no parentAuthenticationManager defined. Returning null. MDC:[traceId=, spanId=]
2025-06-05 10:40:23 [restartedMain] DEBUG o.s.s.web.DefaultSecurityFilterChain - Will secure any request with filters: DisableEncodeUrlFilter, WebAsyncManagerIntegrationFilter, SecurityContextHolderFilter, HeaderWriterFilter, CorsFilter, LogoutFilter, BearerTokenAuthenticationFilter, RequestCacheAwareFilter, SecurityContextHolderAwareRequestFilter, AnonymousAuthenticationFilter, SessionManagementFilter, ExceptionTranslationFilter, AuthorizationFilter MDC:[traceId=, spanId=]
2025-06-05 10:40:46 [http-nio-8088-exec-1] DEBUG o.s.security.web.FilterChainProxy - Securing POST /api/transactions/transfer MDC:[traceId=, spanId=]
2025-06-05 10:40:46 [http-nio-8088-exec-1] DEBUG o.s.s.o.s.r.a.JwtAuthenticationProvider - Authenticated token MDC:[traceId=, spanId=]
2025-06-05 10:40:46 [http-nio-8088-exec-1] DEBUG o.s.s.o.s.r.w.a.BearerTokenAuthenticationFilter - Set SecurityContextHolder to JwtAuthenticationToken [Principal=org.springframework.security.oauth2.jwt.Jwt@3fd5c5, Credentials=[PROTECTED], Authenticated=true, Details=WebAuthenticationDetails [RemoteIpAddress=127.0.0.1, SessionId=null], Granted Authorities=[ROLE_default-roles-myrealm, ROLE_offline_access, ROLE_CUSTOMER, ROLE_uma_authorization]] MDC:[traceId=, spanId=]
2025-06-05 10:40:46 [http-nio-8088-exec-1] DEBUG o.s.security.web.FilterChainProxy - Secured POST /api/transactions/transfer MDC:[traceId=, spanId=]
2025-06-05 10:41:44 [http-nio-8088-exec-3] DEBUG o.s.security.web.FilterChainProxy - Securing POST /api/transactions/confirm-transaction MDC:[traceId=, spanId=]
2025-06-05 10:41:44 [http-nio-8088-exec-3] DEBUG o.s.s.o.s.r.a.JwtAuthenticationProvider - Authenticated token MDC:[traceId=, spanId=]
2025-06-05 10:41:44 [http-nio-8088-exec-3] DEBUG o.s.s.o.s.r.w.a.BearerTokenAuthenticationFilter - Set SecurityContextHolder to JwtAuthenticationToken [Principal=org.springframework.security.oauth2.jwt.Jwt@3fd5c5, Credentials=[PROTECTED], Authenticated=true, Details=WebAuthenticationDetails [RemoteIpAddress=0:0:0:0:0:0:0:1, SessionId=null], Granted Authorities=[ROLE_default-roles-myrealm, ROLE_offline_access, ROLE_CUSTOMER, ROLE_uma_authorization]] MDC:[traceId=, spanId=]
2025-06-05 10:41:44 [http-nio-8088-exec-3] DEBUG o.s.security.web.FilterChainProxy - Secured POST /api/transactions/confirm-transaction MDC:[traceId=, spanId=]
2025-06-05 11:14:42 [restartedMain] DEBUG o.s.s.c.a.a.c.AuthenticationConfiguration$DefaultPasswordEncoderAuthenticationManagerBuilder - No authenticationProviders and no parentAuthenticationManager defined. Returning null. MDC:[traceId=, spanId=]
2025-06-05 11:14:43 [restartedMain] DEBUG o.s.s.web.DefaultSecurityFilterChain - Will secure any request with filters: DisableEncodeUrlFilter, WebAsyncManagerIntegrationFilter, SecurityContextHolderFilter, HeaderWriterFilter, CorsFilter, LogoutFilter, BearerTokenAuthenticationFilter, RequestCacheAwareFilter, SecurityContextHolderAwareRequestFilter, AnonymousAuthenticationFilter, SessionManagementFilter, ExceptionTranslationFilter, AuthorizationFilter MDC:[traceId=, spanId=]
2025-06-05 11:15:11 [restartedMain] DEBUG o.s.s.c.a.a.c.AuthenticationConfiguration$DefaultPasswordEncoderAuthenticationManagerBuilder - No authenticationProviders and no parentAuthenticationManager defined. Returning null. MDC:[traceId=, spanId=]
2025-06-05 11:15:14 [restartedMain] DEBUG o.s.s.web.DefaultSecurityFilterChain - Will secure any request with filters: DisableEncodeUrlFilter, WebAsyncManagerIntegrationFilter, SecurityContextHolderFilter, HeaderWriterFilter, CorsFilter, LogoutFilter, BearerTokenAuthenticationFilter, RequestCacheAwareFilter, SecurityContextHolderAwareRequestFilter, AnonymousAuthenticationFilter, SessionManagementFilter, ExceptionTranslationFilter, AuthorizationFilter MDC:[traceId=, spanId=]
2025-06-05 13:08:34 [restartedMain] DEBUG o.s.s.c.a.a.c.AuthenticationConfiguration$DefaultPasswordEncoderAuthenticationManagerBuilder - No authenticationProviders and no parentAuthenticationManager defined. Returning null. MDC:[traceId=, spanId=]
2025-06-05 13:08:38 [restartedMain] DEBUG o.s.s.web.DefaultSecurityFilterChain - Will secure any request with filters: DisableEncodeUrlFilter, WebAsyncManagerIntegrationFilter, SecurityContextHolderFilter, HeaderWriterFilter, CorsFilter, LogoutFilter, BearerTokenAuthenticationFilter, RequestCacheAwareFilter, SecurityContextHolderAwareRequestFilter, AnonymousAuthenticationFilter, SessionManagementFilter, ExceptionTranslationFilter, AuthorizationFilter MDC:[traceId=, spanId=]
2025-06-05 13:32:31 [http-nio-8088-exec-1] DEBUG o.s.security.web.FilterChainProxy - Securing POST /api/transactions/transfer MDC:[traceId=, spanId=]
2025-06-05 13:32:32 [http-nio-8088-exec-1] DEBUG o.s.s.o.s.r.a.JwtAuthenticationProvider - Authenticated token MDC:[traceId=, spanId=]
2025-06-05 13:32:32 [http-nio-8088-exec-1] DEBUG o.s.s.o.s.r.w.a.BearerTokenAuthenticationFilter - Set SecurityContextHolder to JwtAuthenticationToken [Principal=org.springframework.security.oauth2.jwt.Jwt@8481e46, Credentials=[PROTECTED], Authenticated=true, Details=WebAuthenticationDetails [RemoteIpAddress=127.0.0.1, SessionId=null], Granted Authorities=[ROLE_default-roles-myrealm, ROLE_offline_access, ROLE_CUSTOMER, ROLE_uma_authorization]] MDC:[traceId=, spanId=]
2025-06-05 13:32:32 [http-nio-8088-exec-1] DEBUG o.s.security.web.FilterChainProxy - Secured POST /api/transactions/transfer MDC:[traceId=, spanId=]
2025-06-05 14:22:11 [http-nio-8088-exec-2] DEBUG o.s.security.web.FilterChainProxy - Securing POST /api/transactions/transfer MDC:[traceId=, spanId=]
2025-06-05 14:22:11 [http-nio-8088-exec-2] DEBUG o.s.s.o.s.r.a.JwtAuthenticationProvider - Authenticated token MDC:[traceId=, spanId=]
2025-06-05 14:22:11 [http-nio-8088-exec-2] DEBUG o.s.s.o.s.r.w.a.BearerTokenAuthenticationFilter - Set SecurityContextHolder to JwtAuthenticationToken [Principal=org.springframework.security.oauth2.jwt.Jwt@d2247aac, Credentials=[PROTECTED], Authenticated=true, Details=WebAuthenticationDetails [RemoteIpAddress=127.0.0.1, SessionId=null], Granted Authorities=[ROLE_default-roles-myrealm, ROLE_offline_access, ROLE_CUSTOMER, ROLE_uma_authorization]] MDC:[traceId=, spanId=]
2025-06-05 14:22:11 [http-nio-8088-exec-2] DEBUG o.s.security.web.FilterChainProxy - Secured POST /api/transactions/transfer MDC:[traceId=, spanId=]
2025-06-05 14:22:28 [http-nio-8088-exec-3] DEBUG o.s.security.web.FilterChainProxy - Securing POST /api/transactions/transfer MDC:[traceId=, spanId=]
2025-06-05 14:22:28 [http-nio-8088-exec-3] DEBUG o.s.s.o.s.r.a.JwtAuthenticationProvider - Authenticated token MDC:[traceId=, spanId=]
2025-06-05 14:22:28 [http-nio-8088-exec-3] DEBUG o.s.s.o.s.r.w.a.BearerTokenAuthenticationFilter - Set SecurityContextHolder to JwtAuthenticationToken [Principal=org.springframework.security.oauth2.jwt.Jwt@d2247aac, Credentials=[PROTECTED], Authenticated=true, Details=WebAuthenticationDetails [RemoteIpAddress=127.0.0.1, SessionId=null], Granted Authorities=[ROLE_default-roles-myrealm, ROLE_offline_access, ROLE_CUSTOMER, ROLE_uma_authorization]] MDC:[traceId=, spanId=]
2025-06-05 14:22:28 [http-nio-8088-exec-3] DEBUG o.s.security.web.FilterChainProxy - Secured POST /api/transactions/transfer MDC:[traceId=, spanId=]
2025-06-05 14:22:49 [http-nio-8088-exec-4] DEBUG o.s.security.web.FilterChainProxy - Securing POST /api/transactions/transfer MDC:[traceId=, spanId=]
2025-06-05 14:22:49 [http-nio-8088-exec-4] DEBUG o.s.s.o.s.r.a.JwtAuthenticationProvider - Authenticated token MDC:[traceId=, spanId=]
2025-06-05 14:22:49 [http-nio-8088-exec-4] DEBUG o.s.s.o.s.r.w.a.BearerTokenAuthenticationFilter - Set SecurityContextHolder to JwtAuthenticationToken [Principal=org.springframework.security.oauth2.jwt.Jwt@d2247aac, Credentials=[PROTECTED], Authenticated=true, Details=WebAuthenticationDetails [RemoteIpAddress=127.0.0.1, SessionId=null], Granted Authorities=[ROLE_default-roles-myrealm, ROLE_offline_access, ROLE_CUSTOMER, ROLE_uma_authorization]] MDC:[traceId=, spanId=]
2025-06-05 14:22:49 [http-nio-8088-exec-4] DEBUG o.s.security.web.FilterChainProxy - Secured POST /api/transactions/transfer MDC:[traceId=, spanId=]
2025-06-05 14:35:33 [http-nio-8088-exec-6] DEBUG o.s.security.web.FilterChainProxy - Securing POST /api/transactions/transfer MDC:[traceId=, spanId=]
2025-06-05 14:35:34 [http-nio-8088-exec-6] DEBUG o.s.s.o.s.r.a.JwtAuthenticationProvider - Authenticated token MDC:[traceId=, spanId=]
2025-06-05 14:35:34 [http-nio-8088-exec-6] DEBUG o.s.s.o.s.r.w.a.BearerTokenAuthenticationFilter - Set SecurityContextHolder to JwtAuthenticationToken [Principal=org.springframework.security.oauth2.jwt.Jwt@d2247aac, Credentials=[PROTECTED], Authenticated=true, Details=WebAuthenticationDetails [RemoteIpAddress=127.0.0.1, SessionId=null], Granted Authorities=[ROLE_default-roles-myrealm, ROLE_offline_access, ROLE_CUSTOMER, ROLE_uma_authorization]] MDC:[traceId=, spanId=]
2025-06-05 14:35:34 [http-nio-8088-exec-6] DEBUG o.s.security.web.FilterChainProxy - Secured POST /api/transactions/transfer MDC:[traceId=, spanId=]
2025-06-05 14:35:34 [http-nio-8088-exec-6] DEBUG o.s.security.web.FilterChainProxy - Securing POST /error MDC:[traceId=, spanId=]
2025-06-05 14:35:34 [http-nio-8088-exec-6] DEBUG o.s.security.web.FilterChainProxy - Secured POST /error MDC:[traceId=, spanId=]
2025-06-05 14:35:45 [http-nio-8088-exec-7] DEBUG o.s.security.web.FilterChainProxy - Securing POST /api/transactions/transfer MDC:[traceId=, spanId=]
2025-06-05 14:35:45 [http-nio-8088-exec-7] DEBUG o.s.s.o.s.r.a.JwtAuthenticationProvider - Authenticated token MDC:[traceId=, spanId=]
2025-06-05 14:35:45 [http-nio-8088-exec-7] DEBUG o.s.s.o.s.r.w.a.BearerTokenAuthenticationFilter - Set SecurityContextHolder to JwtAuthenticationToken [Principal=org.springframework.security.oauth2.jwt.Jwt@d2247aac, Credentials=[PROTECTED], Authenticated=true, Details=WebAuthenticationDetails [RemoteIpAddress=127.0.0.1, SessionId=null], Granted Authorities=[ROLE_default-roles-myrealm, ROLE_offline_access, ROLE_CUSTOMER, ROLE_uma_authorization]] MDC:[traceId=, spanId=]
2025-06-05 14:35:45 [http-nio-8088-exec-7] DEBUG o.s.security.web.FilterChainProxy - Secured POST /api/transactions/transfer MDC:[traceId=, spanId=]
2025-06-05 14:35:45 [http-nio-8088-exec-7] DEBUG o.s.security.web.FilterChainProxy - Securing POST /error MDC:[traceId=, spanId=]
2025-06-05 14:35:45 [http-nio-8088-exec-7] DEBUG o.s.security.web.FilterChainProxy - Secured POST /error MDC:[traceId=, spanId=]
2025-06-05 14:35:55 [http-nio-8088-exec-8] DEBUG o.s.security.web.FilterChainProxy - Securing POST /api/transactions/transfer MDC:[traceId=, spanId=]
2025-06-05 14:35:55 [http-nio-8088-exec-8] DEBUG o.s.s.o.s.r.a.JwtAuthenticationProvider - Authenticated token MDC:[traceId=, spanId=]
2025-06-05 14:35:55 [http-nio-8088-exec-8] DEBUG o.s.s.o.s.r.w.a.BearerTokenAuthenticationFilter - Set SecurityContextHolder to JwtAuthenticationToken [Principal=org.springframework.security.oauth2.jwt.Jwt@d2247aac, Credentials=[PROTECTED], Authenticated=true, Details=WebAuthenticationDetails [RemoteIpAddress=127.0.0.1, SessionId=null], Granted Authorities=[ROLE_default-roles-myrealm, ROLE_offline_access, ROLE_CUSTOMER, ROLE_uma_authorization]] MDC:[traceId=, spanId=]
2025-06-05 14:35:55 [http-nio-8088-exec-8] DEBUG o.s.security.web.FilterChainProxy - Secured POST /api/transactions/transfer MDC:[traceId=, spanId=]
2025-06-05 14:36:20 [http-nio-8088-exec-9] DEBUG o.s.security.web.FilterChainProxy - Securing POST /api/transactions/transfer MDC:[traceId=, spanId=]
2025-06-05 14:36:20 [http-nio-8088-exec-9] DEBUG o.s.s.o.s.r.a.JwtAuthenticationProvider - Authenticated token MDC:[traceId=, spanId=]
2025-06-05 14:36:20 [http-nio-8088-exec-9] DEBUG o.s.s.o.s.r.w.a.BearerTokenAuthenticationFilter - Set SecurityContextHolder to JwtAuthenticationToken [Principal=org.springframework.security.oauth2.jwt.Jwt@d2247aac, Credentials=[PROTECTED], Authenticated=true, Details=WebAuthenticationDetails [RemoteIpAddress=127.0.0.1, SessionId=null], Granted Authorities=[ROLE_default-roles-myrealm, ROLE_offline_access, ROLE_CUSTOMER, ROLE_uma_authorization]] MDC:[traceId=, spanId=]
2025-06-05 14:36:20 [http-nio-8088-exec-9] DEBUG o.s.security.web.FilterChainProxy - Secured POST /api/transactions/transfer MDC:[traceId=, spanId=]
2025-06-05 14:36:20 [http-nio-8088-exec-9] DEBUG o.s.security.web.FilterChainProxy - Securing POST /error MDC:[traceId=, spanId=]
2025-06-05 14:36:20 [http-nio-8088-exec-9] DEBUG o.s.security.web.FilterChainProxy - Secured POST /error MDC:[traceId=, spanId=]
2025-06-05 14:36:51 [http-nio-8088-exec-10] DEBUG o.s.security.web.FilterChainProxy - Securing POST /api/transactions/transfer MDC:[traceId=, spanId=]
2025-06-05 14:36:51 [http-nio-8088-exec-10] DEBUG o.s.s.o.s.r.a.JwtAuthenticationProvider - Authenticated token MDC:[traceId=, spanId=]
2025-06-05 14:36:51 [http-nio-8088-exec-10] DEBUG o.s.s.o.s.r.w.a.BearerTokenAuthenticationFilter - Set SecurityContextHolder to JwtAuthenticationToken [Principal=org.springframework.security.oauth2.jwt.Jwt@d2247aac, Credentials=[PROTECTED], Authenticated=true, Details=WebAuthenticationDetails [RemoteIpAddress=127.0.0.1, SessionId=null], Granted Authorities=[ROLE_default-roles-myrealm, ROLE_offline_access, ROLE_CUSTOMER, ROLE_uma_authorization]] MDC:[traceId=, spanId=]
2025-06-05 14:36:51 [http-nio-8088-exec-10] DEBUG o.s.security.web.FilterChainProxy - Secured POST /api/transactions/transfer MDC:[traceId=, spanId=]
2025-06-05 14:37:02 [http-nio-8088-exec-1] DEBUG o.s.security.web.FilterChainProxy - Securing POST /api/transactions/transfer MDC:[traceId=, spanId=]
2025-06-05 14:37:02 [http-nio-8088-exec-1] DEBUG o.s.s.o.s.r.a.JwtAuthenticationProvider - Authenticated token MDC:[traceId=, spanId=]
2025-06-05 14:37:02 [http-nio-8088-exec-1] DEBUG o.s.s.o.s.r.w.a.BearerTokenAuthenticationFilter - Set SecurityContextHolder to JwtAuthenticationToken [Principal=org.springframework.security.oauth2.jwt.Jwt@d2247aac, Credentials=[PROTECTED], Authenticated=true, Details=WebAuthenticationDetails [RemoteIpAddress=127.0.0.1, SessionId=null], Granted Authorities=[ROLE_default-roles-myrealm, ROLE_offline_access, ROLE_CUSTOMER, ROLE_uma_authorization]] MDC:[traceId=, spanId=]
2025-06-05 14:37:02 [http-nio-8088-exec-1] DEBUG o.s.security.web.FilterChainProxy - Secured POST /api/transactions/transfer MDC:[traceId=, spanId=]
2025-06-05 14:37:09 [http-nio-8088-exec-2] DEBUG o.s.security.web.FilterChainProxy - Securing POST /api/transactions/transfer MDC:[traceId=, spanId=]
2025-06-05 14:37:09 [http-nio-8088-exec-2] DEBUG o.s.s.o.s.r.a.JwtAuthenticationProvider - Authenticated token MDC:[traceId=, spanId=]
2025-06-05 14:37:09 [http-nio-8088-exec-2] DEBUG o.s.s.o.s.r.w.a.BearerTokenAuthenticationFilter - Set SecurityContextHolder to JwtAuthenticationToken [Principal=org.springframework.security.oauth2.jwt.Jwt@d2247aac, Credentials=[PROTECTED], Authenticated=true, Details=WebAuthenticationDetails [RemoteIpAddress=127.0.0.1, SessionId=null], Granted Authorities=[ROLE_default-roles-myrealm, ROLE_offline_access, ROLE_CUSTOMER, ROLE_uma_authorization]] MDC:[traceId=, spanId=]
2025-06-05 14:37:09 [http-nio-8088-exec-2] DEBUG o.s.security.web.FilterChainProxy - Secured POST /api/transactions/transfer MDC:[traceId=, spanId=]
2025-06-05 14:37:39 [http-nio-8088-exec-3] DEBUG o.s.security.web.FilterChainProxy - Securing POST /api/transactions/transfer MDC:[traceId=, spanId=]
2025-06-05 14:37:39 [http-nio-8088-exec-3] DEBUG o.s.s.o.s.r.a.JwtAuthenticationProvider - Authenticated token MDC:[traceId=, spanId=]
2025-06-05 14:37:39 [http-nio-8088-exec-3] DEBUG o.s.s.o.s.r.w.a.BearerTokenAuthenticationFilter - Set SecurityContextHolder to JwtAuthenticationToken [Principal=org.springframework.security.oauth2.jwt.Jwt@d2247aac, Credentials=[PROTECTED], Authenticated=true, Details=WebAuthenticationDetails [RemoteIpAddress=127.0.0.1, SessionId=null], Granted Authorities=[ROLE_default-roles-myrealm, ROLE_offline_access, ROLE_CUSTOMER, ROLE_uma_authorization]] MDC:[traceId=, spanId=]
2025-06-05 14:37:39 [http-nio-8088-exec-3] DEBUG o.s.security.web.FilterChainProxy - Secured POST /api/transactions/transfer MDC:[traceId=, spanId=]
2025-06-05 14:37:45 [http-nio-8088-exec-4] DEBUG o.s.security.web.FilterChainProxy - Securing POST /api/transactions/transfer MDC:[traceId=, spanId=]
2025-06-05 14:37:45 [http-nio-8088-exec-4] DEBUG o.s.s.o.s.r.a.JwtAuthenticationProvider - Authenticated token MDC:[traceId=, spanId=]
2025-06-05 14:37:45 [http-nio-8088-exec-4] DEBUG o.s.s.o.s.r.w.a.BearerTokenAuthenticationFilter - Set SecurityContextHolder to JwtAuthenticationToken [Principal=org.springframework.security.oauth2.jwt.Jwt@d2247aac, Credentials=[PROTECTED], Authenticated=true, Details=WebAuthenticationDetails [RemoteIpAddress=127.0.0.1, SessionId=null], Granted Authorities=[ROLE_default-roles-myrealm, ROLE_offline_access, ROLE_CUSTOMER, ROLE_uma_authorization]] MDC:[traceId=, spanId=]
2025-06-05 14:37:45 [http-nio-8088-exec-4] DEBUG o.s.security.web.FilterChainProxy - Secured POST /api/transactions/transfer MDC:[traceId=, spanId=]
2025-06-05 14:37:50 [http-nio-8088-exec-5] DEBUG o.s.security.web.FilterChainProxy - Securing POST /api/transactions/transfer MDC:[traceId=, spanId=]
2025-06-05 14:37:50 [http-nio-8088-exec-5] DEBUG o.s.s.o.s.r.a.JwtAuthenticationProvider - Authenticated token MDC:[traceId=, spanId=]
2025-06-05 14:37:50 [http-nio-8088-exec-5] DEBUG o.s.s.o.s.r.w.a.BearerTokenAuthenticationFilter - Set SecurityContextHolder to JwtAuthenticationToken [Principal=org.springframework.security.oauth2.jwt.Jwt@d2247aac, Credentials=[PROTECTED], Authenticated=true, Details=WebAuthenticationDetails [RemoteIpAddress=127.0.0.1, SessionId=null], Granted Authorities=[ROLE_default-roles-myrealm, ROLE_offline_access, ROLE_CUSTOMER, ROLE_uma_authorization]] MDC:[traceId=, spanId=]
2025-06-05 14:37:50 [http-nio-8088-exec-5] DEBUG o.s.security.web.FilterChainProxy - Secured POST /api/transactions/transfer MDC:[traceId=, spanId=]
2025-06-05 14:39:15 [http-nio-8088-exec-7] DEBUG o.s.security.web.FilterChainProxy - Securing POST /api/transactions/transfer MDC:[traceId=, spanId=]
2025-06-05 14:39:15 [http-nio-8088-exec-7] DEBUG o.s.s.o.s.r.a.JwtAuthenticationProvider - Authenticated token MDC:[traceId=, spanId=]
2025-06-05 14:39:15 [http-nio-8088-exec-7] DEBUG o.s.s.o.s.r.w.a.BearerTokenAuthenticationFilter - Set SecurityContextHolder to JwtAuthenticationToken [Principal=org.springframework.security.oauth2.jwt.Jwt@d2247aac, Credentials=[PROTECTED], Authenticated=true, Details=WebAuthenticationDetails [RemoteIpAddress=127.0.0.1, SessionId=null], Granted Authorities=[ROLE_default-roles-myrealm, ROLE_offline_access, ROLE_CUSTOMER, ROLE_uma_authorization]] MDC:[traceId=, spanId=]
2025-06-05 14:39:15 [http-nio-8088-exec-7] DEBUG o.s.security.web.FilterChainProxy - Secured POST /api/transactions/transfer MDC:[traceId=, spanId=]
2025-06-05 14:46:16 [http-nio-8088-exec-9] DEBUG o.s.security.web.FilterChainProxy - Securing POST /api/transactions/transfer MDC:[traceId=, spanId=]
2025-06-05 14:46:17 [http-nio-8088-exec-9] DEBUG o.s.s.o.s.r.a.JwtAuthenticationProvider - Authenticated token MDC:[traceId=, spanId=]
2025-06-05 14:46:17 [http-nio-8088-exec-9] DEBUG o.s.s.o.s.r.w.a.BearerTokenAuthenticationFilter - Set SecurityContextHolder to JwtAuthenticationToken [Principal=org.springframework.security.oauth2.jwt.Jwt@d2247aac, Credentials=[PROTECTED], Authenticated=true, Details=WebAuthenticationDetails [RemoteIpAddress=127.0.0.1, SessionId=null], Granted Authorities=[ROLE_default-roles-myrealm, ROLE_offline_access, ROLE_CUSTOMER, ROLE_uma_authorization]] MDC:[traceId=, spanId=]
2025-06-05 14:46:17 [http-nio-8088-exec-9] DEBUG o.s.security.web.FilterChainProxy - Secured POST /api/transactions/transfer MDC:[traceId=, spanId=]
2025-06-05 14:47:13 [http-nio-8088-exec-10] DEBUG o.s.security.web.FilterChainProxy - Securing POST /api/transactions/transfer MDC:[traceId=, spanId=]
2025-06-05 14:47:13 [http-nio-8088-exec-10] DEBUG o.s.s.o.s.r.a.JwtAuthenticationProvider - Authenticated token MDC:[traceId=, spanId=]
2025-06-05 14:47:13 [http-nio-8088-exec-10] DEBUG o.s.s.o.s.r.w.a.BearerTokenAuthenticationFilter - Set SecurityContextHolder to JwtAuthenticationToken [Principal=org.springframework.security.oauth2.jwt.Jwt@d2247aac, Credentials=[PROTECTED], Authenticated=true, Details=WebAuthenticationDetails [RemoteIpAddress=127.0.0.1, SessionId=null], Granted Authorities=[ROLE_default-roles-myrealm, ROLE_offline_access, ROLE_CUSTOMER, ROLE_uma_authorization]] MDC:[traceId=, spanId=]
2025-06-05 14:47:13 [http-nio-8088-exec-10] DEBUG o.s.security.web.FilterChainProxy - Secured POST /api/transactions/transfer MDC:[traceId=, spanId=]
2025-06-05 14:50:04 [http-nio-8088-exec-2] DEBUG o.s.security.web.FilterChainProxy - Securing POST /api/transactions/transfer MDC:[traceId=, spanId=]
2025-06-05 14:50:04 [http-nio-8088-exec-2] DEBUG o.s.s.o.s.r.a.JwtAuthenticationProvider - Authenticated token MDC:[traceId=, spanId=]
2025-06-05 14:50:04 [http-nio-8088-exec-2] DEBUG o.s.s.o.s.r.w.a.BearerTokenAuthenticationFilter - Set SecurityContextHolder to JwtAuthenticationToken [Principal=org.springframework.security.oauth2.jwt.Jwt@c7e91c0f, Credentials=[PROTECTED], Authenticated=true, Details=WebAuthenticationDetails [RemoteIpAddress=127.0.0.1, SessionId=null], Granted Authorities=[ROLE_default-roles-myrealm, ROLE_offline_access, ROLE_CUSTOMER, ROLE_uma_authorization]] MDC:[traceId=, spanId=]
2025-06-05 14:50:04 [http-nio-8088-exec-2] DEBUG o.s.security.web.FilterChainProxy - Secured POST /api/transactions/transfer MDC:[traceId=, spanId=]
2025-06-05 14:58:59 [http-nio-8088-exec-4] DEBUG o.s.security.web.FilterChainProxy - Securing POST /api/transactions/transfer MDC:[traceId=, spanId=]
2025-06-05 14:58:59 [http-nio-8088-exec-4] DEBUG o.s.s.o.s.r.a.JwtAuthenticationProvider - Authenticated token MDC:[traceId=, spanId=]
2025-06-05 14:58:59 [http-nio-8088-exec-4] DEBUG o.s.s.o.s.r.w.a.BearerTokenAuthenticationFilter - Set SecurityContextHolder to JwtAuthenticationToken [Principal=org.springframework.security.oauth2.jwt.Jwt@c7e91c0f, Credentials=[PROTECTED], Authenticated=true, Details=WebAuthenticationDetails [RemoteIpAddress=127.0.0.1, SessionId=null], Granted Authorities=[ROLE_default-roles-myrealm, ROLE_offline_access, ROLE_CUSTOMER, ROLE_uma_authorization]] MDC:[traceId=, spanId=]
2025-06-05 14:58:59 [http-nio-8088-exec-4] DEBUG o.s.security.web.FilterChainProxy - Secured POST /api/transactions/transfer MDC:[traceId=, spanId=]
2025-06-05 14:59:10 [http-nio-8088-exec-5] DEBUG o.s.security.web.FilterChainProxy - Securing POST /api/transactions/transfer MDC:[traceId=, spanId=]
2025-06-05 14:59:10 [http-nio-8088-exec-5] DEBUG o.s.s.o.s.r.a.JwtAuthenticationProvider - Authenticated token MDC:[traceId=, spanId=]
2025-06-05 14:59:10 [http-nio-8088-exec-5] DEBUG o.s.s.o.s.r.w.a.BearerTokenAuthenticationFilter - Set SecurityContextHolder to JwtAuthenticationToken [Principal=org.springframework.security.oauth2.jwt.Jwt@c7e91c0f, Credentials=[PROTECTED], Authenticated=true, Details=WebAuthenticationDetails [RemoteIpAddress=127.0.0.1, SessionId=null], Granted Authorities=[ROLE_default-roles-myrealm, ROLE_offline_access, ROLE_CUSTOMER, ROLE_uma_authorization]] MDC:[traceId=, spanId=]
2025-06-05 14:59:10 [http-nio-8088-exec-5] DEBUG o.s.security.web.FilterChainProxy - Secured POST /api/transactions/transfer MDC:[traceId=, spanId=]
2025-06-05 14:59:37 [http-nio-8088-exec-6] DEBUG o.s.security.web.FilterChainProxy - Securing POST /api/transactions/transfer MDC:[traceId=, spanId=]
2025-06-05 14:59:37 [http-nio-8088-exec-6] DEBUG o.s.s.o.s.r.a.JwtAuthenticationProvider - Authenticated token MDC:[traceId=, spanId=]
2025-06-05 14:59:37 [http-nio-8088-exec-6] DEBUG o.s.s.o.s.r.w.a.BearerTokenAuthenticationFilter - Set SecurityContextHolder to JwtAuthenticationToken [Principal=org.springframework.security.oauth2.jwt.Jwt@c7e91c0f, Credentials=[PROTECTED], Authenticated=true, Details=WebAuthenticationDetails [RemoteIpAddress=127.0.0.1, SessionId=null], Granted Authorities=[ROLE_default-roles-myrealm, ROLE_offline_access, ROLE_CUSTOMER, ROLE_uma_authorization]] MDC:[traceId=, spanId=]
2025-06-05 14:59:37 [http-nio-8088-exec-6] DEBUG o.s.security.web.FilterChainProxy - Secured POST /api/transactions/transfer MDC:[traceId=, spanId=]
2025-06-05 14:59:56 [http-nio-8088-exec-7] DEBUG o.s.security.web.FilterChainProxy - Securing POST /api/transactions/transfer MDC:[traceId=, spanId=]
2025-06-05 14:59:56 [http-nio-8088-exec-7] DEBUG o.s.s.o.s.r.a.JwtAuthenticationProvider - Authenticated token MDC:[traceId=, spanId=]
2025-06-05 14:59:56 [http-nio-8088-exec-7] DEBUG o.s.s.o.s.r.w.a.BearerTokenAuthenticationFilter - Set SecurityContextHolder to JwtAuthenticationToken [Principal=org.springframework.security.oauth2.jwt.Jwt@c7e91c0f, Credentials=[PROTECTED], Authenticated=true, Details=WebAuthenticationDetails [RemoteIpAddress=127.0.0.1, SessionId=null], Granted Authorities=[ROLE_default-roles-myrealm, ROLE_offline_access, ROLE_CUSTOMER, ROLE_uma_authorization]] MDC:[traceId=, spanId=]
2025-06-05 14:59:56 [http-nio-8088-exec-7] DEBUG o.s.security.web.FilterChainProxy - Secured POST /api/transactions/transfer MDC:[traceId=, spanId=]
2025-06-05 15:01:11 [http-nio-8088-exec-9] DEBUG o.s.security.web.FilterChainProxy - Securing POST /api/transactions/transfer MDC:[traceId=, spanId=]
2025-06-05 15:01:11 [http-nio-8088-exec-9] DEBUG o.s.s.o.s.r.a.JwtAuthenticationProvider - Authenticated token MDC:[traceId=, spanId=]
2025-06-05 15:01:11 [http-nio-8088-exec-9] DEBUG o.s.s.o.s.r.w.a.BearerTokenAuthenticationFilter - Set SecurityContextHolder to JwtAuthenticationToken [Principal=org.springframework.security.oauth2.jwt.Jwt@c7e91c0f, Credentials=[PROTECTED], Authenticated=true, Details=WebAuthenticationDetails [RemoteIpAddress=127.0.0.1, SessionId=null], Granted Authorities=[ROLE_default-roles-myrealm, ROLE_offline_access, ROLE_CUSTOMER, ROLE_uma_authorization]] MDC:[traceId=, spanId=]
2025-06-05 15:01:11 [http-nio-8088-exec-9] DEBUG o.s.security.web.FilterChainProxy - Secured POST /api/transactions/transfer MDC:[traceId=, spanId=]
2025-06-05 15:01:38 [http-nio-8088-exec-10] DEBUG o.s.security.web.FilterChainProxy - Securing POST /api/transactions/transfer MDC:[traceId=, spanId=]
2025-06-05 15:01:38 [http-nio-8088-exec-10] DEBUG o.s.s.o.s.r.a.JwtAuthenticationProvider - Authenticated token MDC:[traceId=, spanId=]
2025-06-05 15:01:38 [http-nio-8088-exec-10] DEBUG o.s.s.o.s.r.w.a.BearerTokenAuthenticationFilter - Set SecurityContextHolder to JwtAuthenticationToken [Principal=org.springframework.security.oauth2.jwt.Jwt@c7e91c0f, Credentials=[PROTECTED], Authenticated=true, Details=WebAuthenticationDetails [RemoteIpAddress=127.0.0.1, SessionId=null], Granted Authorities=[ROLE_default-roles-myrealm, ROLE_offline_access, ROLE_CUSTOMER, ROLE_uma_authorization]] MDC:[traceId=, spanId=]
2025-06-05 15:01:38 [http-nio-8088-exec-10] DEBUG o.s.security.web.FilterChainProxy - Secured POST /api/transactions/transfer MDC:[traceId=, spanId=]
2025-06-05 15:02:15 [http-nio-8088-exec-1] DEBUG o.s.security.web.FilterChainProxy - Securing POST /api/transactions/transfer MDC:[traceId=, spanId=]
2025-06-05 15:02:15 [http-nio-8088-exec-1] DEBUG o.s.s.o.s.r.a.JwtAuthenticationProvider - Authenticated token MDC:[traceId=, spanId=]
2025-06-05 15:02:15 [http-nio-8088-exec-1] DEBUG o.s.s.o.s.r.w.a.BearerTokenAuthenticationFilter - Set SecurityContextHolder to JwtAuthenticationToken [Principal=org.springframework.security.oauth2.jwt.Jwt@c7e91c0f, Credentials=[PROTECTED], Authenticated=true, Details=WebAuthenticationDetails [RemoteIpAddress=127.0.0.1, SessionId=null], Granted Authorities=[ROLE_default-roles-myrealm, ROLE_offline_access, ROLE_CUSTOMER, ROLE_uma_authorization]] MDC:[traceId=, spanId=]
2025-06-05 15:02:15 [http-nio-8088-exec-1] DEBUG o.s.security.web.FilterChainProxy - Secured POST /api/transactions/transfer MDC:[traceId=, spanId=]
2025-06-05 15:02:48 [http-nio-8088-exec-2] DEBUG o.s.security.web.FilterChainProxy - Securing POST /api/transactions/transfer MDC:[traceId=, spanId=]
2025-06-05 15:02:48 [http-nio-8088-exec-2] DEBUG o.s.s.o.s.r.a.JwtAuthenticationProvider - Authenticated token MDC:[traceId=, spanId=]
2025-06-05 15:02:48 [http-nio-8088-exec-2] DEBUG o.s.s.o.s.r.w.a.BearerTokenAuthenticationFilter - Set SecurityContextHolder to JwtAuthenticationToken [Principal=org.springframework.security.oauth2.jwt.Jwt@c7e91c0f, Credentials=[PROTECTED], Authenticated=true, Details=WebAuthenticationDetails [RemoteIpAddress=127.0.0.1, SessionId=null], Granted Authorities=[ROLE_default-roles-myrealm, ROLE_offline_access, ROLE_CUSTOMER, ROLE_uma_authorization]] MDC:[traceId=, spanId=]
2025-06-05 15:02:48 [http-nio-8088-exec-2] DEBUG o.s.security.web.FilterChainProxy - Secured POST /api/transactions/transfer MDC:[traceId=, spanId=]
2025-06-05 15:05:35 [http-nio-8088-exec-4] DEBUG o.s.security.web.FilterChainProxy - Securing POST /api/transactions/transfer MDC:[traceId=, spanId=]
2025-06-05 15:05:36 [http-nio-8088-exec-4] DEBUG o.s.s.o.s.r.a.JwtAuthenticationProvider - Authenticated token MDC:[traceId=, spanId=]
2025-06-05 15:05:36 [http-nio-8088-exec-4] DEBUG o.s.s.o.s.r.w.a.BearerTokenAuthenticationFilter - Set SecurityContextHolder to JwtAuthenticationToken [Principal=org.springframework.security.oauth2.jwt.Jwt@c7e91c0f, Credentials=[PROTECTED], Authenticated=true, Details=WebAuthenticationDetails [RemoteIpAddress=127.0.0.1, SessionId=null], Granted Authorities=[ROLE_default-roles-myrealm, ROLE_offline_access, ROLE_CUSTOMER, ROLE_uma_authorization]] MDC:[traceId=, spanId=]
2025-06-05 15:05:36 [http-nio-8088-exec-4] DEBUG o.s.security.web.FilterChainProxy - Secured POST /api/transactions/transfer MDC:[traceId=, spanId=]
2025-06-05 15:09:05 [http-nio-8088-exec-6] DEBUG o.s.security.web.FilterChainProxy - Securing POST /api/transactions/transfer MDC:[traceId=, spanId=]
2025-06-05 15:09:05 [http-nio-8088-exec-6] DEBUG o.s.s.o.s.r.a.JwtAuthenticationProvider - Authenticated token MDC:[traceId=, spanId=]
2025-06-05 15:09:05 [http-nio-8088-exec-6] DEBUG o.s.s.o.s.r.w.a.BearerTokenAuthenticationFilter - Set SecurityContextHolder to JwtAuthenticationToken [Principal=org.springframework.security.oauth2.jwt.Jwt@c7e91c0f, Credentials=[PROTECTED], Authenticated=true, Details=WebAuthenticationDetails [RemoteIpAddress=127.0.0.1, SessionId=null], Granted Authorities=[ROLE_default-roles-myrealm, ROLE_offline_access, ROLE_CUSTOMER, ROLE_uma_authorization]] MDC:[traceId=, spanId=]
2025-06-05 15:09:05 [http-nio-8088-exec-6] DEBUG o.s.security.web.FilterChainProxy - Secured POST /api/transactions/transfer MDC:[traceId=, spanId=]
2025-06-05 15:09:11 [http-nio-8088-exec-7] DEBUG o.s.security.web.FilterChainProxy - Securing POST /api/transactions/confirm-transaction MDC:[traceId=, spanId=]
2025-06-05 15:09:11 [http-nio-8088-exec-7] DEBUG o.s.s.o.s.r.a.JwtAuthenticationProvider - Authenticated token MDC:[traceId=, spanId=]
2025-06-05 15:09:11 [http-nio-8088-exec-7] DEBUG o.s.s.o.s.r.w.a.BearerTokenAuthenticationFilter - Set SecurityContextHolder to JwtAuthenticationToken [Principal=org.springframework.security.oauth2.jwt.Jwt@c7e91c0f, Credentials=[PROTECTED], Authenticated=true, Details=WebAuthenticationDetails [RemoteIpAddress=127.0.0.1, SessionId=null], Granted Authorities=[ROLE_default-roles-myrealm, ROLE_offline_access, ROLE_CUSTOMER, ROLE_uma_authorization]] MDC:[traceId=, spanId=]
2025-06-05 15:09:11 [http-nio-8088-exec-7] DEBUG o.s.security.web.FilterChainProxy - Secured POST /api/transactions/confirm-transaction MDC:[traceId=, spanId=]
2025-06-05 15:09:41 [http-nio-8088-exec-8] DEBUG o.s.security.web.FilterChainProxy - Securing POST /api/transactions/confirm-transaction MDC:[traceId=, spanId=]
2025-06-05 15:09:41 [http-nio-8088-exec-8] DEBUG o.s.s.o.s.r.a.JwtAuthenticationProvider - Authenticated token MDC:[traceId=, spanId=]
2025-06-05 15:09:41 [http-nio-8088-exec-8] DEBUG o.s.s.o.s.r.w.a.BearerTokenAuthenticationFilter - Set SecurityContextHolder to JwtAuthenticationToken [Principal=org.springframework.security.oauth2.jwt.Jwt@c7e91c0f, Credentials=[PROTECTED], Authenticated=true, Details=WebAuthenticationDetails [RemoteIpAddress=127.0.0.1, SessionId=null], Granted Authorities=[ROLE_default-roles-myrealm, ROLE_offline_access, ROLE_CUSTOMER, ROLE_uma_authorization]] MDC:[traceId=, spanId=]
2025-06-05 15:09:41 [http-nio-8088-exec-8] DEBUG o.s.security.web.FilterChainProxy - Secured POST /api/transactions/confirm-transaction MDC:[traceId=, spanId=]
2025-06-05 15:11:30 [http-nio-8088-exec-10] DEBUG o.s.security.web.FilterChainProxy - Securing POST /api/transactions/transfer MDC:[traceId=, spanId=]
2025-06-05 15:11:30 [http-nio-8088-exec-10] DEBUG o.s.s.o.s.r.a.JwtAuthenticationProvider - Authenticated token MDC:[traceId=, spanId=]
2025-06-05 15:11:30 [http-nio-8088-exec-10] DEBUG o.s.s.o.s.r.w.a.BearerTokenAuthenticationFilter - Set SecurityContextHolder to JwtAuthenticationToken [Principal=org.springframework.security.oauth2.jwt.Jwt@c7e91c0f, Credentials=[PROTECTED], Authenticated=true, Details=WebAuthenticationDetails [RemoteIpAddress=127.0.0.1, SessionId=null], Granted Authorities=[ROLE_default-roles-myrealm, ROLE_offline_access, ROLE_CUSTOMER, ROLE_uma_authorization]] MDC:[traceId=, spanId=]
2025-06-05 15:11:30 [http-nio-8088-exec-10] DEBUG o.s.security.web.FilterChainProxy - Secured POST /api/transactions/transfer MDC:[traceId=, spanId=]
2025-06-05 15:11:35 [http-nio-8088-exec-1] DEBUG o.s.security.web.FilterChainProxy - Securing POST /api/transactions/confirm-transaction MDC:[traceId=, spanId=]
2025-06-05 15:11:35 [http-nio-8088-exec-1] DEBUG o.s.s.o.s.r.a.JwtAuthenticationProvider - Authenticated token MDC:[traceId=, spanId=]
2025-06-05 15:11:35 [http-nio-8088-exec-1] DEBUG o.s.s.o.s.r.w.a.BearerTokenAuthenticationFilter - Set SecurityContextHolder to JwtAuthenticationToken [Principal=org.springframework.security.oauth2.jwt.Jwt@c7e91c0f, Credentials=[PROTECTED], Authenticated=true, Details=WebAuthenticationDetails [RemoteIpAddress=127.0.0.1, SessionId=null], Granted Authorities=[ROLE_default-roles-myrealm, ROLE_offline_access, ROLE_CUSTOMER, ROLE_uma_authorization]] MDC:[traceId=, spanId=]
2025-06-05 15:11:35 [http-nio-8088-exec-1] DEBUG o.s.security.web.FilterChainProxy - Secured POST /api/transactions/confirm-transaction MDC:[traceId=, spanId=]
2025-06-05 15:12:01 [http-nio-8088-exec-2] DEBUG o.s.security.web.FilterChainProxy - Securing POST /api/transactions/confirm-transaction MDC:[traceId=, spanId=]
2025-06-05 15:12:01 [http-nio-8088-exec-2] DEBUG o.s.s.o.s.r.a.JwtAuthenticationProvider - Authenticated token MDC:[traceId=, spanId=]
2025-06-05 15:12:01 [http-nio-8088-exec-2] DEBUG o.s.s.o.s.r.w.a.BearerTokenAuthenticationFilter - Set SecurityContextHolder to JwtAuthenticationToken [Principal=org.springframework.security.oauth2.jwt.Jwt@c7e91c0f, Credentials=[PROTECTED], Authenticated=true, Details=WebAuthenticationDetails [RemoteIpAddress=127.0.0.1, SessionId=null], Granted Authorities=[ROLE_default-roles-myrealm, ROLE_offline_access, ROLE_CUSTOMER, ROLE_uma_authorization]] MDC:[traceId=, spanId=]
2025-06-05 15:12:01 [http-nio-8088-exec-2] DEBUG o.s.security.web.FilterChainProxy - Secured POST /api/transactions/confirm-transaction MDC:[traceId=, spanId=]
2025-06-05 15:21:08 [http-nio-8088-exec-4] DEBUG o.s.security.web.FilterChainProxy - Securing POST /api/transactions/confirm-transaction MDC:[traceId=, spanId=]
2025-06-05 15:21:09 [http-nio-8088-exec-4] DEBUG o.s.s.o.jwt.JwtTimestampValidator - Jwt expired at 2025-06-05T04:10:37Z MDC:[traceId=, spanId=]
2025-06-05 15:21:09 [http-nio-8088-exec-4] DEBUG o.s.s.o.s.r.a.JwtAuthenticationProvider - Failed to authenticate since the JWT was invalid MDC:[traceId=, spanId=]
2025-06-05 15:21:38 [http-nio-8088-exec-6] DEBUG o.s.security.web.FilterChainProxy - Securing POST /api/transactions/transfer MDC:[traceId=, spanId=]
2025-06-05 15:21:38 [http-nio-8088-exec-6] DEBUG o.s.s.o.s.r.a.JwtAuthenticationProvider - Authenticated token MDC:[traceId=, spanId=]
2025-06-05 15:21:38 [http-nio-8088-exec-6] DEBUG o.s.s.o.s.r.w.a.BearerTokenAuthenticationFilter - Set SecurityContextHolder to JwtAuthenticationToken [Principal=org.springframework.security.oauth2.jwt.Jwt@299a176f, Credentials=[PROTECTED], Authenticated=true, Details=WebAuthenticationDetails [RemoteIpAddress=127.0.0.1, SessionId=null], Granted Authorities=[ROLE_default-roles-myrealm, ROLE_offline_access, ROLE_CUSTOMER, ROLE_uma_authorization]] MDC:[traceId=, spanId=]
2025-06-05 15:21:38 [http-nio-8088-exec-6] DEBUG o.s.security.web.FilterChainProxy - Secured POST /api/transactions/transfer MDC:[traceId=, spanId=]
2025-06-05 15:21:43 [http-nio-8088-exec-7] DEBUG o.s.security.web.FilterChainProxy - Securing POST /api/transactions/transfer MDC:[traceId=, spanId=]
2025-06-05 15:21:43 [http-nio-8088-exec-7] DEBUG o.s.s.o.s.r.a.JwtAuthenticationProvider - Authenticated token MDC:[traceId=, spanId=]
2025-06-05 15:21:43 [http-nio-8088-exec-7] DEBUG o.s.s.o.s.r.w.a.BearerTokenAuthenticationFilter - Set SecurityContextHolder to JwtAuthenticationToken [Principal=org.springframework.security.oauth2.jwt.Jwt@299a176f, Credentials=[PROTECTED], Authenticated=true, Details=WebAuthenticationDetails [RemoteIpAddress=127.0.0.1, SessionId=null], Granted Authorities=[ROLE_default-roles-myrealm, ROLE_offline_access, ROLE_CUSTOMER, ROLE_uma_authorization]] MDC:[traceId=, spanId=]
2025-06-05 15:21:43 [http-nio-8088-exec-7] DEBUG o.s.security.web.FilterChainProxy - Secured POST /api/transactions/transfer MDC:[traceId=, spanId=]
2025-06-05 15:21:54 [http-nio-8088-exec-8] DEBUG o.s.security.web.FilterChainProxy - Securing POST /api/transactions/confirm-transaction MDC:[traceId=, spanId=]
2025-06-05 15:21:54 [http-nio-8088-exec-8] DEBUG o.s.s.o.s.r.a.JwtAuthenticationProvider - Authenticated token MDC:[traceId=, spanId=]
2025-06-05 15:21:54 [http-nio-8088-exec-8] DEBUG o.s.s.o.s.r.w.a.BearerTokenAuthenticationFilter - Set SecurityContextHolder to JwtAuthenticationToken [Principal=org.springframework.security.oauth2.jwt.Jwt@299a176f, Credentials=[PROTECTED], Authenticated=true, Details=WebAuthenticationDetails [RemoteIpAddress=127.0.0.1, SessionId=null], Granted Authorities=[ROLE_default-roles-myrealm, ROLE_offline_access, ROLE_CUSTOMER, ROLE_uma_authorization]] MDC:[traceId=, spanId=]
2025-06-05 15:21:54 [http-nio-8088-exec-8] DEBUG o.s.security.web.FilterChainProxy - Secured POST /api/transactions/confirm-transaction MDC:[traceId=, spanId=]
2025-06-05 15:48:03 [http-nio-8088-exec-1] DEBUG o.s.security.web.FilterChainProxy - Securing POST /api/transactions/transfer MDC:[traceId=, spanId=]
2025-06-05 15:48:03 [http-nio-8088-exec-1] DEBUG o.s.s.o.s.r.a.JwtAuthenticationProvider - Authenticated token MDC:[traceId=, spanId=]
2025-06-05 15:48:03 [http-nio-8088-exec-1] DEBUG o.s.s.o.s.r.w.a.BearerTokenAuthenticationFilter - Set SecurityContextHolder to JwtAuthenticationToken [Principal=org.springframework.security.oauth2.jwt.Jwt@299a176f, Credentials=[PROTECTED], Authenticated=true, Details=WebAuthenticationDetails [RemoteIpAddress=127.0.0.1, SessionId=null], Granted Authorities=[ROLE_default-roles-myrealm, ROLE_offline_access, ROLE_CUSTOMER, ROLE_uma_authorization]] MDC:[traceId=, spanId=]
2025-06-05 15:48:03 [http-nio-8088-exec-1] DEBUG o.s.security.web.FilterChainProxy - Secured POST /api/transactions/transfer MDC:[traceId=, spanId=]
2025-06-05 15:48:12 [http-nio-8088-exec-2] DEBUG o.s.security.web.FilterChainProxy - Securing POST /api/transactions/confirm-transaction MDC:[traceId=, spanId=]
2025-06-05 15:48:12 [http-nio-8088-exec-2] DEBUG o.s.s.o.s.r.a.JwtAuthenticationProvider - Authenticated token MDC:[traceId=, spanId=]
2025-06-05 15:48:12 [http-nio-8088-exec-2] DEBUG o.s.s.o.s.r.w.a.BearerTokenAuthenticationFilter - Set SecurityContextHolder to JwtAuthenticationToken [Principal=org.springframework.security.oauth2.jwt.Jwt@299a176f, Credentials=[PROTECTED], Authenticated=true, Details=WebAuthenticationDetails [RemoteIpAddress=127.0.0.1, SessionId=null], Granted Authorities=[ROLE_default-roles-myrealm, ROLE_offline_access, ROLE_CUSTOMER, ROLE_uma_authorization]] MDC:[traceId=, spanId=]
2025-06-05 15:48:12 [http-nio-8088-exec-2] DEBUG o.s.security.web.FilterChainProxy - Secured POST /api/transactions/confirm-transaction MDC:[traceId=, spanId=]
2025-06-05 15:53:20 [http-nio-8088-exec-3] DEBUG o.s.security.web.FilterChainProxy - Securing POST /api/transactions/transfer MDC:[traceId=, spanId=]
2025-06-05 15:53:20 [http-nio-8088-exec-3] DEBUG o.s.s.o.s.r.a.JwtAuthenticationProvider - Authenticated token MDC:[traceId=, spanId=]
2025-06-05 15:53:20 [http-nio-8088-exec-3] DEBUG o.s.s.o.s.r.w.a.BearerTokenAuthenticationFilter - Set SecurityContextHolder to JwtAuthenticationToken [Principal=org.springframework.security.oauth2.jwt.Jwt@c8b2da99, Credentials=[PROTECTED], Authenticated=true, Details=WebAuthenticationDetails [RemoteIpAddress=127.0.0.1, SessionId=null], Granted Authorities=[ROLE_default-roles-myrealm, ROLE_offline_access, ROLE_CUSTOMER, ROLE_uma_authorization]] MDC:[traceId=, spanId=]
2025-06-05 15:53:20 [http-nio-8088-exec-3] DEBUG o.s.security.web.FilterChainProxy - Secured POST /api/transactions/transfer MDC:[traceId=, spanId=]
2025-06-05 15:53:24 [http-nio-8088-exec-5] DEBUG o.s.security.web.FilterChainProxy - Securing POST /api/transactions/confirm-transaction MDC:[traceId=, spanId=]
2025-06-05 15:53:24 [http-nio-8088-exec-5] DEBUG o.s.s.o.s.r.a.JwtAuthenticationProvider - Authenticated token MDC:[traceId=, spanId=]
2025-06-05 15:53:24 [http-nio-8088-exec-5] DEBUG o.s.s.o.s.r.w.a.BearerTokenAuthenticationFilter - Set SecurityContextHolder to JwtAuthenticationToken [Principal=org.springframework.security.oauth2.jwt.Jwt@c8b2da99, Credentials=[PROTECTED], Authenticated=true, Details=WebAuthenticationDetails [RemoteIpAddress=127.0.0.1, SessionId=null], Granted Authorities=[ROLE_default-roles-myrealm, ROLE_offline_access, ROLE_CUSTOMER, ROLE_uma_authorization]] MDC:[traceId=, spanId=]
2025-06-05 15:53:24 [http-nio-8088-exec-5] DEBUG o.s.security.web.FilterChainProxy - Secured POST /api/transactions/confirm-transaction MDC:[traceId=, spanId=]
2025-06-05 15:53:27 [http-nio-8088-exec-4] DEBUG o.s.security.web.FilterChainProxy - Securing POST /api/transactions/confirm-transaction MDC:[traceId=, spanId=]
2025-06-05 15:53:27 [http-nio-8088-exec-4] DEBUG o.s.s.o.s.r.a.JwtAuthenticationProvider - Authenticated token MDC:[traceId=, spanId=]
2025-06-05 15:53:27 [http-nio-8088-exec-4] DEBUG o.s.s.o.s.r.w.a.BearerTokenAuthenticationFilter - Set SecurityContextHolder to JwtAuthenticationToken [Principal=org.springframework.security.oauth2.jwt.Jwt@c8b2da99, Credentials=[PROTECTED], Authenticated=true, Details=WebAuthenticationDetails [RemoteIpAddress=127.0.0.1, SessionId=null], Granted Authorities=[ROLE_default-roles-myrealm, ROLE_offline_access, ROLE_CUSTOMER, ROLE_uma_authorization]] MDC:[traceId=, spanId=]
2025-06-05 15:53:27 [http-nio-8088-exec-4] DEBUG o.s.security.web.FilterChainProxy - Secured POST /api/transactions/confirm-transaction MDC:[traceId=, spanId=]
2025-06-05 15:53:29 [http-nio-8088-exec-6] DEBUG o.s.security.web.FilterChainProxy - Securing POST /api/transactions/confirm-transaction MDC:[traceId=, spanId=]
2025-06-05 15:53:29 [http-nio-8088-exec-6] DEBUG o.s.s.o.s.r.a.JwtAuthenticationProvider - Authenticated token MDC:[traceId=, spanId=]
2025-06-05 15:53:29 [http-nio-8088-exec-6] DEBUG o.s.s.o.s.r.w.a.BearerTokenAuthenticationFilter - Set SecurityContextHolder to JwtAuthenticationToken [Principal=org.springframework.security.oauth2.jwt.Jwt@c8b2da99, Credentials=[PROTECTED], Authenticated=true, Details=WebAuthenticationDetails [RemoteIpAddress=127.0.0.1, SessionId=null], Granted Authorities=[ROLE_default-roles-myrealm, ROLE_offline_access, ROLE_CUSTOMER, ROLE_uma_authorization]] MDC:[traceId=, spanId=]
2025-06-05 15:53:29 [http-nio-8088-exec-6] DEBUG o.s.security.web.FilterChainProxy - Secured POST /api/transactions/confirm-transaction MDC:[traceId=, spanId=]
2025-06-05 15:53:30 [http-nio-8088-exec-7] DEBUG o.s.security.web.FilterChainProxy - Securing POST /api/transactions/confirm-transaction MDC:[traceId=, spanId=]
2025-06-05 15:53:30 [http-nio-8088-exec-7] DEBUG o.s.s.o.s.r.a.JwtAuthenticationProvider - Authenticated token MDC:[traceId=, spanId=]
2025-06-05 15:53:30 [http-nio-8088-exec-7] DEBUG o.s.s.o.s.r.w.a.BearerTokenAuthenticationFilter - Set SecurityContextHolder to JwtAuthenticationToken [Principal=org.springframework.security.oauth2.jwt.Jwt@c8b2da99, Credentials=[PROTECTED], Authenticated=true, Details=WebAuthenticationDetails [RemoteIpAddress=127.0.0.1, SessionId=null], Granted Authorities=[ROLE_default-roles-myrealm, ROLE_offline_access, ROLE_CUSTOMER, ROLE_uma_authorization]] MDC:[traceId=, spanId=]
2025-06-05 15:53:30 [http-nio-8088-exec-7] DEBUG o.s.security.web.FilterChainProxy - Secured POST /api/transactions/confirm-transaction MDC:[traceId=, spanId=]
2025-06-05 15:54:46 [http-nio-8088-exec-9] DEBUG o.s.security.web.FilterChainProxy - Securing POST /api/transactions/transfer MDC:[traceId=, spanId=]
2025-06-05 15:54:46 [http-nio-8088-exec-9] DEBUG o.s.s.o.s.r.a.JwtAuthenticationProvider - Authenticated token MDC:[traceId=, spanId=]
2025-06-05 15:54:46 [http-nio-8088-exec-9] DEBUG o.s.s.o.s.r.w.a.BearerTokenAuthenticationFilter - Set SecurityContextHolder to JwtAuthenticationToken [Principal=org.springframework.security.oauth2.jwt.Jwt@c8b2da99, Credentials=[PROTECTED], Authenticated=true, Details=WebAuthenticationDetails [RemoteIpAddress=127.0.0.1, SessionId=null], Granted Authorities=[ROLE_default-roles-myrealm, ROLE_offline_access, ROLE_CUSTOMER, ROLE_uma_authorization]] MDC:[traceId=, spanId=]
2025-06-05 15:54:46 [http-nio-8088-exec-9] DEBUG o.s.security.web.FilterChainProxy - Secured POST /api/transactions/transfer MDC:[traceId=, spanId=]
2025-06-05 15:54:59 [http-nio-8088-exec-10] DEBUG o.s.security.web.FilterChainProxy - Securing POST /api/transactions/confirm-transaction MDC:[traceId=, spanId=]
2025-06-05 15:54:59 [http-nio-8088-exec-10] DEBUG o.s.s.o.s.r.a.JwtAuthenticationProvider - Authenticated token MDC:[traceId=, spanId=]
2025-06-05 15:54:59 [http-nio-8088-exec-10] DEBUG o.s.s.o.s.r.w.a.BearerTokenAuthenticationFilter - Set SecurityContextHolder to JwtAuthenticationToken [Principal=org.springframework.security.oauth2.jwt.Jwt@c8b2da99, Credentials=[PROTECTED], Authenticated=true, Details=WebAuthenticationDetails [RemoteIpAddress=127.0.0.1, SessionId=null], Granted Authorities=[ROLE_default-roles-myrealm, ROLE_offline_access, ROLE_CUSTOMER, ROLE_uma_authorization]] MDC:[traceId=, spanId=]
2025-06-05 15:54:59 [http-nio-8088-exec-10] DEBUG o.s.security.web.FilterChainProxy - Secured POST /api/transactions/confirm-transaction MDC:[traceId=, spanId=]
2025-06-05 15:56:50 [http-nio-8088-exec-2] DEBUG o.s.security.web.FilterChainProxy - Securing POST /api/transactions/transfer MDC:[traceId=, spanId=]
2025-06-05 15:56:50 [http-nio-8088-exec-2] DEBUG o.s.s.o.s.r.a.JwtAuthenticationProvider - Authenticated token MDC:[traceId=, spanId=]
2025-06-05 15:56:50 [http-nio-8088-exec-2] DEBUG o.s.s.o.s.r.w.a.BearerTokenAuthenticationFilter - Set SecurityContextHolder to JwtAuthenticationToken [Principal=org.springframework.security.oauth2.jwt.Jwt@c8b2da99, Credentials=[PROTECTED], Authenticated=true, Details=WebAuthenticationDetails [RemoteIpAddress=127.0.0.1, SessionId=null], Granted Authorities=[ROLE_default-roles-myrealm, ROLE_offline_access, ROLE_CUSTOMER, ROLE_uma_authorization]] MDC:[traceId=, spanId=]
2025-06-05 15:56:50 [http-nio-8088-exec-2] DEBUG o.s.security.web.FilterChainProxy - Secured POST /api/transactions/transfer MDC:[traceId=, spanId=]
2025-06-05 15:57:04 [http-nio-8088-exec-3] DEBUG o.s.security.web.FilterChainProxy - Securing POST /api/transactions/confirm-transaction MDC:[traceId=, spanId=]
2025-06-05 15:57:04 [http-nio-8088-exec-3] DEBUG o.s.s.o.s.r.a.JwtAuthenticationProvider - Authenticated token MDC:[traceId=, spanId=]
2025-06-05 15:57:04 [http-nio-8088-exec-3] DEBUG o.s.s.o.s.r.w.a.BearerTokenAuthenticationFilter - Set SecurityContextHolder to JwtAuthenticationToken [Principal=org.springframework.security.oauth2.jwt.Jwt@c8b2da99, Credentials=[PROTECTED], Authenticated=true, Details=WebAuthenticationDetails [RemoteIpAddress=127.0.0.1, SessionId=null], Granted Authorities=[ROLE_default-roles-myrealm, ROLE_offline_access, ROLE_CUSTOMER, ROLE_uma_authorization]] MDC:[traceId=, spanId=]
2025-06-05 15:57:04 [http-nio-8088-exec-3] DEBUG o.s.security.web.FilterChainProxy - Secured POST /api/transactions/confirm-transaction MDC:[traceId=, spanId=]
2025-06-05 15:59:16 [http-nio-8088-exec-4] DEBUG o.s.security.web.FilterChainProxy - Securing POST /api/transactions/transfer MDC:[traceId=, spanId=]
2025-06-05 15:59:17 [http-nio-8088-exec-4] DEBUG o.s.s.o.s.r.a.JwtAuthenticationProvider - Authenticated token MDC:[traceId=, spanId=]
2025-06-05 15:59:17 [http-nio-8088-exec-4] DEBUG o.s.s.o.s.r.w.a.BearerTokenAuthenticationFilter - Set SecurityContextHolder to JwtAuthenticationToken [Principal=org.springframework.security.oauth2.jwt.Jwt@c8b2da99, Credentials=[PROTECTED], Authenticated=true, Details=WebAuthenticationDetails [RemoteIpAddress=127.0.0.1, SessionId=null], Granted Authorities=[ROLE_default-roles-myrealm, ROLE_offline_access, ROLE_CUSTOMER, ROLE_uma_authorization]] MDC:[traceId=, spanId=]
2025-06-05 15:59:17 [http-nio-8088-exec-4] DEBUG o.s.security.web.FilterChainProxy - Secured POST /api/transactions/transfer MDC:[traceId=, spanId=]
2025-06-05 15:59:21 [http-nio-8088-exec-6] DEBUG o.s.security.web.FilterChainProxy - Securing POST /api/transactions/confirm-transaction MDC:[traceId=, spanId=]
2025-06-05 15:59:21 [http-nio-8088-exec-6] DEBUG o.s.s.o.s.r.a.JwtAuthenticationProvider - Authenticated token MDC:[traceId=, spanId=]
2025-06-05 15:59:21 [http-nio-8088-exec-6] DEBUG o.s.s.o.s.r.w.a.BearerTokenAuthenticationFilter - Set SecurityContextHolder to JwtAuthenticationToken [Principal=org.springframework.security.oauth2.jwt.Jwt@c8b2da99, Credentials=[PROTECTED], Authenticated=true, Details=WebAuthenticationDetails [RemoteIpAddress=127.0.0.1, SessionId=null], Granted Authorities=[ROLE_default-roles-myrealm, ROLE_offline_access, ROLE_CUSTOMER, ROLE_uma_authorization]] MDC:[traceId=, spanId=]
2025-06-05 15:59:21 [http-nio-8088-exec-6] DEBUG o.s.security.web.FilterChainProxy - Secured POST /api/transactions/confirm-transaction MDC:[traceId=, spanId=]
2025-06-05 15:59:22 [http-nio-8088-exec-7] DEBUG o.s.security.web.FilterChainProxy - Securing POST /api/transactions/confirm-transaction MDC:[traceId=, spanId=]
2025-06-05 15:59:22 [http-nio-8088-exec-7] DEBUG o.s.s.o.s.r.a.JwtAuthenticationProvider - Authenticated token MDC:[traceId=, spanId=]
2025-06-05 15:59:22 [http-nio-8088-exec-7] DEBUG o.s.s.o.s.r.w.a.BearerTokenAuthenticationFilter - Set SecurityContextHolder to JwtAuthenticationToken [Principal=org.springframework.security.oauth2.jwt.Jwt@c8b2da99, Credentials=[PROTECTED], Authenticated=true, Details=WebAuthenticationDetails [RemoteIpAddress=127.0.0.1, SessionId=null], Granted Authorities=[ROLE_default-roles-myrealm, ROLE_offline_access, ROLE_CUSTOMER, ROLE_uma_authorization]] MDC:[traceId=, spanId=]
2025-06-05 15:59:22 [http-nio-8088-exec-7] DEBUG o.s.security.web.FilterChainProxy - Secured POST /api/transactions/confirm-transaction MDC:[traceId=, spanId=]
2025-06-05 15:59:23 [http-nio-8088-exec-8] DEBUG o.s.security.web.FilterChainProxy - Securing POST /api/transactions/confirm-transaction MDC:[traceId=, spanId=]
2025-06-05 15:59:23 [http-nio-8088-exec-8] DEBUG o.s.s.o.s.r.a.JwtAuthenticationProvider - Authenticated token MDC:[traceId=, spanId=]
2025-06-05 15:59:23 [http-nio-8088-exec-8] DEBUG o.s.s.o.s.r.w.a.BearerTokenAuthenticationFilter - Set SecurityContextHolder to JwtAuthenticationToken [Principal=org.springframework.security.oauth2.jwt.Jwt@c8b2da99, Credentials=[PROTECTED], Authenticated=true, Details=WebAuthenticationDetails [RemoteIpAddress=127.0.0.1, SessionId=null], Granted Authorities=[ROLE_default-roles-myrealm, ROLE_offline_access, ROLE_CUSTOMER, ROLE_uma_authorization]] MDC:[traceId=, spanId=]
2025-06-05 15:59:23 [http-nio-8088-exec-8] DEBUG o.s.security.web.FilterChainProxy - Secured POST /api/transactions/confirm-transaction MDC:[traceId=, spanId=]
2025-06-05 15:59:27 [http-nio-8088-exec-9] DEBUG o.s.security.web.FilterChainProxy - Securing POST /api/transactions/confirm-transaction MDC:[traceId=, spanId=]
2025-06-05 15:59:27 [http-nio-8088-exec-9] DEBUG o.s.s.o.s.r.a.JwtAuthenticationProvider - Authenticated token MDC:[traceId=, spanId=]
2025-06-05 15:59:27 [http-nio-8088-exec-9] DEBUG o.s.s.o.s.r.w.a.BearerTokenAuthenticationFilter - Set SecurityContextHolder to JwtAuthenticationToken [Principal=org.springframework.security.oauth2.jwt.Jwt@c8b2da99, Credentials=[PROTECTED], Authenticated=true, Details=WebAuthenticationDetails [RemoteIpAddress=127.0.0.1, SessionId=null], Granted Authorities=[ROLE_default-roles-myrealm, ROLE_offline_access, ROLE_CUSTOMER, ROLE_uma_authorization]] MDC:[traceId=, spanId=]
2025-06-05 15:59:27 [http-nio-8088-exec-9] DEBUG o.s.security.web.FilterChainProxy - Secured POST /api/transactions/confirm-transaction MDC:[traceId=, spanId=]
2025-06-05 16:01:46 [http-nio-8088-exec-1] DEBUG o.s.security.web.FilterChainProxy - Securing POST /api/transactions/transfer MDC:[traceId=, spanId=]
2025-06-05 16:01:46 [http-nio-8088-exec-1] DEBUG o.s.s.o.s.r.a.JwtAuthenticationProvider - Authenticated token MDC:[traceId=, spanId=]
2025-06-05 16:01:46 [http-nio-8088-exec-1] DEBUG o.s.s.o.s.r.w.a.BearerTokenAuthenticationFilter - Set SecurityContextHolder to JwtAuthenticationToken [Principal=org.springframework.security.oauth2.jwt.Jwt@c8b2da99, Credentials=[PROTECTED], Authenticated=true, Details=WebAuthenticationDetails [RemoteIpAddress=127.0.0.1, SessionId=null], Granted Authorities=[ROLE_default-roles-myrealm, ROLE_offline_access, ROLE_CUSTOMER, ROLE_uma_authorization]] MDC:[traceId=, spanId=]
2025-06-05 16:01:46 [http-nio-8088-exec-1] DEBUG o.s.security.web.FilterChainProxy - Secured POST /api/transactions/transfer MDC:[traceId=, spanId=]
2025-06-05 16:01:56 [http-nio-8088-exec-2] DEBUG o.s.security.web.FilterChainProxy - Securing POST /api/transactions/transfer MDC:[traceId=, spanId=]
2025-06-05 16:01:56 [http-nio-8088-exec-2] DEBUG o.s.s.o.s.r.a.JwtAuthenticationProvider - Authenticated token MDC:[traceId=, spanId=]
2025-06-05 16:01:56 [http-nio-8088-exec-2] DEBUG o.s.s.o.s.r.w.a.BearerTokenAuthenticationFilter - Set SecurityContextHolder to JwtAuthenticationToken [Principal=org.springframework.security.oauth2.jwt.Jwt@c8b2da99, Credentials=[PROTECTED], Authenticated=true, Details=WebAuthenticationDetails [RemoteIpAddress=127.0.0.1, SessionId=null], Granted Authorities=[ROLE_default-roles-myrealm, ROLE_offline_access, ROLE_CUSTOMER, ROLE_uma_authorization]] MDC:[traceId=, spanId=]
2025-06-05 16:01:56 [http-nio-8088-exec-2] DEBUG o.s.security.web.FilterChainProxy - Secured POST /api/transactions/transfer MDC:[traceId=, spanId=]
2025-06-05 16:02:00 [http-nio-8088-exec-3] DEBUG o.s.security.web.FilterChainProxy - Securing POST /api/transactions/confirm-transaction MDC:[traceId=, spanId=]
2025-06-05 16:02:00 [http-nio-8088-exec-3] DEBUG o.s.s.o.s.r.a.JwtAuthenticationProvider - Authenticated token MDC:[traceId=, spanId=]
2025-06-05 16:02:00 [http-nio-8088-exec-3] DEBUG o.s.s.o.s.r.w.a.BearerTokenAuthenticationFilter - Set SecurityContextHolder to JwtAuthenticationToken [Principal=org.springframework.security.oauth2.jwt.Jwt@c8b2da99, Credentials=[PROTECTED], Authenticated=true, Details=WebAuthenticationDetails [RemoteIpAddress=127.0.0.1, SessionId=null], Granted Authorities=[ROLE_default-roles-myrealm, ROLE_offline_access, ROLE_CUSTOMER, ROLE_uma_authorization]] MDC:[traceId=, spanId=]
2025-06-05 16:02:00 [http-nio-8088-exec-3] DEBUG o.s.security.web.FilterChainProxy - Secured POST /api/transactions/confirm-transaction MDC:[traceId=, spanId=]
2025-06-05 16:02:02 [http-nio-8088-exec-5] DEBUG o.s.security.web.FilterChainProxy - Securing POST /api/transactions/confirm-transaction MDC:[traceId=, spanId=]
2025-06-05 16:02:02 [http-nio-8088-exec-5] DEBUG o.s.s.o.s.r.a.JwtAuthenticationProvider - Authenticated token MDC:[traceId=, spanId=]
2025-06-05 16:02:02 [http-nio-8088-exec-5] DEBUG o.s.s.o.s.r.w.a.BearerTokenAuthenticationFilter - Set SecurityContextHolder to JwtAuthenticationToken [Principal=org.springframework.security.oauth2.jwt.Jwt@c8b2da99, Credentials=[PROTECTED], Authenticated=true, Details=WebAuthenticationDetails [RemoteIpAddress=127.0.0.1, SessionId=null], Granted Authorities=[ROLE_default-roles-myrealm, ROLE_offline_access, ROLE_CUSTOMER, ROLE_uma_authorization]] MDC:[traceId=, spanId=]
2025-06-05 16:02:02 [http-nio-8088-exec-5] DEBUG o.s.security.web.FilterChainProxy - Secured POST /api/transactions/confirm-transaction MDC:[traceId=, spanId=]
2025-06-05 16:02:03 [http-nio-8088-exec-4] DEBUG o.s.security.web.FilterChainProxy - Securing POST /api/transactions/confirm-transaction MDC:[traceId=, spanId=]
2025-06-05 16:02:03 [http-nio-8088-exec-4] DEBUG o.s.s.o.s.r.a.JwtAuthenticationProvider - Authenticated token MDC:[traceId=, spanId=]
2025-06-05 16:02:03 [http-nio-8088-exec-4] DEBUG o.s.s.o.s.r.w.a.BearerTokenAuthenticationFilter - Set SecurityContextHolder to JwtAuthenticationToken [Principal=org.springframework.security.oauth2.jwt.Jwt@c8b2da99, Credentials=[PROTECTED], Authenticated=true, Details=WebAuthenticationDetails [RemoteIpAddress=127.0.0.1, SessionId=null], Granted Authorities=[ROLE_default-roles-myrealm, ROLE_offline_access, ROLE_CUSTOMER, ROLE_uma_authorization]] MDC:[traceId=, spanId=]
2025-06-05 16:02:03 [http-nio-8088-exec-4] DEBUG o.s.security.web.FilterChainProxy - Secured POST /api/transactions/confirm-transaction MDC:[traceId=, spanId=]
2025-06-05 16:02:05 [http-nio-8088-exec-6] DEBUG o.s.security.web.FilterChainProxy - Securing POST /api/transactions/confirm-transaction MDC:[traceId=, spanId=]
2025-06-05 16:02:05 [http-nio-8088-exec-6] DEBUG o.s.s.o.s.r.a.JwtAuthenticationProvider - Authenticated token MDC:[traceId=, spanId=]
2025-06-05 16:02:05 [http-nio-8088-exec-6] DEBUG o.s.s.o.s.r.w.a.BearerTokenAuthenticationFilter - Set SecurityContextHolder to JwtAuthenticationToken [Principal=org.springframework.security.oauth2.jwt.Jwt@c8b2da99, Credentials=[PROTECTED], Authenticated=true, Details=WebAuthenticationDetails [RemoteIpAddress=127.0.0.1, SessionId=null], Granted Authorities=[ROLE_default-roles-myrealm, ROLE_offline_access, ROLE_CUSTOMER, ROLE_uma_authorization]] MDC:[traceId=, spanId=]
2025-06-05 16:02:05 [http-nio-8088-exec-6] DEBUG o.s.security.web.FilterChainProxy - Secured POST /api/transactions/confirm-transaction MDC:[traceId=, spanId=]
2025-06-05 16:08:16 [http-nio-8088-exec-8] DEBUG o.s.security.web.FilterChainProxy - Securing POST /api/transactions/transfer MDC:[traceId=, spanId=]
2025-06-05 16:08:16 [http-nio-8088-exec-8] DEBUG o.s.s.o.s.r.a.JwtAuthenticationProvider - Authenticated token MDC:[traceId=, spanId=]
2025-06-05 16:08:16 [http-nio-8088-exec-8] DEBUG o.s.s.o.s.r.w.a.BearerTokenAuthenticationFilter - Set SecurityContextHolder to JwtAuthenticationToken [Principal=org.springframework.security.oauth2.jwt.Jwt@c8b2da99, Credentials=[PROTECTED], Authenticated=true, Details=WebAuthenticationDetails [RemoteIpAddress=127.0.0.1, SessionId=null], Granted Authorities=[ROLE_default-roles-myrealm, ROLE_offline_access, ROLE_CUSTOMER, ROLE_uma_authorization]] MDC:[traceId=, spanId=]
2025-06-05 16:08:16 [http-nio-8088-exec-8] DEBUG o.s.security.web.FilterChainProxy - Secured POST /api/transactions/transfer MDC:[traceId=, spanId=]
2025-06-05 16:08:20 [http-nio-8088-exec-9] DEBUG o.s.security.web.FilterChainProxy - Securing POST /api/transactions/confirm-transaction MDC:[traceId=, spanId=]
2025-06-05 16:08:20 [http-nio-8088-exec-9] DEBUG o.s.s.o.s.r.a.JwtAuthenticationProvider - Authenticated token MDC:[traceId=, spanId=]
2025-06-05 16:08:20 [http-nio-8088-exec-9] DEBUG o.s.s.o.s.r.w.a.BearerTokenAuthenticationFilter - Set SecurityContextHolder to JwtAuthenticationToken [Principal=org.springframework.security.oauth2.jwt.Jwt@c8b2da99, Credentials=[PROTECTED], Authenticated=true, Details=WebAuthenticationDetails [RemoteIpAddress=127.0.0.1, SessionId=null], Granted Authorities=[ROLE_default-roles-myrealm, ROLE_offline_access, ROLE_CUSTOMER, ROLE_uma_authorization]] MDC:[traceId=, spanId=]
2025-06-05 16:08:20 [http-nio-8088-exec-9] DEBUG o.s.security.web.FilterChainProxy - Secured POST /api/transactions/confirm-transaction MDC:[traceId=, spanId=]
2025-06-05 16:08:21 [http-nio-8088-exec-10] DEBUG o.s.security.web.FilterChainProxy - Securing POST /api/transactions/confirm-transaction MDC:[traceId=, spanId=]
2025-06-05 16:08:21 [http-nio-8088-exec-10] DEBUG o.s.s.o.s.r.a.JwtAuthenticationProvider - Authenticated token MDC:[traceId=, spanId=]
2025-06-05 16:08:21 [http-nio-8088-exec-10] DEBUG o.s.s.o.s.r.w.a.BearerTokenAuthenticationFilter - Set SecurityContextHolder to JwtAuthenticationToken [Principal=org.springframework.security.oauth2.jwt.Jwt@c8b2da99, Credentials=[PROTECTED], Authenticated=true, Details=WebAuthenticationDetails [RemoteIpAddress=127.0.0.1, SessionId=null], Granted Authorities=[ROLE_default-roles-myrealm, ROLE_offline_access, ROLE_CUSTOMER, ROLE_uma_authorization]] MDC:[traceId=, spanId=]
2025-06-05 16:08:21 [http-nio-8088-exec-10] DEBUG o.s.security.web.FilterChainProxy - Secured POST /api/transactions/confirm-transaction MDC:[traceId=, spanId=]
2025-06-05 16:08:25 [http-nio-8088-exec-1] DEBUG o.s.security.web.FilterChainProxy - Securing POST /api/transactions/confirm-transaction MDC:[traceId=, spanId=]
2025-06-05 16:08:25 [http-nio-8088-exec-1] DEBUG o.s.s.o.s.r.a.JwtAuthenticationProvider - Authenticated token MDC:[traceId=, spanId=]
2025-06-05 16:08:25 [http-nio-8088-exec-1] DEBUG o.s.s.o.s.r.w.a.BearerTokenAuthenticationFilter - Set SecurityContextHolder to JwtAuthenticationToken [Principal=org.springframework.security.oauth2.jwt.Jwt@c8b2da99, Credentials=[PROTECTED], Authenticated=true, Details=WebAuthenticationDetails [RemoteIpAddress=127.0.0.1, SessionId=null], Granted Authorities=[ROLE_default-roles-myrealm, ROLE_offline_access, ROLE_CUSTOMER, ROLE_uma_authorization]] MDC:[traceId=, spanId=]
2025-06-05 16:08:25 [http-nio-8088-exec-1] DEBUG o.s.security.web.FilterChainProxy - Secured POST /api/transactions/confirm-transaction MDC:[traceId=, spanId=]
2025-06-05 16:08:27 [http-nio-8088-exec-2] DEBUG o.s.security.web.FilterChainProxy - Securing POST /api/transactions/confirm-transaction MDC:[traceId=, spanId=]
2025-06-05 16:08:27 [http-nio-8088-exec-2] DEBUG o.s.s.o.s.r.a.JwtAuthenticationProvider - Authenticated token MDC:[traceId=, spanId=]
2025-06-05 16:08:27 [http-nio-8088-exec-2] DEBUG o.s.s.o.s.r.w.a.BearerTokenAuthenticationFilter - Set SecurityContextHolder to JwtAuthenticationToken [Principal=org.springframework.security.oauth2.jwt.Jwt@c8b2da99, Credentials=[PROTECTED], Authenticated=true, Details=WebAuthenticationDetails [RemoteIpAddress=127.0.0.1, SessionId=null], Granted Authorities=[ROLE_default-roles-myrealm, ROLE_offline_access, ROLE_CUSTOMER, ROLE_uma_authorization]] MDC:[traceId=, spanId=]
2025-06-05 16:08:27 [http-nio-8088-exec-2] DEBUG o.s.security.web.FilterChainProxy - Secured POST /api/transactions/confirm-transaction MDC:[traceId=, spanId=]
2025-06-05 16:08:54 [http-nio-8088-exec-3] DEBUG o.s.security.web.FilterChainProxy - Securing POST /api/transactions/transfer MDC:[traceId=, spanId=]
2025-06-05 16:08:54 [http-nio-8088-exec-3] DEBUG o.s.s.o.s.r.a.JwtAuthenticationProvider - Authenticated token MDC:[traceId=, spanId=]
2025-06-05 16:08:54 [http-nio-8088-exec-3] DEBUG o.s.s.o.s.r.w.a.BearerTokenAuthenticationFilter - Set SecurityContextHolder to JwtAuthenticationToken [Principal=org.springframework.security.oauth2.jwt.Jwt@c8b2da99, Credentials=[PROTECTED], Authenticated=true, Details=WebAuthenticationDetails [RemoteIpAddress=127.0.0.1, SessionId=null], Granted Authorities=[ROLE_default-roles-myrealm, ROLE_offline_access, ROLE_CUSTOMER, ROLE_uma_authorization]] MDC:[traceId=, spanId=]
2025-06-05 16:08:54 [http-nio-8088-exec-3] DEBUG o.s.security.web.FilterChainProxy - Secured POST /api/transactions/transfer MDC:[traceId=, spanId=]
2025-06-05 16:09:15 [http-nio-8088-exec-5] DEBUG o.s.security.web.FilterChainProxy - Securing POST /api/transactions/confirm-transaction MDC:[traceId=, spanId=]
2025-06-05 16:09:15 [http-nio-8088-exec-5] DEBUG o.s.s.o.s.r.a.JwtAuthenticationProvider - Authenticated token MDC:[traceId=, spanId=]
2025-06-05 16:09:15 [http-nio-8088-exec-5] DEBUG o.s.s.o.s.r.w.a.BearerTokenAuthenticationFilter - Set SecurityContextHolder to JwtAuthenticationToken [Principal=org.springframework.security.oauth2.jwt.Jwt@c8b2da99, Credentials=[PROTECTED], Authenticated=true, Details=WebAuthenticationDetails [RemoteIpAddress=127.0.0.1, SessionId=null], Granted Authorities=[ROLE_default-roles-myrealm, ROLE_offline_access, ROLE_CUSTOMER, ROLE_uma_authorization]] MDC:[traceId=, spanId=]
2025-06-05 16:09:15 [http-nio-8088-exec-5] DEBUG o.s.security.web.FilterChainProxy - Secured POST /api/transactions/confirm-transaction MDC:[traceId=, spanId=]
2025-06-05 16:51:46 [restartedMain] DEBUG o.s.s.c.a.a.c.AuthenticationConfiguration$DefaultPasswordEncoderAuthenticationManagerBuilder - No authenticationProviders and no parentAuthenticationManager defined. Returning null. MDC:[traceId=, spanId=]
2025-06-05 16:51:48 [restartedMain] DEBUG o.s.s.web.DefaultSecurityFilterChain - Will secure any request with filters: DisableEncodeUrlFilter, WebAsyncManagerIntegrationFilter, SecurityContextHolderFilter, HeaderWriterFilter, CorsFilter, LogoutFilter, BearerTokenAuthenticationFilter, RequestCacheAwareFilter, SecurityContextHolderAwareRequestFilter, AnonymousAuthenticationFilter, SessionManagementFilter, ExceptionTranslationFilter, AuthorizationFilter MDC:[traceId=, spanId=]
2025-06-05 16:52:38 [restartedMain] DEBUG o.s.s.c.a.a.c.AuthenticationConfiguration$DefaultPasswordEncoderAuthenticationManagerBuilder - No authenticationProviders and no parentAuthenticationManager defined. Returning null. MDC:[traceId=, spanId=]
2025-06-05 16:52:41 [restartedMain] DEBUG o.s.s.web.DefaultSecurityFilterChain - Will secure any request with filters: DisableEncodeUrlFilter, WebAsyncManagerIntegrationFilter, SecurityContextHolderFilter, HeaderWriterFilter, CorsFilter, LogoutFilter, BearerTokenAuthenticationFilter, RequestCacheAwareFilter, SecurityContextHolderAwareRequestFilter, AnonymousAuthenticationFilter, SessionManagementFilter, ExceptionTranslationFilter, AuthorizationFilter MDC:[traceId=, spanId=]
