2025-06-13 10:16:13 [restartedMain] DEBUG o.s.s.c.a.a.c.AuthenticationConfiguration$DefaultPasswordEncoderAuthenticationManagerBuilder - No authenticationProviders and no parentAuthenticationManager defined. Returning null. MDC:[traceId=, spanId=]
2025-06-13 10:16:14 [restartedMain] DEBUG o.s.s.web.DefaultSecurityFilterChain - Will secure any request with filters: DisableEncodeUrlFilter, WebAsyncManagerIntegrationFilter, SecurityContextHolderFilter, HeaderWriterFilter, CorsFilter, LogoutFilter, BearerTokenAuthenticationFilter, RequestCacheAwareFilter, SecurityContextHolderAwareRequestFilter, AnonymousAuthenticationFilter, SessionManagementFilter, ExceptionTranslationFilter, AuthorizationFilter MDC:[traceId=, spanId=]
2025-06-13 10:17:21 [restartedMain] DEBUG o.s.s.c.a.a.c.AuthenticationConfiguration$DefaultPasswordEncoderAuthenticationManagerBuilder - No authenticationProviders and no parentAuthenticationManager defined. Returning null. MDC:[traceId=, spanId=]
2025-06-13 10:17:23 [restartedMain] DEBUG o.s.s.web.DefaultSecurityFilterChain - Will secure any request with filters: DisableEncodeUrlFilter, WebAsyncManagerIntegrationFilter, SecurityContextHolderFilter, HeaderWriterFilter, CorsFilter, LogoutFilter, BearerTokenAuthenticationFilter, RequestCacheAwareFilter, SecurityContextHolderAwareRequestFilter, AnonymousAuthenticationFilter, SessionManagementFilter, ExceptionTranslationFilter, AuthorizationFilter MDC:[traceId=, spanId=]
2025-06-13 10:18:56 [http-nio-8088-exec-3] DEBUG o.s.security.web.FilterChainProxy - Securing POST /api/payments/bills/check MDC:[traceId=, spanId=]
2025-06-13 10:18:57 [http-nio-8088-exec-3] DEBUG o.s.s.o.s.r.a.JwtAuthenticationProvider - Authenticated token MDC:[traceId=, spanId=]
2025-06-13 10:18:57 [http-nio-8088-exec-3] DEBUG o.s.s.o.s.r.w.a.BearerTokenAuthenticationFilter - Set SecurityContextHolder to JwtAuthenticationToken [Principal=org.springframework.security.oauth2.jwt.Jwt@f36e67eb, Credentials=[PROTECTED], Authenticated=true, Details=WebAuthenticationDetails [RemoteIpAddress=0:0:0:0:0:0:0:1, SessionId=null], Granted Authorities=[ROLE_default-roles-myrealm, ROLE_offline_access, ROLE_CUSTOMER, ROLE_uma_authorization]] MDC:[traceId=, spanId=]
2025-06-13 10:18:57 [http-nio-8088-exec-3] DEBUG o.s.security.web.FilterChainProxy - Secured POST /api/payments/bills/check MDC:[traceId=, spanId=]
2025-06-13 10:19:33 [http-nio-8088-exec-5] DEBUG o.s.security.web.FilterChainProxy - Securing POST /api/transactions/payments/bills/check MDC:[traceId=, spanId=]
2025-06-13 10:19:33 [http-nio-8088-exec-5] DEBUG o.s.s.o.s.r.a.JwtAuthenticationProvider - Authenticated token MDC:[traceId=, spanId=]
2025-06-13 10:19:33 [http-nio-8088-exec-5] DEBUG o.s.s.o.s.r.w.a.BearerTokenAuthenticationFilter - Set SecurityContextHolder to JwtAuthenticationToken [Principal=org.springframework.security.oauth2.jwt.Jwt@f36e67eb, Credentials=[PROTECTED], Authenticated=true, Details=WebAuthenticationDetails [RemoteIpAddress=127.0.0.1, SessionId=null], Granted Authorities=[ROLE_default-roles-myrealm, ROLE_offline_access, ROLE_CUSTOMER, ROLE_uma_authorization]] MDC:[traceId=, spanId=]
2025-06-13 10:19:33 [http-nio-8088-exec-5] DEBUG o.s.security.web.FilterChainProxy - Secured POST /api/transactions/payments/bills/check MDC:[traceId=, spanId=]
2025-06-13 10:19:33 [http-nio-8088-exec-5] DEBUG o.s.security.web.FilterChainProxy - Securing POST /error MDC:[traceId=, spanId=]
2025-06-13 10:19:33 [http-nio-8088-exec-5] DEBUG o.s.security.web.FilterChainProxy - Secured POST /error MDC:[traceId=, spanId=]
2025-06-13 10:21:29 [restartedMain] DEBUG o.s.s.c.a.a.c.AuthenticationConfiguration$DefaultPasswordEncoderAuthenticationManagerBuilder - No authenticationProviders and no parentAuthenticationManager defined. Returning null. MDC:[traceId=, spanId=]
2025-06-13 10:21:31 [restartedMain] DEBUG o.s.s.web.DefaultSecurityFilterChain - Will secure any request with filters: DisableEncodeUrlFilter, WebAsyncManagerIntegrationFilter, SecurityContextHolderFilter, HeaderWriterFilter, CorsFilter, LogoutFilter, BearerTokenAuthenticationFilter, RequestCacheAwareFilter, SecurityContextHolderAwareRequestFilter, AnonymousAuthenticationFilter, SessionManagementFilter, ExceptionTranslationFilter, AuthorizationFilter MDC:[traceId=, spanId=]
2025-06-13 10:21:46 [http-nio-8088-exec-4] DEBUG o.s.security.web.FilterChainProxy - Securing POST /api/transactions/payments/bills/check MDC:[traceId=, spanId=]
2025-06-13 10:21:47 [http-nio-8088-exec-4] DEBUG o.s.s.o.s.r.a.JwtAuthenticationProvider - Authenticated token MDC:[traceId=, spanId=]
2025-06-13 10:21:47 [http-nio-8088-exec-4] DEBUG o.s.s.o.s.r.w.a.BearerTokenAuthenticationFilter - Set SecurityContextHolder to JwtAuthenticationToken [Principal=org.springframework.security.oauth2.jwt.Jwt@f36e67eb, Credentials=[PROTECTED], Authenticated=true, Details=WebAuthenticationDetails [RemoteIpAddress=127.0.0.1, SessionId=null], Granted Authorities=[ROLE_default-roles-myrealm, ROLE_offline_access, ROLE_CUSTOMER, ROLE_uma_authorization]] MDC:[traceId=, spanId=]
2025-06-13 10:21:47 [http-nio-8088-exec-4] DEBUG o.s.security.web.FilterChainProxy - Secured POST /api/transactions/payments/bills/check MDC:[traceId=, spanId=]
2025-06-13 10:33:45 [restartedMain] DEBUG o.s.s.c.a.a.c.AuthenticationConfiguration$DefaultPasswordEncoderAuthenticationManagerBuilder - No authenticationProviders and no parentAuthenticationManager defined. Returning null. MDC:[traceId=, spanId=]
2025-06-13 10:33:48 [restartedMain] DEBUG o.s.s.web.DefaultSecurityFilterChain - Will secure any request with filters: DisableEncodeUrlFilter, WebAsyncManagerIntegrationFilter, SecurityContextHolderFilter, HeaderWriterFilter, CorsFilter, LogoutFilter, BearerTokenAuthenticationFilter, RequestCacheAwareFilter, SecurityContextHolderAwareRequestFilter, AnonymousAuthenticationFilter, SessionManagementFilter, ExceptionTranslationFilter, AuthorizationFilter MDC:[traceId=, spanId=]
2025-06-13 10:33:54 [http-nio-8088-exec-3] DEBUG o.s.security.web.FilterChainProxy - Securing POST /api/transactions/loan-payment MDC:[traceId=, spanId=]
2025-06-13 10:33:55 [http-nio-8088-exec-3] DEBUG o.s.s.o.s.r.a.JwtAuthenticationProvider - Authenticated token MDC:[traceId=, spanId=]
2025-06-13 10:33:55 [http-nio-8088-exec-3] DEBUG o.s.s.o.s.r.w.a.BearerTokenAuthenticationFilter - Set SecurityContextHolder to JwtAuthenticationToken [Principal=org.springframework.security.oauth2.jwt.Jwt@1fdae49a, Credentials=[PROTECTED], Authenticated=true, Details=WebAuthenticationDetails [RemoteIpAddress=0:0:0:0:0:0:0:1, SessionId=null], Granted Authorities=[ROLE_default-roles-myrealm, ROLE_offline_access, ROLE_CUSTOMER, ROLE_uma_authorization]] MDC:[traceId=, spanId=]
2025-06-13 10:33:55 [http-nio-8088-exec-3] DEBUG o.s.security.web.FilterChainProxy - Secured POST /api/transactions/loan-payment MDC:[traceId=, spanId=]
2025-06-13 10:34:00 [http-nio-8088-exec-3] DEBUG o.s.security.web.FilterChainProxy - Securing POST /error MDC:[traceId=, spanId=]
2025-06-13 10:34:00 [http-nio-8088-exec-3] DEBUG o.s.security.web.FilterChainProxy - Secured POST /error MDC:[traceId=, spanId=]
2025-06-13 10:34:08 [http-nio-8088-exec-2] DEBUG o.s.security.web.FilterChainProxy - Securing POST /api/transactions/loan-payment MDC:[traceId=, spanId=]
2025-06-13 10:34:08 [http-nio-8088-exec-2] DEBUG o.s.s.o.s.r.a.JwtAuthenticationProvider - Authenticated token MDC:[traceId=, spanId=]
2025-06-13 10:34:08 [http-nio-8088-exec-2] DEBUG o.s.s.o.s.r.w.a.BearerTokenAuthenticationFilter - Set SecurityContextHolder to JwtAuthenticationToken [Principal=org.springframework.security.oauth2.jwt.Jwt@1fdae49a, Credentials=[PROTECTED], Authenticated=true, Details=WebAuthenticationDetails [RemoteIpAddress=0:0:0:0:0:0:0:1, SessionId=null], Granted Authorities=[ROLE_default-roles-myrealm, ROLE_offline_access, ROLE_CUSTOMER, ROLE_uma_authorization]] MDC:[traceId=, spanId=]
2025-06-13 10:34:08 [http-nio-8088-exec-2] DEBUG o.s.security.web.FilterChainProxy - Secured POST /api/transactions/loan-payment MDC:[traceId=, spanId=]
2025-06-13 10:34:13 [http-nio-8088-exec-2] DEBUG o.s.security.web.FilterChainProxy - Securing POST /error MDC:[traceId=, spanId=]
2025-06-13 10:34:13 [http-nio-8088-exec-2] DEBUG o.s.security.web.FilterChainProxy - Secured POST /error MDC:[traceId=, spanId=]
2025-06-13 10:36:57 [restartedMain] DEBUG o.s.s.c.a.a.c.AuthenticationConfiguration$DefaultPasswordEncoderAuthenticationManagerBuilder - No authenticationProviders and no parentAuthenticationManager defined. Returning null. MDC:[traceId=, spanId=]
2025-06-13 10:36:59 [restartedMain] DEBUG o.s.s.web.DefaultSecurityFilterChain - Will secure any request with filters: DisableEncodeUrlFilter, WebAsyncManagerIntegrationFilter, SecurityContextHolderFilter, HeaderWriterFilter, CorsFilter, LogoutFilter, BearerTokenAuthenticationFilter, RequestCacheAwareFilter, SecurityContextHolderAwareRequestFilter, AnonymousAuthenticationFilter, SessionManagementFilter, ExceptionTranslationFilter, AuthorizationFilter MDC:[traceId=, spanId=]
2025-06-13 10:37:12 [http-nio-8088-exec-2] DEBUG o.s.security.web.FilterChainProxy - Securing POST /api/transactions/loan-payment MDC:[traceId=, spanId=]
2025-06-13 10:37:13 [http-nio-8088-exec-2] DEBUG o.s.s.o.s.r.a.JwtAuthenticationProvider - Authenticated token MDC:[traceId=, spanId=]
2025-06-13 10:37:13 [http-nio-8088-exec-2] DEBUG o.s.s.o.s.r.w.a.BearerTokenAuthenticationFilter - Set SecurityContextHolder to JwtAuthenticationToken [Principal=org.springframework.security.oauth2.jwt.Jwt@1fdae49a, Credentials=[PROTECTED], Authenticated=true, Details=WebAuthenticationDetails [RemoteIpAddress=0:0:0:0:0:0:0:1, SessionId=null], Granted Authorities=[ROLE_default-roles-myrealm, ROLE_offline_access, ROLE_CUSTOMER, ROLE_uma_authorization]] MDC:[traceId=, spanId=]
2025-06-13 10:37:13 [http-nio-8088-exec-2] DEBUG o.s.security.web.FilterChainProxy - Secured POST /api/transactions/loan-payment MDC:[traceId=, spanId=]
2025-06-13 10:38:10 [http-nio-8088-exec-4] DEBUG o.s.security.web.FilterChainProxy - Securing POST /api/transactions/confirm-transaction MDC:[traceId=, spanId=]
2025-06-13 10:38:10 [http-nio-8088-exec-4] DEBUG o.s.s.o.jwt.JwtTimestampValidator - Jwt expired at 2025-06-05T04:10:37Z MDC:[traceId=, spanId=]
2025-06-13 10:38:10 [http-nio-8088-exec-4] DEBUG o.s.s.o.s.r.a.JwtAuthenticationProvider - Failed to authenticate since the JWT was invalid MDC:[traceId=, spanId=]
2025-06-13 10:38:20 [http-nio-8088-exec-3] DEBUG o.s.security.web.FilterChainProxy - Securing POST /api/transactions/confirm-transaction MDC:[traceId=, spanId=]
2025-06-13 10:38:20 [http-nio-8088-exec-3] DEBUG o.s.s.o.s.r.a.JwtAuthenticationProvider - Authenticated token MDC:[traceId=, spanId=]
2025-06-13 10:38:20 [http-nio-8088-exec-3] DEBUG o.s.s.o.s.r.w.a.BearerTokenAuthenticationFilter - Set SecurityContextHolder to JwtAuthenticationToken [Principal=org.springframework.security.oauth2.jwt.Jwt@1fdae49a, Credentials=[PROTECTED], Authenticated=true, Details=WebAuthenticationDetails [RemoteIpAddress=0:0:0:0:0:0:0:1, SessionId=null], Granted Authorities=[ROLE_default-roles-myrealm, ROLE_offline_access, ROLE_CUSTOMER, ROLE_uma_authorization]] MDC:[traceId=, spanId=]
2025-06-13 10:38:20 [http-nio-8088-exec-3] DEBUG o.s.security.web.FilterChainProxy - Secured POST /api/transactions/confirm-transaction MDC:[traceId=, spanId=]
2025-06-13 10:38:30 [http-nio-8088-exec-6] DEBUG o.s.security.web.FilterChainProxy - Securing POST /api/transactions/loan-payment MDC:[traceId=, spanId=]
2025-06-13 10:38:30 [http-nio-8088-exec-6] DEBUG o.s.s.o.s.r.a.JwtAuthenticationProvider - Authenticated token MDC:[traceId=, spanId=]
2025-06-13 10:38:30 [http-nio-8088-exec-6] DEBUG o.s.s.o.s.r.w.a.BearerTokenAuthenticationFilter - Set SecurityContextHolder to JwtAuthenticationToken [Principal=org.springframework.security.oauth2.jwt.Jwt@1fdae49a, Credentials=[PROTECTED], Authenticated=true, Details=WebAuthenticationDetails [RemoteIpAddress=0:0:0:0:0:0:0:1, SessionId=null], Granted Authorities=[ROLE_default-roles-myrealm, ROLE_offline_access, ROLE_CUSTOMER, ROLE_uma_authorization]] MDC:[traceId=, spanId=]
2025-06-13 10:38:30 [http-nio-8088-exec-6] DEBUG o.s.security.web.FilterChainProxy - Secured POST /api/transactions/loan-payment MDC:[traceId=, spanId=]
2025-06-13 10:38:54 [http-nio-8088-exec-7] DEBUG o.s.security.web.FilterChainProxy - Securing POST /api/transactions/confirm-transaction MDC:[traceId=, spanId=]
2025-06-13 10:38:54 [http-nio-8088-exec-7] DEBUG o.s.s.o.s.r.a.JwtAuthenticationProvider - Authenticated token MDC:[traceId=, spanId=]
2025-06-13 10:38:54 [http-nio-8088-exec-7] DEBUG o.s.s.o.s.r.w.a.BearerTokenAuthenticationFilter - Set SecurityContextHolder to JwtAuthenticationToken [Principal=org.springframework.security.oauth2.jwt.Jwt@1fdae49a, Credentials=[PROTECTED], Authenticated=true, Details=WebAuthenticationDetails [RemoteIpAddress=0:0:0:0:0:0:0:1, SessionId=null], Granted Authorities=[ROLE_default-roles-myrealm, ROLE_offline_access, ROLE_CUSTOMER, ROLE_uma_authorization]] MDC:[traceId=, spanId=]
2025-06-13 10:38:54 [http-nio-8088-exec-7] DEBUG o.s.security.web.FilterChainProxy - Secured POST /api/transactions/confirm-transaction MDC:[traceId=, spanId=]
2025-06-13 10:48:16 [restartedMain] DEBUG o.s.s.c.a.a.c.AuthenticationConfiguration$DefaultPasswordEncoderAuthenticationManagerBuilder - No authenticationProviders and no parentAuthenticationManager defined. Returning null. MDC:[traceId=, spanId=]
2025-06-13 10:48:17 [restartedMain] DEBUG o.s.s.web.DefaultSecurityFilterChain - Will secure any request with filters: DisableEncodeUrlFilter, WebAsyncManagerIntegrationFilter, SecurityContextHolderFilter, HeaderWriterFilter, CorsFilter, LogoutFilter, BearerTokenAuthenticationFilter, RequestCacheAwareFilter, SecurityContextHolderAwareRequestFilter, AnonymousAuthenticationFilter, SessionManagementFilter, ExceptionTranslationFilter, AuthorizationFilter MDC:[traceId=, spanId=]
2025-06-13 10:49:58 [http-nio-8088-exec-2] DEBUG o.s.security.web.FilterChainProxy - Securing POST /api/transactions/loan-payment MDC:[traceId=, spanId=]
2025-06-13 10:49:59 [http-nio-8088-exec-2] DEBUG o.s.s.o.s.r.a.JwtAuthenticationProvider - Authenticated token MDC:[traceId=, spanId=]
2025-06-13 10:49:59 [http-nio-8088-exec-2] DEBUG o.s.s.o.s.r.w.a.BearerTokenAuthenticationFilter - Set SecurityContextHolder to JwtAuthenticationToken [Principal=org.springframework.security.oauth2.jwt.Jwt@1fdae49a, Credentials=[PROTECTED], Authenticated=true, Details=WebAuthenticationDetails [RemoteIpAddress=0:0:0:0:0:0:0:1, SessionId=null], Granted Authorities=[ROLE_default-roles-myrealm, ROLE_offline_access, ROLE_CUSTOMER, ROLE_uma_authorization]] MDC:[traceId=, spanId=]
2025-06-13 10:49:59 [http-nio-8088-exec-2] DEBUG o.s.security.web.FilterChainProxy - Secured POST /api/transactions/loan-payment MDC:[traceId=, spanId=]
2025-06-13 10:50:25 [http-nio-8088-exec-3] DEBUG o.s.security.web.FilterChainProxy - Securing POST /api/transactions/confirm-transaction MDC:[traceId=, spanId=]
2025-06-13 10:50:25 [http-nio-8088-exec-3] DEBUG o.s.s.o.s.r.a.JwtAuthenticationProvider - Authenticated token MDC:[traceId=, spanId=]
2025-06-13 10:50:25 [http-nio-8088-exec-3] DEBUG o.s.s.o.s.r.w.a.BearerTokenAuthenticationFilter - Set SecurityContextHolder to JwtAuthenticationToken [Principal=org.springframework.security.oauth2.jwt.Jwt@1fdae49a, Credentials=[PROTECTED], Authenticated=true, Details=WebAuthenticationDetails [RemoteIpAddress=0:0:0:0:0:0:0:1, SessionId=null], Granted Authorities=[ROLE_default-roles-myrealm, ROLE_offline_access, ROLE_CUSTOMER, ROLE_uma_authorization]] MDC:[traceId=, spanId=]
2025-06-13 10:50:25 [http-nio-8088-exec-3] DEBUG o.s.security.web.FilterChainProxy - Secured POST /api/transactions/confirm-transaction MDC:[traceId=, spanId=]
2025-06-13 10:51:16 [http-nio-8088-exec-4] DEBUG o.s.security.web.FilterChainProxy - Securing POST /api/transactions/payments/bills/check MDC:[traceId=, spanId=]
2025-06-13 10:51:16 [http-nio-8088-exec-4] DEBUG o.s.s.o.s.r.a.JwtAuthenticationProvider - Authenticated token MDC:[traceId=, spanId=]
2025-06-13 10:51:16 [http-nio-8088-exec-4] DEBUG o.s.s.o.s.r.w.a.BearerTokenAuthenticationFilter - Set SecurityContextHolder to JwtAuthenticationToken [Principal=org.springframework.security.oauth2.jwt.Jwt@1fdae49a, Credentials=[PROTECTED], Authenticated=true, Details=WebAuthenticationDetails [RemoteIpAddress=127.0.0.1, SessionId=null], Granted Authorities=[ROLE_default-roles-myrealm, ROLE_offline_access, ROLE_CUSTOMER, ROLE_uma_authorization]] MDC:[traceId=, spanId=]
2025-06-13 10:51:16 [http-nio-8088-exec-4] DEBUG o.s.security.web.FilterChainProxy - Secured POST /api/transactions/payments/bills/check MDC:[traceId=, spanId=]
2025-06-13 10:55:27 [http-nio-8088-exec-7] DEBUG o.s.security.web.FilterChainProxy - Securing POST /api/transactions/payments/bills/pay MDC:[traceId=, spanId=]
2025-06-13 10:55:27 [http-nio-8088-exec-7] DEBUG o.s.s.o.s.r.a.JwtAuthenticationProvider - Authenticated token MDC:[traceId=, spanId=]
2025-06-13 10:55:27 [http-nio-8088-exec-7] DEBUG o.s.s.o.s.r.w.a.BearerTokenAuthenticationFilter - Set SecurityContextHolder to JwtAuthenticationToken [Principal=org.springframework.security.oauth2.jwt.Jwt@1fdae49a, Credentials=[PROTECTED], Authenticated=true, Details=WebAuthenticationDetails [RemoteIpAddress=127.0.0.1, SessionId=null], Granted Authorities=[ROLE_default-roles-myrealm, ROLE_offline_access, ROLE_CUSTOMER, ROLE_uma_authorization]] MDC:[traceId=, spanId=]
2025-06-13 10:55:27 [http-nio-8088-exec-7] DEBUG o.s.security.web.FilterChainProxy - Secured POST /api/transactions/payments/bills/pay MDC:[traceId=, spanId=]
2025-06-13 10:56:12 [http-nio-8088-exec-9] DEBUG o.s.security.web.FilterChainProxy - Securing POST /api/transactions/confirm-transaction MDC:[traceId=, spanId=]
2025-06-13 10:56:12 [http-nio-8088-exec-9] DEBUG o.s.s.o.s.r.a.JwtAuthenticationProvider - Authenticated token MDC:[traceId=, spanId=]
2025-06-13 10:56:12 [http-nio-8088-exec-9] DEBUG o.s.s.o.s.r.w.a.BearerTokenAuthenticationFilter - Set SecurityContextHolder to JwtAuthenticationToken [Principal=org.springframework.security.oauth2.jwt.Jwt@1fdae49a, Credentials=[PROTECTED], Authenticated=true, Details=WebAuthenticationDetails [RemoteIpAddress=0:0:0:0:0:0:0:1, SessionId=null], Granted Authorities=[ROLE_default-roles-myrealm, ROLE_offline_access, ROLE_CUSTOMER, ROLE_uma_authorization]] MDC:[traceId=, spanId=]
2025-06-13 10:56:12 [http-nio-8088-exec-9] DEBUG o.s.security.web.FilterChainProxy - Secured POST /api/transactions/confirm-transaction MDC:[traceId=, spanId=]
2025-06-13 11:02:39 [restartedMain] DEBUG o.s.s.c.a.a.c.AuthenticationConfiguration$DefaultPasswordEncoderAuthenticationManagerBuilder - No authenticationProviders and no parentAuthenticationManager defined. Returning null. MDC:[traceId=, spanId=]
2025-06-13 11:02:41 [restartedMain] DEBUG o.s.s.web.DefaultSecurityFilterChain - Will secure any request with filters: DisableEncodeUrlFilter, WebAsyncManagerIntegrationFilter, SecurityContextHolderFilter, HeaderWriterFilter, CorsFilter, LogoutFilter, BearerTokenAuthenticationFilter, RequestCacheAwareFilter, SecurityContextHolderAwareRequestFilter, AnonymousAuthenticationFilter, SessionManagementFilter, ExceptionTranslationFilter, AuthorizationFilter MDC:[traceId=, spanId=]
2025-06-13 11:03:05 [http-nio-8088-exec-1] DEBUG o.s.security.web.FilterChainProxy - Securing POST /api/transactions/payments/bills/pay MDC:[traceId=, spanId=]
2025-06-13 11:03:06 [http-nio-8088-exec-1] DEBUG o.s.s.o.s.r.a.JwtAuthenticationProvider - Authenticated token MDC:[traceId=, spanId=]
2025-06-13 11:03:06 [http-nio-8088-exec-1] DEBUG o.s.s.o.s.r.w.a.BearerTokenAuthenticationFilter - Set SecurityContextHolder to JwtAuthenticationToken [Principal=org.springframework.security.oauth2.jwt.Jwt@1fdae49a, Credentials=[PROTECTED], Authenticated=true, Details=WebAuthenticationDetails [RemoteIpAddress=127.0.0.1, SessionId=null], Granted Authorities=[ROLE_default-roles-myrealm, ROLE_offline_access, ROLE_CUSTOMER, ROLE_uma_authorization]] MDC:[traceId=, spanId=]
2025-06-13 11:03:06 [http-nio-8088-exec-1] DEBUG o.s.security.web.FilterChainProxy - Secured POST /api/transactions/payments/bills/pay MDC:[traceId=, spanId=]
2025-06-13 11:03:36 [http-nio-8088-exec-3] DEBUG o.s.security.web.FilterChainProxy - Securing POST /api/transactions/confirm-transaction MDC:[traceId=, spanId=]
2025-06-13 11:03:36 [http-nio-8088-exec-3] DEBUG o.s.s.o.s.r.a.JwtAuthenticationProvider - Authenticated token MDC:[traceId=, spanId=]
2025-06-13 11:03:36 [http-nio-8088-exec-3] DEBUG o.s.s.o.s.r.w.a.BearerTokenAuthenticationFilter - Set SecurityContextHolder to JwtAuthenticationToken [Principal=org.springframework.security.oauth2.jwt.Jwt@1fdae49a, Credentials=[PROTECTED], Authenticated=true, Details=WebAuthenticationDetails [RemoteIpAddress=0:0:0:0:0:0:0:1, SessionId=null], Granted Authorities=[ROLE_default-roles-myrealm, ROLE_offline_access, ROLE_CUSTOMER, ROLE_uma_authorization]] MDC:[traceId=, spanId=]
2025-06-13 11:03:36 [http-nio-8088-exec-3] DEBUG o.s.security.web.FilterChainProxy - Secured POST /api/transactions/confirm-transaction MDC:[traceId=, spanId=]
2025-06-13 13:06:49 [restartedMain] DEBUG o.s.s.c.a.a.c.AuthenticationConfiguration$DefaultPasswordEncoderAuthenticationManagerBuilder - No authenticationProviders and no parentAuthenticationManager defined. Returning null. MDC:[traceId=, spanId=]
2025-06-13 13:06:51 [restartedMain] DEBUG o.s.s.web.DefaultSecurityFilterChain - Will secure any request with filters: DisableEncodeUrlFilter, WebAsyncManagerIntegrationFilter, SecurityContextHolderFilter, HeaderWriterFilter, CorsFilter, LogoutFilter, BearerTokenAuthenticationFilter, RequestCacheAwareFilter, SecurityContextHolderAwareRequestFilter, AnonymousAuthenticationFilter, SessionManagementFilter, ExceptionTranslationFilter, AuthorizationFilter MDC:[traceId=, spanId=]
2025-06-13 13:07:13 [http-nio-8088-exec-1] DEBUG o.s.security.web.FilterChainProxy - Securing GET /api/transactions/getDailyPaymentTransaction MDC:[traceId=, spanId=]
2025-06-13 13:07:13 [http-nio-8088-exec-1] DEBUG o.s.s.o.s.r.a.JwtAuthenticationProvider - Authenticated token MDC:[traceId=, spanId=]
2025-06-13 13:07:13 [http-nio-8088-exec-1] DEBUG o.s.s.o.s.r.w.a.BearerTokenAuthenticationFilter - Set SecurityContextHolder to JwtAuthenticationToken [Principal=org.springframework.security.oauth2.jwt.Jwt@ba2a5f1e, Credentials=[PROTECTED], Authenticated=true, Details=WebAuthenticationDetails [RemoteIpAddress=127.0.0.1, SessionId=null], Granted Authorities=[ROLE_default-roles-myrealm, ROLE_offline_access, ROLE_CUSTOMER, ROLE_uma_authorization]] MDC:[traceId=, spanId=]
2025-06-13 13:07:13 [http-nio-8088-exec-1] DEBUG o.s.security.web.FilterChainProxy - Secured GET /api/transactions/getDailyPaymentTransaction MDC:[traceId=, spanId=]
2025-06-13 13:08:00 [http-nio-8088-exec-2] DEBUG o.s.security.web.FilterChainProxy - Securing GET /api/transactions/getDailyPaymentTransaction MDC:[traceId=, spanId=]
2025-06-13 13:08:00 [http-nio-8088-exec-2] DEBUG o.s.s.o.s.r.a.JwtAuthenticationProvider - Authenticated token MDC:[traceId=, spanId=]
2025-06-13 13:08:00 [http-nio-8088-exec-2] DEBUG o.s.s.o.s.r.w.a.BearerTokenAuthenticationFilter - Set SecurityContextHolder to JwtAuthenticationToken [Principal=org.springframework.security.oauth2.jwt.Jwt@ba2a5f1e, Credentials=[PROTECTED], Authenticated=true, Details=WebAuthenticationDetails [RemoteIpAddress=127.0.0.1, SessionId=null], Granted Authorities=[ROLE_default-roles-myrealm, ROLE_offline_access, ROLE_CUSTOMER, ROLE_uma_authorization]] MDC:[traceId=, spanId=]
2025-06-13 13:08:00 [http-nio-8088-exec-2] DEBUG o.s.security.web.FilterChainProxy - Secured GET /api/transactions/getDailyPaymentTransaction MDC:[traceId=, spanId=]
2025-06-13 13:08:02 [http-nio-8088-exec-3] DEBUG o.s.security.web.FilterChainProxy - Securing GET /api/transactions/getDailyPaymentTransaction MDC:[traceId=, spanId=]
2025-06-13 13:08:02 [http-nio-8088-exec-3] DEBUG o.s.s.o.s.r.a.JwtAuthenticationProvider - Authenticated token MDC:[traceId=, spanId=]
2025-06-13 13:08:02 [http-nio-8088-exec-3] DEBUG o.s.s.o.s.r.w.a.BearerTokenAuthenticationFilter - Set SecurityContextHolder to JwtAuthenticationToken [Principal=org.springframework.security.oauth2.jwt.Jwt@ba2a5f1e, Credentials=[PROTECTED], Authenticated=true, Details=WebAuthenticationDetails [RemoteIpAddress=127.0.0.1, SessionId=null], Granted Authorities=[ROLE_default-roles-myrealm, ROLE_offline_access, ROLE_CUSTOMER, ROLE_uma_authorization]] MDC:[traceId=, spanId=]
2025-06-13 13:08:02 [http-nio-8088-exec-3] DEBUG o.s.security.web.FilterChainProxy - Secured GET /api/transactions/getDailyPaymentTransaction MDC:[traceId=, spanId=]
2025-06-13 13:09:45 [http-nio-8088-exec-5] DEBUG o.s.security.web.FilterChainProxy - Securing GET /api/transactions/getDailyPaymentTransaction MDC:[traceId=, spanId=]
2025-06-13 13:09:46 [http-nio-8088-exec-5] DEBUG o.s.s.o.s.r.a.JwtAuthenticationProvider - Authenticated token MDC:[traceId=, spanId=]
2025-06-13 13:09:46 [http-nio-8088-exec-5] DEBUG o.s.s.o.s.r.w.a.BearerTokenAuthenticationFilter - Set SecurityContextHolder to JwtAuthenticationToken [Principal=org.springframework.security.oauth2.jwt.Jwt@ba2a5f1e, Credentials=[PROTECTED], Authenticated=true, Details=WebAuthenticationDetails [RemoteIpAddress=127.0.0.1, SessionId=null], Granted Authorities=[ROLE_default-roles-myrealm, ROLE_offline_access, ROLE_CUSTOMER, ROLE_uma_authorization]] MDC:[traceId=, spanId=]
2025-06-13 13:09:46 [http-nio-8088-exec-5] DEBUG o.s.security.web.FilterChainProxy - Secured GET /api/transactions/getDailyPaymentTransaction MDC:[traceId=, spanId=]
2025-06-13 13:19:09 [restartedMain] DEBUG o.s.s.c.a.a.c.AuthenticationConfiguration$DefaultPasswordEncoderAuthenticationManagerBuilder - No authenticationProviders and no parentAuthenticationManager defined. Returning null. MDC:[traceId=, spanId=]
2025-06-13 13:19:11 [restartedMain] DEBUG o.s.s.web.DefaultSecurityFilterChain - Will secure any request with filters: DisableEncodeUrlFilter, WebAsyncManagerIntegrationFilter, SecurityContextHolderFilter, HeaderWriterFilter, CorsFilter, LogoutFilter, BearerTokenAuthenticationFilter, RequestCacheAwareFilter, SecurityContextHolderAwareRequestFilter, AnonymousAuthenticationFilter, SessionManagementFilter, ExceptionTranslationFilter, AuthorizationFilter MDC:[traceId=, spanId=]
2025-06-13 13:19:35 [http-nio-8088-exec-1] DEBUG o.s.security.web.FilterChainProxy - Securing GET /api/transactions/getDailyPaymentTransaction MDC:[traceId=, spanId=]
2025-06-13 13:19:36 [http-nio-8088-exec-1] DEBUG o.s.s.o.s.r.a.JwtAuthenticationProvider - Authenticated token MDC:[traceId=, spanId=]
2025-06-13 13:19:36 [http-nio-8088-exec-1] DEBUG o.s.s.o.s.r.w.a.BearerTokenAuthenticationFilter - Set SecurityContextHolder to JwtAuthenticationToken [Principal=org.springframework.security.oauth2.jwt.Jwt@ba2a5f1e, Credentials=[PROTECTED], Authenticated=true, Details=WebAuthenticationDetails [RemoteIpAddress=127.0.0.1, SessionId=null], Granted Authorities=[ROLE_default-roles-myrealm, ROLE_offline_access, ROLE_CUSTOMER, ROLE_uma_authorization]] MDC:[traceId=, spanId=]
2025-06-13 13:19:36 [http-nio-8088-exec-1] DEBUG o.s.security.web.FilterChainProxy - Secured GET /api/transactions/getDailyPaymentTransaction MDC:[traceId=, spanId=]
2025-06-13 13:21:16 [restartedMain] DEBUG o.s.s.c.a.a.c.AuthenticationConfiguration$DefaultPasswordEncoderAuthenticationManagerBuilder - No authenticationProviders and no parentAuthenticationManager defined. Returning null. MDC:[traceId=, spanId=]
2025-06-13 13:21:18 [restartedMain] DEBUG o.s.s.web.DefaultSecurityFilterChain - Will secure any request with filters: DisableEncodeUrlFilter, WebAsyncManagerIntegrationFilter, SecurityContextHolderFilter, HeaderWriterFilter, CorsFilter, LogoutFilter, BearerTokenAuthenticationFilter, RequestCacheAwareFilter, SecurityContextHolderAwareRequestFilter, AnonymousAuthenticationFilter, SessionManagementFilter, ExceptionTranslationFilter, AuthorizationFilter MDC:[traceId=, spanId=]
2025-06-13 13:21:34 [http-nio-8088-exec-1] DEBUG o.s.security.web.FilterChainProxy - Securing POST /api/transactions/payments/bills/pay MDC:[traceId=, spanId=]
2025-06-13 13:21:35 [http-nio-8088-exec-1] DEBUG o.s.s.o.s.r.a.JwtAuthenticationProvider - Authenticated token MDC:[traceId=, spanId=]
2025-06-13 13:21:35 [http-nio-8088-exec-1] DEBUG o.s.s.o.s.r.w.a.BearerTokenAuthenticationFilter - Set SecurityContextHolder to JwtAuthenticationToken [Principal=org.springframework.security.oauth2.jwt.Jwt@ba2a5f1e, Credentials=[PROTECTED], Authenticated=true, Details=WebAuthenticationDetails [RemoteIpAddress=127.0.0.1, SessionId=null], Granted Authorities=[ROLE_default-roles-myrealm, ROLE_offline_access, ROLE_CUSTOMER, ROLE_uma_authorization]] MDC:[traceId=, spanId=]
2025-06-13 13:21:35 [http-nio-8088-exec-1] DEBUG o.s.security.web.FilterChainProxy - Secured POST /api/transactions/payments/bills/pay MDC:[traceId=, spanId=]
2025-06-13 13:22:32 [http-nio-8088-exec-2] DEBUG o.s.security.web.FilterChainProxy - Securing POST /api/transactions/payments/bills/pay MDC:[traceId=, spanId=]
2025-06-13 13:22:32 [http-nio-8088-exec-2] DEBUG o.s.s.o.s.r.a.JwtAuthenticationProvider - Authenticated token MDC:[traceId=, spanId=]
2025-06-13 13:22:32 [http-nio-8088-exec-2] DEBUG o.s.s.o.s.r.w.a.BearerTokenAuthenticationFilter - Set SecurityContextHolder to JwtAuthenticationToken [Principal=org.springframework.security.oauth2.jwt.Jwt@ba2a5f1e, Credentials=[PROTECTED], Authenticated=true, Details=WebAuthenticationDetails [RemoteIpAddress=127.0.0.1, SessionId=null], Granted Authorities=[ROLE_default-roles-myrealm, ROLE_offline_access, ROLE_CUSTOMER, ROLE_uma_authorization]] MDC:[traceId=, spanId=]
2025-06-13 13:22:32 [http-nio-8088-exec-2] DEBUG o.s.security.web.FilterChainProxy - Secured POST /api/transactions/payments/bills/pay MDC:[traceId=, spanId=]
2025-06-13 13:23:13 [http-nio-8088-exec-4] DEBUG o.s.security.web.FilterChainProxy - Securing POST /api/transactions/confirm-transaction MDC:[traceId=, spanId=]
2025-06-13 13:23:13 [http-nio-8088-exec-4] DEBUG o.s.s.o.jwt.JwtTimestampValidator - Jwt expired at 2025-06-13T04:03:24Z MDC:[traceId=, spanId=]
2025-06-13 13:23:13 [http-nio-8088-exec-4] DEBUG o.s.s.o.s.r.a.JwtAuthenticationProvider - Failed to authenticate since the JWT was invalid MDC:[traceId=, spanId=]
2025-06-13 13:23:23 [http-nio-8088-exec-3] DEBUG o.s.security.web.FilterChainProxy - Securing POST /api/transactions/confirm-transaction MDC:[traceId=, spanId=]
2025-06-13 13:23:23 [http-nio-8088-exec-3] DEBUG o.s.s.o.s.r.a.JwtAuthenticationProvider - Authenticated token MDC:[traceId=, spanId=]
2025-06-13 13:23:23 [http-nio-8088-exec-3] DEBUG o.s.s.o.s.r.w.a.BearerTokenAuthenticationFilter - Set SecurityContextHolder to JwtAuthenticationToken [Principal=org.springframework.security.oauth2.jwt.Jwt@ba2a5f1e, Credentials=[PROTECTED], Authenticated=true, Details=WebAuthenticationDetails [RemoteIpAddress=0:0:0:0:0:0:0:1, SessionId=null], Granted Authorities=[ROLE_default-roles-myrealm, ROLE_offline_access, ROLE_CUSTOMER, ROLE_uma_authorization]] MDC:[traceId=, spanId=]
2025-06-13 13:23:23 [http-nio-8088-exec-3] DEBUG o.s.security.web.FilterChainProxy - Secured POST /api/transactions/confirm-transaction MDC:[traceId=, spanId=]
2025-06-13 13:24:27 [http-nio-8088-exec-7] DEBUG o.s.security.web.FilterChainProxy - Securing GET /api/transactions/getDailyPaymentTransaction MDC:[traceId=, spanId=]
2025-06-13 13:24:27 [http-nio-8088-exec-7] DEBUG o.s.s.o.s.r.a.JwtAuthenticationProvider - Authenticated token MDC:[traceId=, spanId=]
2025-06-13 13:24:27 [http-nio-8088-exec-7] DEBUG o.s.s.o.s.r.w.a.BearerTokenAuthenticationFilter - Set SecurityContextHolder to JwtAuthenticationToken [Principal=org.springframework.security.oauth2.jwt.Jwt@ba2a5f1e, Credentials=[PROTECTED], Authenticated=true, Details=WebAuthenticationDetails [RemoteIpAddress=127.0.0.1, SessionId=null], Granted Authorities=[ROLE_default-roles-myrealm, ROLE_offline_access, ROLE_CUSTOMER, ROLE_uma_authorization]] MDC:[traceId=, spanId=]
2025-06-13 13:24:27 [http-nio-8088-exec-7] DEBUG o.s.security.web.FilterChainProxy - Secured GET /api/transactions/getDailyPaymentTransaction MDC:[traceId=, spanId=]
2025-06-13 13:26:35 [http-nio-8088-exec-8] DEBUG o.s.security.web.FilterChainProxy - Securing GET /api/transactions/getDailyPaymentTransaction MDC:[traceId=, spanId=]
2025-06-13 13:26:35 [http-nio-8088-exec-8] DEBUG o.s.s.o.s.r.a.JwtAuthenticationProvider - Authenticated token MDC:[traceId=, spanId=]
2025-06-13 13:26:35 [http-nio-8088-exec-8] DEBUG o.s.s.o.s.r.w.a.BearerTokenAuthenticationFilter - Set SecurityContextHolder to JwtAuthenticationToken [Principal=org.springframework.security.oauth2.jwt.Jwt@ba2a5f1e, Credentials=[PROTECTED], Authenticated=true, Details=WebAuthenticationDetails [RemoteIpAddress=127.0.0.1, SessionId=null], Granted Authorities=[ROLE_default-roles-myrealm, ROLE_offline_access, ROLE_CUSTOMER, ROLE_uma_authorization]] MDC:[traceId=, spanId=]
2025-06-13 13:26:35 [http-nio-8088-exec-8] DEBUG o.s.security.web.FilterChainProxy - Secured GET /api/transactions/getDailyPaymentTransaction MDC:[traceId=, spanId=]
2025-06-13 14:45:01 [restartedMain] DEBUG o.s.s.c.a.a.c.AuthenticationConfiguration$DefaultPasswordEncoderAuthenticationManagerBuilder - No authenticationProviders and no parentAuthenticationManager defined. Returning null. MDC:[traceId=, spanId=]
2025-06-13 14:45:02 [restartedMain] DEBUG o.s.s.web.DefaultSecurityFilterChain - Will secure any request with filters: DisableEncodeUrlFilter, WebAsyncManagerIntegrationFilter, SecurityContextHolderFilter, HeaderWriterFilter, CorsFilter, LogoutFilter, BearerTokenAuthenticationFilter, RequestCacheAwareFilter, SecurityContextHolderAwareRequestFilter, AnonymousAuthenticationFilter, SessionManagementFilter, ExceptionTranslationFilter, AuthorizationFilter MDC:[traceId=, spanId=]
2025-06-13 14:45:49 [http-nio-8088-exec-1] DEBUG o.s.security.web.FilterChainProxy - Securing POST /api/transactions/payments/bills/check MDC:[traceId=, spanId=]
2025-06-13 14:45:49 [http-nio-8088-exec-1] DEBUG o.s.s.o.s.r.a.JwtAuthenticationProvider - Authenticated token MDC:[traceId=, spanId=]
2025-06-13 14:45:49 [http-nio-8088-exec-1] DEBUG o.s.s.o.s.r.w.a.BearerTokenAuthenticationFilter - Set SecurityContextHolder to JwtAuthenticationToken [Principal=org.springframework.security.oauth2.jwt.Jwt@7541ef93, Credentials=[PROTECTED], Authenticated=true, Details=WebAuthenticationDetails [RemoteIpAddress=127.0.0.1, SessionId=null], Granted Authorities=[ROLE_default-roles-myrealm, ROLE_offline_access, ROLE_CUSTOMER, ROLE_uma_authorization]] MDC:[traceId=, spanId=]
2025-06-13 14:45:49 [http-nio-8088-exec-1] DEBUG o.s.security.web.FilterChainProxy - Secured POST /api/transactions/payments/bills/check MDC:[traceId=, spanId=]
2025-06-13 14:45:55 [http-nio-8088-exec-2] DEBUG o.s.security.web.FilterChainProxy - Securing POST /api/transactions/payments/bills/check MDC:[traceId=, spanId=]
2025-06-13 14:45:55 [http-nio-8088-exec-2] DEBUG o.s.s.o.s.r.a.JwtAuthenticationProvider - Authenticated token MDC:[traceId=, spanId=]
2025-06-13 14:45:55 [http-nio-8088-exec-2] DEBUG o.s.s.o.s.r.w.a.BearerTokenAuthenticationFilter - Set SecurityContextHolder to JwtAuthenticationToken [Principal=org.springframework.security.oauth2.jwt.Jwt@7541ef93, Credentials=[PROTECTED], Authenticated=true, Details=WebAuthenticationDetails [RemoteIpAddress=127.0.0.1, SessionId=null], Granted Authorities=[ROLE_default-roles-myrealm, ROLE_offline_access, ROLE_CUSTOMER, ROLE_uma_authorization]] MDC:[traceId=, spanId=]
2025-06-13 14:45:55 [http-nio-8088-exec-2] DEBUG o.s.security.web.FilterChainProxy - Secured POST /api/transactions/payments/bills/check MDC:[traceId=, spanId=]
2025-06-13 14:45:58 [http-nio-8088-exec-5] DEBUG o.s.security.web.FilterChainProxy - Securing POST /api/transactions/payments/bills/check MDC:[traceId=, spanId=]
2025-06-13 14:45:58 [http-nio-8088-exec-5] DEBUG o.s.s.o.s.r.a.JwtAuthenticationProvider - Authenticated token MDC:[traceId=, spanId=]
2025-06-13 14:45:58 [http-nio-8088-exec-5] DEBUG o.s.s.o.s.r.w.a.BearerTokenAuthenticationFilter - Set SecurityContextHolder to JwtAuthenticationToken [Principal=org.springframework.security.oauth2.jwt.Jwt@7541ef93, Credentials=[PROTECTED], Authenticated=true, Details=WebAuthenticationDetails [RemoteIpAddress=127.0.0.1, SessionId=null], Granted Authorities=[ROLE_default-roles-myrealm, ROLE_offline_access, ROLE_CUSTOMER, ROLE_uma_authorization]] MDC:[traceId=, spanId=]
2025-06-13 14:45:58 [http-nio-8088-exec-5] DEBUG o.s.security.web.FilterChainProxy - Secured POST /api/transactions/payments/bills/check MDC:[traceId=, spanId=]
2025-06-13 14:46:05 [http-nio-8088-exec-4] DEBUG o.s.security.web.FilterChainProxy - Securing POST /api/transactions/payments/bills/check MDC:[traceId=, spanId=]
2025-06-13 14:46:05 [http-nio-8088-exec-4] DEBUG o.s.s.o.s.r.a.JwtAuthenticationProvider - Authenticated token MDC:[traceId=, spanId=]
2025-06-13 14:46:05 [http-nio-8088-exec-4] DEBUG o.s.s.o.s.r.w.a.BearerTokenAuthenticationFilter - Set SecurityContextHolder to JwtAuthenticationToken [Principal=org.springframework.security.oauth2.jwt.Jwt@7541ef93, Credentials=[PROTECTED], Authenticated=true, Details=WebAuthenticationDetails [RemoteIpAddress=127.0.0.1, SessionId=null], Granted Authorities=[ROLE_default-roles-myrealm, ROLE_offline_access, ROLE_CUSTOMER, ROLE_uma_authorization]] MDC:[traceId=, spanId=]
2025-06-13 14:46:05 [http-nio-8088-exec-4] DEBUG o.s.security.web.FilterChainProxy - Secured POST /api/transactions/payments/bills/check MDC:[traceId=, spanId=]
2025-06-13 14:46:06 [http-nio-8088-exec-3] DEBUG o.s.security.web.FilterChainProxy - Securing POST /api/transactions/payments/bills/check MDC:[traceId=, spanId=]
2025-06-13 14:46:06 [http-nio-8088-exec-3] DEBUG o.s.s.o.s.r.a.JwtAuthenticationProvider - Authenticated token MDC:[traceId=, spanId=]
2025-06-13 14:46:06 [http-nio-8088-exec-3] DEBUG o.s.s.o.s.r.w.a.BearerTokenAuthenticationFilter - Set SecurityContextHolder to JwtAuthenticationToken [Principal=org.springframework.security.oauth2.jwt.Jwt@7541ef93, Credentials=[PROTECTED], Authenticated=true, Details=WebAuthenticationDetails [RemoteIpAddress=127.0.0.1, SessionId=null], Granted Authorities=[ROLE_default-roles-myrealm, ROLE_offline_access, ROLE_CUSTOMER, ROLE_uma_authorization]] MDC:[traceId=, spanId=]
2025-06-13 14:46:06 [http-nio-8088-exec-3] DEBUG o.s.security.web.FilterChainProxy - Secured POST /api/transactions/payments/bills/check MDC:[traceId=, spanId=]
2025-06-13 14:46:12 [http-nio-8088-exec-6] DEBUG o.s.security.web.FilterChainProxy - Securing POST /api/transactions/payments/bills/check MDC:[traceId=, spanId=]
2025-06-13 14:46:12 [http-nio-8088-exec-6] DEBUG o.s.s.o.s.r.a.JwtAuthenticationProvider - Authenticated token MDC:[traceId=, spanId=]
2025-06-13 14:46:12 [http-nio-8088-exec-6] DEBUG o.s.s.o.s.r.w.a.BearerTokenAuthenticationFilter - Set SecurityContextHolder to JwtAuthenticationToken [Principal=org.springframework.security.oauth2.jwt.Jwt@7541ef93, Credentials=[PROTECTED], Authenticated=true, Details=WebAuthenticationDetails [RemoteIpAddress=127.0.0.1, SessionId=null], Granted Authorities=[ROLE_default-roles-myrealm, ROLE_offline_access, ROLE_CUSTOMER, ROLE_uma_authorization]] MDC:[traceId=, spanId=]
2025-06-13 14:46:12 [http-nio-8088-exec-6] DEBUG o.s.security.web.FilterChainProxy - Secured POST /api/transactions/payments/bills/check MDC:[traceId=, spanId=]
2025-06-13 14:46:13 [http-nio-8088-exec-7] DEBUG o.s.security.web.FilterChainProxy - Securing POST /api/transactions/payments/bills/check MDC:[traceId=, spanId=]
2025-06-13 14:46:13 [http-nio-8088-exec-7] DEBUG o.s.s.o.s.r.a.JwtAuthenticationProvider - Authenticated token MDC:[traceId=, spanId=]
2025-06-13 14:46:13 [http-nio-8088-exec-7] DEBUG o.s.s.o.s.r.w.a.BearerTokenAuthenticationFilter - Set SecurityContextHolder to JwtAuthenticationToken [Principal=org.springframework.security.oauth2.jwt.Jwt@7541ef93, Credentials=[PROTECTED], Authenticated=true, Details=WebAuthenticationDetails [RemoteIpAddress=127.0.0.1, SessionId=null], Granted Authorities=[ROLE_default-roles-myrealm, ROLE_offline_access, ROLE_CUSTOMER, ROLE_uma_authorization]] MDC:[traceId=, spanId=]
2025-06-13 14:46:13 [http-nio-8088-exec-7] DEBUG o.s.security.web.FilterChainProxy - Secured POST /api/transactions/payments/bills/check MDC:[traceId=, spanId=]
2025-06-13 14:46:48 [http-nio-8088-exec-8] DEBUG o.s.security.web.FilterChainProxy - Securing POST /api/transactions/payments/bills/pay MDC:[traceId=, spanId=]
2025-06-13 14:46:48 [http-nio-8088-exec-8] DEBUG o.s.s.o.s.r.a.JwtAuthenticationProvider - Authenticated token MDC:[traceId=, spanId=]
2025-06-13 14:46:48 [http-nio-8088-exec-8] DEBUG o.s.s.o.s.r.w.a.BearerTokenAuthenticationFilter - Set SecurityContextHolder to JwtAuthenticationToken [Principal=org.springframework.security.oauth2.jwt.Jwt@7541ef93, Credentials=[PROTECTED], Authenticated=true, Details=WebAuthenticationDetails [RemoteIpAddress=127.0.0.1, SessionId=null], Granted Authorities=[ROLE_default-roles-myrealm, ROLE_offline_access, ROLE_CUSTOMER, ROLE_uma_authorization]] MDC:[traceId=, spanId=]
2025-06-13 14:46:48 [http-nio-8088-exec-8] DEBUG o.s.security.web.FilterChainProxy - Secured POST /api/transactions/payments/bills/pay MDC:[traceId=, spanId=]
2025-06-13 14:47:40 [http-nio-8088-exec-10] DEBUG o.s.security.web.FilterChainProxy - Securing POST /api/transactions/confirm-transaction MDC:[traceId=, spanId=]
2025-06-13 14:47:40 [http-nio-8088-exec-10] DEBUG o.s.s.o.s.r.a.JwtAuthenticationProvider - Authenticated token MDC:[traceId=, spanId=]
2025-06-13 14:47:40 [http-nio-8088-exec-10] DEBUG o.s.s.o.s.r.w.a.BearerTokenAuthenticationFilter - Set SecurityContextHolder to JwtAuthenticationToken [Principal=org.springframework.security.oauth2.jwt.Jwt@7541ef93, Credentials=[PROTECTED], Authenticated=true, Details=WebAuthenticationDetails [RemoteIpAddress=0:0:0:0:0:0:0:1, SessionId=null], Granted Authorities=[ROLE_default-roles-myrealm, ROLE_offline_access, ROLE_CUSTOMER, ROLE_uma_authorization]] MDC:[traceId=, spanId=]
2025-06-13 14:47:40 [http-nio-8088-exec-10] DEBUG o.s.security.web.FilterChainProxy - Secured POST /api/transactions/confirm-transaction MDC:[traceId=, spanId=]
2025-06-13 14:50:57 [http-nio-8088-exec-5] DEBUG o.s.security.web.FilterChainProxy - Securing POST /api/transactions/payments/bills/pay MDC:[traceId=, spanId=]
2025-06-13 14:50:58 [http-nio-8088-exec-5] DEBUG o.s.s.o.s.r.a.JwtAuthenticationProvider - Authenticated token MDC:[traceId=, spanId=]
2025-06-13 14:50:58 [http-nio-8088-exec-5] DEBUG o.s.s.o.s.r.w.a.BearerTokenAuthenticationFilter - Set SecurityContextHolder to JwtAuthenticationToken [Principal=org.springframework.security.oauth2.jwt.Jwt@7541ef93, Credentials=[PROTECTED], Authenticated=true, Details=WebAuthenticationDetails [RemoteIpAddress=127.0.0.1, SessionId=null], Granted Authorities=[ROLE_default-roles-myrealm, ROLE_offline_access, ROLE_CUSTOMER, ROLE_uma_authorization]] MDC:[traceId=, spanId=]
2025-06-13 14:50:58 [http-nio-8088-exec-5] DEBUG o.s.security.web.FilterChainProxy - Secured POST /api/transactions/payments/bills/pay MDC:[traceId=, spanId=]
2025-06-13 15:05:52 [restartedMain] DEBUG o.s.s.c.a.a.c.AuthenticationConfiguration$DefaultPasswordEncoderAuthenticationManagerBuilder - No authenticationProviders and no parentAuthenticationManager defined. Returning null. MDC:[traceId=, spanId=]
2025-06-13 15:05:54 [restartedMain] DEBUG o.s.s.web.DefaultSecurityFilterChain - Will secure any request with filters: DisableEncodeUrlFilter, WebAsyncManagerIntegrationFilter, SecurityContextHolderFilter, HeaderWriterFilter, CorsFilter, LogoutFilter, BearerTokenAuthenticationFilter, RequestCacheAwareFilter, SecurityContextHolderAwareRequestFilter, AnonymousAuthenticationFilter, SessionManagementFilter, ExceptionTranslationFilter, AuthorizationFilter MDC:[traceId=, spanId=]
2025-06-13 15:08:09 [restartedMain] DEBUG o.s.s.c.a.a.c.AuthenticationConfiguration$DefaultPasswordEncoderAuthenticationManagerBuilder - No authenticationProviders and no parentAuthenticationManager defined. Returning null. MDC:[traceId=, spanId=]
2025-06-13 15:08:10 [restartedMain] DEBUG o.s.s.web.DefaultSecurityFilterChain - Will secure any request with filters: DisableEncodeUrlFilter, WebAsyncManagerIntegrationFilter, SecurityContextHolderFilter, HeaderWriterFilter, CorsFilter, LogoutFilter, BearerTokenAuthenticationFilter, RequestCacheAwareFilter, SecurityContextHolderAwareRequestFilter, AnonymousAuthenticationFilter, SessionManagementFilter, ExceptionTranslationFilter, AuthorizationFilter MDC:[traceId=, spanId=]
2025-06-13 15:08:22 [http-nio-8088-exec-2] DEBUG o.s.security.web.FilterChainProxy - Securing POST /api/transactions/payments/bills/pay MDC:[traceId=, spanId=]
2025-06-13 15:08:24 [http-nio-8088-exec-2] DEBUG o.s.s.o.s.r.a.JwtAuthenticationProvider - Authenticated token MDC:[traceId=, spanId=]
2025-06-13 15:08:24 [http-nio-8088-exec-2] DEBUG o.s.s.o.s.r.w.a.BearerTokenAuthenticationFilter - Set SecurityContextHolder to JwtAuthenticationToken [Principal=org.springframework.security.oauth2.jwt.Jwt@905368df, Credentials=[PROTECTED], Authenticated=true, Details=WebAuthenticationDetails [RemoteIpAddress=127.0.0.1, SessionId=null], Granted Authorities=[ROLE_default-roles-myrealm, ROLE_offline_access, ROLE_CUSTOMER, ROLE_uma_authorization]] MDC:[traceId=, spanId=]
2025-06-13 15:08:24 [http-nio-8088-exec-2] DEBUG o.s.security.web.FilterChainProxy - Secured POST /api/transactions/payments/bills/pay MDC:[traceId=, spanId=]
2025-06-13 15:09:24 [http-nio-8088-exec-3] DEBUG o.s.security.web.FilterChainProxy - Securing POST /api/transactions/confirm-transaction MDC:[traceId=, spanId=]
2025-06-13 15:09:24 [http-nio-8088-exec-3] DEBUG o.s.s.o.s.r.a.JwtAuthenticationProvider - Authenticated token MDC:[traceId=, spanId=]
2025-06-13 15:09:24 [http-nio-8088-exec-3] DEBUG o.s.s.o.s.r.w.a.BearerTokenAuthenticationFilter - Set SecurityContextHolder to JwtAuthenticationToken [Principal=org.springframework.security.oauth2.jwt.Jwt@905368df, Credentials=[PROTECTED], Authenticated=true, Details=WebAuthenticationDetails [RemoteIpAddress=0:0:0:0:0:0:0:1, SessionId=null], Granted Authorities=[ROLE_default-roles-myrealm, ROLE_offline_access, ROLE_CUSTOMER, ROLE_uma_authorization]] MDC:[traceId=, spanId=]
2025-06-13 15:09:24 [http-nio-8088-exec-3] DEBUG o.s.security.web.FilterChainProxy - Secured POST /api/transactions/confirm-transaction MDC:[traceId=, spanId=]
2025-06-13 15:12:55 [http-nio-8088-exec-8] DEBUG o.s.security.web.FilterChainProxy - Securing POST /api/transactions/payments/bills/pay MDC:[traceId=, spanId=]
2025-06-13 15:12:55 [http-nio-8088-exec-8] DEBUG o.s.s.o.s.r.a.JwtAuthenticationProvider - Authenticated token MDC:[traceId=, spanId=]
2025-06-13 15:12:55 [http-nio-8088-exec-8] DEBUG o.s.s.o.s.r.w.a.BearerTokenAuthenticationFilter - Set SecurityContextHolder to JwtAuthenticationToken [Principal=org.springframework.security.oauth2.jwt.Jwt@905368df, Credentials=[PROTECTED], Authenticated=true, Details=WebAuthenticationDetails [RemoteIpAddress=127.0.0.1, SessionId=null], Granted Authorities=[ROLE_default-roles-myrealm, ROLE_offline_access, ROLE_CUSTOMER, ROLE_uma_authorization]] MDC:[traceId=, spanId=]
2025-06-13 15:12:55 [http-nio-8088-exec-8] DEBUG o.s.security.web.FilterChainProxy - Secured POST /api/transactions/payments/bills/pay MDC:[traceId=, spanId=]
2025-06-13 15:17:25 [http-nio-8088-exec-7] DEBUG o.s.security.web.FilterChainProxy - Securing POST /api/transactions/payments/bills/pay MDC:[traceId=, spanId=]
2025-06-13 15:17:25 [http-nio-8088-exec-7] DEBUG o.s.s.o.s.r.a.JwtAuthenticationProvider - Authenticated token MDC:[traceId=, spanId=]
2025-06-13 15:17:25 [http-nio-8088-exec-7] DEBUG o.s.s.o.s.r.w.a.BearerTokenAuthenticationFilter - Set SecurityContextHolder to JwtAuthenticationToken [Principal=org.springframework.security.oauth2.jwt.Jwt@905368df, Credentials=[PROTECTED], Authenticated=true, Details=WebAuthenticationDetails [RemoteIpAddress=127.0.0.1, SessionId=null], Granted Authorities=[ROLE_default-roles-myrealm, ROLE_offline_access, ROLE_CUSTOMER, ROLE_uma_authorization]] MDC:[traceId=, spanId=]
2025-06-13 15:17:25 [http-nio-8088-exec-7] DEBUG o.s.security.web.FilterChainProxy - Secured POST /api/transactions/payments/bills/pay MDC:[traceId=, spanId=]
2025-06-13 15:20:58 [http-nio-8088-exec-5] DEBUG o.s.security.web.FilterChainProxy - Securing POST /api/transactions/payments/bills/pay MDC:[traceId=, spanId=]
2025-06-13 15:20:58 [http-nio-8088-exec-5] DEBUG o.s.s.o.s.r.a.JwtAuthenticationProvider - Authenticated token MDC:[traceId=, spanId=]
2025-06-13 15:20:58 [http-nio-8088-exec-5] DEBUG o.s.s.o.s.r.w.a.BearerTokenAuthenticationFilter - Set SecurityContextHolder to JwtAuthenticationToken [Principal=org.springframework.security.oauth2.jwt.Jwt@905368df, Credentials=[PROTECTED], Authenticated=true, Details=WebAuthenticationDetails [RemoteIpAddress=127.0.0.1, SessionId=null], Granted Authorities=[ROLE_default-roles-myrealm, ROLE_offline_access, ROLE_CUSTOMER, ROLE_uma_authorization]] MDC:[traceId=, spanId=]
2025-06-13 15:20:58 [http-nio-8088-exec-5] DEBUG o.s.security.web.FilterChainProxy - Secured POST /api/transactions/payments/bills/pay MDC:[traceId=, spanId=]
2025-06-13 15:21:33 [http-nio-8088-exec-9] DEBUG o.s.security.web.FilterChainProxy - Securing POST /api/transactions/payments/bills/pay MDC:[traceId=, spanId=]
2025-06-13 15:21:33 [http-nio-8088-exec-9] DEBUG o.s.s.o.s.r.a.JwtAuthenticationProvider - Authenticated token MDC:[traceId=, spanId=]
2025-06-13 15:21:33 [http-nio-8088-exec-9] DEBUG o.s.s.o.s.r.w.a.BearerTokenAuthenticationFilter - Set SecurityContextHolder to JwtAuthenticationToken [Principal=org.springframework.security.oauth2.jwt.Jwt@905368df, Credentials=[PROTECTED], Authenticated=true, Details=WebAuthenticationDetails [RemoteIpAddress=127.0.0.1, SessionId=null], Granted Authorities=[ROLE_default-roles-myrealm, ROLE_offline_access, ROLE_CUSTOMER, ROLE_uma_authorization]] MDC:[traceId=, spanId=]
2025-06-13 15:21:33 [http-nio-8088-exec-9] DEBUG o.s.security.web.FilterChainProxy - Secured POST /api/transactions/payments/bills/pay MDC:[traceId=, spanId=]
2025-06-13 15:21:59 [http-nio-8088-exec-10] DEBUG o.s.security.web.FilterChainProxy - Securing POST /api/transactions/payments/bills/pay MDC:[traceId=, spanId=]
2025-06-13 15:21:59 [http-nio-8088-exec-10] DEBUG o.s.s.o.s.r.a.JwtAuthenticationProvider - Authenticated token MDC:[traceId=, spanId=]
2025-06-13 15:21:59 [http-nio-8088-exec-10] DEBUG o.s.s.o.s.r.w.a.BearerTokenAuthenticationFilter - Set SecurityContextHolder to JwtAuthenticationToken [Principal=org.springframework.security.oauth2.jwt.Jwt@905368df, Credentials=[PROTECTED], Authenticated=true, Details=WebAuthenticationDetails [RemoteIpAddress=127.0.0.1, SessionId=null], Granted Authorities=[ROLE_default-roles-myrealm, ROLE_offline_access, ROLE_CUSTOMER, ROLE_uma_authorization]] MDC:[traceId=, spanId=]
2025-06-13 15:21:59 [http-nio-8088-exec-10] DEBUG o.s.security.web.FilterChainProxy - Secured POST /api/transactions/payments/bills/pay MDC:[traceId=, spanId=]
2025-06-13 15:22:30 [http-nio-8088-exec-1] DEBUG o.s.security.web.FilterChainProxy - Securing POST /api/transactions/confirm-transaction MDC:[traceId=, spanId=]
2025-06-13 15:22:31 [http-nio-8088-exec-1] DEBUG o.s.s.o.s.r.a.JwtAuthenticationProvider - Authenticated token MDC:[traceId=, spanId=]
2025-06-13 15:22:31 [http-nio-8088-exec-1] DEBUG o.s.s.o.s.r.w.a.BearerTokenAuthenticationFilter - Set SecurityContextHolder to JwtAuthenticationToken [Principal=org.springframework.security.oauth2.jwt.Jwt@905368df, Credentials=[PROTECTED], Authenticated=true, Details=WebAuthenticationDetails [RemoteIpAddress=0:0:0:0:0:0:0:1, SessionId=null], Granted Authorities=[ROLE_default-roles-myrealm, ROLE_offline_access, ROLE_CUSTOMER, ROLE_uma_authorization]] MDC:[traceId=, spanId=]
2025-06-13 15:22:31 [http-nio-8088-exec-1] DEBUG o.s.security.web.FilterChainProxy - Secured POST /api/transactions/confirm-transaction MDC:[traceId=, spanId=]
2025-06-13 15:22:59 [http-nio-8088-exec-3] DEBUG o.s.security.web.FilterChainProxy - Securing POST /api/transactions/payments/bills/pay MDC:[traceId=, spanId=]
2025-06-13 15:22:59 [http-nio-8088-exec-3] DEBUG o.s.s.o.s.r.a.JwtAuthenticationProvider - Authenticated token MDC:[traceId=, spanId=]
2025-06-13 15:22:59 [http-nio-8088-exec-3] DEBUG o.s.s.o.s.r.w.a.BearerTokenAuthenticationFilter - Set SecurityContextHolder to JwtAuthenticationToken [Principal=org.springframework.security.oauth2.jwt.Jwt@905368df, Credentials=[PROTECTED], Authenticated=true, Details=WebAuthenticationDetails [RemoteIpAddress=127.0.0.1, SessionId=null], Granted Authorities=[ROLE_default-roles-myrealm, ROLE_offline_access, ROLE_CUSTOMER, ROLE_uma_authorization]] MDC:[traceId=, spanId=]
2025-06-13 15:22:59 [http-nio-8088-exec-3] DEBUG o.s.security.web.FilterChainProxy - Secured POST /api/transactions/payments/bills/pay MDC:[traceId=, spanId=]
2025-06-13 15:25:25 [restartedMain] DEBUG o.s.s.c.a.a.c.AuthenticationConfiguration$DefaultPasswordEncoderAuthenticationManagerBuilder - No authenticationProviders and no parentAuthenticationManager defined. Returning null. MDC:[traceId=, spanId=]
2025-06-13 15:25:26 [restartedMain] DEBUG o.s.s.web.DefaultSecurityFilterChain - Will secure any request with filters: DisableEncodeUrlFilter, WebAsyncManagerIntegrationFilter, SecurityContextHolderFilter, HeaderWriterFilter, CorsFilter, LogoutFilter, BearerTokenAuthenticationFilter, RequestCacheAwareFilter, SecurityContextHolderAwareRequestFilter, AnonymousAuthenticationFilter, SessionManagementFilter, ExceptionTranslationFilter, AuthorizationFilter MDC:[traceId=, spanId=]
2025-06-13 15:25:38 [http-nio-8088-exec-1] DEBUG o.s.security.web.FilterChainProxy - Securing POST /api/transactions/payments/bills/pay MDC:[traceId=, spanId=]
2025-06-13 15:25:39 [http-nio-8088-exec-1] DEBUG o.s.s.o.s.r.a.JwtAuthenticationProvider - Authenticated token MDC:[traceId=, spanId=]
2025-06-13 15:25:39 [http-nio-8088-exec-1] DEBUG o.s.s.o.s.r.w.a.BearerTokenAuthenticationFilter - Set SecurityContextHolder to JwtAuthenticationToken [Principal=org.springframework.security.oauth2.jwt.Jwt@905368df, Credentials=[PROTECTED], Authenticated=true, Details=WebAuthenticationDetails [RemoteIpAddress=127.0.0.1, SessionId=null], Granted Authorities=[ROLE_default-roles-myrealm, ROLE_offline_access, ROLE_CUSTOMER, ROLE_uma_authorization]] MDC:[traceId=, spanId=]
2025-06-13 15:25:39 [http-nio-8088-exec-1] DEBUG o.s.security.web.FilterChainProxy - Secured POST /api/transactions/payments/bills/pay MDC:[traceId=, spanId=]
2025-06-13 15:26:13 [http-nio-8088-exec-3] DEBUG o.s.security.web.FilterChainProxy - Securing POST /api/transactions/confirm-transaction MDC:[traceId=, spanId=]
2025-06-13 15:26:13 [http-nio-8088-exec-3] DEBUG o.s.s.o.s.r.a.JwtAuthenticationProvider - Authenticated token MDC:[traceId=, spanId=]
2025-06-13 15:26:13 [http-nio-8088-exec-3] DEBUG o.s.s.o.s.r.w.a.BearerTokenAuthenticationFilter - Set SecurityContextHolder to JwtAuthenticationToken [Principal=org.springframework.security.oauth2.jwt.Jwt@905368df, Credentials=[PROTECTED], Authenticated=true, Details=WebAuthenticationDetails [RemoteIpAddress=0:0:0:0:0:0:0:1, SessionId=null], Granted Authorities=[ROLE_default-roles-myrealm, ROLE_offline_access, ROLE_CUSTOMER, ROLE_uma_authorization]] MDC:[traceId=, spanId=]
2025-06-13 15:26:13 [http-nio-8088-exec-3] DEBUG o.s.security.web.FilterChainProxy - Secured POST /api/transactions/confirm-transaction MDC:[traceId=, spanId=]
2025-06-13 15:26:55 [http-nio-8088-exec-5] DEBUG o.s.security.web.FilterChainProxy - Securing POST /api/transactions/payments/bills/pay MDC:[traceId=, spanId=]
2025-06-13 15:26:55 [http-nio-8088-exec-5] DEBUG o.s.s.o.s.r.a.JwtAuthenticationProvider - Authenticated token MDC:[traceId=, spanId=]
2025-06-13 15:26:55 [http-nio-8088-exec-5] DEBUG o.s.s.o.s.r.w.a.BearerTokenAuthenticationFilter - Set SecurityContextHolder to JwtAuthenticationToken [Principal=org.springframework.security.oauth2.jwt.Jwt@905368df, Credentials=[PROTECTED], Authenticated=true, Details=WebAuthenticationDetails [RemoteIpAddress=127.0.0.1, SessionId=null], Granted Authorities=[ROLE_default-roles-myrealm, ROLE_offline_access, ROLE_CUSTOMER, ROLE_uma_authorization]] MDC:[traceId=, spanId=]
2025-06-13 15:26:55 [http-nio-8088-exec-5] DEBUG o.s.security.web.FilterChainProxy - Secured POST /api/transactions/payments/bills/pay MDC:[traceId=, spanId=]
2025-06-13 15:36:44 [restartedMain] DEBUG o.s.s.c.a.a.c.AuthenticationConfiguration$DefaultPasswordEncoderAuthenticationManagerBuilder - No authenticationProviders and no parentAuthenticationManager defined. Returning null. MDC:[traceId=, spanId=]
2025-06-13 15:36:48 [restartedMain] DEBUG o.s.s.web.DefaultSecurityFilterChain - Will secure any request with filters: DisableEncodeUrlFilter, WebAsyncManagerIntegrationFilter, SecurityContextHolderFilter, HeaderWriterFilter, CorsFilter, LogoutFilter, BearerTokenAuthenticationFilter, RequestCacheAwareFilter, SecurityContextHolderAwareRequestFilter, AnonymousAuthenticationFilter, SessionManagementFilter, ExceptionTranslationFilter, AuthorizationFilter MDC:[traceId=, spanId=]
2025-06-13 15:37:24 [restartedMain] DEBUG o.s.s.c.a.a.c.AuthenticationConfiguration$DefaultPasswordEncoderAuthenticationManagerBuilder - No authenticationProviders and no parentAuthenticationManager defined. Returning null. MDC:[traceId=, spanId=]
2025-06-13 15:37:26 [restartedMain] DEBUG o.s.s.web.DefaultSecurityFilterChain - Will secure any request with filters: DisableEncodeUrlFilter, WebAsyncManagerIntegrationFilter, SecurityContextHolderFilter, HeaderWriterFilter, CorsFilter, LogoutFilter, BearerTokenAuthenticationFilter, RequestCacheAwareFilter, SecurityContextHolderAwareRequestFilter, AnonymousAuthenticationFilter, SessionManagementFilter, ExceptionTranslationFilter, AuthorizationFilter MDC:[traceId=, spanId=]
2025-06-13 15:37:49 [http-nio-8088-exec-1] DEBUG o.s.security.web.FilterChainProxy - Securing POST /api/transactions/payments/bills/pay MDC:[traceId=, spanId=]
2025-06-13 15:37:49 [http-nio-8088-exec-1] DEBUG o.s.s.o.s.r.a.JwtAuthenticationProvider - Authenticated token MDC:[traceId=, spanId=]
2025-06-13 15:37:49 [http-nio-8088-exec-1] DEBUG o.s.s.o.s.r.w.a.BearerTokenAuthenticationFilter - Set SecurityContextHolder to JwtAuthenticationToken [Principal=org.springframework.security.oauth2.jwt.Jwt@4ff93e32, Credentials=[PROTECTED], Authenticated=true, Details=WebAuthenticationDetails [RemoteIpAddress=127.0.0.1, SessionId=null], Granted Authorities=[ROLE_default-roles-myrealm, ROLE_offline_access, ROLE_CUSTOMER, ROLE_uma_authorization]] MDC:[traceId=, spanId=]
2025-06-13 15:37:49 [http-nio-8088-exec-1] DEBUG o.s.security.web.FilterChainProxy - Secured POST /api/transactions/payments/bills/pay MDC:[traceId=, spanId=]
2025-06-13 15:38:30 [http-nio-8088-exec-3] DEBUG o.s.security.web.FilterChainProxy - Securing POST /api/transactions/confirm-transaction MDC:[traceId=, spanId=]
2025-06-13 15:38:30 [http-nio-8088-exec-3] DEBUG o.s.s.o.s.r.a.JwtAuthenticationProvider - Authenticated token MDC:[traceId=, spanId=]
2025-06-13 15:38:30 [http-nio-8088-exec-3] DEBUG o.s.s.o.s.r.w.a.BearerTokenAuthenticationFilter - Set SecurityContextHolder to JwtAuthenticationToken [Principal=org.springframework.security.oauth2.jwt.Jwt@4ff93e32, Credentials=[PROTECTED], Authenticated=true, Details=WebAuthenticationDetails [RemoteIpAddress=0:0:0:0:0:0:0:1, SessionId=null], Granted Authorities=[ROLE_default-roles-myrealm, ROLE_offline_access, ROLE_CUSTOMER, ROLE_uma_authorization]] MDC:[traceId=, spanId=]
2025-06-13 15:38:30 [http-nio-8088-exec-3] DEBUG o.s.security.web.FilterChainProxy - Secured POST /api/transactions/confirm-transaction MDC:[traceId=, spanId=]
2025-06-13 15:44:57 [restartedMain] DEBUG o.s.s.c.a.a.c.AuthenticationConfiguration$DefaultPasswordEncoderAuthenticationManagerBuilder - No authenticationProviders and no parentAuthenticationManager defined. Returning null. MDC:[traceId=, spanId=]
2025-06-13 15:45:00 [restartedMain] DEBUG o.s.s.web.DefaultSecurityFilterChain - Will secure any request with filters: DisableEncodeUrlFilter, WebAsyncManagerIntegrationFilter, SecurityContextHolderFilter, HeaderWriterFilter, CorsFilter, LogoutFilter, BearerTokenAuthenticationFilter, RequestCacheAwareFilter, SecurityContextHolderAwareRequestFilter, AnonymousAuthenticationFilter, SessionManagementFilter, ExceptionTranslationFilter, AuthorizationFilter MDC:[traceId=, spanId=]
2025-06-13 15:45:16 [http-nio-8088-exec-2] DEBUG o.s.security.web.FilterChainProxy - Securing POST /api/transactions/payments/bills/pay MDC:[traceId=, spanId=]
2025-06-13 15:45:17 [http-nio-8088-exec-2] DEBUG o.s.s.o.s.r.a.JwtAuthenticationProvider - Authenticated token MDC:[traceId=, spanId=]
2025-06-13 15:45:17 [http-nio-8088-exec-2] DEBUG o.s.s.o.s.r.w.a.BearerTokenAuthenticationFilter - Set SecurityContextHolder to JwtAuthenticationToken [Principal=org.springframework.security.oauth2.jwt.Jwt@4ff93e32, Credentials=[PROTECTED], Authenticated=true, Details=WebAuthenticationDetails [RemoteIpAddress=127.0.0.1, SessionId=null], Granted Authorities=[ROLE_default-roles-myrealm, ROLE_offline_access, ROLE_CUSTOMER, ROLE_uma_authorization]] MDC:[traceId=, spanId=]
2025-06-13 15:45:17 [http-nio-8088-exec-2] DEBUG o.s.security.web.FilterChainProxy - Secured POST /api/transactions/payments/bills/pay MDC:[traceId=, spanId=]
2025-06-13 15:45:45 [http-nio-8088-exec-3] DEBUG o.s.security.web.FilterChainProxy - Securing POST /api/transactions/confirm-transaction MDC:[traceId=, spanId=]
2025-06-13 15:45:45 [http-nio-8088-exec-3] DEBUG o.s.s.o.s.r.a.JwtAuthenticationProvider - Authenticated token MDC:[traceId=, spanId=]
2025-06-13 15:45:45 [http-nio-8088-exec-3] DEBUG o.s.s.o.s.r.w.a.BearerTokenAuthenticationFilter - Set SecurityContextHolder to JwtAuthenticationToken [Principal=org.springframework.security.oauth2.jwt.Jwt@4ff93e32, Credentials=[PROTECTED], Authenticated=true, Details=WebAuthenticationDetails [RemoteIpAddress=0:0:0:0:0:0:0:1, SessionId=null], Granted Authorities=[ROLE_default-roles-myrealm, ROLE_offline_access, ROLE_CUSTOMER, ROLE_uma_authorization]] MDC:[traceId=, spanId=]
2025-06-13 15:45:45 [http-nio-8088-exec-3] DEBUG o.s.security.web.FilterChainProxy - Secured POST /api/transactions/confirm-transaction MDC:[traceId=, spanId=]
2025-06-13 15:46:47 [http-nio-8088-exec-6] DEBUG o.s.security.web.FilterChainProxy - Securing POST /api/transactions/payments/bills/pay MDC:[traceId=, spanId=]
2025-06-13 15:46:47 [http-nio-8088-exec-6] DEBUG o.s.s.o.s.r.a.JwtAuthenticationProvider - Authenticated token MDC:[traceId=, spanId=]
2025-06-13 15:46:47 [http-nio-8088-exec-6] DEBUG o.s.s.o.s.r.w.a.BearerTokenAuthenticationFilter - Set SecurityContextHolder to JwtAuthenticationToken [Principal=org.springframework.security.oauth2.jwt.Jwt@4ff93e32, Credentials=[PROTECTED], Authenticated=true, Details=WebAuthenticationDetails [RemoteIpAddress=127.0.0.1, SessionId=null], Granted Authorities=[ROLE_default-roles-myrealm, ROLE_offline_access, ROLE_CUSTOMER, ROLE_uma_authorization]] MDC:[traceId=, spanId=]
2025-06-13 15:46:47 [http-nio-8088-exec-6] DEBUG o.s.security.web.FilterChainProxy - Secured POST /api/transactions/payments/bills/pay MDC:[traceId=, spanId=]
2025-06-13 15:47:17 [http-nio-8088-exec-4] DEBUG o.s.security.web.FilterChainProxy - Securing POST /api/transactions/confirm-transaction MDC:[traceId=, spanId=]
2025-06-13 15:47:17 [http-nio-8088-exec-4] DEBUG o.s.s.o.s.r.a.JwtAuthenticationProvider - Authenticated token MDC:[traceId=, spanId=]
2025-06-13 15:47:17 [http-nio-8088-exec-4] DEBUG o.s.s.o.s.r.w.a.BearerTokenAuthenticationFilter - Set SecurityContextHolder to JwtAuthenticationToken [Principal=org.springframework.security.oauth2.jwt.Jwt@4ff93e32, Credentials=[PROTECTED], Authenticated=true, Details=WebAuthenticationDetails [RemoteIpAddress=0:0:0:0:0:0:0:1, SessionId=null], Granted Authorities=[ROLE_default-roles-myrealm, ROLE_offline_access, ROLE_CUSTOMER, ROLE_uma_authorization]] MDC:[traceId=, spanId=]
2025-06-13 15:47:17 [http-nio-8088-exec-4] DEBUG o.s.security.web.FilterChainProxy - Secured POST /api/transactions/confirm-transaction MDC:[traceId=, spanId=]
2025-06-13 15:47:32 [http-nio-8088-exec-9] DEBUG o.s.security.web.FilterChainProxy - Securing POST /api/transactions/payments/bills/pay MDC:[traceId=, spanId=]
2025-06-13 15:47:32 [http-nio-8088-exec-9] DEBUG o.s.s.o.s.r.a.JwtAuthenticationProvider - Authenticated token MDC:[traceId=, spanId=]
2025-06-13 15:47:32 [http-nio-8088-exec-9] DEBUG o.s.s.o.s.r.w.a.BearerTokenAuthenticationFilter - Set SecurityContextHolder to JwtAuthenticationToken [Principal=org.springframework.security.oauth2.jwt.Jwt@4ff93e32, Credentials=[PROTECTED], Authenticated=true, Details=WebAuthenticationDetails [RemoteIpAddress=127.0.0.1, SessionId=null], Granted Authorities=[ROLE_default-roles-myrealm, ROLE_offline_access, ROLE_CUSTOMER, ROLE_uma_authorization]] MDC:[traceId=, spanId=]
2025-06-13 15:47:32 [http-nio-8088-exec-9] DEBUG o.s.security.web.FilterChainProxy - Secured POST /api/transactions/payments/bills/pay MDC:[traceId=, spanId=]
2025-06-13 15:47:48 [http-nio-8088-exec-10] DEBUG o.s.security.web.FilterChainProxy - Securing POST /api/transactions/confirm-transaction MDC:[traceId=, spanId=]
2025-06-13 15:47:48 [http-nio-8088-exec-10] DEBUG o.s.s.o.s.r.a.JwtAuthenticationProvider - Authenticated token MDC:[traceId=, spanId=]
2025-06-13 15:47:48 [http-nio-8088-exec-10] DEBUG o.s.s.o.s.r.w.a.BearerTokenAuthenticationFilter - Set SecurityContextHolder to JwtAuthenticationToken [Principal=org.springframework.security.oauth2.jwt.Jwt@4ff93e32, Credentials=[PROTECTED], Authenticated=true, Details=WebAuthenticationDetails [RemoteIpAddress=0:0:0:0:0:0:0:1, SessionId=null], Granted Authorities=[ROLE_default-roles-myrealm, ROLE_offline_access, ROLE_CUSTOMER, ROLE_uma_authorization]] MDC:[traceId=, spanId=]
2025-06-13 15:47:48 [http-nio-8088-exec-10] DEBUG o.s.security.web.FilterChainProxy - Secured POST /api/transactions/confirm-transaction MDC:[traceId=, spanId=]
2025-06-13 15:49:19 [http-nio-8088-exec-3] DEBUG o.s.security.web.FilterChainProxy - Securing GET /api/transactions/getDailyPaymentTransaction MDC:[traceId=, spanId=]
2025-06-13 15:49:19 [http-nio-8088-exec-3] DEBUG o.s.s.o.s.r.a.JwtAuthenticationProvider - Authenticated token MDC:[traceId=, spanId=]
2025-06-13 15:49:19 [http-nio-8088-exec-3] DEBUG o.s.s.o.s.r.w.a.BearerTokenAuthenticationFilter - Set SecurityContextHolder to JwtAuthenticationToken [Principal=org.springframework.security.oauth2.jwt.Jwt@4ff93e32, Credentials=[PROTECTED], Authenticated=true, Details=WebAuthenticationDetails [RemoteIpAddress=127.0.0.1, SessionId=null], Granted Authorities=[ROLE_default-roles-myrealm, ROLE_offline_access, ROLE_CUSTOMER, ROLE_uma_authorization]] MDC:[traceId=, spanId=]
2025-06-13 15:49:19 [http-nio-8088-exec-3] DEBUG o.s.security.web.FilterChainProxy - Secured GET /api/transactions/getDailyPaymentTransaction MDC:[traceId=, spanId=]
2025-06-13 16:41:11 [restartedMain] DEBUG o.s.s.c.a.a.c.AuthenticationConfiguration$DefaultPasswordEncoderAuthenticationManagerBuilder - No authenticationProviders and no parentAuthenticationManager defined. Returning null. MDC:[traceId=, spanId=]
2025-06-13 16:41:13 [restartedMain] DEBUG o.s.s.web.DefaultSecurityFilterChain - Will secure any request with filters: DisableEncodeUrlFilter, WebAsyncManagerIntegrationFilter, SecurityContextHolderFilter, HeaderWriterFilter, CorsFilter, LogoutFilter, BearerTokenAuthenticationFilter, RequestCacheAwareFilter, SecurityContextHolderAwareRequestFilter, AnonymousAuthenticationFilter, SessionManagementFilter, ExceptionTranslationFilter, AuthorizationFilter MDC:[traceId=, spanId=]
2025-06-13 16:41:34 [restartedMain] DEBUG o.s.s.c.a.a.c.AuthenticationConfiguration$DefaultPasswordEncoderAuthenticationManagerBuilder - No authenticationProviders and no parentAuthenticationManager defined. Returning null. MDC:[traceId=, spanId=]
2025-06-13 16:41:36 [restartedMain] DEBUG o.s.s.web.DefaultSecurityFilterChain - Will secure any request with filters: DisableEncodeUrlFilter, WebAsyncManagerIntegrationFilter, SecurityContextHolderFilter, HeaderWriterFilter, CorsFilter, LogoutFilter, BearerTokenAuthenticationFilter, RequestCacheAwareFilter, SecurityContextHolderAwareRequestFilter, AnonymousAuthenticationFilter, SessionManagementFilter, ExceptionTranslationFilter, AuthorizationFilter MDC:[traceId=, spanId=]
2025-06-13 16:54:12 [restartedMain] DEBUG o.s.s.c.a.a.c.AuthenticationConfiguration$DefaultPasswordEncoderAuthenticationManagerBuilder - No authenticationProviders and no parentAuthenticationManager defined. Returning null. MDC:[traceId=, spanId=]
2025-06-13 16:54:13 [restartedMain] DEBUG o.s.s.web.DefaultSecurityFilterChain - Will secure any request with filters: DisableEncodeUrlFilter, WebAsyncManagerIntegrationFilter, SecurityContextHolderFilter, HeaderWriterFilter, CorsFilter, LogoutFilter, BearerTokenAuthenticationFilter, RequestCacheAwareFilter, SecurityContextHolderAwareRequestFilter, AnonymousAuthenticationFilter, SessionManagementFilter, ExceptionTranslationFilter, AuthorizationFilter MDC:[traceId=, spanId=]
2025-06-13 16:55:18 [http-nio-8088-exec-1] DEBUG o.s.security.web.FilterChainProxy - Securing POST /api/transactions/payments/bills/pay MDC:[traceId=, spanId=]
2025-06-13 16:55:19 [http-nio-8088-exec-1] DEBUG o.s.s.o.s.r.a.JwtAuthenticationProvider - Authenticated token MDC:[traceId=, spanId=]
2025-06-13 16:55:19 [http-nio-8088-exec-1] DEBUG o.s.s.o.s.r.w.a.BearerTokenAuthenticationFilter - Set SecurityContextHolder to JwtAuthenticationToken [Principal=org.springframework.security.oauth2.jwt.Jwt@42c5d6e5, Credentials=[PROTECTED], Authenticated=true, Details=WebAuthenticationDetails [RemoteIpAddress=127.0.0.1, SessionId=null], Granted Authorities=[ROLE_default-roles-myrealm, ROLE_offline_access, ROLE_CUSTOMER, ROLE_uma_authorization]] MDC:[traceId=, spanId=]
2025-06-13 16:55:19 [http-nio-8088-exec-1] DEBUG o.s.security.web.FilterChainProxy - Secured POST /api/transactions/payments/bills/pay MDC:[traceId=, spanId=]
2025-06-13 16:55:53 [http-nio-8088-exec-3] DEBUG o.s.security.web.FilterChainProxy - Securing POST /api/transactions/confirm-transaction MDC:[traceId=, spanId=]
2025-06-13 16:55:53 [http-nio-8088-exec-3] DEBUG o.s.s.o.s.r.a.JwtAuthenticationProvider - Authenticated token MDC:[traceId=, spanId=]
2025-06-13 16:55:53 [http-nio-8088-exec-3] DEBUG o.s.s.o.s.r.w.a.BearerTokenAuthenticationFilter - Set SecurityContextHolder to JwtAuthenticationToken [Principal=org.springframework.security.oauth2.jwt.Jwt@42c5d6e5, Credentials=[PROTECTED], Authenticated=true, Details=WebAuthenticationDetails [RemoteIpAddress=0:0:0:0:0:0:0:1, SessionId=null], Granted Authorities=[ROLE_default-roles-myrealm, ROLE_offline_access, ROLE_CUSTOMER, ROLE_uma_authorization]] MDC:[traceId=, spanId=]
2025-06-13 16:55:53 [http-nio-8088-exec-3] DEBUG o.s.security.web.FilterChainProxy - Secured POST /api/transactions/confirm-transaction MDC:[traceId=, spanId=]
2025-06-13 16:56:08 [http-nio-8088-exec-4] DEBUG o.s.security.web.FilterChainProxy - Securing POST /api/transactions/payments/bills/pay MDC:[traceId=, spanId=]
2025-06-13 16:56:08 [http-nio-8088-exec-4] DEBUG o.s.s.o.s.r.a.JwtAuthenticationProvider - Authenticated token MDC:[traceId=, spanId=]
2025-06-13 16:56:08 [http-nio-8088-exec-4] DEBUG o.s.s.o.s.r.w.a.BearerTokenAuthenticationFilter - Set SecurityContextHolder to JwtAuthenticationToken [Principal=org.springframework.security.oauth2.jwt.Jwt@42c5d6e5, Credentials=[PROTECTED], Authenticated=true, Details=WebAuthenticationDetails [RemoteIpAddress=127.0.0.1, SessionId=null], Granted Authorities=[ROLE_default-roles-myrealm, ROLE_offline_access, ROLE_CUSTOMER, ROLE_uma_authorization]] MDC:[traceId=, spanId=]
2025-06-13 16:56:08 [http-nio-8088-exec-4] DEBUG o.s.security.web.FilterChainProxy - Secured POST /api/transactions/payments/bills/pay MDC:[traceId=, spanId=]
2025-06-13 16:56:42 [http-nio-8088-exec-5] DEBUG o.s.security.web.FilterChainProxy - Securing POST /api/transactions/confirm-transaction MDC:[traceId=, spanId=]
2025-06-13 16:56:42 [http-nio-8088-exec-5] DEBUG o.s.s.o.s.r.a.JwtAuthenticationProvider - Authenticated token MDC:[traceId=, spanId=]
2025-06-13 16:56:42 [http-nio-8088-exec-5] DEBUG o.s.s.o.s.r.w.a.BearerTokenAuthenticationFilter - Set SecurityContextHolder to JwtAuthenticationToken [Principal=org.springframework.security.oauth2.jwt.Jwt@42c5d6e5, Credentials=[PROTECTED], Authenticated=true, Details=WebAuthenticationDetails [RemoteIpAddress=0:0:0:0:0:0:0:1, SessionId=null], Granted Authorities=[ROLE_default-roles-myrealm, ROLE_offline_access, ROLE_CUSTOMER, ROLE_uma_authorization]] MDC:[traceId=, spanId=]
2025-06-13 16:56:42 [http-nio-8088-exec-5] DEBUG o.s.security.web.FilterChainProxy - Secured POST /api/transactions/confirm-transaction MDC:[traceId=, spanId=]
2025-06-13 16:56:43 [http-nio-8088-exec-5] DEBUG o.s.security.web.FilterChainProxy - Securing POST /error MDC:[traceId=, spanId=]
2025-06-13 16:56:43 [http-nio-8088-exec-5] DEBUG o.s.security.web.FilterChainProxy - Secured POST /error MDC:[traceId=, spanId=]
2025-06-13 16:57:57 [http-nio-8088-exec-8] DEBUG o.s.security.web.FilterChainProxy - Securing POST /api/transactions/payments/bills/pay MDC:[traceId=, spanId=]
2025-06-13 16:57:57 [http-nio-8088-exec-8] DEBUG o.s.s.o.s.r.a.JwtAuthenticationProvider - Authenticated token MDC:[traceId=, spanId=]
2025-06-13 16:57:57 [http-nio-8088-exec-8] DEBUG o.s.s.o.s.r.w.a.BearerTokenAuthenticationFilter - Set SecurityContextHolder to JwtAuthenticationToken [Principal=org.springframework.security.oauth2.jwt.Jwt@42c5d6e5, Credentials=[PROTECTED], Authenticated=true, Details=WebAuthenticationDetails [RemoteIpAddress=127.0.0.1, SessionId=null], Granted Authorities=[ROLE_default-roles-myrealm, ROLE_offline_access, ROLE_CUSTOMER, ROLE_uma_authorization]] MDC:[traceId=, spanId=]
2025-06-13 16:57:57 [http-nio-8088-exec-8] DEBUG o.s.security.web.FilterChainProxy - Secured POST /api/transactions/payments/bills/pay MDC:[traceId=, spanId=]
2025-06-13 16:58:20 [http-nio-8088-exec-7] DEBUG o.s.security.web.FilterChainProxy - Securing POST /api/transactions/confirm-transaction MDC:[traceId=, spanId=]
2025-06-13 16:58:20 [http-nio-8088-exec-7] DEBUG o.s.s.o.s.r.a.JwtAuthenticationProvider - Authenticated token MDC:[traceId=, spanId=]
2025-06-13 16:58:20 [http-nio-8088-exec-7] DEBUG o.s.s.o.s.r.w.a.BearerTokenAuthenticationFilter - Set SecurityContextHolder to JwtAuthenticationToken [Principal=org.springframework.security.oauth2.jwt.Jwt@42c5d6e5, Credentials=[PROTECTED], Authenticated=true, Details=WebAuthenticationDetails [RemoteIpAddress=0:0:0:0:0:0:0:1, SessionId=null], Granted Authorities=[ROLE_default-roles-myrealm, ROLE_offline_access, ROLE_CUSTOMER, ROLE_uma_authorization]] MDC:[traceId=, spanId=]
2025-06-13 16:58:20 [http-nio-8088-exec-7] DEBUG o.s.security.web.FilterChainProxy - Secured POST /api/transactions/confirm-transaction MDC:[traceId=, spanId=]
2025-06-13 16:58:20 [http-nio-8088-exec-7] DEBUG o.s.security.web.FilterChainProxy - Securing POST /error MDC:[traceId=, spanId=]
2025-06-13 16:58:20 [http-nio-8088-exec-7] DEBUG o.s.security.web.FilterChainProxy - Secured POST /error MDC:[traceId=, spanId=]
2025-06-13 17:01:22 [restartedMain] DEBUG o.s.s.c.a.a.c.AuthenticationConfiguration$DefaultPasswordEncoderAuthenticationManagerBuilder - No authenticationProviders and no parentAuthenticationManager defined. Returning null. MDC:[traceId=, spanId=]
2025-06-13 17:01:23 [restartedMain] DEBUG o.s.s.web.DefaultSecurityFilterChain - Will secure any request with filters: DisableEncodeUrlFilter, WebAsyncManagerIntegrationFilter, SecurityContextHolderFilter, HeaderWriterFilter, CorsFilter, LogoutFilter, BearerTokenAuthenticationFilter, RequestCacheAwareFilter, SecurityContextHolderAwareRequestFilter, AnonymousAuthenticationFilter, SessionManagementFilter, ExceptionTranslationFilter, AuthorizationFilter MDC:[traceId=, spanId=]
2025-06-13 17:02:12 [http-nio-8088-exec-1] DEBUG o.s.security.web.FilterChainProxy - Securing POST /api/transactions/payments/bills/pay MDC:[traceId=, spanId=]
2025-06-13 17:02:14 [http-nio-8088-exec-1] DEBUG o.s.s.o.s.r.a.JwtAuthenticationProvider - Authenticated token MDC:[traceId=, spanId=]
2025-06-13 17:02:14 [http-nio-8088-exec-1] DEBUG o.s.s.o.s.r.w.a.BearerTokenAuthenticationFilter - Set SecurityContextHolder to JwtAuthenticationToken [Principal=org.springframework.security.oauth2.jwt.Jwt@42c5d6e5, Credentials=[PROTECTED], Authenticated=true, Details=WebAuthenticationDetails [RemoteIpAddress=127.0.0.1, SessionId=null], Granted Authorities=[ROLE_default-roles-myrealm, ROLE_offline_access, ROLE_CUSTOMER, ROLE_uma_authorization]] MDC:[traceId=, spanId=]
2025-06-13 17:02:14 [http-nio-8088-exec-1] DEBUG o.s.security.web.FilterChainProxy - Secured POST /api/transactions/payments/bills/pay MDC:[traceId=, spanId=]
2025-06-13 17:03:10 [http-nio-8088-exec-3] DEBUG o.s.security.web.FilterChainProxy - Securing POST /api/transactions/confirm-transaction MDC:[traceId=, spanId=]
2025-06-13 17:03:10 [http-nio-8088-exec-3] DEBUG o.s.s.o.s.r.a.JwtAuthenticationProvider - Authenticated token MDC:[traceId=, spanId=]
2025-06-13 17:03:10 [http-nio-8088-exec-3] DEBUG o.s.s.o.s.r.w.a.BearerTokenAuthenticationFilter - Set SecurityContextHolder to JwtAuthenticationToken [Principal=org.springframework.security.oauth2.jwt.Jwt@42c5d6e5, Credentials=[PROTECTED], Authenticated=true, Details=WebAuthenticationDetails [RemoteIpAddress=0:0:0:0:0:0:0:1, SessionId=null], Granted Authorities=[ROLE_default-roles-myrealm, ROLE_offline_access, ROLE_CUSTOMER, ROLE_uma_authorization]] MDC:[traceId=, spanId=]
2025-06-13 17:03:10 [http-nio-8088-exec-3] DEBUG o.s.security.web.FilterChainProxy - Secured POST /api/transactions/confirm-transaction MDC:[traceId=, spanId=]
2025-06-13 17:03:24 [http-nio-8088-exec-5] DEBUG o.s.security.web.FilterChainProxy - Securing POST /api/transactions/payments/bills/pay MDC:[traceId=, spanId=]
2025-06-13 17:03:24 [http-nio-8088-exec-5] DEBUG o.s.s.o.s.r.a.JwtAuthenticationProvider - Authenticated token MDC:[traceId=, spanId=]
2025-06-13 17:03:24 [http-nio-8088-exec-5] DEBUG o.s.s.o.s.r.w.a.BearerTokenAuthenticationFilter - Set SecurityContextHolder to JwtAuthenticationToken [Principal=org.springframework.security.oauth2.jwt.Jwt@42c5d6e5, Credentials=[PROTECTED], Authenticated=true, Details=WebAuthenticationDetails [RemoteIpAddress=127.0.0.1, SessionId=null], Granted Authorities=[ROLE_default-roles-myrealm, ROLE_offline_access, ROLE_CUSTOMER, ROLE_uma_authorization]] MDC:[traceId=, spanId=]
2025-06-13 17:03:24 [http-nio-8088-exec-5] DEBUG o.s.security.web.FilterChainProxy - Secured POST /api/transactions/payments/bills/pay MDC:[traceId=, spanId=]
2025-06-13 17:03:46 [http-nio-8088-exec-6] DEBUG o.s.security.web.FilterChainProxy - Securing POST /api/transactions/confirm-transaction MDC:[traceId=, spanId=]
2025-06-13 17:03:46 [http-nio-8088-exec-6] DEBUG o.s.s.o.s.r.a.JwtAuthenticationProvider - Authenticated token MDC:[traceId=, spanId=]
2025-06-13 17:03:46 [http-nio-8088-exec-6] DEBUG o.s.s.o.s.r.w.a.BearerTokenAuthenticationFilter - Set SecurityContextHolder to JwtAuthenticationToken [Principal=org.springframework.security.oauth2.jwt.Jwt@42c5d6e5, Credentials=[PROTECTED], Authenticated=true, Details=WebAuthenticationDetails [RemoteIpAddress=0:0:0:0:0:0:0:1, SessionId=null], Granted Authorities=[ROLE_default-roles-myrealm, ROLE_offline_access, ROLE_CUSTOMER, ROLE_uma_authorization]] MDC:[traceId=, spanId=]
2025-06-13 17:03:46 [http-nio-8088-exec-6] DEBUG o.s.security.web.FilterChainProxy - Secured POST /api/transactions/confirm-transaction MDC:[traceId=, spanId=]
2025-06-13 17:07:08 [http-nio-8088-exec-9] DEBUG o.s.security.web.FilterChainProxy - Securing POST /api/transactions/payments/bills/pay MDC:[traceId=, spanId=]
2025-06-13 17:07:08 [http-nio-8088-exec-9] DEBUG o.s.s.o.s.r.a.JwtAuthenticationProvider - Authenticated token MDC:[traceId=, spanId=]
2025-06-13 17:07:08 [http-nio-8088-exec-9] DEBUG o.s.s.o.s.r.w.a.BearerTokenAuthenticationFilter - Set SecurityContextHolder to JwtAuthenticationToken [Principal=org.springframework.security.oauth2.jwt.Jwt@42c5d6e5, Credentials=[PROTECTED], Authenticated=true, Details=WebAuthenticationDetails [RemoteIpAddress=127.0.0.1, SessionId=null], Granted Authorities=[ROLE_default-roles-myrealm, ROLE_offline_access, ROLE_CUSTOMER, ROLE_uma_authorization]] MDC:[traceId=, spanId=]
2025-06-13 17:07:08 [http-nio-8088-exec-9] DEBUG o.s.security.web.FilterChainProxy - Secured POST /api/transactions/payments/bills/pay MDC:[traceId=, spanId=]
2025-06-13 17:07:45 [http-nio-8088-exec-1] DEBUG o.s.security.web.FilterChainProxy - Securing POST /api/transactions/confirm-transaction MDC:[traceId=, spanId=]
2025-06-13 17:07:47 [http-nio-8088-exec-1] DEBUG o.s.s.o.s.r.a.JwtAuthenticationProvider - Authenticated token MDC:[traceId=, spanId=]
2025-06-13 17:07:47 [http-nio-8088-exec-1] DEBUG o.s.s.o.s.r.w.a.BearerTokenAuthenticationFilter - Set SecurityContextHolder to JwtAuthenticationToken [Principal=org.springframework.security.oauth2.jwt.Jwt@42c5d6e5, Credentials=[PROTECTED], Authenticated=true, Details=WebAuthenticationDetails [RemoteIpAddress=0:0:0:0:0:0:0:1, SessionId=null], Granted Authorities=[ROLE_default-roles-myrealm, ROLE_offline_access, ROLE_CUSTOMER, ROLE_uma_authorization]] MDC:[traceId=, spanId=]
2025-06-13 17:07:47 [http-nio-8088-exec-1] DEBUG o.s.security.web.FilterChainProxy - Secured POST /api/transactions/confirm-transaction MDC:[traceId=, spanId=]
2025-06-13 17:09:21 [http-nio-8088-exec-4] DEBUG o.s.security.web.FilterChainProxy - Securing POST /api/transactions/payments/bills/pay MDC:[traceId=, spanId=]
2025-06-13 17:09:21 [http-nio-8088-exec-4] DEBUG o.s.s.o.s.r.a.JwtAuthenticationProvider - Authenticated token MDC:[traceId=, spanId=]
2025-06-13 17:09:21 [http-nio-8088-exec-4] DEBUG o.s.s.o.s.r.w.a.BearerTokenAuthenticationFilter - Set SecurityContextHolder to JwtAuthenticationToken [Principal=org.springframework.security.oauth2.jwt.Jwt@42c5d6e5, Credentials=[PROTECTED], Authenticated=true, Details=WebAuthenticationDetails [RemoteIpAddress=127.0.0.1, SessionId=null], Granted Authorities=[ROLE_default-roles-myrealm, ROLE_offline_access, ROLE_CUSTOMER, ROLE_uma_authorization]] MDC:[traceId=, spanId=]
2025-06-13 17:09:21 [http-nio-8088-exec-4] DEBUG o.s.security.web.FilterChainProxy - Secured POST /api/transactions/payments/bills/pay MDC:[traceId=, spanId=]
2025-06-13 17:09:56 [http-nio-8088-exec-6] DEBUG o.s.security.web.FilterChainProxy - Securing POST /api/transactions/confirm-transaction MDC:[traceId=, spanId=]
2025-06-13 17:09:56 [http-nio-8088-exec-6] DEBUG o.s.s.o.s.r.a.JwtAuthenticationProvider - Authenticated token MDC:[traceId=, spanId=]
2025-06-13 17:09:56 [http-nio-8088-exec-6] DEBUG o.s.s.o.s.r.w.a.BearerTokenAuthenticationFilter - Set SecurityContextHolder to JwtAuthenticationToken [Principal=org.springframework.security.oauth2.jwt.Jwt@42c5d6e5, Credentials=[PROTECTED], Authenticated=true, Details=WebAuthenticationDetails [RemoteIpAddress=0:0:0:0:0:0:0:1, SessionId=null], Granted Authorities=[ROLE_default-roles-myrealm, ROLE_offline_access, ROLE_CUSTOMER, ROLE_uma_authorization]] MDC:[traceId=, spanId=]
2025-06-13 17:09:56 [http-nio-8088-exec-6] DEBUG o.s.security.web.FilterChainProxy - Secured POST /api/transactions/confirm-transaction MDC:[traceId=, spanId=]
2025-06-13 17:10:17 [http-nio-8088-exec-7] DEBUG o.s.security.web.FilterChainProxy - Securing POST /api/transactions/payments/bills/pay MDC:[traceId=, spanId=]
2025-06-13 17:10:17 [http-nio-8088-exec-7] DEBUG o.s.s.o.s.r.a.JwtAuthenticationProvider - Authenticated token MDC:[traceId=, spanId=]
2025-06-13 17:10:17 [http-nio-8088-exec-7] DEBUG o.s.s.o.s.r.w.a.BearerTokenAuthenticationFilter - Set SecurityContextHolder to JwtAuthenticationToken [Principal=org.springframework.security.oauth2.jwt.Jwt@42c5d6e5, Credentials=[PROTECTED], Authenticated=true, Details=WebAuthenticationDetails [RemoteIpAddress=127.0.0.1, SessionId=null], Granted Authorities=[ROLE_default-roles-myrealm, ROLE_offline_access, ROLE_CUSTOMER, ROLE_uma_authorization]] MDC:[traceId=, spanId=]
2025-06-13 17:10:17 [http-nio-8088-exec-7] DEBUG o.s.security.web.FilterChainProxy - Secured POST /api/transactions/payments/bills/pay MDC:[traceId=, spanId=]
2025-06-13 17:11:10 [http-nio-8088-exec-10] DEBUG o.s.security.web.FilterChainProxy - Securing POST /api/transactions/confirm-transaction MDC:[traceId=, spanId=]
2025-06-13 17:11:10 [http-nio-8088-exec-10] DEBUG o.s.s.o.s.r.a.JwtAuthenticationProvider - Authenticated token MDC:[traceId=, spanId=]
2025-06-13 17:11:10 [http-nio-8088-exec-10] DEBUG o.s.s.o.s.r.w.a.BearerTokenAuthenticationFilter - Set SecurityContextHolder to JwtAuthenticationToken [Principal=org.springframework.security.oauth2.jwt.Jwt@42c5d6e5, Credentials=[PROTECTED], Authenticated=true, Details=WebAuthenticationDetails [RemoteIpAddress=0:0:0:0:0:0:0:1, SessionId=null], Granted Authorities=[ROLE_default-roles-myrealm, ROLE_offline_access, ROLE_CUSTOMER, ROLE_uma_authorization]] MDC:[traceId=, spanId=]
2025-06-13 17:11:10 [http-nio-8088-exec-10] DEBUG o.s.security.web.FilterChainProxy - Secured POST /api/transactions/confirm-transaction MDC:[traceId=, spanId=]
2025-06-13 17:11:34 [http-nio-8088-exec-2] DEBUG o.s.security.web.FilterChainProxy - Securing POST /api/transactions/payments/bills/pay MDC:[traceId=, spanId=]
2025-06-13 17:11:34 [http-nio-8088-exec-2] DEBUG o.s.s.o.s.r.a.JwtAuthenticationProvider - Authenticated token MDC:[traceId=, spanId=]
2025-06-13 17:11:34 [http-nio-8088-exec-2] DEBUG o.s.s.o.s.r.w.a.BearerTokenAuthenticationFilter - Set SecurityContextHolder to JwtAuthenticationToken [Principal=org.springframework.security.oauth2.jwt.Jwt@42c5d6e5, Credentials=[PROTECTED], Authenticated=true, Details=WebAuthenticationDetails [RemoteIpAddress=127.0.0.1, SessionId=null], Granted Authorities=[ROLE_default-roles-myrealm, ROLE_offline_access, ROLE_CUSTOMER, ROLE_uma_authorization]] MDC:[traceId=, spanId=]
2025-06-13 17:11:34 [http-nio-8088-exec-2] DEBUG o.s.security.web.FilterChainProxy - Secured POST /api/transactions/payments/bills/pay MDC:[traceId=, spanId=]
2025-06-13 17:21:36 [restartedMain] DEBUG o.s.s.c.a.a.c.AuthenticationConfiguration$DefaultPasswordEncoderAuthenticationManagerBuilder - No authenticationProviders and no parentAuthenticationManager defined. Returning null. MDC:[traceId=, spanId=]
2025-06-13 17:21:37 [restartedMain] DEBUG o.s.s.web.DefaultSecurityFilterChain - Will secure any request with filters: DisableEncodeUrlFilter, WebAsyncManagerIntegrationFilter, SecurityContextHolderFilter, HeaderWriterFilter, CorsFilter, LogoutFilter, BearerTokenAuthenticationFilter, RequestCacheAwareFilter, SecurityContextHolderAwareRequestFilter, AnonymousAuthenticationFilter, SessionManagementFilter, ExceptionTranslationFilter, AuthorizationFilter MDC:[traceId=, spanId=]
2025-06-13 17:23:09 [http-nio-8088-exec-1] DEBUG o.s.security.web.FilterChainProxy - Securing GET /api/transactions/getDailyPaymentTransaction MDC:[traceId=, spanId=]
2025-06-13 17:23:10 [http-nio-8088-exec-1] DEBUG o.s.s.o.s.r.a.JwtAuthenticationProvider - Authenticated token MDC:[traceId=, spanId=]
2025-06-13 17:23:10 [http-nio-8088-exec-1] DEBUG o.s.s.o.s.r.w.a.BearerTokenAuthenticationFilter - Set SecurityContextHolder to JwtAuthenticationToken [Principal=org.springframework.security.oauth2.jwt.Jwt@97fd224, Credentials=[PROTECTED], Authenticated=true, Details=WebAuthenticationDetails [RemoteIpAddress=127.0.0.1, SessionId=null], Granted Authorities=[ROLE_default-roles-myrealm, ROLE_offline_access, ROLE_CUSTOMER, ROLE_uma_authorization]] MDC:[traceId=, spanId=]
2025-06-13 17:23:10 [http-nio-8088-exec-1] DEBUG o.s.security.web.FilterChainProxy - Secured GET /api/transactions/getDailyPaymentTransaction MDC:[traceId=, spanId=]
2025-06-13 17:25:54 [restartedMain] DEBUG o.s.s.c.a.a.c.AuthenticationConfiguration$DefaultPasswordEncoderAuthenticationManagerBuilder - No authenticationProviders and no parentAuthenticationManager defined. Returning null. MDC:[traceId=, spanId=]
2025-06-13 17:25:57 [restartedMain] DEBUG o.s.s.web.DefaultSecurityFilterChain - Will secure any request with filters: DisableEncodeUrlFilter, WebAsyncManagerIntegrationFilter, SecurityContextHolderFilter, HeaderWriterFilter, CorsFilter, LogoutFilter, BearerTokenAuthenticationFilter, RequestCacheAwareFilter, SecurityContextHolderAwareRequestFilter, AnonymousAuthenticationFilter, SessionManagementFilter, ExceptionTranslationFilter, AuthorizationFilter MDC:[traceId=, spanId=]
2025-06-13 17:26:06 [http-nio-8088-exec-1] DEBUG o.s.security.web.FilterChainProxy - Securing GET /api/transactions/getDailyPaymentTransaction MDC:[traceId=, spanId=]
2025-06-13 17:26:07 [http-nio-8088-exec-1] DEBUG o.s.s.o.s.r.a.JwtAuthenticationProvider - Authenticated token MDC:[traceId=, spanId=]
2025-06-13 17:26:07 [http-nio-8088-exec-1] DEBUG o.s.s.o.s.r.w.a.BearerTokenAuthenticationFilter - Set SecurityContextHolder to JwtAuthenticationToken [Principal=org.springframework.security.oauth2.jwt.Jwt@97fd224, Credentials=[PROTECTED], Authenticated=true, Details=WebAuthenticationDetails [RemoteIpAddress=127.0.0.1, SessionId=null], Granted Authorities=[ROLE_default-roles-myrealm, ROLE_offline_access, ROLE_CUSTOMER, ROLE_uma_authorization]] MDC:[traceId=, spanId=]
2025-06-13 17:26:07 [http-nio-8088-exec-1] DEBUG o.s.security.web.FilterChainProxy - Secured GET /api/transactions/getDailyPaymentTransaction MDC:[traceId=, spanId=]
2025-06-13 17:29:40 [restartedMain] DEBUG o.s.s.c.a.a.c.AuthenticationConfiguration$DefaultPasswordEncoderAuthenticationManagerBuilder - No authenticationProviders and no parentAuthenticationManager defined. Returning null. MDC:[traceId=, spanId=]
2025-06-13 17:29:42 [restartedMain] DEBUG o.s.s.web.DefaultSecurityFilterChain - Will secure any request with filters: DisableEncodeUrlFilter, WebAsyncManagerIntegrationFilter, SecurityContextHolderFilter, HeaderWriterFilter, CorsFilter, LogoutFilter, BearerTokenAuthenticationFilter, RequestCacheAwareFilter, SecurityContextHolderAwareRequestFilter, AnonymousAuthenticationFilter, SessionManagementFilter, ExceptionTranslationFilter, AuthorizationFilter MDC:[traceId=, spanId=]
2025-06-13 17:31:38 [http-nio-8088-exec-1] DEBUG o.s.security.web.FilterChainProxy - Securing GET /api/transactions/getDailyPaymentTransaction MDC:[traceId=, spanId=]
2025-06-13 17:31:39 [http-nio-8088-exec-1] DEBUG o.s.s.o.s.r.a.JwtAuthenticationProvider - Authenticated token MDC:[traceId=, spanId=]
2025-06-13 17:31:39 [http-nio-8088-exec-1] DEBUG o.s.s.o.s.r.w.a.BearerTokenAuthenticationFilter - Set SecurityContextHolder to JwtAuthenticationToken [Principal=org.springframework.security.oauth2.jwt.Jwt@97fd224, Credentials=[PROTECTED], Authenticated=true, Details=WebAuthenticationDetails [RemoteIpAddress=127.0.0.1, SessionId=null], Granted Authorities=[ROLE_default-roles-myrealm, ROLE_offline_access, ROLE_CUSTOMER, ROLE_uma_authorization]] MDC:[traceId=, spanId=]
2025-06-13 17:31:40 [http-nio-8088-exec-1] DEBUG o.s.security.web.FilterChainProxy - Secured GET /api/transactions/getDailyPaymentTransaction MDC:[traceId=, spanId=]
2025-06-13 17:31:40 [http-nio-8088-exec-1] DEBUG o.s.security.web.FilterChainProxy - Securing GET /error MDC:[traceId=, spanId=]
2025-06-13 17:31:40 [http-nio-8088-exec-1] DEBUG o.s.security.web.FilterChainProxy - Secured GET /error MDC:[traceId=, spanId=]
2025-06-13 17:34:17 [restartedMain] DEBUG o.s.s.c.a.a.c.AuthenticationConfiguration$DefaultPasswordEncoderAuthenticationManagerBuilder - No authenticationProviders and no parentAuthenticationManager defined. Returning null. MDC:[traceId=, spanId=]
2025-06-13 17:34:19 [restartedMain] DEBUG o.s.s.web.DefaultSecurityFilterChain - Will secure any request with filters: DisableEncodeUrlFilter, WebAsyncManagerIntegrationFilter, SecurityContextHolderFilter, HeaderWriterFilter, CorsFilter, LogoutFilter, BearerTokenAuthenticationFilter, RequestCacheAwareFilter, SecurityContextHolderAwareRequestFilter, AnonymousAuthenticationFilter, SessionManagementFilter, ExceptionTranslationFilter, AuthorizationFilter MDC:[traceId=, spanId=]
2025-06-13 17:35:38 [http-nio-8088-exec-5] DEBUG o.s.security.web.FilterChainProxy - Securing GET /api/transactions/getDailyPaymentTransaction MDC:[traceId=, spanId=]
2025-06-13 17:35:40 [http-nio-8088-exec-5] DEBUG o.s.s.o.s.r.a.JwtAuthenticationProvider - Authenticated token MDC:[traceId=, spanId=]
2025-06-13 17:35:40 [http-nio-8088-exec-5] DEBUG o.s.s.o.s.r.w.a.BearerTokenAuthenticationFilter - Set SecurityContextHolder to JwtAuthenticationToken [Principal=org.springframework.security.oauth2.jwt.Jwt@97fd224, Credentials=[PROTECTED], Authenticated=true, Details=WebAuthenticationDetails [RemoteIpAddress=127.0.0.1, SessionId=null], Granted Authorities=[ROLE_default-roles-myrealm, ROLE_offline_access, ROLE_CUSTOMER, ROLE_uma_authorization]] MDC:[traceId=, spanId=]
2025-06-13 17:35:40 [http-nio-8088-exec-5] DEBUG o.s.security.web.FilterChainProxy - Secured GET /api/transactions/getDailyPaymentTransaction MDC:[traceId=, spanId=]
2025-06-13 17:35:40 [http-nio-8088-exec-5] DEBUG o.s.security.web.FilterChainProxy - Securing GET /error MDC:[traceId=, spanId=]
2025-06-13 17:35:40 [http-nio-8088-exec-5] DEBUG o.s.security.web.FilterChainProxy - Secured GET /error MDC:[traceId=, spanId=]
2025-06-13 17:37:03 [restartedMain] DEBUG o.s.s.c.a.a.c.AuthenticationConfiguration$DefaultPasswordEncoderAuthenticationManagerBuilder - No authenticationProviders and no parentAuthenticationManager defined. Returning null. MDC:[traceId=, spanId=]
2025-06-13 17:37:05 [restartedMain] DEBUG o.s.s.web.DefaultSecurityFilterChain - Will secure any request with filters: DisableEncodeUrlFilter, WebAsyncManagerIntegrationFilter, SecurityContextHolderFilter, HeaderWriterFilter, CorsFilter, LogoutFilter, BearerTokenAuthenticationFilter, RequestCacheAwareFilter, SecurityContextHolderAwareRequestFilter, AnonymousAuthenticationFilter, SessionManagementFilter, ExceptionTranslationFilter, AuthorizationFilter MDC:[traceId=, spanId=]
2025-06-13 17:37:31 [http-nio-8088-exec-1] DEBUG o.s.security.web.FilterChainProxy - Securing GET /api/transactions/getDailyPaymentTransaction MDC:[traceId=, spanId=]
2025-06-13 17:37:34 [http-nio-8088-exec-1] DEBUG o.s.s.o.s.r.a.JwtAuthenticationProvider - Authenticated token MDC:[traceId=, spanId=]
2025-06-13 17:37:34 [http-nio-8088-exec-1] DEBUG o.s.s.o.s.r.w.a.BearerTokenAuthenticationFilter - Set SecurityContextHolder to JwtAuthenticationToken [Principal=org.springframework.security.oauth2.jwt.Jwt@97fd224, Credentials=[PROTECTED], Authenticated=true, Details=WebAuthenticationDetails [RemoteIpAddress=127.0.0.1, SessionId=null], Granted Authorities=[ROLE_default-roles-myrealm, ROLE_offline_access, ROLE_CUSTOMER, ROLE_uma_authorization]] MDC:[traceId=, spanId=]
2025-06-13 17:37:34 [http-nio-8088-exec-1] DEBUG o.s.security.web.FilterChainProxy - Secured GET /api/transactions/getDailyPaymentTransaction MDC:[traceId=, spanId=]
