2025-06-09 12:32:54 [restartedMain] DEBUG o.s.s.c.a.a.c.AuthenticationConfiguration$DefaultPasswordEncoderAuthenticationManagerBuilder - No authenticationProviders and no parentAuthenticationManager defined. Returning null. MDC:[traceId=, spanId=]
2025-06-09 12:32:57 [restartedMain] DEBUG o.s.s.web.DefaultSecurityFilterChain - Will secure any request with filters: DisableEncodeUrlFilter, WebAsyncManagerIntegrationFilter, SecurityContextHolderFilter, HeaderWriterFilter, LogoutFilter, BearerTokenAuthenticationFilter, RequestCacheAwareFilter, SecurityContextHolderAwareRequestFilter, AnonymousAuthenticationFilter, SessionManagementFilter, ExceptionTranslationFilter, AuthorizationFilter MDC:[traceId=, spanId=]
2025-06-09 16:02:15 [restartedMain] DEBUG o.s.s.c.a.a.c.AuthenticationConfiguration$DefaultPasswordEncoderAuthenticationManagerBuilder - No authenticationProviders and no parentAuthenticationManager defined. Returning null. MDC:[traceId=, spanId=]
2025-06-09 16:02:17 [restartedMain] DEBUG o.s.s.web.DefaultSecurityFilterChain - Will secure any request with filters: DisableEncodeUrlFilter, WebAsyncManagerIntegrationFilter, SecurityContextHolderFilter, HeaderWriterFilter, LogoutFilter, BearerTokenAuthenticationFilter, RequestCacheAwareFilter, SecurityContextHolderAwareRequestFilter, AnonymousAuthenticationFilter, SessionManagementFilter, ExceptionTranslationFilter, AuthorizationFilter MDC:[traceId=, spanId=]
2025-06-09 16:02:31 [restartedMain] DEBUG o.s.s.c.a.a.c.AuthenticationConfiguration$DefaultPasswordEncoderAuthenticationManagerBuilder - No authenticationProviders and no parentAuthenticationManager defined. Returning null. MDC:[traceId=, spanId=]
2025-06-09 16:02:33 [restartedMain] DEBUG o.s.s.web.DefaultSecurityFilterChain - Will secure any request with filters: DisableEncodeUrlFilter, WebAsyncManagerIntegrationFilter, SecurityContextHolderFilter, HeaderWriterFilter, LogoutFilter, BearerTokenAuthenticationFilter, RequestCacheAwareFilter, SecurityContextHolderAwareRequestFilter, AnonymousAuthenticationFilter, SessionManagementFilter, ExceptionTranslationFilter, AuthorizationFilter MDC:[traceId=, spanId=]
2025-06-09 16:02:44 [restartedMain] DEBUG o.s.s.c.a.a.c.AuthenticationConfiguration$DefaultPasswordEncoderAuthenticationManagerBuilder - No authenticationProviders and no parentAuthenticationManager defined. Returning null. MDC:[traceId=, spanId=]
2025-06-09 16:02:45 [restartedMain] DEBUG o.s.s.web.DefaultSecurityFilterChain - Will secure any request with filters: DisableEncodeUrlFilter, WebAsyncManagerIntegrationFilter, SecurityContextHolderFilter, HeaderWriterFilter, LogoutFilter, BearerTokenAuthenticationFilter, RequestCacheAwareFilter, SecurityContextHolderAwareRequestFilter, AnonymousAuthenticationFilter, SessionManagementFilter, ExceptionTranslationFilter, AuthorizationFilter MDC:[traceId=, spanId=]
2025-06-09 16:12:33 [restartedMain] DEBUG o.s.s.c.a.a.c.AuthenticationConfiguration$DefaultPasswordEncoderAuthenticationManagerBuilder - No authenticationProviders and no parentAuthenticationManager defined. Returning null. MDC:[traceId=, spanId=]
2025-06-09 16:12:35 [restartedMain] DEBUG o.s.s.web.DefaultSecurityFilterChain - Will secure any request with filters: DisableEncodeUrlFilter, WebAsyncManagerIntegrationFilter, SecurityContextHolderFilter, HeaderWriterFilter, LogoutFilter, BearerTokenAuthenticationFilter, RequestCacheAwareFilter, SecurityContextHolderAwareRequestFilter, AnonymousAuthenticationFilter, SessionManagementFilter, ExceptionTranslationFilter, AuthorizationFilter MDC:[traceId=, spanId=]
2025-06-09 16:14:43 [http-nio-8088-exec-2] DEBUG o.s.security.web.FilterChainProxy - Securing GET /api/transactions/account/123456789890688 MDC:[traceId=, spanId=]
2025-06-09 16:14:53 [http-nio-8088-exec-2] DEBUG o.s.security.web.FilterChainProxy - Securing GET /error MDC:[traceId=, spanId=]
2025-06-09 16:14:53 [http-nio-8088-exec-2] DEBUG o.s.s.w.a.AnonymousAuthenticationFilter - Set SecurityContextHolder to anonymous SecurityContext MDC:[traceId=, spanId=]
2025-06-09 16:15:13 [http-nio-8088-exec-3] DEBUG o.s.security.web.FilterChainProxy - Securing GET /api/transactions/account/123456789890688 MDC:[traceId=, spanId=]
2025-06-09 16:15:14 [http-nio-8088-exec-3] DEBUG o.s.security.web.FilterChainProxy - Securing GET /error MDC:[traceId=, spanId=]
2025-06-09 16:15:14 [http-nio-8088-exec-3] DEBUG o.s.s.w.a.AnonymousAuthenticationFilter - Set SecurityContextHolder to anonymous SecurityContext MDC:[traceId=, spanId=]
2025-06-09 16:16:34 [restartedMain] DEBUG o.s.s.c.a.a.c.AuthenticationConfiguration$DefaultPasswordEncoderAuthenticationManagerBuilder - No authenticationProviders and no parentAuthenticationManager defined. Returning null. MDC:[traceId=, spanId=]
2025-06-09 16:16:36 [restartedMain] DEBUG o.s.s.web.DefaultSecurityFilterChain - Will secure any request with filters: DisableEncodeUrlFilter, WebAsyncManagerIntegrationFilter, SecurityContextHolderFilter, HeaderWriterFilter, LogoutFilter, BearerTokenAuthenticationFilter, RequestCacheAwareFilter, SecurityContextHolderAwareRequestFilter, AnonymousAuthenticationFilter, SessionManagementFilter, ExceptionTranslationFilter, AuthorizationFilter MDC:[traceId=, spanId=]
2025-06-09 16:17:00 [http-nio-8088-exec-5] DEBUG o.s.security.web.FilterChainProxy - Securing GET /api/transactions/account/123456789890688 MDC:[traceId=, spanId=]
2025-06-09 16:17:01 [http-nio-8088-exec-5] DEBUG o.s.security.web.FilterChainProxy - Securing GET /error MDC:[traceId=, spanId=]
2025-06-09 16:17:01 [http-nio-8088-exec-5] DEBUG o.s.s.w.a.AnonymousAuthenticationFilter - Set SecurityContextHolder to anonymous SecurityContext MDC:[traceId=, spanId=]
2025-06-09 16:18:59 [restartedMain] DEBUG o.s.s.c.a.a.c.AuthenticationConfiguration$DefaultPasswordEncoderAuthenticationManagerBuilder - No authenticationProviders and no parentAuthenticationManager defined. Returning null. MDC:[traceId=, spanId=]
2025-06-09 16:19:01 [restartedMain] DEBUG o.s.s.web.DefaultSecurityFilterChain - Will secure any request with filters: DisableEncodeUrlFilter, WebAsyncManagerIntegrationFilter, SecurityContextHolderFilter, HeaderWriterFilter, LogoutFilter, BearerTokenAuthenticationFilter, RequestCacheAwareFilter, SecurityContextHolderAwareRequestFilter, AnonymousAuthenticationFilter, SessionManagementFilter, ExceptionTranslationFilter, AuthorizationFilter MDC:[traceId=, spanId=]
2025-06-09 16:19:08 [http-nio-8088-exec-3] DEBUG o.s.security.web.FilterChainProxy - Securing GET /api/transactions/account/123456789890688 MDC:[traceId=, spanId=]
2025-06-09 16:19:09 [http-nio-8088-exec-3] DEBUG o.s.s.o.s.r.a.JwtAuthenticationProvider - Authenticated token MDC:[traceId=, spanId=]
2025-06-09 16:19:09 [http-nio-8088-exec-3] DEBUG o.s.s.o.s.r.w.a.BearerTokenAuthenticationFilter - Set SecurityContextHolder to JwtAuthenticationToken [Principal=org.springframework.security.oauth2.jwt.Jwt@af50bb13, Credentials=[PROTECTED], Authenticated=true, Details=WebAuthenticationDetails [RemoteIpAddress=0:0:0:0:0:0:0:1, SessionId=null], Granted Authorities=[ROLE_default-roles-myrealm, ROLE_offline_access, ROLE_CUSTOMER, ROLE_uma_authorization]] MDC:[traceId=, spanId=]
2025-06-09 16:19:09 [http-nio-8088-exec-3] DEBUG o.s.security.web.FilterChainProxy - Secured GET /api/transactions/account/123456789890688 MDC:[traceId=, spanId=]
2025-06-09 16:23:58 [http-nio-8088-exec-5] DEBUG o.s.security.web.FilterChainProxy - Securing GET /api/transactions/account/123456789890688 MDC:[traceId=, spanId=]
2025-06-09 16:23:58 [http-nio-8088-exec-5] DEBUG o.s.s.o.s.r.a.JwtAuthenticationProvider - Authenticated token MDC:[traceId=, spanId=]
2025-06-09 16:23:58 [http-nio-8088-exec-5] DEBUG o.s.s.o.s.r.w.a.BearerTokenAuthenticationFilter - Set SecurityContextHolder to JwtAuthenticationToken [Principal=org.springframework.security.oauth2.jwt.Jwt@af50bb13, Credentials=[PROTECTED], Authenticated=true, Details=WebAuthenticationDetails [RemoteIpAddress=127.0.0.1, SessionId=null], Granted Authorities=[ROLE_default-roles-myrealm, ROLE_offline_access, ROLE_CUSTOMER, ROLE_uma_authorization]] MDC:[traceId=, spanId=]
2025-06-09 16:23:58 [http-nio-8088-exec-5] DEBUG o.s.security.web.FilterChainProxy - Secured GET /api/transactions/account/123456789890688 MDC:[traceId=, spanId=]
2025-06-09 16:28:11 [restartedMain] DEBUG o.s.s.c.a.a.c.AuthenticationConfiguration$DefaultPasswordEncoderAuthenticationManagerBuilder - No authenticationProviders and no parentAuthenticationManager defined. Returning null. MDC:[traceId=, spanId=]
2025-06-09 16:28:15 [restartedMain] DEBUG o.s.s.web.DefaultSecurityFilterChain - Will secure any request with filters: DisableEncodeUrlFilter, WebAsyncManagerIntegrationFilter, SecurityContextHolderFilter, HeaderWriterFilter, LogoutFilter, BearerTokenAuthenticationFilter, RequestCacheAwareFilter, SecurityContextHolderAwareRequestFilter, AnonymousAuthenticationFilter, SessionManagementFilter, ExceptionTranslationFilter, AuthorizationFilter MDC:[traceId=, spanId=]
2025-06-09 16:32:12 [restartedMain] DEBUG o.s.s.c.a.a.c.AuthenticationConfiguration$DefaultPasswordEncoderAuthenticationManagerBuilder - No authenticationProviders and no parentAuthenticationManager defined. Returning null. MDC:[traceId=, spanId=]
2025-06-09 16:32:17 [restartedMain] DEBUG o.s.s.web.DefaultSecurityFilterChain - Will secure any request with filters: DisableEncodeUrlFilter, WebAsyncManagerIntegrationFilter, SecurityContextHolderFilter, HeaderWriterFilter, LogoutFilter, BearerTokenAuthenticationFilter, RequestCacheAwareFilter, SecurityContextHolderAwareRequestFilter, AnonymousAuthenticationFilter, SessionManagementFilter, ExceptionTranslationFilter, AuthorizationFilter MDC:[traceId=, spanId=]
2025-06-09 16:41:02 [restartedMain] DEBUG o.s.s.c.a.a.c.AuthenticationConfiguration$DefaultPasswordEncoderAuthenticationManagerBuilder - No authenticationProviders and no parentAuthenticationManager defined. Returning null. MDC:[traceId=, spanId=]
2025-06-09 16:41:04 [restartedMain] DEBUG o.s.s.web.DefaultSecurityFilterChain - Will secure any request with filters: DisableEncodeUrlFilter, WebAsyncManagerIntegrationFilter, SecurityContextHolderFilter, HeaderWriterFilter, LogoutFilter, BearerTokenAuthenticationFilter, RequestCacheAwareFilter, SecurityContextHolderAwareRequestFilter, AnonymousAuthenticationFilter, SessionManagementFilter, ExceptionTranslationFilter, AuthorizationFilter MDC:[traceId=, spanId=]
2025-06-09 16:41:11 [http-nio-8088-exec-1] DEBUG o.s.security.web.FilterChainProxy - Securing GET /api/transactions/account/123456789890688 MDC:[traceId=, spanId=]
2025-06-09 16:41:11 [http-nio-8088-exec-1] DEBUG o.s.s.o.s.r.a.JwtAuthenticationProvider - Authenticated token MDC:[traceId=, spanId=]
2025-06-09 16:41:11 [http-nio-8088-exec-1] DEBUG o.s.s.o.s.r.w.a.BearerTokenAuthenticationFilter - Set SecurityContextHolder to JwtAuthenticationToken [Principal=org.springframework.security.oauth2.jwt.Jwt@af50bb13, Credentials=[PROTECTED], Authenticated=true, Details=WebAuthenticationDetails [RemoteIpAddress=127.0.0.1, SessionId=null], Granted Authorities=[ROLE_default-roles-myrealm, ROLE_offline_access, ROLE_CUSTOMER, ROLE_uma_authorization]] MDC:[traceId=, spanId=]
2025-06-09 16:41:11 [http-nio-8088-exec-1] DEBUG o.s.security.web.FilterChainProxy - Secured GET /api/transactions/account/123456789890688 MDC:[traceId=, spanId=]
2025-06-09 17:09:26 [http-nio-8088-exec-3] DEBUG o.s.security.web.FilterChainProxy - Securing GET /api/transactions/account/123456789890688 MDC:[traceId=, spanId=]
2025-06-09 17:09:26 [http-nio-8088-exec-3] DEBUG o.s.s.o.s.r.a.JwtAuthenticationProvider - Authenticated token MDC:[traceId=, spanId=]
2025-06-09 17:09:26 [http-nio-8088-exec-3] DEBUG o.s.s.o.s.r.w.a.BearerTokenAuthenticationFilter - Set SecurityContextHolder to JwtAuthenticationToken [Principal=org.springframework.security.oauth2.jwt.Jwt@b3fb500e, Credentials=[PROTECTED], Authenticated=true, Details=WebAuthenticationDetails [RemoteIpAddress=127.0.0.1, SessionId=null], Granted Authorities=[ROLE_default-roles-myrealm, ROLE_offline_access, ROLE_CUSTOMER, ROLE_uma_authorization]] MDC:[traceId=, spanId=]
2025-06-09 17:09:26 [http-nio-8088-exec-3] DEBUG o.s.security.web.FilterChainProxy - Secured GET /api/transactions/account/123456789890688 MDC:[traceId=, spanId=]
2025-06-09 17:10:12 [restartedMain] DEBUG o.s.s.c.a.a.c.AuthenticationConfiguration$DefaultPasswordEncoderAuthenticationManagerBuilder - No authenticationProviders and no parentAuthenticationManager defined. Returning null. MDC:[traceId=, spanId=]
2025-06-09 17:10:14 [restartedMain] DEBUG o.s.s.web.DefaultSecurityFilterChain - Will secure any request with filters: DisableEncodeUrlFilter, WebAsyncManagerIntegrationFilter, SecurityContextHolderFilter, HeaderWriterFilter, LogoutFilter, BearerTokenAuthenticationFilter, RequestCacheAwareFilter, SecurityContextHolderAwareRequestFilter, AnonymousAuthenticationFilter, SessionManagementFilter, ExceptionTranslationFilter, AuthorizationFilter MDC:[traceId=, spanId=]
2025-06-09 17:10:27 [http-nio-8088-exec-1] DEBUG o.s.security.web.FilterChainProxy - Securing GET /api/transactions/account/123456789890688 MDC:[traceId=, spanId=]
2025-06-09 17:10:27 [http-nio-8088-exec-1] DEBUG o.s.s.o.s.r.a.JwtAuthenticationProvider - Authenticated token MDC:[traceId=, spanId=]
2025-06-09 17:10:27 [http-nio-8088-exec-1] DEBUG o.s.s.o.s.r.w.a.BearerTokenAuthenticationFilter - Set SecurityContextHolder to JwtAuthenticationToken [Principal=org.springframework.security.oauth2.jwt.Jwt@b3fb500e, Credentials=[PROTECTED], Authenticated=true, Details=WebAuthenticationDetails [RemoteIpAddress=127.0.0.1, SessionId=null], Granted Authorities=[ROLE_default-roles-myrealm, ROLE_offline_access, ROLE_CUSTOMER, ROLE_uma_authorization]] MDC:[traceId=, spanId=]
2025-06-09 17:10:27 [http-nio-8088-exec-1] DEBUG o.s.security.web.FilterChainProxy - Secured GET /api/transactions/account/123456789890688 MDC:[traceId=, spanId=]
2025-06-09 17:11:24 [restartedMain] DEBUG o.s.s.c.a.a.c.AuthenticationConfiguration$DefaultPasswordEncoderAuthenticationManagerBuilder - No authenticationProviders and no parentAuthenticationManager defined. Returning null. MDC:[traceId=, spanId=]
2025-06-09 17:11:27 [restartedMain] DEBUG o.s.s.web.DefaultSecurityFilterChain - Will secure any request with filters: DisableEncodeUrlFilter, WebAsyncManagerIntegrationFilter, SecurityContextHolderFilter, HeaderWriterFilter, LogoutFilter, BearerTokenAuthenticationFilter, RequestCacheAwareFilter, SecurityContextHolderAwareRequestFilter, AnonymousAuthenticationFilter, SessionManagementFilter, ExceptionTranslationFilter, AuthorizationFilter MDC:[traceId=, spanId=]
2025-06-09 17:11:45 [restartedMain] DEBUG o.s.s.c.a.a.c.AuthenticationConfiguration$DefaultPasswordEncoderAuthenticationManagerBuilder - No authenticationProviders and no parentAuthenticationManager defined. Returning null. MDC:[traceId=, spanId=]
2025-06-09 17:11:47 [restartedMain] DEBUG o.s.s.web.DefaultSecurityFilterChain - Will secure any request with filters: DisableEncodeUrlFilter, WebAsyncManagerIntegrationFilter, SecurityContextHolderFilter, HeaderWriterFilter, LogoutFilter, BearerTokenAuthenticationFilter, RequestCacheAwareFilter, SecurityContextHolderAwareRequestFilter, AnonymousAuthenticationFilter, SessionManagementFilter, ExceptionTranslationFilter, AuthorizationFilter MDC:[traceId=, spanId=]
2025-06-09 17:19:08 [http-nio-8088-exec-1] DEBUG o.s.security.web.FilterChainProxy - Securing GET /api/transactions/account/123456789890688 MDC:[traceId=, spanId=]
2025-06-09 17:19:09 [http-nio-8088-exec-1] DEBUG o.s.s.o.s.r.a.JwtAuthenticationProvider - Authenticated token MDC:[traceId=, spanId=]
2025-06-09 17:19:09 [http-nio-8088-exec-1] DEBUG o.s.s.o.s.r.w.a.BearerTokenAuthenticationFilter - Set SecurityContextHolder to JwtAuthenticationToken [Principal=org.springframework.security.oauth2.jwt.Jwt@b3fb500e, Credentials=[PROTECTED], Authenticated=true, Details=WebAuthenticationDetails [RemoteIpAddress=127.0.0.1, SessionId=null], Granted Authorities=[ROLE_default-roles-myrealm, ROLE_offline_access, ROLE_CUSTOMER, ROLE_uma_authorization]] MDC:[traceId=, spanId=]
2025-06-09 17:19:09 [http-nio-8088-exec-1] DEBUG o.s.security.web.FilterChainProxy - Secured GET /api/transactions/account/123456789890688 MDC:[traceId=, spanId=]
2025-06-09 17:19:18 [http-nio-8088-exec-3] DEBUG o.s.security.web.FilterChainProxy - Securing GET /api/transactions/account/123456789890688 MDC:[traceId=, spanId=]
2025-06-09 17:19:18 [http-nio-8088-exec-3] DEBUG o.s.s.o.s.r.a.JwtAuthenticationProvider - Authenticated token MDC:[traceId=, spanId=]
2025-06-09 17:19:18 [http-nio-8088-exec-3] DEBUG o.s.s.o.s.r.w.a.BearerTokenAuthenticationFilter - Set SecurityContextHolder to JwtAuthenticationToken [Principal=org.springframework.security.oauth2.jwt.Jwt@e3679063, Credentials=[PROTECTED], Authenticated=true, Details=WebAuthenticationDetails [RemoteIpAddress=127.0.0.1, SessionId=null], Granted Authorities=[ROLE_default-roles-myrealm, ROLE_offline_access, ROLE_CUSTOMER, ROLE_uma_authorization]] MDC:[traceId=, spanId=]
2025-06-09 17:19:18 [http-nio-8088-exec-3] DEBUG o.s.security.web.FilterChainProxy - Secured GET /api/transactions/account/123456789890688 MDC:[traceId=, spanId=]
2025-06-09 17:19:44 [http-nio-8088-exec-6] DEBUG o.s.security.web.FilterChainProxy - Securing GET /api/transactions/account/123456789890688 MDC:[traceId=, spanId=]
2025-06-09 17:19:44 [http-nio-8088-exec-6] DEBUG o.s.s.o.s.r.a.JwtAuthenticationProvider - Authenticated token MDC:[traceId=, spanId=]
2025-06-09 17:19:44 [http-nio-8088-exec-6] DEBUG o.s.s.o.s.r.w.a.BearerTokenAuthenticationFilter - Set SecurityContextHolder to JwtAuthenticationToken [Principal=org.springframework.security.oauth2.jwt.Jwt@e3679063, Credentials=[PROTECTED], Authenticated=true, Details=WebAuthenticationDetails [RemoteIpAddress=127.0.0.1, SessionId=null], Granted Authorities=[ROLE_default-roles-myrealm, ROLE_offline_access, ROLE_CUSTOMER, ROLE_uma_authorization]] MDC:[traceId=, spanId=]
2025-06-09 17:19:44 [http-nio-8088-exec-6] DEBUG o.s.security.web.FilterChainProxy - Secured GET /api/transactions/account/123456789890688 MDC:[traceId=, spanId=]
2025-06-09 17:20:36 [http-nio-8088-exec-2] DEBUG o.s.security.web.FilterChainProxy - Securing GET /api/transactions/account/123456789890688 MDC:[traceId=, spanId=]
2025-06-09 17:20:36 [http-nio-8088-exec-2] DEBUG o.s.s.o.s.r.a.JwtAuthenticationProvider - Authenticated token MDC:[traceId=, spanId=]
2025-06-09 17:20:36 [http-nio-8088-exec-2] DEBUG o.s.s.o.s.r.w.a.BearerTokenAuthenticationFilter - Set SecurityContextHolder to JwtAuthenticationToken [Principal=org.springframework.security.oauth2.jwt.Jwt@e3679063, Credentials=[PROTECTED], Authenticated=true, Details=WebAuthenticationDetails [RemoteIpAddress=127.0.0.1, SessionId=null], Granted Authorities=[ROLE_default-roles-myrealm, ROLE_offline_access, ROLE_CUSTOMER, ROLE_uma_authorization]] MDC:[traceId=, spanId=]
2025-06-09 17:20:36 [http-nio-8088-exec-2] DEBUG o.s.security.web.FilterChainProxy - Secured GET /api/transactions/account/123456789890688 MDC:[traceId=, spanId=]
2025-06-09 17:21:05 [restartedMain] DEBUG o.s.s.c.a.a.c.AuthenticationConfiguration$DefaultPasswordEncoderAuthenticationManagerBuilder - No authenticationProviders and no parentAuthenticationManager defined. Returning null. MDC:[traceId=, spanId=]
2025-06-09 17:21:08 [restartedMain] DEBUG o.s.s.web.DefaultSecurityFilterChain - Will secure any request with filters: DisableEncodeUrlFilter, WebAsyncManagerIntegrationFilter, SecurityContextHolderFilter, HeaderWriterFilter, LogoutFilter, BearerTokenAuthenticationFilter, RequestCacheAwareFilter, SecurityContextHolderAwareRequestFilter, AnonymousAuthenticationFilter, SessionManagementFilter, ExceptionTranslationFilter, AuthorizationFilter MDC:[traceId=, spanId=]
2025-06-09 17:21:32 [http-nio-8088-exec-1] DEBUG o.s.security.web.FilterChainProxy - Securing GET /api/transactions/account/123456789890688 MDC:[traceId=, spanId=]
2025-06-09 17:21:33 [http-nio-8088-exec-1] DEBUG o.s.s.o.s.r.a.JwtAuthenticationProvider - Authenticated token MDC:[traceId=, spanId=]
2025-06-09 17:21:33 [http-nio-8088-exec-1] DEBUG o.s.s.o.s.r.w.a.BearerTokenAuthenticationFilter - Set SecurityContextHolder to JwtAuthenticationToken [Principal=org.springframework.security.oauth2.jwt.Jwt@e3679063, Credentials=[PROTECTED], Authenticated=true, Details=WebAuthenticationDetails [RemoteIpAddress=127.0.0.1, SessionId=null], Granted Authorities=[ROLE_default-roles-myrealm, ROLE_offline_access, ROLE_CUSTOMER, ROLE_uma_authorization]] MDC:[traceId=, spanId=]
2025-06-09 17:21:33 [http-nio-8088-exec-1] DEBUG o.s.security.web.FilterChainProxy - Secured GET /api/transactions/account/123456789890688 MDC:[traceId=, spanId=]
2025-06-09 17:21:56 [http-nio-8088-exec-2] DEBUG o.s.security.web.FilterChainProxy - Securing GET /api/transactions/account/123456789890688 MDC:[traceId=, spanId=]
2025-06-09 17:21:56 [http-nio-8088-exec-2] DEBUG o.s.s.o.s.r.a.JwtAuthenticationProvider - Authenticated token MDC:[traceId=, spanId=]
2025-06-09 17:21:56 [http-nio-8088-exec-2] DEBUG o.s.s.o.s.r.w.a.BearerTokenAuthenticationFilter - Set SecurityContextHolder to JwtAuthenticationToken [Principal=org.springframework.security.oauth2.jwt.Jwt@e3679063, Credentials=[PROTECTED], Authenticated=true, Details=WebAuthenticationDetails [RemoteIpAddress=127.0.0.1, SessionId=null], Granted Authorities=[ROLE_default-roles-myrealm, ROLE_offline_access, ROLE_CUSTOMER, ROLE_uma_authorization]] MDC:[traceId=, spanId=]
2025-06-09 17:21:56 [http-nio-8088-exec-2] DEBUG o.s.security.web.FilterChainProxy - Secured GET /api/transactions/account/123456789890688 MDC:[traceId=, spanId=]
2025-06-09 17:22:07 [http-nio-8088-exec-3] DEBUG o.s.security.web.FilterChainProxy - Securing GET /api/transactions/account/123456789890688 MDC:[traceId=, spanId=]
2025-06-09 17:22:07 [http-nio-8088-exec-3] DEBUG o.s.s.o.s.r.a.JwtAuthenticationProvider - Authenticated token MDC:[traceId=, spanId=]
2025-06-09 17:22:07 [http-nio-8088-exec-3] DEBUG o.s.s.o.s.r.w.a.BearerTokenAuthenticationFilter - Set SecurityContextHolder to JwtAuthenticationToken [Principal=org.springframework.security.oauth2.jwt.Jwt@b3fb500e, Credentials=[PROTECTED], Authenticated=true, Details=WebAuthenticationDetails [RemoteIpAddress=127.0.0.1, SessionId=null], Granted Authorities=[ROLE_default-roles-myrealm, ROLE_offline_access, ROLE_CUSTOMER, ROLE_uma_authorization]] MDC:[traceId=, spanId=]
2025-06-09 17:22:07 [http-nio-8088-exec-3] DEBUG o.s.security.web.FilterChainProxy - Secured GET /api/transactions/account/123456789890688 MDC:[traceId=, spanId=]
2025-06-09 17:22:17 [http-nio-8088-exec-4] DEBUG o.s.security.web.FilterChainProxy - Securing GET /api/transactions/account/123456789890688 MDC:[traceId=, spanId=]
2025-06-09 17:22:17 [http-nio-8088-exec-4] DEBUG o.s.s.o.s.r.a.JwtAuthenticationProvider - Authenticated token MDC:[traceId=, spanId=]
2025-06-09 17:22:17 [http-nio-8088-exec-4] DEBUG o.s.s.o.s.r.w.a.BearerTokenAuthenticationFilter - Set SecurityContextHolder to JwtAuthenticationToken [Principal=org.springframework.security.oauth2.jwt.Jwt@b3fb500e, Credentials=[PROTECTED], Authenticated=true, Details=WebAuthenticationDetails [RemoteIpAddress=127.0.0.1, SessionId=null], Granted Authorities=[ROLE_default-roles-myrealm, ROLE_offline_access, ROLE_CUSTOMER, ROLE_uma_authorization]] MDC:[traceId=, spanId=]
2025-06-09 17:22:17 [http-nio-8088-exec-4] DEBUG o.s.security.web.FilterChainProxy - Secured GET /api/transactions/account/123456789890688 MDC:[traceId=, spanId=]
2025-06-09 17:23:01 [http-nio-8088-exec-5] DEBUG o.s.security.web.FilterChainProxy - Securing GET /api/transactions/account/123456789890688 MDC:[traceId=, spanId=]
2025-06-09 17:23:01 [http-nio-8088-exec-5] DEBUG o.s.s.o.s.r.a.JwtAuthenticationProvider - Authenticated token MDC:[traceId=, spanId=]
2025-06-09 17:23:01 [http-nio-8088-exec-5] DEBUG o.s.s.o.s.r.w.a.BearerTokenAuthenticationFilter - Set SecurityContextHolder to JwtAuthenticationToken [Principal=org.springframework.security.oauth2.jwt.Jwt@e3679063, Credentials=[PROTECTED], Authenticated=true, Details=WebAuthenticationDetails [RemoteIpAddress=127.0.0.1, SessionId=null], Granted Authorities=[ROLE_default-roles-myrealm, ROLE_offline_access, ROLE_CUSTOMER, ROLE_uma_authorization]] MDC:[traceId=, spanId=]
2025-06-09 17:23:01 [http-nio-8088-exec-5] DEBUG o.s.security.web.FilterChainProxy - Secured GET /api/transactions/account/123456789890688 MDC:[traceId=, spanId=]
2025-06-09 17:23:20 [http-nio-8088-exec-6] DEBUG o.s.security.web.FilterChainProxy - Securing GET /api/transactions/account/123456789890688 MDC:[traceId=, spanId=]
2025-06-09 17:23:20 [http-nio-8088-exec-6] DEBUG o.s.s.o.s.r.a.JwtAuthenticationProvider - Authenticated token MDC:[traceId=, spanId=]
2025-06-09 17:23:20 [http-nio-8088-exec-6] DEBUG o.s.s.o.s.r.w.a.BearerTokenAuthenticationFilter - Set SecurityContextHolder to JwtAuthenticationToken [Principal=org.springframework.security.oauth2.jwt.Jwt@e3679063, Credentials=[PROTECTED], Authenticated=true, Details=WebAuthenticationDetails [RemoteIpAddress=127.0.0.1, SessionId=null], Granted Authorities=[ROLE_default-roles-myrealm, ROLE_offline_access, ROLE_CUSTOMER, ROLE_uma_authorization]] MDC:[traceId=, spanId=]
2025-06-09 17:23:20 [http-nio-8088-exec-6] DEBUG o.s.security.web.FilterChainProxy - Secured GET /api/transactions/account/123456789890688 MDC:[traceId=, spanId=]
2025-06-09 17:23:37 [http-nio-8088-exec-7] DEBUG o.s.security.web.FilterChainProxy - Securing GET /api/transactions/account/123456789890688 MDC:[traceId=, spanId=]
2025-06-09 17:23:37 [http-nio-8088-exec-7] DEBUG o.s.s.o.s.r.a.JwtAuthenticationProvider - Authenticated token MDC:[traceId=, spanId=]
2025-06-09 17:23:37 [http-nio-8088-exec-7] DEBUG o.s.s.o.s.r.w.a.BearerTokenAuthenticationFilter - Set SecurityContextHolder to JwtAuthenticationToken [Principal=org.springframework.security.oauth2.jwt.Jwt@e3679063, Credentials=[PROTECTED], Authenticated=true, Details=WebAuthenticationDetails [RemoteIpAddress=127.0.0.1, SessionId=null], Granted Authorities=[ROLE_default-roles-myrealm, ROLE_offline_access, ROLE_CUSTOMER, ROLE_uma_authorization]] MDC:[traceId=, spanId=]
2025-06-09 17:23:37 [http-nio-8088-exec-7] DEBUG o.s.security.web.FilterChainProxy - Secured GET /api/transactions/account/123456789890688 MDC:[traceId=, spanId=]
2025-06-09 17:24:22 [http-nio-8088-exec-8] DEBUG o.s.security.web.FilterChainProxy - Securing GET /api/transactions/account/123456789890688 MDC:[traceId=, spanId=]
2025-06-09 17:24:22 [http-nio-8088-exec-8] DEBUG o.s.s.o.s.r.a.JwtAuthenticationProvider - Authenticated token MDC:[traceId=, spanId=]
2025-06-09 17:24:22 [http-nio-8088-exec-8] DEBUG o.s.s.o.s.r.w.a.BearerTokenAuthenticationFilter - Set SecurityContextHolder to JwtAuthenticationToken [Principal=org.springframework.security.oauth2.jwt.Jwt@e3679063, Credentials=[PROTECTED], Authenticated=true, Details=WebAuthenticationDetails [RemoteIpAddress=127.0.0.1, SessionId=null], Granted Authorities=[ROLE_default-roles-myrealm, ROLE_offline_access, ROLE_CUSTOMER, ROLE_uma_authorization]] MDC:[traceId=, spanId=]
2025-06-09 17:24:22 [http-nio-8088-exec-8] DEBUG o.s.security.web.FilterChainProxy - Secured GET /api/transactions/account/123456789890688 MDC:[traceId=, spanId=]
2025-06-09 17:24:43 [http-nio-8088-exec-9] DEBUG o.s.security.web.FilterChainProxy - Securing GET /api/transactions/account/123456789890688 MDC:[traceId=, spanId=]
2025-06-09 17:24:43 [http-nio-8088-exec-9] DEBUG o.s.s.o.s.r.a.JwtAuthenticationProvider - Authenticated token MDC:[traceId=, spanId=]
2025-06-09 17:24:43 [http-nio-8088-exec-9] DEBUG o.s.s.o.s.r.w.a.BearerTokenAuthenticationFilter - Set SecurityContextHolder to JwtAuthenticationToken [Principal=org.springframework.security.oauth2.jwt.Jwt@e3679063, Credentials=[PROTECTED], Authenticated=true, Details=WebAuthenticationDetails [RemoteIpAddress=127.0.0.1, SessionId=null], Granted Authorities=[ROLE_default-roles-myrealm, ROLE_offline_access, ROLE_CUSTOMER, ROLE_uma_authorization]] MDC:[traceId=, spanId=]
2025-06-09 17:24:43 [http-nio-8088-exec-9] DEBUG o.s.security.web.FilterChainProxy - Secured GET /api/transactions/account/123456789890688 MDC:[traceId=, spanId=]
2025-06-09 17:25:23 [http-nio-8088-exec-10] DEBUG o.s.security.web.FilterChainProxy - Securing GET /api/transactions/account/123456789890688 MDC:[traceId=, spanId=]
2025-06-09 17:25:23 [http-nio-8088-exec-10] DEBUG o.s.s.o.s.r.a.JwtAuthenticationProvider - Authenticated token MDC:[traceId=, spanId=]
2025-06-09 17:25:23 [http-nio-8088-exec-10] DEBUG o.s.s.o.s.r.w.a.BearerTokenAuthenticationFilter - Set SecurityContextHolder to JwtAuthenticationToken [Principal=org.springframework.security.oauth2.jwt.Jwt@e3679063, Credentials=[PROTECTED], Authenticated=true, Details=WebAuthenticationDetails [RemoteIpAddress=127.0.0.1, SessionId=null], Granted Authorities=[ROLE_default-roles-myrealm, ROLE_offline_access, ROLE_CUSTOMER, ROLE_uma_authorization]] MDC:[traceId=, spanId=]
2025-06-09 17:25:23 [http-nio-8088-exec-10] DEBUG o.s.security.web.FilterChainProxy - Secured GET /api/transactions/account/123456789890688 MDC:[traceId=, spanId=]
2025-06-09 17:25:31 [http-nio-8088-exec-1] DEBUG o.s.security.web.FilterChainProxy - Securing GET /api/transactions/account/123456789890688 MDC:[traceId=, spanId=]
2025-06-09 17:25:31 [http-nio-8088-exec-1] DEBUG o.s.s.o.s.r.a.JwtAuthenticationProvider - Authenticated token MDC:[traceId=, spanId=]
2025-06-09 17:25:31 [http-nio-8088-exec-1] DEBUG o.s.s.o.s.r.w.a.BearerTokenAuthenticationFilter - Set SecurityContextHolder to JwtAuthenticationToken [Principal=org.springframework.security.oauth2.jwt.Jwt@e3679063, Credentials=[PROTECTED], Authenticated=true, Details=WebAuthenticationDetails [RemoteIpAddress=127.0.0.1, SessionId=null], Granted Authorities=[ROLE_default-roles-myrealm, ROLE_offline_access, ROLE_CUSTOMER, ROLE_uma_authorization]] MDC:[traceId=, spanId=]
2025-06-09 17:25:31 [http-nio-8088-exec-1] DEBUG o.s.security.web.FilterChainProxy - Secured GET /api/transactions/account/123456789890688 MDC:[traceId=, spanId=]
2025-06-09 17:26:07 [http-nio-8088-exec-2] DEBUG o.s.security.web.FilterChainProxy - Securing GET /api/transactions/account/123456789890688 MDC:[traceId=, spanId=]
2025-06-09 17:26:07 [http-nio-8088-exec-2] DEBUG o.s.s.o.s.r.a.JwtAuthenticationProvider - Authenticated token MDC:[traceId=, spanId=]
2025-06-09 17:26:07 [http-nio-8088-exec-2] DEBUG o.s.s.o.s.r.w.a.BearerTokenAuthenticationFilter - Set SecurityContextHolder to JwtAuthenticationToken [Principal=org.springframework.security.oauth2.jwt.Jwt@e3679063, Credentials=[PROTECTED], Authenticated=true, Details=WebAuthenticationDetails [RemoteIpAddress=127.0.0.1, SessionId=null], Granted Authorities=[ROLE_default-roles-myrealm, ROLE_offline_access, ROLE_CUSTOMER, ROLE_uma_authorization]] MDC:[traceId=, spanId=]
2025-06-09 17:26:07 [http-nio-8088-exec-2] DEBUG o.s.security.web.FilterChainProxy - Secured GET /api/transactions/account/123456789890688 MDC:[traceId=, spanId=]
2025-06-09 17:26:27 [http-nio-8088-exec-3] DEBUG o.s.security.web.FilterChainProxy - Securing GET /api/transactions/account/123456789890688 MDC:[traceId=, spanId=]
2025-06-09 17:26:27 [http-nio-8088-exec-3] DEBUG o.s.s.o.s.r.a.JwtAuthenticationProvider - Authenticated token MDC:[traceId=, spanId=]
2025-06-09 17:26:27 [http-nio-8088-exec-3] DEBUG o.s.s.o.s.r.w.a.BearerTokenAuthenticationFilter - Set SecurityContextHolder to JwtAuthenticationToken [Principal=org.springframework.security.oauth2.jwt.Jwt@e3679063, Credentials=[PROTECTED], Authenticated=true, Details=WebAuthenticationDetails [RemoteIpAddress=127.0.0.1, SessionId=null], Granted Authorities=[ROLE_default-roles-myrealm, ROLE_offline_access, ROLE_CUSTOMER, ROLE_uma_authorization]] MDC:[traceId=, spanId=]
2025-06-09 17:26:27 [http-nio-8088-exec-3] DEBUG o.s.security.web.FilterChainProxy - Secured GET /api/transactions/account/123456789890688 MDC:[traceId=, spanId=]
2025-06-09 17:26:34 [http-nio-8088-exec-4] DEBUG o.s.security.web.FilterChainProxy - Securing GET /api/transactions/account/123456789890688 MDC:[traceId=, spanId=]
2025-06-09 17:26:34 [http-nio-8088-exec-4] DEBUG o.s.s.o.s.r.a.JwtAuthenticationProvider - Authenticated token MDC:[traceId=, spanId=]
2025-06-09 17:26:34 [http-nio-8088-exec-4] DEBUG o.s.s.o.s.r.w.a.BearerTokenAuthenticationFilter - Set SecurityContextHolder to JwtAuthenticationToken [Principal=org.springframework.security.oauth2.jwt.Jwt@e3679063, Credentials=[PROTECTED], Authenticated=true, Details=WebAuthenticationDetails [RemoteIpAddress=127.0.0.1, SessionId=null], Granted Authorities=[ROLE_default-roles-myrealm, ROLE_offline_access, ROLE_CUSTOMER, ROLE_uma_authorization]] MDC:[traceId=, spanId=]
2025-06-09 17:26:34 [http-nio-8088-exec-4] DEBUG o.s.security.web.FilterChainProxy - Secured GET /api/transactions/account/123456789890688 MDC:[traceId=, spanId=]
2025-06-09 17:26:41 [http-nio-8088-exec-5] DEBUG o.s.security.web.FilterChainProxy - Securing GET /api/transactions/account/123456789890688 MDC:[traceId=, spanId=]
2025-06-09 17:26:41 [http-nio-8088-exec-5] DEBUG o.s.s.o.s.r.a.JwtAuthenticationProvider - Authenticated token MDC:[traceId=, spanId=]
2025-06-09 17:26:41 [http-nio-8088-exec-5] DEBUG o.s.s.o.s.r.w.a.BearerTokenAuthenticationFilter - Set SecurityContextHolder to JwtAuthenticationToken [Principal=org.springframework.security.oauth2.jwt.Jwt@e3679063, Credentials=[PROTECTED], Authenticated=true, Details=WebAuthenticationDetails [RemoteIpAddress=127.0.0.1, SessionId=null], Granted Authorities=[ROLE_default-roles-myrealm, ROLE_offline_access, ROLE_CUSTOMER, ROLE_uma_authorization]] MDC:[traceId=, spanId=]
2025-06-09 17:26:41 [http-nio-8088-exec-5] DEBUG o.s.security.web.FilterChainProxy - Secured GET /api/transactions/account/123456789890688 MDC:[traceId=, spanId=]
2025-06-09 17:30:16 [http-nio-8088-exec-7] DEBUG o.s.security.web.FilterChainProxy - Securing GET /api/transactions/account/123456789890688 MDC:[traceId=, spanId=]
2025-06-09 17:30:16 [http-nio-8088-exec-7] DEBUG o.s.s.o.s.r.a.JwtAuthenticationProvider - Authenticated token MDC:[traceId=, spanId=]
2025-06-09 17:30:16 [http-nio-8088-exec-7] DEBUG o.s.s.o.s.r.w.a.BearerTokenAuthenticationFilter - Set SecurityContextHolder to JwtAuthenticationToken [Principal=org.springframework.security.oauth2.jwt.Jwt@e3679063, Credentials=[PROTECTED], Authenticated=true, Details=WebAuthenticationDetails [RemoteIpAddress=127.0.0.1, SessionId=null], Granted Authorities=[ROLE_default-roles-myrealm, ROLE_offline_access, ROLE_CUSTOMER, ROLE_uma_authorization]] MDC:[traceId=, spanId=]
2025-06-09 17:30:16 [http-nio-8088-exec-7] DEBUG o.s.security.web.FilterChainProxy - Secured GET /api/transactions/account/123456789890688 MDC:[traceId=, spanId=]
2025-06-09 17:30:56 [http-nio-8088-exec-8] DEBUG o.s.security.web.FilterChainProxy - Securing GET /api/transactions/account/123456789890688 MDC:[traceId=, spanId=]
2025-06-09 17:30:56 [http-nio-8088-exec-8] DEBUG o.s.s.o.s.r.a.JwtAuthenticationProvider - Authenticated token MDC:[traceId=, spanId=]
2025-06-09 17:30:56 [http-nio-8088-exec-8] DEBUG o.s.s.o.s.r.w.a.BearerTokenAuthenticationFilter - Set SecurityContextHolder to JwtAuthenticationToken [Principal=org.springframework.security.oauth2.jwt.Jwt@e3679063, Credentials=[PROTECTED], Authenticated=true, Details=WebAuthenticationDetails [RemoteIpAddress=127.0.0.1, SessionId=null], Granted Authorities=[ROLE_default-roles-myrealm, ROLE_offline_access, ROLE_CUSTOMER, ROLE_uma_authorization]] MDC:[traceId=, spanId=]
2025-06-09 17:30:56 [http-nio-8088-exec-8] DEBUG o.s.security.web.FilterChainProxy - Secured GET /api/transactions/account/123456789890688 MDC:[traceId=, spanId=]
2025-06-09 17:31:05 [http-nio-8088-exec-9] DEBUG o.s.security.web.FilterChainProxy - Securing GET /api/transactions/account/123456789890688 MDC:[traceId=, spanId=]
2025-06-09 17:31:05 [http-nio-8088-exec-9] DEBUG o.s.s.o.s.r.a.JwtAuthenticationProvider - Authenticated token MDC:[traceId=, spanId=]
2025-06-09 17:31:05 [http-nio-8088-exec-9] DEBUG o.s.s.o.s.r.w.a.BearerTokenAuthenticationFilter - Set SecurityContextHolder to JwtAuthenticationToken [Principal=org.springframework.security.oauth2.jwt.Jwt@e3679063, Credentials=[PROTECTED], Authenticated=true, Details=WebAuthenticationDetails [RemoteIpAddress=127.0.0.1, SessionId=null], Granted Authorities=[ROLE_default-roles-myrealm, ROLE_offline_access, ROLE_CUSTOMER, ROLE_uma_authorization]] MDC:[traceId=, spanId=]
2025-06-09 17:31:05 [http-nio-8088-exec-9] DEBUG o.s.security.web.FilterChainProxy - Secured GET /api/transactions/account/123456789890688 MDC:[traceId=, spanId=]
2025-06-09 17:31:12 [http-nio-8088-exec-10] DEBUG o.s.security.web.FilterChainProxy - Securing GET /api/transactions/account/123456789890688 MDC:[traceId=, spanId=]
2025-06-09 17:31:12 [http-nio-8088-exec-10] DEBUG o.s.s.o.s.r.a.JwtAuthenticationProvider - Authenticated token MDC:[traceId=, spanId=]
2025-06-09 17:31:12 [http-nio-8088-exec-10] DEBUG o.s.s.o.s.r.w.a.BearerTokenAuthenticationFilter - Set SecurityContextHolder to JwtAuthenticationToken [Principal=org.springframework.security.oauth2.jwt.Jwt@e3679063, Credentials=[PROTECTED], Authenticated=true, Details=WebAuthenticationDetails [RemoteIpAddress=127.0.0.1, SessionId=null], Granted Authorities=[ROLE_default-roles-myrealm, ROLE_offline_access, ROLE_CUSTOMER, ROLE_uma_authorization]] MDC:[traceId=, spanId=]
2025-06-09 17:31:12 [http-nio-8088-exec-10] DEBUG o.s.security.web.FilterChainProxy - Secured GET /api/transactions/account/123456789890688 MDC:[traceId=, spanId=]
