2025-06-02 17:46:43 [restartedMain] DEBUG o.s.s.c.a.a.c.AuthenticationConfiguration$DefaultPasswordEncoderAuthenticationManagerBuilder - No authenticationProviders and no parentAuthenticationManager defined. Returning null. MDC:[traceId=, spanId=]
2025-06-02 17:46:47 [restartedMain] DEBUG o.s.s.web.DefaultSecurityFilterChain - Will secure any request with filters: DisableEncodeUrlFilter, WebAsyncManagerIntegrationFilter, SecurityContextHolderFilter, HeaderWriterFilter, LogoutFilter, BearerTokenAuthenticationFilter, RequestCacheAwareFilter, SecurityContextHolderAwareRequestFilter, AnonymousAuthenticationFilter, SessionManagementFilter, ExceptionTranslationFilter, AuthorizationFilter MDC:[traceId=, spanId=]
2025-06-02 17:53:24 [restartedMain] DEBUG o.s.s.c.a.a.c.AuthenticationConfiguration$DefaultPasswordEncoderAuthenticationManagerBuilder - No authenticationProviders and no parentAuthenticationManager defined. Returning null. MDC:[traceId=, spanId=]
2025-06-02 17:53:26 [restartedMain] DEBUG o.s.s.web.DefaultSecurityFilterChain - Will secure any request with filters: DisableEncodeUrlFilter, WebAsyncManagerIntegrationFilter, SecurityContextHolderFilter, HeaderWriterFilter, LogoutFilter, BearerTokenAuthenticationFilter, RequestCacheAwareFilter, SecurityContextHolderAwareRequestFilter, AnonymousAuthenticationFilter, SessionManagementFilter, ExceptionTranslationFilter, AuthorizationFilter MDC:[traceId=, spanId=]
2025-06-02 17:55:52 [restartedMain] DEBUG o.s.s.c.a.a.c.AuthenticationConfiguration$DefaultPasswordEncoderAuthenticationManagerBuilder - No authenticationProviders and no parentAuthenticationManager defined. Returning null. MDC:[traceId=, spanId=]
2025-06-02 17:55:53 [restartedMain] DEBUG o.s.s.web.DefaultSecurityFilterChain - Will secure any request with filters: DisableEncodeUrlFilter, WebAsyncManagerIntegrationFilter, SecurityContextHolderFilter, HeaderWriterFilter, LogoutFilter, BearerTokenAuthenticationFilter, RequestCacheAwareFilter, SecurityContextHolderAwareRequestFilter, AnonymousAuthenticationFilter, SessionManagementFilter, ExceptionTranslationFilter, AuthorizationFilter MDC:[traceId=, spanId=]
2025-06-02 17:57:20 [http-nio-8082-exec-1] DEBUG o.s.security.web.FilterChainProxy - Securing POST /initiate-credit-request MDC:[traceId=, spanId=]
2025-06-02 17:57:21 [http-nio-8082-exec-1] DEBUG o.s.s.o.s.r.a.JwtAuthenticationProvider - Authenticated token MDC:[traceId=, spanId=]
2025-06-02 17:57:21 [http-nio-8082-exec-1] DEBUG o.s.s.o.s.r.w.a.BearerTokenAuthenticationFilter - Set SecurityContextHolder to JwtAuthenticationToken [Principal=org.springframework.security.oauth2.jwt.Jwt@7fbba8a6, Credentials=[PROTECTED], Authenticated=true, Details=WebAuthenticationDetails [RemoteIpAddress=127.0.0.1, SessionId=null], Granted Authorities=[ROLE_default-roles-myrealm, ROLE_offline_access, ROLE_CUSTOMER, ROLE_uma_authorization]] MDC:[traceId=, spanId=]
2025-06-02 17:57:21 [http-nio-8082-exec-1] DEBUG o.s.security.web.FilterChainProxy - Secured POST /initiate-credit-request MDC:[traceId=, spanId=]
2025-06-02 17:57:21 [http-nio-8082-exec-1] DEBUG o.s.security.web.FilterChainProxy - Securing POST /error MDC:[traceId=, spanId=]
2025-06-02 17:57:21 [http-nio-8082-exec-1] DEBUG o.s.security.web.FilterChainProxy - Secured POST /error MDC:[traceId=, spanId=]
2025-06-02 17:59:44 [restartedMain] DEBUG o.s.s.c.a.a.c.AuthenticationConfiguration$DefaultPasswordEncoderAuthenticationManagerBuilder - No authenticationProviders and no parentAuthenticationManager defined. Returning null. MDC:[traceId=, spanId=]
2025-06-02 17:59:47 [restartedMain] DEBUG o.s.s.web.DefaultSecurityFilterChain - Will secure any request with filters: DisableEncodeUrlFilter, WebAsyncManagerIntegrationFilter, SecurityContextHolderFilter, HeaderWriterFilter, LogoutFilter, BearerTokenAuthenticationFilter, RequestCacheAwareFilter, SecurityContextHolderAwareRequestFilter, AnonymousAuthenticationFilter, SessionManagementFilter, ExceptionTranslationFilter, AuthorizationFilter MDC:[traceId=, spanId=]
2025-06-02 18:00:12 [restartedMain] DEBUG o.s.s.c.a.a.c.AuthenticationConfiguration$DefaultPasswordEncoderAuthenticationManagerBuilder - No authenticationProviders and no parentAuthenticationManager defined. Returning null. MDC:[traceId=, spanId=]
2025-06-02 18:00:14 [restartedMain] DEBUG o.s.s.web.DefaultSecurityFilterChain - Will secure any request with filters: DisableEncodeUrlFilter, WebAsyncManagerIntegrationFilter, SecurityContextHolderFilter, HeaderWriterFilter, LogoutFilter, BearerTokenAuthenticationFilter, RequestCacheAwareFilter, SecurityContextHolderAwareRequestFilter, AnonymousAuthenticationFilter, SessionManagementFilter, ExceptionTranslationFilter, AuthorizationFilter MDC:[traceId=, spanId=]
2025-06-02 18:00:28 [http-nio-8082-exec-1] DEBUG o.s.security.web.FilterChainProxy - Securing POST /initiate-credit-request MDC:[traceId=, spanId=]
2025-06-02 18:00:28 [http-nio-8082-exec-1] DEBUG o.s.s.o.s.r.a.JwtAuthenticationProvider - Authenticated token MDC:[traceId=, spanId=]
2025-06-02 18:00:28 [http-nio-8082-exec-1] DEBUG o.s.s.o.s.r.w.a.BearerTokenAuthenticationFilter - Set SecurityContextHolder to JwtAuthenticationToken [Principal=org.springframework.security.oauth2.jwt.Jwt@7fbba8a6, Credentials=[PROTECTED], Authenticated=true, Details=WebAuthenticationDetails [RemoteIpAddress=127.0.0.1, SessionId=null], Granted Authorities=[ROLE_default-roles-myrealm, ROLE_offline_access, ROLE_CUSTOMER, ROLE_uma_authorization]] MDC:[traceId=, spanId=]
2025-06-02 18:00:28 [http-nio-8082-exec-1] DEBUG o.s.security.web.FilterChainProxy - Secured POST /initiate-credit-request MDC:[traceId=, spanId=]
2025-06-02 18:00:29 [http-nio-8082-exec-1] DEBUG o.s.security.web.FilterChainProxy - Securing POST /error MDC:[traceId=, spanId=]
2025-06-02 18:00:29 [http-nio-8082-exec-1] DEBUG o.s.security.web.FilterChainProxy - Secured POST /error MDC:[traceId=, spanId=]
2025-06-02 18:00:50 [http-nio-8082-exec-2] DEBUG o.s.security.web.FilterChainProxy - Securing POST /initiate-credit-request MDC:[traceId=, spanId=]
2025-06-02 18:00:50 [http-nio-8082-exec-2] DEBUG o.s.s.o.s.r.a.JwtAuthenticationProvider - Authenticated token MDC:[traceId=, spanId=]
2025-06-02 18:00:50 [http-nio-8082-exec-2] DEBUG o.s.s.o.s.r.w.a.BearerTokenAuthenticationFilter - Set SecurityContextHolder to JwtAuthenticationToken [Principal=org.springframework.security.oauth2.jwt.Jwt@7fbba8a6, Credentials=[PROTECTED], Authenticated=true, Details=WebAuthenticationDetails [RemoteIpAddress=127.0.0.1, SessionId=null], Granted Authorities=[ROLE_default-roles-myrealm, ROLE_offline_access, ROLE_CUSTOMER, ROLE_uma_authorization]] MDC:[traceId=, spanId=]
2025-06-02 18:00:50 [http-nio-8082-exec-2] DEBUG o.s.security.web.FilterChainProxy - Secured POST /initiate-credit-request MDC:[traceId=, spanId=]
2025-06-02 18:00:51 [http-nio-8082-exec-2] DEBUG o.s.security.web.FilterChainProxy - Securing POST /error MDC:[traceId=, spanId=]
2025-06-02 18:00:51 [http-nio-8082-exec-2] DEBUG o.s.security.web.FilterChainProxy - Secured POST /error MDC:[traceId=, spanId=]
2025-06-02 18:00:56 [http-nio-8082-exec-5] DEBUG o.s.security.web.FilterChainProxy - Securing POST /initiate-credit-request MDC:[traceId=, spanId=]
2025-06-02 18:00:56 [http-nio-8082-exec-5] DEBUG o.s.s.o.s.r.a.JwtAuthenticationProvider - Authenticated token MDC:[traceId=, spanId=]
2025-06-02 18:00:56 [http-nio-8082-exec-5] DEBUG o.s.s.o.s.r.w.a.BearerTokenAuthenticationFilter - Set SecurityContextHolder to JwtAuthenticationToken [Principal=org.springframework.security.oauth2.jwt.Jwt@7fbba8a6, Credentials=[PROTECTED], Authenticated=true, Details=WebAuthenticationDetails [RemoteIpAddress=127.0.0.1, SessionId=null], Granted Authorities=[ROLE_default-roles-myrealm, ROLE_offline_access, ROLE_CUSTOMER, ROLE_uma_authorization]] MDC:[traceId=, spanId=]
2025-06-02 18:00:56 [http-nio-8082-exec-5] DEBUG o.s.security.web.FilterChainProxy - Secured POST /initiate-credit-request MDC:[traceId=, spanId=]
2025-06-02 18:00:56 [http-nio-8082-exec-5] DEBUG o.s.security.web.FilterChainProxy - Securing POST /error MDC:[traceId=, spanId=]
2025-06-02 18:00:56 [http-nio-8082-exec-5] DEBUG o.s.security.web.FilterChainProxy - Secured POST /error MDC:[traceId=, spanId=]
2025-06-02 18:01:34 [restartedMain] DEBUG o.s.s.c.a.a.c.AuthenticationConfiguration$DefaultPasswordEncoderAuthenticationManagerBuilder - No authenticationProviders and no parentAuthenticationManager defined. Returning null. MDC:[traceId=, spanId=]
2025-06-02 18:01:36 [restartedMain] DEBUG o.s.s.web.DefaultSecurityFilterChain - Will secure any request with filters: DisableEncodeUrlFilter, WebAsyncManagerIntegrationFilter, SecurityContextHolderFilter, HeaderWriterFilter, LogoutFilter, BearerTokenAuthenticationFilter, RequestCacheAwareFilter, SecurityContextHolderAwareRequestFilter, AnonymousAuthenticationFilter, SessionManagementFilter, ExceptionTranslationFilter, AuthorizationFilter MDC:[traceId=, spanId=]
2025-06-02 18:01:44 [http-nio-8082-exec-4] DEBUG o.s.security.web.FilterChainProxy - Securing POST /initiate-credit-request MDC:[traceId=, spanId=]
2025-06-02 18:01:45 [http-nio-8082-exec-4] DEBUG o.s.s.o.s.r.a.JwtAuthenticationProvider - Authenticated token MDC:[traceId=, spanId=]
2025-06-02 18:01:45 [http-nio-8082-exec-4] DEBUG o.s.s.o.s.r.w.a.BearerTokenAuthenticationFilter - Set SecurityContextHolder to JwtAuthenticationToken [Principal=org.springframework.security.oauth2.jwt.Jwt@7fbba8a6, Credentials=[PROTECTED], Authenticated=true, Details=WebAuthenticationDetails [RemoteIpAddress=127.0.0.1, SessionId=null], Granted Authorities=[ROLE_default-roles-myrealm, ROLE_offline_access, ROLE_CUSTOMER, ROLE_uma_authorization]] MDC:[traceId=, spanId=]
2025-06-02 18:01:45 [http-nio-8082-exec-4] DEBUG o.s.security.web.FilterChainProxy - Secured POST /initiate-credit-request MDC:[traceId=, spanId=]
2025-06-02 18:01:46 [http-nio-8082-exec-4] DEBUG o.s.security.web.FilterChainProxy - Securing POST /error MDC:[traceId=, spanId=]
2025-06-02 18:01:46 [http-nio-8082-exec-4] DEBUG o.s.security.web.FilterChainProxy - Secured POST /error MDC:[traceId=, spanId=]
2025-06-02 18:02:23 [http-nio-8082-exec-1] DEBUG o.s.security.web.FilterChainProxy - Securing POST /initiate-credit-request MDC:[traceId=, spanId=]
2025-06-02 18:02:23 [http-nio-8082-exec-1] DEBUG o.s.s.o.s.r.a.JwtAuthenticationProvider - Authenticated token MDC:[traceId=, spanId=]
2025-06-02 18:02:23 [http-nio-8082-exec-1] DEBUG o.s.s.o.s.r.w.a.BearerTokenAuthenticationFilter - Set SecurityContextHolder to JwtAuthenticationToken [Principal=org.springframework.security.oauth2.jwt.Jwt@7fbba8a6, Credentials=[PROTECTED], Authenticated=true, Details=WebAuthenticationDetails [RemoteIpAddress=127.0.0.1, SessionId=null], Granted Authorities=[ROLE_default-roles-myrealm, ROLE_offline_access, ROLE_CUSTOMER, ROLE_uma_authorization]] MDC:[traceId=, spanId=]
2025-06-02 18:02:23 [http-nio-8082-exec-1] DEBUG o.s.security.web.FilterChainProxy - Secured POST /initiate-credit-request MDC:[traceId=, spanId=]
2025-06-02 18:06:20 [http-nio-8082-exec-8] DEBUG o.s.security.web.FilterChainProxy - Securing POST /confirm-otp-credit MDC:[traceId=, spanId=]
2025-06-02 18:06:20 [http-nio-8082-exec-8] DEBUG o.s.s.o.s.r.a.JwtAuthenticationProvider - Authenticated token MDC:[traceId=, spanId=]
2025-06-02 18:06:20 [http-nio-8082-exec-8] DEBUG o.s.s.o.s.r.w.a.BearerTokenAuthenticationFilter - Set SecurityContextHolder to JwtAuthenticationToken [Principal=org.springframework.security.oauth2.jwt.Jwt@fc8cbf2f, Credentials=[PROTECTED], Authenticated=true, Details=WebAuthenticationDetails [RemoteIpAddress=127.0.0.1, SessionId=null], Granted Authorities=[ROLE_default-roles-myrealm, ROLE_offline_access, ROLE_CUSTOMER, ROLE_uma_authorization]] MDC:[traceId=, spanId=]
2025-06-02 18:06:20 [http-nio-8082-exec-8] DEBUG o.s.security.web.FilterChainProxy - Secured POST /confirm-otp-credit MDC:[traceId=, spanId=]
2025-06-02 18:06:20 [http-nio-8082-exec-8] DEBUG o.s.security.web.FilterChainProxy - Securing POST /error MDC:[traceId=, spanId=]
2025-06-02 18:06:20 [http-nio-8082-exec-8] DEBUG o.s.security.web.FilterChainProxy - Secured POST /error MDC:[traceId=, spanId=]
2025-06-02 18:08:23 [http-nio-8082-exec-3] DEBUG o.s.security.web.FilterChainProxy - Securing POST /confirm-otp-credit MDC:[traceId=, spanId=]
2025-06-02 18:08:23 [http-nio-8082-exec-3] DEBUG o.s.s.o.s.r.a.JwtAuthenticationProvider - Authenticated token MDC:[traceId=, spanId=]
2025-06-02 18:08:23 [http-nio-8082-exec-3] DEBUG o.s.s.o.s.r.w.a.BearerTokenAuthenticationFilter - Set SecurityContextHolder to JwtAuthenticationToken [Principal=org.springframework.security.oauth2.jwt.Jwt@fc8cbf2f, Credentials=[PROTECTED], Authenticated=true, Details=WebAuthenticationDetails [RemoteIpAddress=127.0.0.1, SessionId=null], Granted Authorities=[ROLE_default-roles-myrealm, ROLE_offline_access, ROLE_CUSTOMER, ROLE_uma_authorization]] MDC:[traceId=, spanId=]
2025-06-02 18:08:23 [http-nio-8082-exec-3] DEBUG o.s.security.web.FilterChainProxy - Secured POST /confirm-otp-credit MDC:[traceId=, spanId=]
2025-06-02 18:08:23 [http-nio-8082-exec-3] DEBUG o.s.security.web.FilterChainProxy - Securing POST /error MDC:[traceId=, spanId=]
2025-06-02 18:08:23 [http-nio-8082-exec-3] DEBUG o.s.security.web.FilterChainProxy - Secured POST /error MDC:[traceId=, spanId=]
2025-06-02 18:10:30 [restartedMain] DEBUG o.s.s.c.a.a.c.AuthenticationConfiguration$DefaultPasswordEncoderAuthenticationManagerBuilder - No authenticationProviders and no parentAuthenticationManager defined. Returning null. MDC:[traceId=, spanId=]
2025-06-02 18:10:35 [restartedMain] DEBUG o.s.s.web.DefaultSecurityFilterChain - Will secure any request with filters: DisableEncodeUrlFilter, WebAsyncManagerIntegrationFilter, SecurityContextHolderFilter, HeaderWriterFilter, LogoutFilter, BearerTokenAuthenticationFilter, RequestCacheAwareFilter, SecurityContextHolderAwareRequestFilter, AnonymousAuthenticationFilter, SessionManagementFilter, ExceptionTranslationFilter, AuthorizationFilter MDC:[traceId=, spanId=]
2025-06-02 18:11:26 [restartedMain] DEBUG o.s.s.c.a.a.c.AuthenticationConfiguration$DefaultPasswordEncoderAuthenticationManagerBuilder - No authenticationProviders and no parentAuthenticationManager defined. Returning null. MDC:[traceId=, spanId=]
2025-06-02 18:11:28 [restartedMain] DEBUG o.s.s.web.DefaultSecurityFilterChain - Will secure any request with filters: DisableEncodeUrlFilter, WebAsyncManagerIntegrationFilter, SecurityContextHolderFilter, HeaderWriterFilter, LogoutFilter, BearerTokenAuthenticationFilter, RequestCacheAwareFilter, SecurityContextHolderAwareRequestFilter, AnonymousAuthenticationFilter, SessionManagementFilter, ExceptionTranslationFilter, AuthorizationFilter MDC:[traceId=, spanId=]
2025-06-02 18:13:07 [restartedMain] DEBUG o.s.s.c.a.a.c.AuthenticationConfiguration$DefaultPasswordEncoderAuthenticationManagerBuilder - No authenticationProviders and no parentAuthenticationManager defined. Returning null. MDC:[traceId=, spanId=]
2025-06-02 18:13:08 [restartedMain] DEBUG o.s.s.web.DefaultSecurityFilterChain - Will secure any request with filters: DisableEncodeUrlFilter, WebAsyncManagerIntegrationFilter, SecurityContextHolderFilter, HeaderWriterFilter, LogoutFilter, BearerTokenAuthenticationFilter, RequestCacheAwareFilter, SecurityContextHolderAwareRequestFilter, AnonymousAuthenticationFilter, SessionManagementFilter, ExceptionTranslationFilter, AuthorizationFilter MDC:[traceId=, spanId=]
2025-06-02 18:13:19 [http-nio-8082-exec-1] DEBUG o.s.security.web.FilterChainProxy - Securing POST /confirm-otp-credit MDC:[traceId=, spanId=]
2025-06-02 18:13:19 [http-nio-8082-exec-1] DEBUG o.s.s.o.s.r.a.JwtAuthenticationProvider - Authenticated token MDC:[traceId=, spanId=]
2025-06-02 18:13:19 [http-nio-8082-exec-1] DEBUG o.s.s.o.s.r.w.a.BearerTokenAuthenticationFilter - Set SecurityContextHolder to JwtAuthenticationToken [Principal=org.springframework.security.oauth2.jwt.Jwt@fc8cbf2f, Credentials=[PROTECTED], Authenticated=true, Details=WebAuthenticationDetails [RemoteIpAddress=127.0.0.1, SessionId=null], Granted Authorities=[ROLE_default-roles-myrealm, ROLE_offline_access, ROLE_CUSTOMER, ROLE_uma_authorization]] MDC:[traceId=, spanId=]
2025-06-02 18:13:19 [http-nio-8082-exec-1] DEBUG o.s.security.web.FilterChainProxy - Secured POST /confirm-otp-credit MDC:[traceId=, spanId=]
2025-06-02 18:15:22 [http-nio-8082-exec-5] DEBUG o.s.security.web.FilterChainProxy - Securing POST /resend-otp-credit/TEMP_CREDIT_REQUEST:CIF00000003:1748862144031 MDC:[traceId=, spanId=]
2025-06-02 18:15:22 [http-nio-8082-exec-5] DEBUG o.s.s.o.s.r.a.JwtAuthenticationProvider - Authenticated token MDC:[traceId=, spanId=]
2025-06-02 18:15:22 [http-nio-8082-exec-5] DEBUG o.s.s.o.s.r.w.a.BearerTokenAuthenticationFilter - Set SecurityContextHolder to JwtAuthenticationToken [Principal=org.springframework.security.oauth2.jwt.Jwt@78406ed0, Credentials=[PROTECTED], Authenticated=true, Details=WebAuthenticationDetails [RemoteIpAddress=127.0.0.1, SessionId=null], Granted Authorities=[ROLE_default-roles-myrealm, ROLE_offline_access, ROLE_CUSTOMER, ROLE_uma_authorization]] MDC:[traceId=, spanId=]
2025-06-02 18:15:22 [http-nio-8082-exec-5] DEBUG o.s.security.web.FilterChainProxy - Secured POST /resend-otp-credit/TEMP_CREDIT_REQUEST:CIF00000003:1748862144031 MDC:[traceId=, spanId=]
2025-06-02 18:15:23 [http-nio-8082-exec-5] DEBUG o.s.security.web.FilterChainProxy - Securing POST /error MDC:[traceId=, spanId=]
2025-06-02 18:15:23 [http-nio-8082-exec-5] DEBUG o.s.security.web.FilterChainProxy - Secured POST /error MDC:[traceId=, spanId=]
2025-06-02 18:15:36 [http-nio-8082-exec-8] DEBUG o.s.security.web.FilterChainProxy - Securing POST /resend-otp-credit/TEMP_CREDIT_REQUEST:CIF00000003:1748862144031 MDC:[traceId=, spanId=]
2025-06-02 18:15:36 [http-nio-8082-exec-8] DEBUG o.s.s.o.s.r.a.JwtAuthenticationProvider - Authenticated token MDC:[traceId=, spanId=]
2025-06-02 18:15:36 [http-nio-8082-exec-8] DEBUG o.s.s.o.s.r.w.a.BearerTokenAuthenticationFilter - Set SecurityContextHolder to JwtAuthenticationToken [Principal=org.springframework.security.oauth2.jwt.Jwt@78406ed0, Credentials=[PROTECTED], Authenticated=true, Details=WebAuthenticationDetails [RemoteIpAddress=127.0.0.1, SessionId=null], Granted Authorities=[ROLE_default-roles-myrealm, ROLE_offline_access, ROLE_CUSTOMER, ROLE_uma_authorization]] MDC:[traceId=, spanId=]
2025-06-02 18:15:36 [http-nio-8082-exec-8] DEBUG o.s.security.web.FilterChainProxy - Secured POST /resend-otp-credit/TEMP_CREDIT_REQUEST:CIF00000003:1748862144031 MDC:[traceId=, spanId=]
2025-06-02 18:15:36 [http-nio-8082-exec-8] DEBUG o.s.security.web.FilterChainProxy - Securing POST /error MDC:[traceId=, spanId=]
2025-06-02 18:15:36 [http-nio-8082-exec-8] DEBUG o.s.security.web.FilterChainProxy - Secured POST /error MDC:[traceId=, spanId=]
2025-06-02 18:16:52 [restartedMain] DEBUG o.s.s.c.a.a.c.AuthenticationConfiguration$DefaultPasswordEncoderAuthenticationManagerBuilder - No authenticationProviders and no parentAuthenticationManager defined. Returning null. MDC:[traceId=, spanId=]
2025-06-02 18:16:53 [restartedMain] DEBUG o.s.s.web.DefaultSecurityFilterChain - Will secure any request with filters: DisableEncodeUrlFilter, WebAsyncManagerIntegrationFilter, SecurityContextHolderFilter, HeaderWriterFilter, LogoutFilter, BearerTokenAuthenticationFilter, RequestCacheAwareFilter, SecurityContextHolderAwareRequestFilter, AnonymousAuthenticationFilter, SessionManagementFilter, ExceptionTranslationFilter, AuthorizationFilter MDC:[traceId=, spanId=]
2025-06-02 18:17:39 [http-nio-8082-exec-1] DEBUG o.s.security.web.FilterChainProxy - Securing POST /resend-otp-credit/TEMP_CREDIT_REQUEST:CIF00000003:1748862144031 MDC:[traceId=, spanId=]
2025-06-02 18:17:40 [http-nio-8082-exec-1] DEBUG o.s.s.o.s.r.a.JwtAuthenticationProvider - Authenticated token MDC:[traceId=, spanId=]
2025-06-02 18:17:40 [http-nio-8082-exec-1] DEBUG o.s.s.o.s.r.w.a.BearerTokenAuthenticationFilter - Set SecurityContextHolder to JwtAuthenticationToken [Principal=org.springframework.security.oauth2.jwt.Jwt@78406ed0, Credentials=[PROTECTED], Authenticated=true, Details=WebAuthenticationDetails [RemoteIpAddress=127.0.0.1, SessionId=null], Granted Authorities=[ROLE_default-roles-myrealm, ROLE_offline_access, ROLE_CUSTOMER, ROLE_uma_authorization]] MDC:[traceId=, spanId=]
2025-06-02 18:17:40 [http-nio-8082-exec-1] DEBUG o.s.security.web.FilterChainProxy - Secured POST /resend-otp-credit/TEMP_CREDIT_REQUEST:CIF00000003:1748862144031 MDC:[traceId=, spanId=]
2025-06-02 18:17:41 [http-nio-8082-exec-1] DEBUG o.s.security.web.FilterChainProxy - Securing POST /error MDC:[traceId=, spanId=]
2025-06-02 18:17:41 [http-nio-8082-exec-1] DEBUG o.s.security.web.FilterChainProxy - Secured POST /error MDC:[traceId=, spanId=]
2025-06-02 18:17:55 [http-nio-8082-exec-7] DEBUG o.s.security.web.FilterChainProxy - Securing POST /resend-otp-credit/TEMP_CREDIT_REQUEST:CIF00000003:1748862144031 MDC:[traceId=, spanId=]
2025-06-02 18:17:55 [http-nio-8082-exec-7] DEBUG o.s.s.o.s.r.a.JwtAuthenticationProvider - Authenticated token MDC:[traceId=, spanId=]
2025-06-02 18:17:55 [http-nio-8082-exec-7] DEBUG o.s.s.o.s.r.w.a.BearerTokenAuthenticationFilter - Set SecurityContextHolder to JwtAuthenticationToken [Principal=org.springframework.security.oauth2.jwt.Jwt@78406ed0, Credentials=[PROTECTED], Authenticated=true, Details=WebAuthenticationDetails [RemoteIpAddress=127.0.0.1, SessionId=null], Granted Authorities=[ROLE_default-roles-myrealm, ROLE_offline_access, ROLE_CUSTOMER, ROLE_uma_authorization]] MDC:[traceId=, spanId=]
2025-06-02 18:17:55 [http-nio-8082-exec-7] DEBUG o.s.security.web.FilterChainProxy - Secured POST /resend-otp-credit/TEMP_CREDIT_REQUEST:CIF00000003:1748862144031 MDC:[traceId=, spanId=]
2025-06-02 18:17:55 [http-nio-8082-exec-7] DEBUG o.s.security.web.FilterChainProxy - Securing POST /error MDC:[traceId=, spanId=]
2025-06-02 18:17:55 [http-nio-8082-exec-7] DEBUG o.s.security.web.FilterChainProxy - Secured POST /error MDC:[traceId=, spanId=]
2025-06-02 18:19:55 [restartedMain] DEBUG o.s.s.c.a.a.c.AuthenticationConfiguration$DefaultPasswordEncoderAuthenticationManagerBuilder - No authenticationProviders and no parentAuthenticationManager defined. Returning null. MDC:[traceId=, spanId=]
2025-06-02 18:19:56 [restartedMain] DEBUG o.s.s.web.DefaultSecurityFilterChain - Will secure any request with filters: DisableEncodeUrlFilter, WebAsyncManagerIntegrationFilter, SecurityContextHolderFilter, HeaderWriterFilter, LogoutFilter, BearerTokenAuthenticationFilter, RequestCacheAwareFilter, SecurityContextHolderAwareRequestFilter, AnonymousAuthenticationFilter, SessionManagementFilter, ExceptionTranslationFilter, AuthorizationFilter MDC:[traceId=, spanId=]
2025-06-02 18:20:58 [http-nio-8082-exec-1] DEBUG o.s.security.web.FilterChainProxy - Securing POST /resend-otp-credit/TEMP_CREDIT_REQUEST:CIF00000003:1748862144031 MDC:[traceId=, spanId=]
2025-06-02 18:20:58 [http-nio-8082-exec-1] DEBUG o.s.s.o.s.r.a.JwtAuthenticationProvider - Authenticated token MDC:[traceId=, spanId=]
2025-06-02 18:20:58 [http-nio-8082-exec-1] DEBUG o.s.s.o.s.r.w.a.BearerTokenAuthenticationFilter - Set SecurityContextHolder to JwtAuthenticationToken [Principal=org.springframework.security.oauth2.jwt.Jwt@78406ed0, Credentials=[PROTECTED], Authenticated=true, Details=WebAuthenticationDetails [RemoteIpAddress=127.0.0.1, SessionId=null], Granted Authorities=[ROLE_default-roles-myrealm, ROLE_offline_access, ROLE_CUSTOMER, ROLE_uma_authorization]] MDC:[traceId=, spanId=]
2025-06-02 18:20:58 [http-nio-8082-exec-1] DEBUG o.s.security.web.FilterChainProxy - Secured POST /resend-otp-credit/TEMP_CREDIT_REQUEST:CIF00000003:1748862144031 MDC:[traceId=, spanId=]
2025-06-02 18:21:29 [http-nio-8082-exec-2] DEBUG o.s.security.web.FilterChainProxy - Securing POST /confirm-otp-credit MDC:[traceId=, spanId=]
2025-06-02 18:21:29 [http-nio-8082-exec-2] DEBUG o.s.s.o.s.r.a.JwtAuthenticationProvider - Authenticated token MDC:[traceId=, spanId=]
2025-06-02 18:21:29 [http-nio-8082-exec-2] DEBUG o.s.s.o.s.r.w.a.BearerTokenAuthenticationFilter - Set SecurityContextHolder to JwtAuthenticationToken [Principal=org.springframework.security.oauth2.jwt.Jwt@fc8cbf2f, Credentials=[PROTECTED], Authenticated=true, Details=WebAuthenticationDetails [RemoteIpAddress=127.0.0.1, SessionId=null], Granted Authorities=[ROLE_default-roles-myrealm, ROLE_offline_access, ROLE_CUSTOMER, ROLE_uma_authorization]] MDC:[traceId=, spanId=]
2025-06-02 18:21:29 [http-nio-8082-exec-2] DEBUG o.s.security.web.FilterChainProxy - Secured POST /confirm-otp-credit MDC:[traceId=, spanId=]
2025-06-02 18:22:16 [http-nio-8082-exec-3] DEBUG o.s.security.web.FilterChainProxy - Securing PUT /admin/approve-credit-request/ea36636c-2ccb-4a01-975c-94b8ff351c8c MDC:[traceId=, spanId=]
2025-06-02 18:22:16 [http-nio-8082-exec-3] DEBUG o.s.s.o.s.r.a.JwtAuthenticationProvider - Authenticated token MDC:[traceId=, spanId=]
2025-06-02 18:22:16 [http-nio-8082-exec-3] DEBUG o.s.s.o.s.r.w.a.BearerTokenAuthenticationFilter - Set SecurityContextHolder to JwtAuthenticationToken [Principal=org.springframework.security.oauth2.jwt.Jwt@78406ed0, Credentials=[PROTECTED], Authenticated=true, Details=WebAuthenticationDetails [RemoteIpAddress=127.0.0.1, SessionId=null], Granted Authorities=[ROLE_default-roles-myrealm, ROLE_offline_access, ROLE_CUSTOMER, ROLE_uma_authorization]] MDC:[traceId=, spanId=]
2025-06-02 18:22:16 [http-nio-8082-exec-3] DEBUG o.s.security.web.FilterChainProxy - Secured PUT /admin/approve-credit-request/ea36636c-2ccb-4a01-975c-94b8ff351c8c MDC:[traceId=, spanId=]
2025-06-02 18:22:16 [http-nio-8082-exec-3] DEBUG o.s.security.web.FilterChainProxy - Securing PUT /error MDC:[traceId=, spanId=]
2025-06-02 18:22:16 [http-nio-8082-exec-3] DEBUG o.s.security.web.FilterChainProxy - Secured PUT /error MDC:[traceId=, spanId=]
2025-06-02 18:22:33 [http-nio-8082-exec-7] DEBUG o.s.security.web.FilterChainProxy - Securing POST /admin/approve-credit-request/ea36636c-2ccb-4a01-975c-94b8ff351c8c MDC:[traceId=, spanId=]
2025-06-02 18:22:33 [http-nio-8082-exec-7] DEBUG o.s.s.o.s.r.a.JwtAuthenticationProvider - Authenticated token MDC:[traceId=, spanId=]
2025-06-02 18:22:33 [http-nio-8082-exec-7] DEBUG o.s.s.o.s.r.w.a.BearerTokenAuthenticationFilter - Set SecurityContextHolder to JwtAuthenticationToken [Principal=org.springframework.security.oauth2.jwt.Jwt@78406ed0, Credentials=[PROTECTED], Authenticated=true, Details=WebAuthenticationDetails [RemoteIpAddress=127.0.0.1, SessionId=null], Granted Authorities=[ROLE_default-roles-myrealm, ROLE_offline_access, ROLE_CUSTOMER, ROLE_uma_authorization]] MDC:[traceId=, spanId=]
2025-06-02 18:22:33 [http-nio-8082-exec-7] DEBUG o.s.security.web.FilterChainProxy - Secured POST /admin/approve-credit-request/ea36636c-2ccb-4a01-975c-94b8ff351c8c MDC:[traceId=, spanId=]
2025-06-02 18:22:35 [http-nio-8082-exec-7] DEBUG o.s.security.web.FilterChainProxy - Securing POST /error MDC:[traceId=, spanId=]
2025-06-02 18:22:35 [http-nio-8082-exec-7] DEBUG o.s.security.web.FilterChainProxy - Secured POST /error MDC:[traceId=, spanId=]
2025-06-02 18:27:11 [http-nio-8082-exec-4] DEBUG o.s.security.web.FilterChainProxy - Securing POST /admin/approve-credit-request/ea36636c-2ccb-4a01-975c-94b8ff351c8c MDC:[traceId=, spanId=]
2025-06-02 18:27:11 [http-nio-8082-exec-4] DEBUG o.s.s.o.s.r.a.JwtAuthenticationProvider - Authenticated token MDC:[traceId=, spanId=]
2025-06-02 18:27:11 [http-nio-8082-exec-4] DEBUG o.s.s.o.s.r.w.a.BearerTokenAuthenticationFilter - Set SecurityContextHolder to JwtAuthenticationToken [Principal=org.springframework.security.oauth2.jwt.Jwt@78406ed0, Credentials=[PROTECTED], Authenticated=true, Details=WebAuthenticationDetails [RemoteIpAddress=127.0.0.1, SessionId=null], Granted Authorities=[ROLE_default-roles-myrealm, ROLE_offline_access, ROLE_CUSTOMER, ROLE_uma_authorization]] MDC:[traceId=, spanId=]
2025-06-02 18:27:11 [http-nio-8082-exec-4] DEBUG o.s.security.web.FilterChainProxy - Secured POST /admin/approve-credit-request/ea36636c-2ccb-4a01-975c-94b8ff351c8c MDC:[traceId=, spanId=]
2025-06-02 18:27:11 [http-nio-8082-exec-4] DEBUG o.s.security.web.FilterChainProxy - Securing POST /error MDC:[traceId=, spanId=]
2025-06-02 18:27:11 [http-nio-8082-exec-4] DEBUG o.s.security.web.FilterChainProxy - Secured POST /error MDC:[traceId=, spanId=]
2025-06-02 18:30:46 [restartedMain] DEBUG o.s.s.c.a.a.c.AuthenticationConfiguration$DefaultPasswordEncoderAuthenticationManagerBuilder - No authenticationProviders and no parentAuthenticationManager defined. Returning null. MDC:[traceId=, spanId=]
2025-06-02 18:30:47 [restartedMain] DEBUG o.s.s.web.DefaultSecurityFilterChain - Will secure any request with filters: DisableEncodeUrlFilter, WebAsyncManagerIntegrationFilter, SecurityContextHolderFilter, HeaderWriterFilter, LogoutFilter, BearerTokenAuthenticationFilter, RequestCacheAwareFilter, SecurityContextHolderAwareRequestFilter, AnonymousAuthenticationFilter, SessionManagementFilter, ExceptionTranslationFilter, AuthorizationFilter MDC:[traceId=, spanId=]
2025-06-02 18:30:58 [http-nio-8082-exec-1] DEBUG o.s.security.web.FilterChainProxy - Securing POST /admin/approve-credit-request/ea36636c-2ccb-4a01-975c-94b8ff351c8c MDC:[traceId=, spanId=]
2025-06-02 18:30:58 [http-nio-8082-exec-1] DEBUG o.s.s.o.s.r.a.JwtAuthenticationProvider - Authenticated token MDC:[traceId=, spanId=]
2025-06-02 18:30:58 [http-nio-8082-exec-1] DEBUG o.s.s.o.s.r.w.a.BearerTokenAuthenticationFilter - Set SecurityContextHolder to JwtAuthenticationToken [Principal=org.springframework.security.oauth2.jwt.Jwt@78406ed0, Credentials=[PROTECTED], Authenticated=true, Details=WebAuthenticationDetails [RemoteIpAddress=127.0.0.1, SessionId=null], Granted Authorities=[ROLE_default-roles-myrealm, ROLE_offline_access, ROLE_CUSTOMER, ROLE_uma_authorization]] MDC:[traceId=, spanId=]
2025-06-02 18:30:58 [http-nio-8082-exec-1] DEBUG o.s.security.web.FilterChainProxy - Secured POST /admin/approve-credit-request/ea36636c-2ccb-4a01-975c-94b8ff351c8c MDC:[traceId=, spanId=]
2025-06-02 18:30:59 [http-nio-8082-exec-1] DEBUG o.s.security.web.FilterChainProxy - Securing POST /error MDC:[traceId=, spanId=]
2025-06-02 18:30:59 [http-nio-8082-exec-1] DEBUG o.s.security.web.FilterChainProxy - Secured POST /error MDC:[traceId=, spanId=]
2025-06-02 18:34:39 [http-nio-8082-exec-2] DEBUG o.s.security.web.FilterChainProxy - Securing POST /resend-otp-credit/TEMP_CREDIT_REQUEST:CIF00000003:1748862144031 MDC:[traceId=, spanId=]
2025-06-02 18:34:39 [http-nio-8082-exec-2] DEBUG o.s.s.o.s.r.a.JwtAuthenticationProvider - Authenticated token MDC:[traceId=, spanId=]
2025-06-02 18:34:39 [http-nio-8082-exec-2] DEBUG o.s.s.o.s.r.w.a.BearerTokenAuthenticationFilter - Set SecurityContextHolder to JwtAuthenticationToken [Principal=org.springframework.security.oauth2.jwt.Jwt@78406ed0, Credentials=[PROTECTED], Authenticated=true, Details=WebAuthenticationDetails [RemoteIpAddress=127.0.0.1, SessionId=null], Granted Authorities=[ROLE_default-roles-myrealm, ROLE_offline_access, ROLE_CUSTOMER, ROLE_uma_authorization]] MDC:[traceId=, spanId=]
2025-06-02 18:34:39 [http-nio-8082-exec-2] DEBUG o.s.security.web.FilterChainProxy - Secured POST /resend-otp-credit/TEMP_CREDIT_REQUEST:CIF00000003:1748862144031 MDC:[traceId=, spanId=]
2025-06-02 18:35:04 [http-nio-8082-exec-3] DEBUG o.s.security.web.FilterChainProxy - Securing POST /resend-otp-credit/TEMP_CREDIT_REQUEST:CIF00000003:1748862144031 MDC:[traceId=, spanId=]
2025-06-02 18:35:04 [http-nio-8082-exec-3] DEBUG o.s.s.o.s.r.a.JwtAuthenticationProvider - Authenticated token MDC:[traceId=, spanId=]
2025-06-02 18:35:04 [http-nio-8082-exec-3] DEBUG o.s.s.o.s.r.w.a.BearerTokenAuthenticationFilter - Set SecurityContextHolder to JwtAuthenticationToken [Principal=org.springframework.security.oauth2.jwt.Jwt@78406ed0, Credentials=[PROTECTED], Authenticated=true, Details=WebAuthenticationDetails [RemoteIpAddress=127.0.0.1, SessionId=null], Granted Authorities=[ROLE_default-roles-myrealm, ROLE_offline_access, ROLE_CUSTOMER, ROLE_uma_authorization]] MDC:[traceId=, spanId=]
2025-06-02 18:35:04 [http-nio-8082-exec-3] DEBUG o.s.security.web.FilterChainProxy - Secured POST /resend-otp-credit/TEMP_CREDIT_REQUEST:CIF00000003:1748862144031 MDC:[traceId=, spanId=]
2025-06-02 18:35:57 [http-nio-8082-exec-4] DEBUG o.s.security.web.FilterChainProxy - Securing POST /initiate-credit-request MDC:[traceId=, spanId=]
2025-06-02 18:35:57 [http-nio-8082-exec-4] DEBUG o.s.s.o.s.r.a.JwtAuthenticationProvider - Authenticated token MDC:[traceId=, spanId=]
2025-06-02 18:35:57 [http-nio-8082-exec-4] DEBUG o.s.s.o.s.r.w.a.BearerTokenAuthenticationFilter - Set SecurityContextHolder to JwtAuthenticationToken [Principal=org.springframework.security.oauth2.jwt.Jwt@78406ed0, Credentials=[PROTECTED], Authenticated=true, Details=WebAuthenticationDetails [RemoteIpAddress=127.0.0.1, SessionId=null], Granted Authorities=[ROLE_default-roles-myrealm, ROLE_offline_access, ROLE_CUSTOMER, ROLE_uma_authorization]] MDC:[traceId=, spanId=]
2025-06-02 18:35:57 [http-nio-8082-exec-4] DEBUG o.s.security.web.FilterChainProxy - Secured POST /initiate-credit-request MDC:[traceId=, spanId=]
2025-06-02 18:36:56 [http-nio-8082-exec-5] DEBUG o.s.security.web.FilterChainProxy - Securing POST /confirm-otp-credit MDC:[traceId=, spanId=]
2025-06-02 18:36:56 [http-nio-8082-exec-5] DEBUG o.s.s.o.s.r.a.JwtAuthenticationProvider - Authenticated token MDC:[traceId=, spanId=]
2025-06-02 18:36:56 [http-nio-8082-exec-5] DEBUG o.s.s.o.s.r.w.a.BearerTokenAuthenticationFilter - Set SecurityContextHolder to JwtAuthenticationToken [Principal=org.springframework.security.oauth2.jwt.Jwt@da8db745, Credentials=[PROTECTED], Authenticated=true, Details=WebAuthenticationDetails [RemoteIpAddress=127.0.0.1, SessionId=null], Granted Authorities=[ROLE_default-roles-myrealm, ROLE_offline_access, ROLE_CUSTOMER, ROLE_uma_authorization]] MDC:[traceId=, spanId=]
2025-06-02 18:36:56 [http-nio-8082-exec-5] DEBUG o.s.security.web.FilterChainProxy - Secured POST /confirm-otp-credit MDC:[traceId=, spanId=]
2025-06-02 18:37:22 [http-nio-8082-exec-6] DEBUG o.s.security.web.FilterChainProxy - Securing POST /admin/approve-credit-request/b904635c-7fc3-4654-a053-66908ec57d32 MDC:[traceId=, spanId=]
2025-06-02 18:37:22 [http-nio-8082-exec-6] DEBUG o.s.s.o.s.r.a.JwtAuthenticationProvider - Authenticated token MDC:[traceId=, spanId=]
2025-06-02 18:37:22 [http-nio-8082-exec-6] DEBUG o.s.s.o.s.r.w.a.BearerTokenAuthenticationFilter - Set SecurityContextHolder to JwtAuthenticationToken [Principal=org.springframework.security.oauth2.jwt.Jwt@da8db745, Credentials=[PROTECTED], Authenticated=true, Details=WebAuthenticationDetails [RemoteIpAddress=127.0.0.1, SessionId=null], Granted Authorities=[ROLE_default-roles-myrealm, ROLE_offline_access, ROLE_CUSTOMER, ROLE_uma_authorization]] MDC:[traceId=, spanId=]
2025-06-02 18:37:22 [http-nio-8082-exec-6] DEBUG o.s.security.web.FilterChainProxy - Secured POST /admin/approve-credit-request/b904635c-7fc3-4654-a053-66908ec57d32 MDC:[traceId=, spanId=]
2025-06-02 18:48:18 [http-nio-8082-exec-10] DEBUG o.s.security.web.FilterChainProxy - Securing POST /create-savings-request MDC:[traceId=, spanId=]
2025-06-02 18:48:18 [http-nio-8082-exec-10] DEBUG o.s.s.o.s.r.a.JwtAuthenticationProvider - Authenticated token MDC:[traceId=, spanId=]
2025-06-02 18:48:18 [http-nio-8082-exec-10] DEBUG o.s.s.o.s.r.w.a.BearerTokenAuthenticationFilter - Set SecurityContextHolder to JwtAuthenticationToken [Principal=org.springframework.security.oauth2.jwt.Jwt@4ad83419, Credentials=[PROTECTED], Authenticated=true, Details=WebAuthenticationDetails [RemoteIpAddress=127.0.0.1, SessionId=null], Granted Authorities=[ROLE_default-roles-myrealm, ROLE_offline_access, ROLE_CUSTOMER, ROLE_uma_authorization]] MDC:[traceId=, spanId=]
2025-06-02 18:48:18 [http-nio-8082-exec-10] DEBUG o.s.security.web.FilterChainProxy - Secured POST /create-savings-request MDC:[traceId=, spanId=]
2025-06-02 18:48:19 [http-nio-8082-exec-10] DEBUG o.s.security.web.FilterChainProxy - Securing POST /error MDC:[traceId=, spanId=]
2025-06-02 18:48:19 [http-nio-8082-exec-10] DEBUG o.s.security.web.FilterChainProxy - Secured POST /error MDC:[traceId=, spanId=]
2025-06-02 18:49:08 [http-nio-8082-exec-9] DEBUG o.s.security.web.FilterChainProxy - Securing POST /create-savings-request MDC:[traceId=, spanId=]
2025-06-02 18:49:09 [http-nio-8082-exec-9] DEBUG o.s.s.o.s.r.a.JwtAuthenticationProvider - Authenticated token MDC:[traceId=, spanId=]
2025-06-02 18:49:09 [http-nio-8082-exec-9] DEBUG o.s.s.o.s.r.w.a.BearerTokenAuthenticationFilter - Set SecurityContextHolder to JwtAuthenticationToken [Principal=org.springframework.security.oauth2.jwt.Jwt@4ad83419, Credentials=[PROTECTED], Authenticated=true, Details=WebAuthenticationDetails [RemoteIpAddress=127.0.0.1, SessionId=null], Granted Authorities=[ROLE_default-roles-myrealm, ROLE_offline_access, ROLE_CUSTOMER, ROLE_uma_authorization]] MDC:[traceId=, spanId=]
2025-06-02 18:49:09 [http-nio-8082-exec-9] DEBUG o.s.security.web.FilterChainProxy - Secured POST /create-savings-request MDC:[traceId=, spanId=]
2025-06-02 18:49:09 [http-nio-8082-exec-9] DEBUG o.s.security.web.FilterChainProxy - Securing POST /error MDC:[traceId=, spanId=]
2025-06-02 18:49:09 [http-nio-8082-exec-9] DEBUG o.s.security.web.FilterChainProxy - Secured POST /error MDC:[traceId=, spanId=]
2025-06-02 18:50:53 [restartedMain] DEBUG o.s.s.c.a.a.c.AuthenticationConfiguration$DefaultPasswordEncoderAuthenticationManagerBuilder - No authenticationProviders and no parentAuthenticationManager defined. Returning null. MDC:[traceId=, spanId=]
2025-06-02 18:50:54 [restartedMain] DEBUG o.s.s.web.DefaultSecurityFilterChain - Will secure any request with filters: DisableEncodeUrlFilter, WebAsyncManagerIntegrationFilter, SecurityContextHolderFilter, HeaderWriterFilter, LogoutFilter, BearerTokenAuthenticationFilter, RequestCacheAwareFilter, SecurityContextHolderAwareRequestFilter, AnonymousAuthenticationFilter, SessionManagementFilter, ExceptionTranslationFilter, AuthorizationFilter MDC:[traceId=, spanId=]
2025-06-02 18:52:45 [restartedMain] DEBUG o.s.s.c.a.a.c.AuthenticationConfiguration$DefaultPasswordEncoderAuthenticationManagerBuilder - No authenticationProviders and no parentAuthenticationManager defined. Returning null. MDC:[traceId=, spanId=]
2025-06-02 18:52:47 [restartedMain] DEBUG o.s.s.web.DefaultSecurityFilterChain - Will secure any request with filters: DisableEncodeUrlFilter, WebAsyncManagerIntegrationFilter, SecurityContextHolderFilter, HeaderWriterFilter, LogoutFilter, BearerTokenAuthenticationFilter, RequestCacheAwareFilter, SecurityContextHolderAwareRequestFilter, AnonymousAuthenticationFilter, SessionManagementFilter, ExceptionTranslationFilter, AuthorizationFilter MDC:[traceId=, spanId=]
2025-06-02 18:53:01 [http-nio-8082-exec-1] DEBUG o.s.security.web.FilterChainProxy - Securing POST /create-savings-request MDC:[traceId=, spanId=]
2025-06-02 18:53:01 [http-nio-8082-exec-1] DEBUG o.s.s.o.s.r.a.JwtAuthenticationProvider - Authenticated token MDC:[traceId=, spanId=]
2025-06-02 18:53:01 [http-nio-8082-exec-1] DEBUG o.s.s.o.s.r.w.a.BearerTokenAuthenticationFilter - Set SecurityContextHolder to JwtAuthenticationToken [Principal=org.springframework.security.oauth2.jwt.Jwt@4ad83419, Credentials=[PROTECTED], Authenticated=true, Details=WebAuthenticationDetails [RemoteIpAddress=127.0.0.1, SessionId=null], Granted Authorities=[ROLE_default-roles-myrealm, ROLE_offline_access, ROLE_CUSTOMER, ROLE_uma_authorization]] MDC:[traceId=, spanId=]
2025-06-02 18:53:01 [http-nio-8082-exec-1] DEBUG o.s.security.web.FilterChainProxy - Secured POST /create-savings-request MDC:[traceId=, spanId=]
2025-06-02 18:54:30 [http-nio-8082-exec-3] DEBUG o.s.security.web.FilterChainProxy - Securing POST /Send-otp-to-email/864368f3-d5ad-413a-be15-702a387adedf MDC:[traceId=, spanId=]
2025-06-02 18:54:30 [http-nio-8082-exec-3] DEBUG o.s.s.o.s.r.a.JwtAuthenticationProvider - Authenticated token MDC:[traceId=, spanId=]
2025-06-02 18:54:30 [http-nio-8082-exec-3] DEBUG o.s.s.o.s.r.w.a.BearerTokenAuthenticationFilter - Set SecurityContextHolder to JwtAuthenticationToken [Principal=org.springframework.security.oauth2.jwt.Jwt@4ad83419, Credentials=[PROTECTED], Authenticated=true, Details=WebAuthenticationDetails [RemoteIpAddress=127.0.0.1, SessionId=null], Granted Authorities=[ROLE_default-roles-myrealm, ROLE_offline_access, ROLE_CUSTOMER, ROLE_uma_authorization]] MDC:[traceId=, spanId=]
2025-06-02 18:54:30 [http-nio-8082-exec-3] DEBUG o.s.security.web.FilterChainProxy - Secured POST /Send-otp-to-email/864368f3-d5ad-413a-be15-702a387adedf MDC:[traceId=, spanId=]
2025-06-02 18:56:04 [http-nio-8082-exec-4] DEBUG o.s.security.web.FilterChainProxy - Securing POST /createPayment MDC:[traceId=, spanId=]
2025-06-02 18:56:04 [http-nio-8082-exec-4] DEBUG o.s.s.o.s.r.a.JwtAuthenticationProvider - Authenticated token MDC:[traceId=, spanId=]
2025-06-02 18:56:04 [http-nio-8082-exec-4] DEBUG o.s.s.o.s.r.w.a.BearerTokenAuthenticationFilter - Set SecurityContextHolder to JwtAuthenticationToken [Principal=org.springframework.security.oauth2.jwt.Jwt@4ad83419, Credentials=[PROTECTED], Authenticated=true, Details=WebAuthenticationDetails [RemoteIpAddress=127.0.0.1, SessionId=null], Granted Authorities=[ROLE_default-roles-myrealm, ROLE_offline_access, ROLE_CUSTOMER, ROLE_uma_authorization]] MDC:[traceId=, spanId=]
2025-06-02 18:56:04 [http-nio-8082-exec-4] DEBUG o.s.security.web.FilterChainProxy - Secured POST /createPayment MDC:[traceId=, spanId=]
2025-06-02 18:56:46 [http-nio-8082-exec-8] DEBUG o.s.security.web.FilterChainProxy - Securing POST /confirm-otp MDC:[traceId=, spanId=]
2025-06-02 18:56:46 [http-nio-8082-exec-8] DEBUG o.s.s.o.s.r.a.JwtAuthenticationProvider - Authenticated token MDC:[traceId=, spanId=]
2025-06-02 18:56:46 [http-nio-8082-exec-8] DEBUG o.s.s.o.s.r.w.a.BearerTokenAuthenticationFilter - Set SecurityContextHolder to JwtAuthenticationToken [Principal=org.springframework.security.oauth2.jwt.Jwt@4ad83419, Credentials=[PROTECTED], Authenticated=true, Details=WebAuthenticationDetails [RemoteIpAddress=127.0.0.1, SessionId=null], Granted Authorities=[ROLE_default-roles-myrealm, ROLE_offline_access, ROLE_CUSTOMER, ROLE_uma_authorization]] MDC:[traceId=, spanId=]
2025-06-02 18:56:46 [http-nio-8082-exec-8] DEBUG o.s.security.web.FilterChainProxy - Secured POST /confirm-otp MDC:[traceId=, spanId=]
2025-06-02 18:56:46 [http-nio-8082-exec-8] DEBUG o.s.security.web.FilterChainProxy - Securing POST /error MDC:[traceId=, spanId=]
2025-06-02 18:56:46 [http-nio-8082-exec-8] DEBUG o.s.security.web.FilterChainProxy - Secured POST /error MDC:[traceId=, spanId=]
2025-06-02 19:02:12 [http-nio-8082-exec-2] DEBUG o.s.security.web.FilterChainProxy - Securing POST /Send-otp-to-email/864368f3-d5ad-413a-be15-702a387adedf MDC:[traceId=, spanId=]
2025-06-02 19:02:12 [http-nio-8082-exec-2] DEBUG o.s.s.o.s.r.a.JwtAuthenticationProvider - Authenticated token MDC:[traceId=, spanId=]
2025-06-02 19:02:12 [http-nio-8082-exec-2] DEBUG o.s.s.o.s.r.w.a.BearerTokenAuthenticationFilter - Set SecurityContextHolder to JwtAuthenticationToken [Principal=org.springframework.security.oauth2.jwt.Jwt@4ad83419, Credentials=[PROTECTED], Authenticated=true, Details=WebAuthenticationDetails [RemoteIpAddress=127.0.0.1, SessionId=null], Granted Authorities=[ROLE_default-roles-myrealm, ROLE_offline_access, ROLE_CUSTOMER, ROLE_uma_authorization]] MDC:[traceId=, spanId=]
2025-06-02 19:02:12 [http-nio-8082-exec-2] DEBUG o.s.security.web.FilterChainProxy - Secured POST /Send-otp-to-email/864368f3-d5ad-413a-be15-702a387adedf MDC:[traceId=, spanId=]
2025-06-02 19:02:47 [http-nio-8082-exec-7] DEBUG o.s.security.web.FilterChainProxy - Securing POST /confirm-otp MDC:[traceId=, spanId=]
2025-06-02 19:02:47 [http-nio-8082-exec-7] DEBUG o.s.s.o.s.r.a.JwtAuthenticationProvider - Authenticated token MDC:[traceId=, spanId=]
2025-06-02 19:02:47 [http-nio-8082-exec-7] DEBUG o.s.s.o.s.r.w.a.BearerTokenAuthenticationFilter - Set SecurityContextHolder to JwtAuthenticationToken [Principal=org.springframework.security.oauth2.jwt.Jwt@4ad83419, Credentials=[PROTECTED], Authenticated=true, Details=WebAuthenticationDetails [RemoteIpAddress=127.0.0.1, SessionId=null], Granted Authorities=[ROLE_default-roles-myrealm, ROLE_offline_access, ROLE_CUSTOMER, ROLE_uma_authorization]] MDC:[traceId=, spanId=]
2025-06-02 19:02:47 [http-nio-8082-exec-7] DEBUG o.s.security.web.FilterChainProxy - Secured POST /confirm-otp MDC:[traceId=, spanId=]
